2026-05-03 00:05:16.675 [background-preinit] INFO  o.h.validator.internal.util.Version — HV000001: Hibernate Validator 9.0.1.Final
2026-05-03 00:05:16.704 [restartedMain] INFO  c.t.t.TenantServiceApplication — Starting TenantServiceApplication using Java 21.0.10 with PID 135785 (/home/tuna/Desktop/tavia_v2/tavia-tenant-service/build/classes/java/main started by tuna in /home/tuna/Desktop/tavia_v2/tavia-tenant-service)
2026-05-03 00:05:16.705 [restartedMain] DEBUG c.t.t.TenantServiceApplication — Running with Spring Boot v4.0.6, Spring v7.0.7
2026-05-03 00:05:16.706 [restartedMain] INFO  c.t.t.TenantServiceApplication — No active profile set, falling back to 1 default profile: "default"
2026-05-03 00:05:16.742 [restartedMain] INFO  o.s.c.c.c.ConfigServerConfigDataLoader — Fetching config from server at : http://localhost:8888
2026-05-03 00:05:16.742 [restartedMain] INFO  o.s.c.c.c.ConfigServerConfigDataLoader — Located environment: name=tavia-tenant-service, profiles=[default], label=null, version=null, state=null
2026-05-03 00:05:16.742 [restartedMain] DEBUG o.s.c.c.c.ConfigServerConfigDataLoader — Environment tavia-tenant-service has 2 property sources with 31 properties.
2026-05-03 00:05:16.744 [restartedMain] INFO  o.s.b.d.e.DevToolsPropertyDefaultsPostProcessor — Devtools property defaults active! Set 'spring.devtools.add-properties' to 'false' to disable
2026-05-03 00:05:16.745 [restartedMain] INFO  o.s.b.d.e.DevToolsPropertyDefaultsPostProcessor — For additional web related logging consider setting the 'logging.level.web' property to 'DEBUG'
2026-05-03 00:05:17.277 [restartedMain] INFO  o.s.d.r.c.RepositoryConfigurationDelegate — Bootstrapping Spring Data JPA repositories in DEFAULT mode.
2026-05-03 00:05:17.377 [restartedMain] INFO  o.s.d.r.c.RepositoryConfigurationDelegate — Finished Spring Data repository scanning in 94 ms. Found 1 JPA repository interface.
2026-05-03 00:05:17.535 [restartedMain] INFO  o.s.cloud.context.scope.GenericScope — BeanFactory id=7e01aac1-7bf6-3940-9612-a33b60ae1ad5
2026-05-03 00:05:17.844 [restartedMain] INFO  o.s.boot.tomcat.TomcatWebServer — Tomcat initialized with port 8081 (http)
2026-05-03 00:05:17.852 [restartedMain] INFO  o.a.coyote.http11.Http11NioProtocol — Initializing ProtocolHandler ["http-nio-8081"]
2026-05-03 00:05:17.854 [restartedMain] INFO  o.a.catalina.core.StandardService — Starting service [Tomcat]
2026-05-03 00:05:17.854 [restartedMain] INFO  o.a.catalina.core.StandardEngine — Starting Servlet engine: [Apache Tomcat/11.0.21]
2026-05-03 00:05:17.882 [restartedMain] INFO  o.s.b.w.c.s.WebApplicationContextInitializer — Root WebApplicationContext: initialization completed in 1137 ms
2026-05-03 00:05:18.002 [restartedMain] INFO  org.hibernate.orm.jpa — HHH008540: Processing PersistenceUnitInfo [name: default]
2026-05-03 00:05:18.040 [restartedMain] INFO  org.hibernate.orm.core — HHH000001: Hibernate ORM core version 7.2.12.Final
2026-05-03 00:05:18.364 [restartedMain] INFO  o.s.o.j.p.SpringPersistenceUnitInfo — No LoadTimeWeaver setup: ignoring JPA class transformer
2026-05-03 00:05:18.387 [restartedMain] INFO  com.zaxxer.hikari.HikariDataSource — HikariPool-1 - Starting...
2026-05-03 00:05:18.475 [restartedMain] INFO  com.zaxxer.hikari.pool.HikariPool — HikariPool-1 - Added connection org.postgresql.jdbc.PgConnection@5bad1966
2026-05-03 00:05:18.477 [restartedMain] INFO  com.zaxxer.hikari.HikariDataSource — HikariPool-1 - Start completed.
2026-05-03 00:05:18.498 [restartedMain] WARN  org.hibernate.orm.deprecation — HHH90000025: PostgreSQLDialect does not need to be specified explicitly using 'hibernate.dialect' (remove the property setting and it will be selected by default)
2026-05-03 00:05:18.513 [restartedMain] INFO  o.hibernate.orm.connections.pooling — HHH10001005: Database info:
	Database JDBC URL [jdbc:postgresql://localhost:5432/tavia_db]
	Database driver: PostgreSQL JDBC Driver
	Database dialect: PostgreSQLDialect
	Database version: 15.17
	Default catalog/schema: tavia_db/public
	Autocommit mode: undefined/unknown
	Isolation level: READ_COMMITTED [default READ_COMMITTED]
	JDBC fetch size: none
	Pool: DataSourceConnectionProvider
	Minimum pool size: undefined/unknown
	Maximum pool size: undefined/unknown
2026-05-03 00:05:19.125 [restartedMain] INFO  org.hibernate.orm.core — HHH000489: No JTA platform available (set 'hibernate.transaction.jta.platform' to enable JTA platform integration)
2026-05-03 00:05:19.171 [restartedMain] INFO  o.s.o.j.LocalContainerEntityManagerFactoryBean — Initialized JPA EntityManagerFactory for persistence unit 'default'
2026-05-03 00:05:19.224 [restartedMain] INFO  o.s.d.j.r.q.QueryEnhancerFactories — Hibernate is in classpath; If applicable, HQL parser will be used.
2026-05-03 00:05:19.398 [restartedMain] WARN  o.s.b.j.a.JpaBaseConfiguration$JpaWebConfiguration — spring.jpa.open-in-view is enabled by default. Therefore, database queries may be performed during view rendering. Explicitly configure spring.jpa.open-in-view to disable this warning
2026-05-03 00:05:19.786 [restartedMain] INFO  o.s.c.n.e.c.DiscoveryClientOptionalArgsConfiguration — Eureka HTTP Client uses RestClient.
2026-05-03 00:05:19.809 [restartedMain] WARN  o.s.c.l.c.LoadBalancerCacheAutoConfiguration$LoadBalancerCaffeineWarnLogger — Spring Cloud LoadBalancer is currently working with the default cache. While this cache implementation is useful for development and tests, it's recommended to use Caffeine cache in production.You can switch to using Caffeine cache, by adding it and org.springframework.cache.caffeine.CaffeineCacheManager to the classpath.
2026-05-03 00:05:19.827 [restartedMain] INFO  o.s.c.n.eureka.InstanceInfoFactory — Setting initial instance status as: STARTING
2026-05-03 00:05:19.842 [restartedMain] INFO  c.netflix.discovery.DiscoveryClient — Initializing Eureka in region us-east-1
2026-05-03 00:05:19.844 [restartedMain] INFO  c.n.d.s.r.aws.ConfigClusterResolver — Resolving eureka endpoints via configuration
2026-05-03 00:05:19.849 [restartedMain] INFO  c.netflix.discovery.DiscoveryClient — Disable delta property : false
2026-05-03 00:05:19.849 [restartedMain] INFO  c.netflix.discovery.DiscoveryClient — Single vip registry refresh property : null
2026-05-03 00:05:19.849 [restartedMain] INFO  c.netflix.discovery.DiscoveryClient — Force full registry fetch : false
2026-05-03 00:05:19.850 [restartedMain] INFO  c.netflix.discovery.DiscoveryClient — Application is null : false
2026-05-03 00:05:19.850 [restartedMain] INFO  c.netflix.discovery.DiscoveryClient — Registered Applications size is zero : true
2026-05-03 00:05:19.850 [restartedMain] INFO  c.netflix.discovery.DiscoveryClient — Application version is -1: true
2026-05-03 00:05:19.850 [restartedMain] INFO  c.netflix.discovery.DiscoveryClient — Getting all instance registry info from the eureka server
2026-05-03 00:05:20.100 [restartedMain] INFO  c.netflix.discovery.DiscoveryClient — The response status is 200
2026-05-03 00:05:20.101 [restartedMain] INFO  c.netflix.discovery.DiscoveryClient — Starting heartbeat executor: renew interval is: 30
2026-05-03 00:05:20.102 [restartedMain] INFO  c.n.discovery.InstanceInfoReplicator — InstanceInfoReplicator onDemand update allowed rate per min is 4
2026-05-03 00:05:20.103 [restartedMain] INFO  c.netflix.discovery.DiscoveryClient — Discovery Client initialized at timestamp 1777755920102 with initial instances count: 0
2026-05-03 00:05:20.105 [restartedMain] INFO  o.s.c.n.e.s.EurekaServiceRegistry — Registering application TAVIA-TENANT-SERVICE with eureka with status UP
2026-05-03 00:05:20.105 [restartedMain] INFO  c.netflix.discovery.DiscoveryClient — Saw local status change event StatusChangeEvent [timestamp=1777755920105, current=UP, previous=STARTING]
2026-05-03 00:05:20.106 [DiscoveryClient-InstanceInfoReplicator-%d] INFO  c.netflix.discovery.DiscoveryClient — DiscoveryClient_TAVIA-TENANT-SERVICE/10.0.0.139:tavia-tenant-service:8081: registering service...
2026-05-03 00:05:20.106 [restartedMain] INFO  o.a.coyote.http11.Http11NioProtocol — Starting ProtocolHandler ["http-nio-8081"]
2026-05-03 00:05:20.121 [restartedMain] INFO  o.s.boot.tomcat.TomcatWebServer — Tomcat started on port 8081 (http) with context path '/'
2026-05-03 00:05:20.122 [restartedMain] INFO  o.s.c.n.e.s.EurekaAutoServiceRegistration — Updating port to 8081
2026-05-03 00:05:20.133 [restartedMain] INFO  c.t.t.TenantServiceApplication — Started TenantServiceApplication in 4.218 seconds (process running for 4.634)
2026-05-03 00:05:20.136 [restartedMain] WARN  o.s.c.events.SpringDocAppInitializer — SpringDoc /v3/api-docs endpoint is enabled by default. To disable it in production, set the property 'springdoc.api-docs.enabled=false'
2026-05-03 00:05:20.136 [restartedMain] WARN  o.s.c.events.SpringDocAppInitializer — SpringDoc /swagger-ui.html endpoint is enabled by default. To disable it in production, set the property 'springdoc.swagger-ui.enabled=false'
2026-05-03 00:05:20.184 [DiscoveryClient-InstanceInfoReplicator-%d] INFO  c.netflix.discovery.DiscoveryClient — DiscoveryClient_TAVIA-TENANT-SERVICE/10.0.0.139:tavia-tenant-service:8081 - registration status: 204
2026-05-03 00:05:50.101 [DiscoveryClient-CacheRefreshExecutor-%d] INFO  c.netflix.discovery.DiscoveryClient — Disable delta property : false
2026-05-03 00:05:50.101 [DiscoveryClient-CacheRefreshExecutor-%d] INFO  c.netflix.discovery.DiscoveryClient — Single vip registry refresh property : null
2026-05-03 00:05:50.101 [DiscoveryClient-CacheRefreshExecutor-%d] INFO  c.netflix.discovery.DiscoveryClient — Force full registry fetch : false
2026-05-03 00:05:50.101 [DiscoveryClient-CacheRefreshExecutor-%d] INFO  c.netflix.discovery.DiscoveryClient — Application is null : false
2026-05-03 00:05:50.101 [DiscoveryClient-CacheRefreshExecutor-%d] INFO  c.netflix.discovery.DiscoveryClient — Registered Applications size is zero : true
2026-05-03 00:05:50.101 [DiscoveryClient-CacheRefreshExecutor-%d] INFO  c.netflix.discovery.DiscoveryClient — Application version is -1: false
2026-05-03 00:05:50.101 [DiscoveryClient-CacheRefreshExecutor-%d] INFO  c.netflix.discovery.DiscoveryClient — Getting all instance registry info from the eureka server
2026-05-03 00:05:50.119 [DiscoveryClient-CacheRefreshExecutor-%d] INFO  c.netflix.discovery.DiscoveryClient — The response status is 200
2026-05-03 00:09:23.873 [http-nio-8081-exec-1] INFO  o.a.c.c.C.[Tomcat].[localhost].[/] — Initializing Spring DispatcherServlet 'dispatcherServlet'
2026-05-03 00:09:23.873 [http-nio-8081-exec-1] INFO  o.s.web.servlet.DispatcherServlet — Initializing Servlet 'dispatcherServlet'
2026-05-03 00:09:23.876 [http-nio-8081-exec-1] INFO  o.s.web.servlet.DispatcherServlet — Completed initialization in 3 ms
2026-05-03 00:09:23.915 [http-nio-8081-exec-1] INFO  c.t.t.service.TenantServiceImpl — Login attempt for username: tavia
2026-05-03 00:09:24.228 [http-nio-8081-exec-1] DEBUG org.hibernate.SQL — select t1_0.id,t1_0.city,t1_0.created_at,t1_0.is_active,t1_0.name,t1_0.password,t1_0.subscription_plan,t1_0.username from tenants t1_0 where t1_0.username=?
2026-05-03 00:09:24.255 [http-nio-8081-exec-1] INFO  c.t.t.service.TenantServiceImpl — Login successful for username: tavia
2026-05-03 00:10:19.851 [AsyncResolver-bootstrap-executor-%d] INFO  c.n.d.s.r.aws.ConfigClusterResolver — Resolving eureka endpoints via configuration
2026-05-03 00:15:19.851 [AsyncResolver-bootstrap-executor-%d] INFO  c.n.d.s.r.aws.ConfigClusterResolver — Resolving eureka endpoints via configuration
2026-05-03 00:15:43.843 [SpringApplicationShutdownHook] INFO  o.s.c.n.e.s.EurekaServiceRegistry — Unregistering application TAVIA-TENANT-SERVICE with eureka with status DOWN
2026-05-03 00:15:43.843 [SpringApplicationShutdownHook] INFO  c.netflix.discovery.DiscoveryClient — Saw local status change event StatusChangeEvent [timestamp=1777756543843, current=DOWN, previous=UP]
2026-05-03 00:15:43.844 [DiscoveryClient-InstanceInfoReplicator-%d] INFO  c.netflix.discovery.DiscoveryClient — DiscoveryClient_TAVIA-TENANT-SERVICE/10.0.0.139:tavia-tenant-service:8081: registering service...
2026-05-03 00:15:43.850 [SpringApplicationShutdownHook] INFO  o.s.boot.tomcat.GracefulShutdown — Commencing graceful shutdown. Waiting for active requests to complete
2026-05-03 00:15:43.859 [DiscoveryClient-InstanceInfoReplicator-%d] INFO  c.netflix.discovery.DiscoveryClient — DiscoveryClient_TAVIA-TENANT-SERVICE/10.0.0.139:tavia-tenant-service:8081 - registration status: 204
2026-05-03 00:15:43.860 [tomcat-shutdown] INFO  o.s.boot.tomcat.GracefulShutdown — Graceful shutdown complete
2026-05-03 00:15:43.878 [SpringApplicationShutdownHook] INFO  o.s.o.j.LocalContainerEntityManagerFactoryBean — Closing JPA EntityManagerFactory for persistence unit 'default'
2026-05-03 00:15:43.896 [SpringApplicationShutdownHook] INFO  com.zaxxer.hikari.HikariDataSource — HikariPool-1 - Shutdown initiated...
2026-05-03 00:15:43.901 [SpringApplicationShutdownHook] INFO  com.zaxxer.hikari.HikariDataSource — HikariPool-1 - Shutdown completed.
2026-05-03 00:15:43.904 [SpringApplicationShutdownHook] INFO  c.netflix.discovery.DiscoveryClient — Shutting down DiscoveryClient ...
2026-05-03 00:15:46.905 [SpringApplicationShutdownHook] INFO  c.netflix.discovery.DiscoveryClient — Unregistering ...
2026-05-03 00:15:46.916 [SpringApplicationShutdownHook] INFO  c.n.d.s.t.d.RedirectingEurekaHttpClient — Request execution error. endpoint=DefaultEndpoint{ serviceUrl='http://localhost:8761/eureka/} exception=I/O error on DELETE request for "http://localhost:8761/eureka/apps/TAVIA-TENANT-SERVICE/10.0.0.139:tavia-tenant-service:8081": Connect to http://localhost:8761 failed: Connection refused stacktrace=org.springframework.web.client.ResourceAccessException: I/O error on DELETE request for "http://localhost:8761/eureka/apps/TAVIA-TENANT-SERVICE/10.0.0.139:tavia-tenant-service:8081": Connect to http://localhost:8761 failed: Connection refused
	at org.springframework.web.client.DefaultRestClient$DefaultRequestBodyUriSpec.createResourceAccessException(DefaultRestClient.java:779)
	at org.springframework.web.client.DefaultRestClient$DefaultRequestBodyUriSpec.exchangeInternal(DefaultRestClient.java:624)
	at org.springframework.web.client.DefaultRestClient$DefaultRequestBodyUriSpec.exchange(DefaultRestClient.java:572)
	at org.springframework.web.client.RestClient$RequestHeadersSpec.exchange(RestClient.java:747)
	at org.springframework.web.client.DefaultRestClient$DefaultResponseSpec.executeAndExtract(DefaultRestClient.java:924)
	at org.springframework.web.client.DefaultRestClient$DefaultResponseSpec.toBodilessEntity(DefaultRestClient.java:888)
	at org.springframework.cloud.netflix.eureka.http.RestClientEurekaHttpClient.cancel(RestClientEurekaHttpClient.java:73)
	at com.netflix.discovery.shared.transport.decorator.EurekaHttpClientDecorator$2.execute(EurekaHttpClientDecorator.java:74)
	at com.netflix.discovery.shared.transport.decorator.RedirectingEurekaHttpClient.execute(RedirectingEurekaHttpClient.java:91)
	at com.netflix.discovery.shared.transport.decorator.EurekaHttpClientDecorator.cancel(EurekaHttpClientDecorator.java:71)
	at com.netflix.discovery.shared.transport.decorator.EurekaHttpClientDecorator$2.execute(EurekaHttpClientDecorator.java:74)
	at com.netflix.discovery.shared.transport.decorator.RetryableEurekaHttpClient.execute(RetryableEurekaHttpClient.java:120)
	at com.netflix.discovery.shared.transport.decorator.EurekaHttpClientDecorator.cancel(EurekaHttpClientDecorator.java:71)
	at com.netflix.discovery.shared.transport.decorator.EurekaHttpClientDecorator$2.execute(EurekaHttpClientDecorator.java:74)
	at com.netflix.discovery.shared.transport.decorator.SessionedEurekaHttpClient.execute(SessionedEurekaHttpClient.java:76)
	at com.netflix.discovery.shared.transport.decorator.EurekaHttpClientDecorator.cancel(EurekaHttpClientDecorator.java:71)
	at com.netflix.discovery.DiscoveryClient.unregister(DiscoveryClient.java:919)
	at com.netflix.discovery.DiscoveryClient.shutdown(DiscoveryClient.java:900)
	at java.base/jdk.internal.reflect.DirectMethodHandleAccessor.invoke(DirectMethodHandleAccessor.java:103)
	at java.base/java.lang.reflect.Method.invoke(Method.java:580)
	at org.springframework.beans.factory.annotation.InitDestroyAnnotationBeanPostProcessor$LifecycleMethod.invoke(InitDestroyAnnotationBeanPostProcessor.java:453)
	at org.springframework.beans.factory.annotation.InitDestroyAnnotationBeanPostProcessor$LifecycleMetadata.invokeDestroyMethods(InitDestroyAnnotationBeanPostProcessor.java:411)
	at org.springframework.beans.factory.annotation.InitDestroyAnnotationBeanPostProcessor.postProcessBeforeDestruction(InitDestroyAnnotationBeanPostProcessor.java:237)
	at org.springframework.beans.factory.support.DisposableBeanAdapter.destroy(DisposableBeanAdapter.java:200)
	at org.springframework.beans.factory.support.DisposableBeanAdapter.run(DisposableBeanAdapter.java:193)
	at org.springframework.cloud.context.scope.GenericScope$BeanLifecycleWrapper.destroy(GenericScope.java:387)
	at org.springframework.cloud.context.scope.GenericScope.destroy(GenericScope.java:134)
	at org.springframework.beans.factory.support.DisposableBeanAdapter.destroy(DisposableBeanAdapter.java:209)
	at org.springframework.beans.factory.support.DefaultSingletonBeanRegistry.destroyBean(DefaultSingletonBeanRegistry.java:795)
	at org.springframework.beans.factory.support.DefaultSingletonBeanRegistry.destroySingleton(DefaultSingletonBeanRegistry.java:745)
	at org.springframework.beans.factory.support.DefaultListableBeanFactory.destroySingleton(DefaultListableBeanFactory.java:1500)
	at org.springframework.beans.factory.support.DefaultSingletonBeanRegistry.destroySingletons(DefaultSingletonBeanRegistry.java:704)
	at org.springframework.beans.factory.support.DefaultListableBeanFactory.destroySingletons(DefaultListableBeanFactory.java:1493)
	at org.springframework.context.support.AbstractApplicationContext.destroyBeans(AbstractApplicationContext.java:1246)
	at org.springframework.context.support.AbstractApplicationContext.doClose(AbstractApplicationContext.java:1207)
	at org.springframework.boot.web.server.servlet.context.ServletWebServerApplicationContext.doClose(ServletWebServerApplicationContext.java:176)
	at org.springframework.context.support.AbstractApplicationContext.close(AbstractApplicationContext.java:1153)
	at org.springframework.boot.SpringApplicationShutdownHook.closeAndWait(SpringApplicationShutdownHook.java:147)
	at java.base/java.lang.Iterable.forEach(Iterable.java:75)
	at org.springframework.boot.SpringApplicationShutdownHook.run(SpringApplicationShutdownHook.java:116)
	at java.base/java.lang.Thread.run(Thread.java:1583)
Caused by: org.apache.hc.client5.http.HttpHostConnectException: Connect to http://localhost:8761 failed: Connection refused
	at java.base/sun.nio.ch.Net.pollConnect(Native Method)
	at java.base/sun.nio.ch.Net.pollConnectNow(Net.java:694)
	at java.base/sun.nio.ch.NioSocketImpl.timedFinishConnect(NioSocketImpl.java:542)
	at java.base/sun.nio.ch.NioSocketImpl.connect(NioSocketImpl.java:592)
	at java.base/java.net.SocksSocketImpl.connect(SocksSocketImpl.java:327)
	at java.base/java.net.Socket.connect(Socket.java:751)
	at org.apache.hc.client5.http.impl.io.DefaultHttpClientConnectionOperator.connect(DefaultHttpClientConnectionOperator.java:226)
	at org.apache.hc.client5.http.impl.io.PoolingHttpClientConnectionManager.connect(PoolingHttpClientConnectionManager.java:497)
	at org.apache.hc.client5.http.impl.classic.InternalExecRuntime.connectEndpoint(InternalExecRuntime.java:164)
	at org.apache.hc.client5.http.impl.classic.InternalExecRuntime.connectEndpoint(InternalExecRuntime.java:174)
	at org.apache.hc.client5.http.impl.classic.ConnectExec.execute(ConnectExec.java:144)
	at org.apache.hc.client5.http.impl.classic.ExecChainElement.execute(ExecChainElement.java:51)
	at org.apache.hc.client5.http.impl.classic.ProtocolExec.execute(ProtocolExec.java:195)
	at org.apache.hc.client5.http.impl.classic.ExecChainElement.execute(ExecChainElement.java:51)
	at org.apache.hc.client5.http.impl.classic.ContentCompressionExec.execute(ContentCompressionExec.java:168)
	at org.apache.hc.client5.http.impl.classic.ExecChainElement.execute(ExecChainElement.java:51)
	at org.apache.hc.client5.http.impl.classic.HttpRequestRetryExec.execute(HttpRequestRetryExec.java:112)
	at org.apache.hc.client5.http.impl.classic.ExecChainElement.execute(ExecChainElement.java:51)
	at org.apache.hc.client5.http.impl.classic.RedirectExec.execute(RedirectExec.java:110)
	at org.apache.hc.client5.http.impl.classic.ExecChainElement.execute(ExecChainElement.java:51)
	at org.apache.hc.client5.http.impl.classic.InternalHttpClient.doExecute(InternalHttpClient.java:185)
	at org.apache.hc.client5.http.impl.classic.CloseableHttpClient.execute(CloseableHttpClient.java:87)
	at org.apache.hc.client5.http.impl.classic.CloseableHttpClient.execute(CloseableHttpClient.java:55)
	at org.apache.hc.client5.http.classic.HttpClient.executeOpen(HttpClient.java:183)
	at org.springframework.http.client.HttpComponentsClientHttpRequest.executeInternal(HttpComponentsClientHttpRequest.java:99)
	at org.springframework.http.client.AbstractStreamingClientHttpRequest.executeInternal(AbstractStreamingClientHttpRequest.java:87)
	at org.springframework.http.client.AbstractClientHttpRequest.execute(AbstractClientHttpRequest.java:80)
	at org.springframework.http.client.AbstractBufferingClientHttpRequest.executeWithRequestAndBody(AbstractBufferingClientHttpRequest.java:89)
	at org.springframework.http.client.InterceptingClientHttpRequest$EndOfChainRequestExecution.execute(InterceptingClientHttpRequest.java:102)
	at org.springframework.cloud.netflix.eureka.http.RestClientTransportClientFactory.lambda$newClient$2(RestClientTransportClientFactory.java:98)
	at org.springframework.http.client.ClientHttpRequestInterceptor.lambda$apply$0(ClientHttpRequestInterceptor.java:89)
	at org.springframework.http.client.InterceptingClientHttpRequest.executeInternal(InterceptingClientHttpRequest.java:73)
	at org.springframework.http.client.AbstractBufferingClientHttpRequest.executeInternal(AbstractBufferingClientHttpRequest.java:50)
	at org.springframework.http.client.AbstractClientHttpRequest.execute(AbstractClientHttpRequest.java:80)
	at org.springframework.web.client.DefaultRestClient$DefaultRequestBodyUriSpec.exchangeInternal(DefaultRestClient.java:614)
	... 39 more

2026-05-03 00:15:46.916 [SpringApplicationShutdownHook] WARN  c.n.d.s.t.d.RetryableEurekaHttpClient — Request execution failed with message: I/O error on DELETE request for "http://localhost:8761/eureka/apps/TAVIA-TENANT-SERVICE/10.0.0.139:tavia-tenant-service:8081": Connect to http://localhost:8761 failed: Connection refused
2026-05-03 00:15:46.951 [SpringApplicationShutdownHook] INFO  c.n.d.s.t.d.RedirectingEurekaHttpClient — Request execution error. endpoint=DefaultEndpoint{ serviceUrl='http://localhost:8761/eureka/}, exception=I/O error on DELETE request for "http://localhost:8761/eureka/apps/TAVIA-TENANT-SERVICE/10.0.0.139:tavia-tenant-service:8081": Connect to http://localhost:8761 failed: Connection refused stacktrace=org.springframework.web.client.ResourceAccessException: I/O error on DELETE request for "http://localhost:8761/eureka/apps/TAVIA-TENANT-SERVICE/10.0.0.139:tavia-tenant-service:8081": Connect to http://localhost:8761 failed: Connection refused
	at org.springframework.web.client.DefaultRestClient$DefaultRequestBodyUriSpec.createResourceAccessException(DefaultRestClient.java:779)
	at org.springframework.web.client.DefaultRestClient$DefaultRequestBodyUriSpec.exchangeInternal(DefaultRestClient.java:624)
	at org.springframework.web.client.DefaultRestClient$DefaultRequestBodyUriSpec.exchange(DefaultRestClient.java:572)
	at org.springframework.web.client.RestClient$RequestHeadersSpec.exchange(RestClient.java:747)
	at org.springframework.web.client.DefaultRestClient$DefaultResponseSpec.executeAndExtract(DefaultRestClient.java:924)
	at org.springframework.web.client.DefaultRestClient$DefaultResponseSpec.toBodilessEntity(DefaultRestClient.java:888)
	at org.springframework.cloud.netflix.eureka.http.RestClientEurekaHttpClient.cancel(RestClientEurekaHttpClient.java:73)
	at com.netflix.discovery.shared.transport.decorator.EurekaHttpClientDecorator$2.execute(EurekaHttpClientDecorator.java:74)
	at com.netflix.discovery.shared.transport.decorator.RedirectingEurekaHttpClient.executeOnNewServer(RedirectingEurekaHttpClient.java:121)
	at com.netflix.discovery.shared.transport.decorator.RedirectingEurekaHttpClient.execute(RedirectingEurekaHttpClient.java:80)
	at com.netflix.discovery.shared.transport.decorator.EurekaHttpClientDecorator.cancel(EurekaHttpClientDecorator.java:71)
	at com.netflix.discovery.shared.transport.decorator.EurekaHttpClientDecorator$2.execute(EurekaHttpClientDecorator.java:74)
	at com.netflix.discovery.shared.transport.decorator.RetryableEurekaHttpClient.execute(RetryableEurekaHttpClient.java:120)
	at com.netflix.discovery.shared.transport.decorator.EurekaHttpClientDecorator.cancel(EurekaHttpClientDecorator.java:71)
	at com.netflix.discovery.shared.transport.decorator.EurekaHttpClientDecorator$2.execute(EurekaHttpClientDecorator.java:74)
	at com.netflix.discovery.shared.transport.decorator.SessionedEurekaHttpClient.execute(SessionedEurekaHttpClient.java:76)
	at com.netflix.discovery.shared.transport.decorator.EurekaHttpClientDecorator.cancel(EurekaHttpClientDecorator.java:71)
	at com.netflix.discovery.DiscoveryClient.unregister(DiscoveryClient.java:919)
	at com.netflix.discovery.DiscoveryClient.shutdown(DiscoveryClient.java:900)
	at java.base/jdk.internal.reflect.DirectMethodHandleAccessor.invoke(DirectMethodHandleAccessor.java:103)
	at java.base/java.lang.reflect.Method.invoke(Method.java:580)
	at org.springframework.beans.factory.annotation.InitDestroyAnnotationBeanPostProcessor$LifecycleMethod.invoke(InitDestroyAnnotationBeanPostProcessor.java:453)
	at org.springframework.beans.factory.annotation.InitDestroyAnnotationBeanPostProcessor$LifecycleMetadata.invokeDestroyMethods(InitDestroyAnnotationBeanPostProcessor.java:411)
	at org.springframework.beans.factory.annotation.InitDestroyAnnotationBeanPostProcessor.postProcessBeforeDestruction(InitDestroyAnnotationBeanPostProcessor.java:237)
	at org.springframework.beans.factory.support.DisposableBeanAdapter.destroy(DisposableBeanAdapter.java:200)
	at org.springframework.beans.factory.support.DisposableBeanAdapter.run(DisposableBeanAdapter.java:193)
	at org.springframework.cloud.context.scope.GenericScope$BeanLifecycleWrapper.destroy(GenericScope.java:387)
	at org.springframework.cloud.context.scope.GenericScope.destroy(GenericScope.java:134)
	at org.springframework.beans.factory.support.DisposableBeanAdapter.destroy(DisposableBeanAdapter.java:209)
	at org.springframework.beans.factory.support.DefaultSingletonBeanRegistry.destroyBean(DefaultSingletonBeanRegistry.java:795)
	at org.springframework.beans.factory.support.DefaultSingletonBeanRegistry.destroySingleton(DefaultSingletonBeanRegistry.java:745)
	at org.springframework.beans.factory.support.DefaultListableBeanFactory.destroySingleton(DefaultListableBeanFactory.java:1500)
	at org.springframework.beans.factory.support.DefaultSingletonBeanRegistry.destroySingletons(DefaultSingletonBeanRegistry.java:704)
	at org.springframework.beans.factory.support.DefaultListableBeanFactory.destroySingletons(DefaultListableBeanFactory.java:1493)
	at org.springframework.context.support.AbstractApplicationContext.destroyBeans(AbstractApplicationContext.java:1246)
	at org.springframework.context.support.AbstractApplicationContext.doClose(AbstractApplicationContext.java:1207)
	at org.springframework.boot.web.server.servlet.context.ServletWebServerApplicationContext.doClose(ServletWebServerApplicationContext.java:176)
	at org.springframework.context.support.AbstractApplicationContext.close(AbstractApplicationContext.java:1153)
	at org.springframework.boot.SpringApplicationShutdownHook.closeAndWait(SpringApplicationShutdownHook.java:147)
	at java.base/java.lang.Iterable.forEach(Iterable.java:75)
	at org.springframework.boot.SpringApplicationShutdownHook.run(SpringApplicationShutdownHook.java:116)
	at java.base/java.lang.Thread.run(Thread.java:1583)
Caused by: org.apache.hc.client5.http.HttpHostConnectException: Connect to http://localhost:8761 failed: Connection refused
	at java.base/sun.nio.ch.Net.pollConnect(Native Method)
	at java.base/sun.nio.ch.Net.pollConnectNow(Net.java:694)
	at java.base/sun.nio.ch.NioSocketImpl.timedFinishConnect(NioSocketImpl.java:542)
	at java.base/sun.nio.ch.NioSocketImpl.connect(NioSocketImpl.java:592)
	at java.base/java.net.SocksSocketImpl.connect(SocksSocketImpl.java:327)
	at java.base/java.net.Socket.connect(Socket.java:751)
	at org.apache.hc.client5.http.impl.io.DefaultHttpClientConnectionOperator.connect(DefaultHttpClientConnectionOperator.java:226)
	at org.apache.hc.client5.http.impl.io.PoolingHttpClientConnectionManager.connect(PoolingHttpClientConnectionManager.java:497)
	at org.apache.hc.client5.http.impl.classic.InternalExecRuntime.connectEndpoint(InternalExecRuntime.java:164)
	at org.apache.hc.client5.http.impl.classic.InternalExecRuntime.connectEndpoint(InternalExecRuntime.java:174)
	at org.apache.hc.client5.http.impl.classic.ConnectExec.execute(ConnectExec.java:144)
	at org.apache.hc.client5.http.impl.classic.ExecChainElement.execute(ExecChainElement.java:51)
	at org.apache.hc.client5.http.impl.classic.ProtocolExec.execute(ProtocolExec.java:195)
	at org.apache.hc.client5.http.impl.classic.ExecChainElement.execute(ExecChainElement.java:51)
	at org.apache.hc.client5.http.impl.classic.ContentCompressionExec.execute(ContentCompressionExec.java:168)
	at org.apache.hc.client5.http.impl.classic.ExecChainElement.execute(ExecChainElement.java:51)
	at org.apache.hc.client5.http.impl.classic.HttpRequestRetryExec.execute(HttpRequestRetryExec.java:112)
	at org.apache.hc.client5.http.impl.classic.ExecChainElement.execute(ExecChainElement.java:51)
	at org.apache.hc.client5.http.impl.classic.RedirectExec.execute(RedirectExec.java:110)
	at org.apache.hc.client5.http.impl.classic.ExecChainElement.execute(ExecChainElement.java:51)
	at org.apache.hc.client5.http.impl.classic.InternalHttpClient.doExecute(InternalHttpClient.java:185)
	at org.apache.hc.client5.http.impl.classic.CloseableHttpClient.execute(CloseableHttpClient.java:87)
	at org.apache.hc.client5.http.impl.classic.CloseableHttpClient.execute(CloseableHttpClient.java:55)
	at org.apache.hc.client5.http.classic.HttpClient.executeOpen(HttpClient.java:183)
	at org.springframework.http.client.HttpComponentsClientHttpRequest.executeInternal(HttpComponentsClientHttpRequest.java:99)
	at org.springframework.http.client.AbstractStreamingClientHttpRequest.executeInternal(AbstractStreamingClientHttpRequest.java:87)
	at org.springframework.http.client.AbstractClientHttpRequest.execute(AbstractClientHttpRequest.java:80)
	at org.springframework.http.client.AbstractBufferingClientHttpRequest.executeWithRequestAndBody(AbstractBufferingClientHttpRequest.java:89)
	at org.springframework.http.client.InterceptingClientHttpRequest$EndOfChainRequestExecution.execute(InterceptingClientHttpRequest.java:102)
	at org.springframework.cloud.netflix.eureka.http.RestClientTransportClientFactory.lambda$newClient$2(RestClientTransportClientFactory.java:98)
	at org.springframework.http.client.ClientHttpRequestInterceptor.lambda$apply$0(ClientHttpRequestInterceptor.java:89)
	at org.springframework.http.client.InterceptingClientHttpRequest.executeInternal(InterceptingClientHttpRequest.java:73)
	at org.springframework.http.client.AbstractBufferingClientHttpRequest.executeInternal(AbstractBufferingClientHttpRequest.java:50)
	at org.springframework.http.client.AbstractClientHttpRequest.execute(AbstractClientHttpRequest.java:80)
	at org.springframework.web.client.DefaultRestClient$DefaultRequestBodyUriSpec.exchangeInternal(DefaultRestClient.java:614)
	... 40 more

2026-05-03 00:15:46.951 [SpringApplicationShutdownHook] WARN  c.n.d.s.t.d.RetryableEurekaHttpClient — Request execution failed with message: I/O error on DELETE request for "http://localhost:8761/eureka/apps/TAVIA-TENANT-SERVICE/10.0.0.139:tavia-tenant-service:8081": Connect to http://localhost:8761 failed: Connection refused
2026-05-03 00:15:46.957 [SpringApplicationShutdownHook] INFO  c.netflix.discovery.DiscoveryClient — Completed shut down of DiscoveryClient
2026-05-03 00:16:30.641 [background-preinit] INFO  o.h.validator.internal.util.Version — HV000001: Hibernate Validator 9.0.1.Final
2026-05-03 00:16:30.664 [restartedMain] INFO  c.t.t.TenantServiceApplication — Starting TenantServiceApplication using Java 21.0.10 with PID 148835 (/home/tuna/Desktop/tavia_v2/tavia-tenant-service/build/classes/java/main started by tuna in /home/tuna/Desktop/tavia_v2/tavia-tenant-service)
2026-05-03 00:16:30.665 [restartedMain] DEBUG c.t.t.TenantServiceApplication — Running with Spring Boot v4.0.6, Spring v7.0.7
2026-05-03 00:16:30.665 [restartedMain] INFO  c.t.t.TenantServiceApplication — No active profile set, falling back to 1 default profile: "default"
2026-05-03 00:16:30.694 [restartedMain] INFO  o.s.c.c.c.ConfigServerConfigDataLoader — Fetching config from server at : http://localhost:8888
2026-05-03 00:16:30.694 [restartedMain] INFO  o.s.c.c.c.ConfigServerConfigDataLoader — Located environment: name=tavia-tenant-service, profiles=[default], label=null, version=null, state=null
2026-05-03 00:16:30.694 [restartedMain] DEBUG o.s.c.c.c.ConfigServerConfigDataLoader — Environment tavia-tenant-service has 2 property sources with 31 properties.
2026-05-03 00:16:30.696 [restartedMain] INFO  o.s.b.d.e.DevToolsPropertyDefaultsPostProcessor — Devtools property defaults active! Set 'spring.devtools.add-properties' to 'false' to disable
2026-05-03 00:16:30.696 [restartedMain] INFO  o.s.b.d.e.DevToolsPropertyDefaultsPostProcessor — For additional web related logging consider setting the 'logging.level.web' property to 'DEBUG'
2026-05-03 00:16:31.205 [restartedMain] INFO  o.s.d.r.c.RepositoryConfigurationDelegate — Bootstrapping Spring Data JPA repositories in DEFAULT mode.
2026-05-03 00:16:31.290 [restartedMain] INFO  o.s.d.r.c.RepositoryConfigurationDelegate — Finished Spring Data repository scanning in 80 ms. Found 1 JPA repository interface.
2026-05-03 00:16:31.437 [restartedMain] INFO  o.s.cloud.context.scope.GenericScope — BeanFactory id=7e01aac1-7bf6-3940-9612-a33b60ae1ad5
2026-05-03 00:16:31.747 [restartedMain] INFO  o.s.boot.tomcat.TomcatWebServer — Tomcat initialized with port 8081 (http)
2026-05-03 00:16:31.755 [restartedMain] INFO  o.a.coyote.http11.Http11NioProtocol — Initializing ProtocolHandler ["http-nio-8081"]
2026-05-03 00:16:31.757 [restartedMain] INFO  o.a.catalina.core.StandardService — Starting service [Tomcat]
2026-05-03 00:16:31.757 [restartedMain] INFO  o.a.catalina.core.StandardEngine — Starting Servlet engine: [Apache Tomcat/11.0.21]
2026-05-03 00:16:31.786 [restartedMain] INFO  o.s.b.w.c.s.WebApplicationContextInitializer — Root WebApplicationContext: initialization completed in 1089 ms
2026-05-03 00:16:31.900 [restartedMain] INFO  org.hibernate.orm.jpa — HHH008540: Processing PersistenceUnitInfo [name: default]
2026-05-03 00:16:31.944 [restartedMain] INFO  org.hibernate.orm.core — HHH000001: Hibernate ORM core version 7.2.12.Final
2026-05-03 00:16:32.278 [restartedMain] INFO  o.s.o.j.p.SpringPersistenceUnitInfo — No LoadTimeWeaver setup: ignoring JPA class transformer
2026-05-03 00:16:32.304 [restartedMain] INFO  com.zaxxer.hikari.HikariDataSource — HikariPool-1 - Starting...
2026-05-03 00:16:32.398 [restartedMain] INFO  com.zaxxer.hikari.pool.HikariPool — HikariPool-1 - Added connection org.postgresql.jdbc.PgConnection@3d545921
2026-05-03 00:16:32.399 [restartedMain] INFO  com.zaxxer.hikari.HikariDataSource — HikariPool-1 - Start completed.
2026-05-03 00:16:32.420 [restartedMain] WARN  org.hibernate.orm.deprecation — HHH90000025: PostgreSQLDialect does not need to be specified explicitly using 'hibernate.dialect' (remove the property setting and it will be selected by default)
2026-05-03 00:16:32.436 [restartedMain] INFO  o.hibernate.orm.connections.pooling — HHH10001005: Database info:
	Database JDBC URL [jdbc:postgresql://localhost:5432/tavia_db]
	Database driver: PostgreSQL JDBC Driver
	Database dialect: PostgreSQLDialect
	Database version: 15.17
	Default catalog/schema: tavia_db/public
	Autocommit mode: undefined/unknown
	Isolation level: READ_COMMITTED [default READ_COMMITTED]
	JDBC fetch size: none
	Pool: DataSourceConnectionProvider
	Minimum pool size: undefined/unknown
	Maximum pool size: undefined/unknown
2026-05-03 00:16:33.041 [restartedMain] INFO  org.hibernate.orm.core — HHH000489: No JTA platform available (set 'hibernate.transaction.jta.platform' to enable JTA platform integration)
2026-05-03 00:16:33.084 [restartedMain] INFO  o.s.o.j.LocalContainerEntityManagerFactoryBean — Initialized JPA EntityManagerFactory for persistence unit 'default'
2026-05-03 00:16:33.140 [restartedMain] INFO  o.s.d.j.r.q.QueryEnhancerFactories — Hibernate is in classpath; If applicable, HQL parser will be used.
2026-05-03 00:16:33.319 [restartedMain] WARN  o.s.b.j.a.JpaBaseConfiguration$JpaWebConfiguration — spring.jpa.open-in-view is enabled by default. Therefore, database queries may be performed during view rendering. Explicitly configure spring.jpa.open-in-view to disable this warning
2026-05-03 00:16:33.695 [restartedMain] INFO  o.s.c.n.e.c.DiscoveryClientOptionalArgsConfiguration — Eureka HTTP Client uses RestClient.
2026-05-03 00:16:33.721 [restartedMain] WARN  o.s.c.l.c.LoadBalancerCacheAutoConfiguration$LoadBalancerCaffeineWarnLogger — Spring Cloud LoadBalancer is currently working with the default cache. While this cache implementation is useful for development and tests, it's recommended to use Caffeine cache in production.You can switch to using Caffeine cache, by adding it and org.springframework.cache.caffeine.CaffeineCacheManager to the classpath.
2026-05-03 00:16:33.740 [restartedMain] INFO  o.s.c.n.eureka.InstanceInfoFactory — Setting initial instance status as: STARTING
2026-05-03 00:16:33.755 [restartedMain] INFO  c.netflix.discovery.DiscoveryClient — Initializing Eureka in region us-east-1
2026-05-03 00:16:33.757 [restartedMain] INFO  c.n.d.s.r.aws.ConfigClusterResolver — Resolving eureka endpoints via configuration
2026-05-03 00:16:33.762 [restartedMain] INFO  c.netflix.discovery.DiscoveryClient — Disable delta property : false
2026-05-03 00:16:33.762 [restartedMain] INFO  c.netflix.discovery.DiscoveryClient — Single vip registry refresh property : null
2026-05-03 00:16:33.762 [restartedMain] INFO  c.netflix.discovery.DiscoveryClient — Force full registry fetch : false
2026-05-03 00:16:33.762 [restartedMain] INFO  c.netflix.discovery.DiscoveryClient — Application is null : false
2026-05-03 00:16:33.762 [restartedMain] INFO  c.netflix.discovery.DiscoveryClient — Registered Applications size is zero : true
2026-05-03 00:16:33.762 [restartedMain] INFO  c.netflix.discovery.DiscoveryClient — Application version is -1: true
2026-05-03 00:16:33.762 [restartedMain] INFO  c.netflix.discovery.DiscoveryClient — Getting all instance registry info from the eureka server
2026-05-03 00:16:34.036 [restartedMain] INFO  c.netflix.discovery.DiscoveryClient — The response status is 200
2026-05-03 00:16:34.037 [restartedMain] INFO  c.netflix.discovery.DiscoveryClient — Starting heartbeat executor: renew interval is: 30
2026-05-03 00:16:34.038 [restartedMain] INFO  c.n.discovery.InstanceInfoReplicator — InstanceInfoReplicator onDemand update allowed rate per min is 4
2026-05-03 00:16:34.039 [restartedMain] INFO  c.netflix.discovery.DiscoveryClient — Discovery Client initialized at timestamp 1777756594039 with initial instances count: 0
2026-05-03 00:16:34.042 [restartedMain] INFO  o.s.c.n.e.s.EurekaServiceRegistry — Registering application TAVIA-TENANT-SERVICE with eureka with status UP
2026-05-03 00:16:34.042 [restartedMain] INFO  c.netflix.discovery.DiscoveryClient — Saw local status change event StatusChangeEvent [timestamp=1777756594042, current=UP, previous=STARTING]
2026-05-03 00:16:34.043 [DiscoveryClient-InstanceInfoReplicator-%d] INFO  c.netflix.discovery.DiscoveryClient — DiscoveryClient_TAVIA-TENANT-SERVICE/10.0.0.139:tavia-tenant-service:8081: registering service...
2026-05-03 00:16:34.043 [restartedMain] INFO  o.a.coyote.http11.Http11NioProtocol — Starting ProtocolHandler ["http-nio-8081"]
2026-05-03 00:16:34.052 [restartedMain] INFO  o.s.boot.tomcat.TomcatWebServer — Tomcat started on port 8081 (http) with context path '/'
2026-05-03 00:16:34.053 [restartedMain] INFO  o.s.c.n.e.s.EurekaAutoServiceRegistration — Updating port to 8081
2026-05-03 00:16:34.062 [restartedMain] INFO  c.t.t.TenantServiceApplication — Started TenantServiceApplication in 4.179 seconds (process running for 4.652)
2026-05-03 00:16:34.064 [restartedMain] WARN  o.s.c.events.SpringDocAppInitializer — SpringDoc /v3/api-docs endpoint is enabled by default. To disable it in production, set the property 'springdoc.api-docs.enabled=false'
2026-05-03 00:16:34.065 [restartedMain] WARN  o.s.c.events.SpringDocAppInitializer — SpringDoc /swagger-ui.html endpoint is enabled by default. To disable it in production, set the property 'springdoc.swagger-ui.enabled=false'
2026-05-03 00:16:34.104 [DiscoveryClient-InstanceInfoReplicator-%d] INFO  c.netflix.discovery.DiscoveryClient — DiscoveryClient_TAVIA-TENANT-SERVICE/10.0.0.139:tavia-tenant-service:8081 - registration status: 204
2026-05-03 00:17:04.038 [DiscoveryClient-CacheRefreshExecutor-%d] INFO  c.netflix.discovery.DiscoveryClient — Disable delta property : false
2026-05-03 00:17:04.038 [DiscoveryClient-CacheRefreshExecutor-%d] INFO  c.netflix.discovery.DiscoveryClient — Single vip registry refresh property : null
2026-05-03 00:17:04.038 [DiscoveryClient-CacheRefreshExecutor-%d] INFO  c.netflix.discovery.DiscoveryClient — Force full registry fetch : false
2026-05-03 00:17:04.038 [DiscoveryClient-CacheRefreshExecutor-%d] INFO  c.netflix.discovery.DiscoveryClient — Application is null : false
2026-05-03 00:17:04.038 [DiscoveryClient-CacheRefreshExecutor-%d] INFO  c.netflix.discovery.DiscoveryClient — Registered Applications size is zero : true
2026-05-03 00:17:04.038 [DiscoveryClient-CacheRefreshExecutor-%d] INFO  c.netflix.discovery.DiscoveryClient — Application version is -1: false
2026-05-03 00:17:04.038 [DiscoveryClient-CacheRefreshExecutor-%d] INFO  c.netflix.discovery.DiscoveryClient — Getting all instance registry info from the eureka server
2026-05-03 00:17:04.060 [DiscoveryClient-CacheRefreshExecutor-%d] INFO  c.netflix.discovery.DiscoveryClient — The response status is 200
2026-05-03 00:21:33.763 [AsyncResolver-bootstrap-executor-%d] INFO  c.n.d.s.r.aws.ConfigClusterResolver — Resolving eureka endpoints via configuration
2026-05-03 00:26:33.767 [AsyncResolver-bootstrap-executor-%d] INFO  c.n.d.s.r.aws.ConfigClusterResolver — Resolving eureka endpoints via configuration
2026-05-03 00:31:33.768 [AsyncResolver-bootstrap-executor-%d] INFO  c.n.d.s.r.aws.ConfigClusterResolver — Resolving eureka endpoints via configuration
2026-05-03 00:36:33.768 [AsyncResolver-bootstrap-executor-%d] INFO  c.n.d.s.r.aws.ConfigClusterResolver — Resolving eureka endpoints via configuration
2026-05-03 00:41:33.772 [AsyncResolver-bootstrap-executor-%d] INFO  c.n.d.s.r.aws.ConfigClusterResolver — Resolving eureka endpoints via configuration
2026-05-03 00:46:33.772 [AsyncResolver-bootstrap-executor-%d] INFO  c.n.d.s.r.aws.ConfigClusterResolver — Resolving eureka endpoints via configuration
2026-05-03 00:51:33.773 [AsyncResolver-bootstrap-executor-%d] INFO  c.n.d.s.r.aws.ConfigClusterResolver — Resolving eureka endpoints via configuration
2026-05-03 00:56:33.773 [AsyncResolver-bootstrap-executor-%d] INFO  c.n.d.s.r.aws.ConfigClusterResolver — Resolving eureka endpoints via configuration
2026-05-03 01:01:33.774 [AsyncResolver-bootstrap-executor-%d] INFO  c.n.d.s.r.aws.ConfigClusterResolver — Resolving eureka endpoints via configuration
2026-05-03 01:06:33.774 [AsyncResolver-bootstrap-executor-%d] INFO  c.n.d.s.r.aws.ConfigClusterResolver — Resolving eureka endpoints via configuration
2026-05-03 01:11:33.775 [AsyncResolver-bootstrap-executor-%d] INFO  c.n.d.s.r.aws.ConfigClusterResolver — Resolving eureka endpoints via configuration
2026-05-03 01:16:33.775 [AsyncResolver-bootstrap-executor-%d] INFO  c.n.d.s.r.aws.ConfigClusterResolver — Resolving eureka endpoints via configuration
2026-05-03 01:21:33.775 [AsyncResolver-bootstrap-executor-%d] INFO  c.n.d.s.r.aws.ConfigClusterResolver — Resolving eureka endpoints via configuration
2026-05-03 01:26:33.776 [AsyncResolver-bootstrap-executor-%d] INFO  c.n.d.s.r.aws.ConfigClusterResolver — Resolving eureka endpoints via configuration
2026-05-03 01:31:24.363 [SpringApplicationShutdownHook] INFO  o.s.c.n.e.s.EurekaServiceRegistry — Unregistering application TAVIA-TENANT-SERVICE with eureka with status DOWN
2026-05-03 01:31:24.365 [SpringApplicationShutdownHook] INFO  c.netflix.discovery.DiscoveryClient — Saw local status change event StatusChangeEvent [timestamp=1777761084365, current=DOWN, previous=UP]
2026-05-03 01:31:24.368 [DiscoveryClient-InstanceInfoReplicator-%d] INFO  c.netflix.discovery.DiscoveryClient — DiscoveryClient_TAVIA-TENANT-SERVICE/10.0.0.139:tavia-tenant-service:8081: registering service...
2026-05-03 01:31:24.434 [SpringApplicationShutdownHook] INFO  o.s.boot.tomcat.GracefulShutdown — Commencing graceful shutdown. Waiting for active requests to complete
2026-05-03 01:31:24.459 [tomcat-shutdown] INFO  o.s.boot.tomcat.GracefulShutdown — Graceful shutdown complete
2026-05-03 01:31:24.505 [SpringApplicationShutdownHook] INFO  o.s.o.j.LocalContainerEntityManagerFactoryBean — Closing JPA EntityManagerFactory for persistence unit 'default'
2026-05-03 01:31:24.514 [DiscoveryClient-InstanceInfoReplicator-%d] INFO  c.n.d.s.t.d.RedirectingEurekaHttpClient — Request execution error. endpoint=DefaultEndpoint{ serviceUrl='http://localhost:8761/eureka/} exception=I/O error on POST request for "http://localhost:8761/eureka/apps/TAVIA-TENANT-SERVICE": Connect to http://localhost:8761 failed: Connection refused stacktrace=org.springframework.web.client.ResourceAccessException: I/O error on POST request for "http://localhost:8761/eureka/apps/TAVIA-TENANT-SERVICE": Connect to http://localhost:8761 failed: Connection refused
	at org.springframework.web.client.DefaultRestClient$DefaultRequestBodyUriSpec.createResourceAccessException(DefaultRestClient.java:779)
	at org.springframework.web.client.DefaultRestClient$DefaultRequestBodyUriSpec.exchangeInternal(DefaultRestClient.java:624)
	at org.springframework.web.client.DefaultRestClient$DefaultRequestBodyUriSpec.exchange(DefaultRestClient.java:572)
	at org.springframework.web.client.RestClient$RequestHeadersSpec.exchange(RestClient.java:747)
	at org.springframework.web.client.DefaultRestClient$DefaultResponseSpec.executeAndExtract(DefaultRestClient.java:924)
	at org.springframework.web.client.DefaultRestClient$DefaultResponseSpec.toBodilessEntity(DefaultRestClient.java:888)
	at org.springframework.cloud.netflix.eureka.http.RestClientEurekaHttpClient.register(RestClientEurekaHttpClient.java:64)
	at com.netflix.discovery.shared.transport.decorator.EurekaHttpClientDecorator$1.execute(EurekaHttpClientDecorator.java:59)
	at com.netflix.discovery.shared.transport.decorator.RedirectingEurekaHttpClient.execute(RedirectingEurekaHttpClient.java:91)
	at com.netflix.discovery.shared.transport.decorator.EurekaHttpClientDecorator.register(EurekaHttpClientDecorator.java:56)
	at com.netflix.discovery.shared.transport.decorator.EurekaHttpClientDecorator$1.execute(EurekaHttpClientDecorator.java:59)
	at com.netflix.discovery.shared.transport.decorator.RetryableEurekaHttpClient.execute(RetryableEurekaHttpClient.java:120)
	at com.netflix.discovery.shared.transport.decorator.EurekaHttpClientDecorator.register(EurekaHttpClientDecorator.java:56)
	at com.netflix.discovery.shared.transport.decorator.EurekaHttpClientDecorator$1.execute(EurekaHttpClientDecorator.java:59)
	at com.netflix.discovery.shared.transport.decorator.SessionedEurekaHttpClient.execute(SessionedEurekaHttpClient.java:76)
	at com.netflix.discovery.shared.transport.decorator.EurekaHttpClientDecorator.register(EurekaHttpClientDecorator.java:56)
	at com.netflix.discovery.DiscoveryClient.register(DiscoveryClient.java:828)
	at com.netflix.discovery.InstanceInfoReplicator.run(InstanceInfoReplicator.java:125)
	at com.netflix.discovery.InstanceInfoReplicator$2.run(InstanceInfoReplicator.java:105)
	at java.base/java.util.concurrent.Executors$RunnableAdapter.call(Executors.java:572)
	at java.base/java.util.concurrent.FutureTask.run(FutureTask.java:317)
	at java.base/java.util.concurrent.ScheduledThreadPoolExecutor$ScheduledFutureTask.run(ScheduledThreadPoolExecutor.java:304)
	at java.base/java.util.concurrent.ThreadPoolExecutor.runWorker(ThreadPoolExecutor.java:1144)
	at java.base/java.util.concurrent.ThreadPoolExecutor$Worker.run(ThreadPoolExecutor.java:642)
	at java.base/java.lang.Thread.run(Thread.java:1583)
Caused by: org.apache.hc.client5.http.HttpHostConnectException: Connect to http://localhost:8761 failed: Connection refused
	at java.base/sun.nio.ch.Net.pollConnect(Native Method)
	at java.base/sun.nio.ch.Net.pollConnectNow(Net.java:694)
	at java.base/sun.nio.ch.NioSocketImpl.timedFinishConnect(NioSocketImpl.java:542)
	at java.base/sun.nio.ch.NioSocketImpl.connect(NioSocketImpl.java:592)
	at java.base/java.net.SocksSocketImpl.connect(SocksSocketImpl.java:327)
	at java.base/java.net.Socket.connect(Socket.java:751)
	at org.apache.hc.client5.http.impl.io.DefaultHttpClientConnectionOperator.connect(DefaultHttpClientConnectionOperator.java:226)
	at org.apache.hc.client5.http.impl.io.PoolingHttpClientConnectionManager.connect(PoolingHttpClientConnectionManager.java:497)
	at org.apache.hc.client5.http.impl.classic.InternalExecRuntime.connectEndpoint(InternalExecRuntime.java:164)
	at org.apache.hc.client5.http.impl.classic.InternalExecRuntime.connectEndpoint(InternalExecRuntime.java:174)
	at org.apache.hc.client5.http.impl.classic.ConnectExec.execute(ConnectExec.java:144)
	at org.apache.hc.client5.http.impl.classic.ExecChainElement.execute(ExecChainElement.java:51)
	at org.apache.hc.client5.http.impl.classic.ProtocolExec.execute(ProtocolExec.java:195)
	at org.apache.hc.client5.http.impl.classic.ExecChainElement.execute(ExecChainElement.java:51)
	at org.apache.hc.client5.http.impl.classic.ContentCompressionExec.execute(ContentCompressionExec.java:168)
	at org.apache.hc.client5.http.impl.classic.ExecChainElement.execute(ExecChainElement.java:51)
	at org.apache.hc.client5.http.impl.classic.HttpRequestRetryExec.execute(HttpRequestRetryExec.java:112)
	at org.apache.hc.client5.http.impl.classic.ExecChainElement.execute(ExecChainElement.java:51)
	at org.apache.hc.client5.http.impl.classic.RedirectExec.execute(RedirectExec.java:110)
	at org.apache.hc.client5.http.impl.classic.ExecChainElement.execute(ExecChainElement.java:51)
	at org.apache.hc.client5.http.impl.classic.InternalHttpClient.doExecute(InternalHttpClient.java:185)
	at org.apache.hc.client5.http.impl.classic.CloseableHttpClient.execute(CloseableHttpClient.java:87)
	at org.apache.hc.client5.http.impl.classic.CloseableHttpClient.execute(CloseableHttpClient.java:55)
	at org.apache.hc.client5.http.classic.HttpClient.executeOpen(HttpClient.java:183)
	at org.springframework.http.client.HttpComponentsClientHttpRequest.executeInternal(HttpComponentsClientHttpRequest.java:99)
	at org.springframework.http.client.AbstractStreamingClientHttpRequest.executeInternal(AbstractStreamingClientHttpRequest.java:87)
	at org.springframework.http.client.AbstractClientHttpRequest.execute(AbstractClientHttpRequest.java:80)
	at org.springframework.http.client.AbstractBufferingClientHttpRequest.executeWithRequestAndBody(AbstractBufferingClientHttpRequest.java:89)
	at org.springframework.http.client.InterceptingClientHttpRequest$EndOfChainRequestExecution.execute(InterceptingClientHttpRequest.java:102)
	at org.springframework.cloud.netflix.eureka.http.RestClientTransportClientFactory.lambda$newClient$2(RestClientTransportClientFactory.java:98)
	at org.springframework.http.client.ClientHttpRequestInterceptor.lambda$apply$0(ClientHttpRequestInterceptor.java:89)
	at org.springframework.http.client.InterceptingClientHttpRequest.executeInternal(InterceptingClientHttpRequest.java:73)
	at org.springframework.http.client.AbstractBufferingClientHttpRequest.executeInternal(AbstractBufferingClientHttpRequest.java:50)
	at org.springframework.http.client.AbstractClientHttpRequest.execute(AbstractClientHttpRequest.java:80)
	at org.springframework.web.client.DefaultRestClient$DefaultRequestBodyUriSpec.exchangeInternal(DefaultRestClient.java:614)
	... 23 more

2026-05-03 01:31:24.515 [DiscoveryClient-InstanceInfoReplicator-%d] WARN  c.n.d.s.t.d.RetryableEurekaHttpClient — Request execution failed with message: I/O error on POST request for "http://localhost:8761/eureka/apps/TAVIA-TENANT-SERVICE": Connect to http://localhost:8761 failed: Connection refused
2026-05-03 01:31:24.537 [DiscoveryClient-InstanceInfoReplicator-%d] INFO  c.n.d.s.t.d.RedirectingEurekaHttpClient — Request execution error. endpoint=DefaultEndpoint{ serviceUrl='http://localhost:8761/eureka/}, exception=I/O error on POST request for "http://localhost:8761/eureka/apps/TAVIA-TENANT-SERVICE": Connect to http://localhost:8761 failed: Connection refused stacktrace=org.springframework.web.client.ResourceAccessException: I/O error on POST request for "http://localhost:8761/eureka/apps/TAVIA-TENANT-SERVICE": Connect to http://localhost:8761 failed: Connection refused
	at org.springframework.web.client.DefaultRestClient$DefaultRequestBodyUriSpec.createResourceAccessException(DefaultRestClient.java:779)
	at org.springframework.web.client.DefaultRestClient$DefaultRequestBodyUriSpec.exchangeInternal(DefaultRestClient.java:624)
	at org.springframework.web.client.DefaultRestClient$DefaultRequestBodyUriSpec.exchange(DefaultRestClient.java:572)
	at org.springframework.web.client.RestClient$RequestHeadersSpec.exchange(RestClient.java:747)
	at org.springframework.web.client.DefaultRestClient$DefaultResponseSpec.executeAndExtract(DefaultRestClient.java:924)
	at org.springframework.web.client.DefaultRestClient$DefaultResponseSpec.toBodilessEntity(DefaultRestClient.java:888)
	at org.springframework.cloud.netflix.eureka.http.RestClientEurekaHttpClient.register(RestClientEurekaHttpClient.java:64)
	at com.netflix.discovery.shared.transport.decorator.EurekaHttpClientDecorator$1.execute(EurekaHttpClientDecorator.java:59)
	at com.netflix.discovery.shared.transport.decorator.RedirectingEurekaHttpClient.executeOnNewServer(RedirectingEurekaHttpClient.java:121)
	at com.netflix.discovery.shared.transport.decorator.RedirectingEurekaHttpClient.execute(RedirectingEurekaHttpClient.java:80)
	at com.netflix.discovery.shared.transport.decorator.EurekaHttpClientDecorator.register(EurekaHttpClientDecorator.java:56)
	at com.netflix.discovery.shared.transport.decorator.EurekaHttpClientDecorator$1.execute(EurekaHttpClientDecorator.java:59)
	at com.netflix.discovery.shared.transport.decorator.RetryableEurekaHttpClient.execute(RetryableEurekaHttpClient.java:120)
	at com.netflix.discovery.shared.transport.decorator.EurekaHttpClientDecorator.register(EurekaHttpClientDecorator.java:56)
	at com.netflix.discovery.shared.transport.decorator.EurekaHttpClientDecorator$1.execute(EurekaHttpClientDecorator.java:59)
	at com.netflix.discovery.shared.transport.decorator.SessionedEurekaHttpClient.execute(SessionedEurekaHttpClient.java:76)
	at com.netflix.discovery.shared.transport.decorator.EurekaHttpClientDecorator.register(EurekaHttpClientDecorator.java:56)
	at com.netflix.discovery.DiscoveryClient.register(DiscoveryClient.java:828)
	at com.netflix.discovery.InstanceInfoReplicator.run(InstanceInfoReplicator.java:125)
	at com.netflix.discovery.InstanceInfoReplicator$2.run(InstanceInfoReplicator.java:105)
	at java.base/java.util.concurrent.Executors$RunnableAdapter.call(Executors.java:572)
	at java.base/java.util.concurrent.FutureTask.run(FutureTask.java:317)
	at java.base/java.util.concurrent.ScheduledThreadPoolExecutor$ScheduledFutureTask.run(ScheduledThreadPoolExecutor.java:304)
	at java.base/java.util.concurrent.ThreadPoolExecutor.runWorker(ThreadPoolExecutor.java:1144)
	at java.base/java.util.concurrent.ThreadPoolExecutor$Worker.run(ThreadPoolExecutor.java:642)
	at java.base/java.lang.Thread.run(Thread.java:1583)
Caused by: org.apache.hc.client5.http.HttpHostConnectException: Connect to http://localhost:8761 failed: Connection refused
	at java.base/sun.nio.ch.Net.pollConnect(Native Method)
	at java.base/sun.nio.ch.Net.pollConnectNow(Net.java:694)
	at java.base/sun.nio.ch.NioSocketImpl.timedFinishConnect(NioSocketImpl.java:542)
	at java.base/sun.nio.ch.NioSocketImpl.connect(NioSocketImpl.java:592)
	at java.base/java.net.SocksSocketImpl.connect(SocksSocketImpl.java:327)
	at java.base/java.net.Socket.connect(Socket.java:751)
	at org.apache.hc.client5.http.impl.io.DefaultHttpClientConnectionOperator.connect(DefaultHttpClientConnectionOperator.java:226)
	at org.apache.hc.client5.http.impl.io.PoolingHttpClientConnectionManager.connect(PoolingHttpClientConnectionManager.java:497)
	at org.apache.hc.client5.http.impl.classic.InternalExecRuntime.connectEndpoint(InternalExecRuntime.java:164)
	at org.apache.hc.client5.http.impl.classic.InternalExecRuntime.connectEndpoint(InternalExecRuntime.java:174)
	at org.apache.hc.client5.http.impl.classic.ConnectExec.execute(ConnectExec.java:144)
	at org.apache.hc.client5.http.impl.classic.ExecChainElement.execute(ExecChainElement.java:51)
	at org.apache.hc.client5.http.impl.classic.ProtocolExec.execute(ProtocolExec.java:195)
	at org.apache.hc.client5.http.impl.classic.ExecChainElement.execute(ExecChainElement.java:51)
	at org.apache.hc.client5.http.impl.classic.ContentCompressionExec.execute(ContentCompressionExec.java:168)
	at org.apache.hc.client5.http.impl.classic.ExecChainElement.execute(ExecChainElement.java:51)
	at org.apache.hc.client5.http.impl.classic.HttpRequestRetryExec.execute(HttpRequestRetryExec.java:112)
	at org.apache.hc.client5.http.impl.classic.ExecChainElement.execute(ExecChainElement.java:51)
	at org.apache.hc.client5.http.impl.classic.RedirectExec.execute(RedirectExec.java:110)
	at org.apache.hc.client5.http.impl.classic.ExecChainElement.execute(ExecChainElement.java:51)
	at org.apache.hc.client5.http.impl.classic.InternalHttpClient.doExecute(InternalHttpClient.java:185)
	at org.apache.hc.client5.http.impl.classic.CloseableHttpClient.execute(CloseableHttpClient.java:87)
	at org.apache.hc.client5.http.impl.classic.CloseableHttpClient.execute(CloseableHttpClient.java:55)
	at org.apache.hc.client5.http.classic.HttpClient.executeOpen(HttpClient.java:183)
	at org.springframework.http.client.HttpComponentsClientHttpRequest.executeInternal(HttpComponentsClientHttpRequest.java:99)
	at org.springframework.http.client.AbstractStreamingClientHttpRequest.executeInternal(AbstractStreamingClientHttpRequest.java:87)
	at org.springframework.http.client.AbstractClientHttpRequest.execute(AbstractClientHttpRequest.java:80)
	at org.springframework.http.client.AbstractBufferingClientHttpRequest.executeWithRequestAndBody(AbstractBufferingClientHttpRequest.java:89)
	at org.springframework.http.client.InterceptingClientHttpRequest$EndOfChainRequestExecution.execute(InterceptingClientHttpRequest.java:102)
	at org.springframework.cloud.netflix.eureka.http.RestClientTransportClientFactory.lambda$newClient$2(RestClientTransportClientFactory.java:98)
	at org.springframework.http.client.ClientHttpRequestInterceptor.lambda$apply$0(ClientHttpRequestInterceptor.java:89)
	at org.springframework.http.client.InterceptingClientHttpRequest.executeInternal(InterceptingClientHttpRequest.java:73)
	at org.springframework.http.client.AbstractBufferingClientHttpRequest.executeInternal(AbstractBufferingClientHttpRequest.java:50)
	at org.springframework.http.client.AbstractClientHttpRequest.execute(AbstractClientHttpRequest.java:80)
	at org.springframework.web.client.DefaultRestClient$DefaultRequestBodyUriSpec.exchangeInternal(DefaultRestClient.java:614)
	... 24 more

2026-05-03 01:31:24.538 [DiscoveryClient-InstanceInfoReplicator-%d] WARN  c.n.d.s.t.d.RetryableEurekaHttpClient — Request execution failed with message: I/O error on POST request for "http://localhost:8761/eureka/apps/TAVIA-TENANT-SERVICE": Connect to http://localhost:8761 failed: Connection refused
2026-05-03 01:31:24.540 [SpringApplicationShutdownHook] INFO  com.zaxxer.hikari.HikariDataSource — HikariPool-1 - Shutdown initiated...
2026-05-03 01:31:24.547 [SpringApplicationShutdownHook] INFO  com.zaxxer.hikari.HikariDataSource — HikariPool-1 - Shutdown completed.
2026-05-03 01:31:24.549 [SpringApplicationShutdownHook] INFO  c.netflix.discovery.DiscoveryClient — Shutting down DiscoveryClient ...
2026-05-03 01:31:24.538 [DiscoveryClient-InstanceInfoReplicator-%d] WARN  c.netflix.discovery.DiscoveryClient — DiscoveryClient_TAVIA-TENANT-SERVICE/10.0.0.139:tavia-tenant-service:8081 - registration failed Cannot execute request on any known server
com.netflix.discovery.shared.transport.TransportException: Cannot execute request on any known server
	at com.netflix.discovery.shared.transport.decorator.RetryableEurekaHttpClient.execute(RetryableEurekaHttpClient.java:112)
	at com.netflix.discovery.shared.transport.decorator.EurekaHttpClientDecorator.register(EurekaHttpClientDecorator.java:56)
	at com.netflix.discovery.shared.transport.decorator.EurekaHttpClientDecorator$1.execute(EurekaHttpClientDecorator.java:59)
	at com.netflix.discovery.shared.transport.decorator.SessionedEurekaHttpClient.execute(SessionedEurekaHttpClient.java:76)
	at com.netflix.discovery.shared.transport.decorator.EurekaHttpClientDecorator.register(EurekaHttpClientDecorator.java:56)
	at com.netflix.discovery.DiscoveryClient.register(DiscoveryClient.java:828)
	at com.netflix.discovery.InstanceInfoReplicator.run(InstanceInfoReplicator.java:125)
	at com.netflix.discovery.InstanceInfoReplicator$2.run(InstanceInfoReplicator.java:105)
	at java.base/java.util.concurrent.Executors$RunnableAdapter.call(Executors.java:572)
	at java.base/java.util.concurrent.FutureTask.run(FutureTask.java:317)
	at java.base/java.util.concurrent.ScheduledThreadPoolExecutor$ScheduledFutureTask.run(ScheduledThreadPoolExecutor.java:304)
	at java.base/java.util.concurrent.ThreadPoolExecutor.runWorker(ThreadPoolExecutor.java:1144)
	at java.base/java.util.concurrent.ThreadPoolExecutor$Worker.run(ThreadPoolExecutor.java:642)
	at java.base/java.lang.Thread.run(Thread.java:1583)
2026-05-03 01:31:24.556 [DiscoveryClient-InstanceInfoReplicator-%d] WARN  c.n.discovery.InstanceInfoReplicator — There was a problem with the instance info replicator
com.netflix.discovery.shared.transport.TransportException: Cannot execute request on any known server
	at com.netflix.discovery.shared.transport.decorator.RetryableEurekaHttpClient.execute(RetryableEurekaHttpClient.java:112)
	at com.netflix.discovery.shared.transport.decorator.EurekaHttpClientDecorator.register(EurekaHttpClientDecorator.java:56)
	at com.netflix.discovery.shared.transport.decorator.EurekaHttpClientDecorator$1.execute(EurekaHttpClientDecorator.java:59)
	at com.netflix.discovery.shared.transport.decorator.SessionedEurekaHttpClient.execute(SessionedEurekaHttpClient.java:76)
	at com.netflix.discovery.shared.transport.decorator.EurekaHttpClientDecorator.register(EurekaHttpClientDecorator.java:56)
	at com.netflix.discovery.DiscoveryClient.register(DiscoveryClient.java:828)
	at com.netflix.discovery.InstanceInfoReplicator.run(InstanceInfoReplicator.java:125)
	at com.netflix.discovery.InstanceInfoReplicator$2.run(InstanceInfoReplicator.java:105)
	at java.base/java.util.concurrent.Executors$RunnableAdapter.call(Executors.java:572)
	at java.base/java.util.concurrent.FutureTask.run(FutureTask.java:317)
	at java.base/java.util.concurrent.ScheduledThreadPoolExecutor$ScheduledFutureTask.run(ScheduledThreadPoolExecutor.java:304)
	at java.base/java.util.concurrent.ThreadPoolExecutor.runWorker(ThreadPoolExecutor.java:1144)
	at java.base/java.util.concurrent.ThreadPoolExecutor$Worker.run(ThreadPoolExecutor.java:642)
	at java.base/java.lang.Thread.run(Thread.java:1583)
2026-05-03 01:31:24.557 [SpringApplicationShutdownHook] INFO  c.netflix.discovery.DiscoveryClient — Unregistering ...
2026-05-03 01:31:24.565 [SpringApplicationShutdownHook] INFO  c.n.d.s.t.d.RedirectingEurekaHttpClient — Request execution error. endpoint=DefaultEndpoint{ serviceUrl='http://localhost:8761/eureka/}, exception=I/O error on DELETE request for "http://localhost:8761/eureka/apps/TAVIA-TENANT-SERVICE/10.0.0.139:tavia-tenant-service:8081": Connect to http://localhost:8761 failed: Connection refused stacktrace=org.springframework.web.client.ResourceAccessException: I/O error on DELETE request for "http://localhost:8761/eureka/apps/TAVIA-TENANT-SERVICE/10.0.0.139:tavia-tenant-service:8081": Connect to http://localhost:8761 failed: Connection refused
	at org.springframework.web.client.DefaultRestClient$DefaultRequestBodyUriSpec.createResourceAccessException(DefaultRestClient.java:779)
	at org.springframework.web.client.DefaultRestClient$DefaultRequestBodyUriSpec.exchangeInternal(DefaultRestClient.java:624)
	at org.springframework.web.client.DefaultRestClient$DefaultRequestBodyUriSpec.exchange(DefaultRestClient.java:572)
	at org.springframework.web.client.RestClient$RequestHeadersSpec.exchange(RestClient.java:747)
	at org.springframework.web.client.DefaultRestClient$DefaultResponseSpec.executeAndExtract(DefaultRestClient.java:924)
	at org.springframework.web.client.DefaultRestClient$DefaultResponseSpec.toBodilessEntity(DefaultRestClient.java:888)
	at org.springframework.cloud.netflix.eureka.http.RestClientEurekaHttpClient.cancel(RestClientEurekaHttpClient.java:73)
	at com.netflix.discovery.shared.transport.decorator.EurekaHttpClientDecorator$2.execute(EurekaHttpClientDecorator.java:74)
	at com.netflix.discovery.shared.transport.decorator.RedirectingEurekaHttpClient.executeOnNewServer(RedirectingEurekaHttpClient.java:121)
	at com.netflix.discovery.shared.transport.decorator.RedirectingEurekaHttpClient.execute(RedirectingEurekaHttpClient.java:80)
	at com.netflix.discovery.shared.transport.decorator.EurekaHttpClientDecorator.cancel(EurekaHttpClientDecorator.java:71)
	at com.netflix.discovery.shared.transport.decorator.EurekaHttpClientDecorator$2.execute(EurekaHttpClientDecorator.java:74)
	at com.netflix.discovery.shared.transport.decorator.RetryableEurekaHttpClient.execute(RetryableEurekaHttpClient.java:120)
	at com.netflix.discovery.shared.transport.decorator.EurekaHttpClientDecorator.cancel(EurekaHttpClientDecorator.java:71)
	at com.netflix.discovery.shared.transport.decorator.EurekaHttpClientDecorator$2.execute(EurekaHttpClientDecorator.java:74)
	at com.netflix.discovery.shared.transport.decorator.SessionedEurekaHttpClient.execute(SessionedEurekaHttpClient.java:76)
	at com.netflix.discovery.shared.transport.decorator.EurekaHttpClientDecorator.cancel(EurekaHttpClientDecorator.java:71)
	at com.netflix.discovery.DiscoveryClient.unregister(DiscoveryClient.java:919)
	at com.netflix.discovery.DiscoveryClient.shutdown(DiscoveryClient.java:900)
	at java.base/jdk.internal.reflect.DirectMethodHandleAccessor.invoke(DirectMethodHandleAccessor.java:103)
	at java.base/java.lang.reflect.Method.invoke(Method.java:580)
	at org.springframework.beans.factory.annotation.InitDestroyAnnotationBeanPostProcessor$LifecycleMethod.invoke(InitDestroyAnnotationBeanPostProcessor.java:453)
	at org.springframework.beans.factory.annotation.InitDestroyAnnotationBeanPostProcessor$LifecycleMetadata.invokeDestroyMethods(InitDestroyAnnotationBeanPostProcessor.java:411)
	at org.springframework.beans.factory.annotation.InitDestroyAnnotationBeanPostProcessor.postProcessBeforeDestruction(InitDestroyAnnotationBeanPostProcessor.java:237)
	at org.springframework.beans.factory.support.DisposableBeanAdapter.destroy(DisposableBeanAdapter.java:200)
	at org.springframework.beans.factory.support.DisposableBeanAdapter.run(DisposableBeanAdapter.java:193)
	at org.springframework.cloud.context.scope.GenericScope$BeanLifecycleWrapper.destroy(GenericScope.java:387)
	at org.springframework.cloud.context.scope.GenericScope.destroy(GenericScope.java:134)
	at org.springframework.beans.factory.support.DisposableBeanAdapter.destroy(DisposableBeanAdapter.java:209)
	at org.springframework.beans.factory.support.DefaultSingletonBeanRegistry.destroyBean(DefaultSingletonBeanRegistry.java:795)
	at org.springframework.beans.factory.support.DefaultSingletonBeanRegistry.destroySingleton(DefaultSingletonBeanRegistry.java:745)
	at org.springframework.beans.factory.support.DefaultListableBeanFactory.destroySingleton(DefaultListableBeanFactory.java:1500)
	at org.springframework.beans.factory.support.DefaultSingletonBeanRegistry.destroySingletons(DefaultSingletonBeanRegistry.java:704)
	at org.springframework.beans.factory.support.DefaultListableBeanFactory.destroySingletons(DefaultListableBeanFactory.java:1493)
	at org.springframework.context.support.AbstractApplicationContext.destroyBeans(AbstractApplicationContext.java:1246)
	at org.springframework.context.support.AbstractApplicationContext.doClose(AbstractApplicationContext.java:1207)
	at org.springframework.boot.web.server.servlet.context.ServletWebServerApplicationContext.doClose(ServletWebServerApplicationContext.java:176)
	at org.springframework.context.support.AbstractApplicationContext.close(AbstractApplicationContext.java:1153)
	at org.springframework.boot.SpringApplicationShutdownHook.closeAndWait(SpringApplicationShutdownHook.java:147)
	at java.base/java.lang.Iterable.forEach(Iterable.java:75)
	at org.springframework.boot.SpringApplicationShutdownHook.run(SpringApplicationShutdownHook.java:116)
	at java.base/java.lang.Thread.run(Thread.java:1583)
Caused by: org.apache.hc.client5.http.HttpHostConnectException: Connect to http://localhost:8761 failed: Connection refused
	at java.base/sun.nio.ch.Net.pollConnect(Native Method)
	at java.base/sun.nio.ch.Net.pollConnectNow(Net.java:694)
	at java.base/sun.nio.ch.NioSocketImpl.timedFinishConnect(NioSocketImpl.java:542)
	at java.base/sun.nio.ch.NioSocketImpl.connect(NioSocketImpl.java:592)
	at java.base/java.net.SocksSocketImpl.connect(SocksSocketImpl.java:327)
	at java.base/java.net.Socket.connect(Socket.java:751)
	at org.apache.hc.client5.http.impl.io.DefaultHttpClientConnectionOperator.connect(DefaultHttpClientConnectionOperator.java:226)
	at org.apache.hc.client5.http.impl.io.PoolingHttpClientConnectionManager.connect(PoolingHttpClientConnectionManager.java:497)
	at org.apache.hc.client5.http.impl.classic.InternalExecRuntime.connectEndpoint(InternalExecRuntime.java:164)
	at org.apache.hc.client5.http.impl.classic.InternalExecRuntime.connectEndpoint(InternalExecRuntime.java:174)
	at org.apache.hc.client5.http.impl.classic.ConnectExec.execute(ConnectExec.java:144)
	at org.apache.hc.client5.http.impl.classic.ExecChainElement.execute(ExecChainElement.java:51)
	at org.apache.hc.client5.http.impl.classic.ProtocolExec.execute(ProtocolExec.java:195)
	at org.apache.hc.client5.http.impl.classic.ExecChainElement.execute(ExecChainElement.java:51)
	at org.apache.hc.client5.http.impl.classic.ContentCompressionExec.execute(ContentCompressionExec.java:168)
	at org.apache.hc.client5.http.impl.classic.ExecChainElement.execute(ExecChainElement.java:51)
	at org.apache.hc.client5.http.impl.classic.HttpRequestRetryExec.execute(HttpRequestRetryExec.java:112)
	at org.apache.hc.client5.http.impl.classic.ExecChainElement.execute(ExecChainElement.java:51)
	at org.apache.hc.client5.http.impl.classic.RedirectExec.execute(RedirectExec.java:110)
	at org.apache.hc.client5.http.impl.classic.ExecChainElement.execute(ExecChainElement.java:51)
	at org.apache.hc.client5.http.impl.classic.InternalHttpClient.doExecute(InternalHttpClient.java:185)
	at org.apache.hc.client5.http.impl.classic.CloseableHttpClient.execute(CloseableHttpClient.java:87)
	at org.apache.hc.client5.http.impl.classic.CloseableHttpClient.execute(CloseableHttpClient.java:55)
	at org.apache.hc.client5.http.classic.HttpClient.executeOpen(HttpClient.java:183)
	at org.springframework.http.client.HttpComponentsClientHttpRequest.executeInternal(HttpComponentsClientHttpRequest.java:99)
	at org.springframework.http.client.AbstractStreamingClientHttpRequest.executeInternal(AbstractStreamingClientHttpRequest.java:87)
	at org.springframework.http.client.AbstractClientHttpRequest.execute(AbstractClientHttpRequest.java:80)
	at org.springframework.http.client.AbstractBufferingClientHttpRequest.executeWithRequestAndBody(AbstractBufferingClientHttpRequest.java:89)
	at org.springframework.http.client.InterceptingClientHttpRequest$EndOfChainRequestExecution.execute(InterceptingClientHttpRequest.java:102)
	at org.springframework.cloud.netflix.eureka.http.RestClientTransportClientFactory.lambda$newClient$2(RestClientTransportClientFactory.java:98)
	at org.springframework.http.client.ClientHttpRequestInterceptor.lambda$apply$0(ClientHttpRequestInterceptor.java:89)
	at org.springframework.http.client.InterceptingClientHttpRequest.executeInternal(InterceptingClientHttpRequest.java:73)
	at org.springframework.http.client.AbstractBufferingClientHttpRequest.executeInternal(AbstractBufferingClientHttpRequest.java:50)
	at org.springframework.http.client.AbstractClientHttpRequest.execute(AbstractClientHttpRequest.java:80)
	at org.springframework.web.client.DefaultRestClient$DefaultRequestBodyUriSpec.exchangeInternal(DefaultRestClient.java:614)
	... 40 more

2026-05-03 01:31:24.565 [SpringApplicationShutdownHook] WARN  c.n.d.s.t.d.RetryableEurekaHttpClient — Request execution failed with message: I/O error on DELETE request for "http://localhost:8761/eureka/apps/TAVIA-TENANT-SERVICE/10.0.0.139:tavia-tenant-service:8081": Connect to http://localhost:8761 failed: Connection refused
2026-05-03 01:31:24.566 [SpringApplicationShutdownHook] INFO  c.netflix.discovery.DiscoveryClient — Completed shut down of DiscoveryClient
