2026-05-13 06:14:28.461 [background-preinit] INFO  [traceId=, spanId=] o.h.validator.internal.util.Version — HV000001: Hibernate Validator 9.0.1.Final
2026-05-13 06:14:28.484 [restartedMain] INFO  [traceId=, spanId=] c.t.ai_service.AiServiceApplication — Starting AiServiceApplication using Java 21.0.10 with PID 22531 (/home/tuna/Desktop/tavia_v2/tavia-ai-service/build/classes/java/main started by tuna in /home/tuna/Desktop/tavia_v2/tavia-ai-service)
2026-05-13 06:14:28.484 [restartedMain] DEBUG [traceId=, spanId=] c.t.ai_service.AiServiceApplication — Running with Spring Boot v4.0.6, Spring v7.0.7
2026-05-13 06:14:28.485 [restartedMain] INFO  [traceId=, spanId=] c.t.ai_service.AiServiceApplication — No active profile set, falling back to 1 default profile: "default"
2026-05-13 06:14:28.515 [restartedMain] INFO  [traceId=, spanId=] o.s.c.c.c.ConfigServerConfigDataLoader — Fetching config from server at : http://localhost:8888
2026-05-13 06:14:28.516 [restartedMain] INFO  [traceId=, spanId=] o.s.c.c.c.ConfigServerConfigDataLoader — Located environment: name=tavia-ai-service, profiles=[default], label=null, version=null, state=null
2026-05-13 06:14:28.517 [restartedMain] INFO  [traceId=, spanId=] o.s.b.d.e.DevToolsPropertyDefaultsPostProcessor — Devtools property defaults active! Set 'spring.devtools.add-properties' to 'false' to disable
2026-05-13 06:14:28.518 [restartedMain] INFO  [traceId=, spanId=] o.s.b.d.e.DevToolsPropertyDefaultsPostProcessor — For additional web related logging consider setting the 'logging.level.web' property to 'DEBUG'
2026-05-13 06:14:29.107 [restartedMain] INFO  [traceId=, spanId=] o.s.d.r.c.RepositoryConfigurationDelegate — Multiple Spring Data modules found, entering strict repository configuration mode
2026-05-13 06:14:29.108 [restartedMain] INFO  [traceId=, spanId=] o.s.d.r.c.RepositoryConfigurationDelegate — Bootstrapping Spring Data JPA repositories in DEFAULT mode.
2026-05-13 06:14:29.196 [restartedMain] INFO  [traceId=, spanId=] o.s.d.r.c.RepositoryConfigurationDelegate — Finished Spring Data repository scanning in 82 ms. Found 1 JPA repository interface.
2026-05-13 06:14:29.206 [restartedMain] INFO  [traceId=, spanId=] o.s.d.r.c.RepositoryConfigurationDelegate — Multiple Spring Data modules found, entering strict repository configuration mode
2026-05-13 06:14:29.207 [restartedMain] INFO  [traceId=, spanId=] o.s.d.r.c.RepositoryConfigurationDelegate — Bootstrapping Spring Data Redis repositories in DEFAULT mode.
2026-05-13 06:14:29.216 [restartedMain] INFO  [traceId=, spanId=] o.s.d.r.c.RepositoryConfigurationExtensionSupport — Spring Data Redis - Could not safely identify store assignment for repository candidate interface com.tavia.ai_service.repository.DailySalesRepository; If you want this repository to be a Redis repository, consider annotating your entities with one of these annotations: org.springframework.data.redis.core.RedisHash (preferred), or consider extending one of the following types with your repository: org.springframework.data.keyvalue.repository.KeyValueRepository
2026-05-13 06:14:29.217 [restartedMain] INFO  [traceId=, spanId=] o.s.d.r.c.RepositoryConfigurationDelegate — Finished Spring Data repository scanning in 4 ms. Found 0 Redis repository interfaces.
2026-05-13 06:14:29.389 [restartedMain] INFO  [traceId=, spanId=] o.s.cloud.context.scope.GenericScope — BeanFactory id=f301e139-18c8-36b7-ac21-6ac528982158
2026-05-13 06:14:29.869 [restartedMain] INFO  [traceId=, spanId=] o.s.boot.tomcat.TomcatWebServer — Tomcat initialized with port 8084 (http)
2026-05-13 06:14:29.877 [restartedMain] INFO  [traceId=, spanId=] o.a.coyote.http11.Http11NioProtocol — Initializing ProtocolHandler ["http-nio-8084"]
2026-05-13 06:14:29.878 [restartedMain] INFO  [traceId=, spanId=] o.a.catalina.core.StandardService — Starting service [Tomcat]
2026-05-13 06:14:29.879 [restartedMain] INFO  [traceId=, spanId=] o.a.catalina.core.StandardEngine — Starting Servlet engine: [Apache Tomcat/11.0.21]
2026-05-13 06:14:29.908 [restartedMain] INFO  [traceId=, spanId=] o.s.b.w.c.s.WebApplicationContextInitializer — Root WebApplicationContext: initialization completed in 1390 ms
2026-05-13 06:14:30.030 [restartedMain] INFO  [traceId=, spanId=] com.zaxxer.hikari.HikariDataSource — HikariPool-1 - Starting...
2026-05-13 06:14:30.110 [restartedMain] INFO  [traceId=, spanId=] com.zaxxer.hikari.pool.HikariPool — HikariPool-1 - Added connection org.postgresql.jdbc.PgConnection@72ae31a4
2026-05-13 06:14:30.111 [restartedMain] INFO  [traceId=, spanId=] com.zaxxer.hikari.HikariDataSource — HikariPool-1 - Start completed.
2026-05-13 06:14:30.125 [restartedMain] INFO  [traceId=, spanId=] org.flywaydb.core.FlywayExecutor — Database: jdbc:postgresql://localhost:5432/tavia_db (PostgreSQL 15.17)
2026-05-13 06:14:30.169 [restartedMain] INFO  [traceId=, spanId=] o.f.core.internal.command.DbValidate — Successfully validated 2 migrations (execution time 00:00.021s)
2026-05-13 06:14:30.198 [restartedMain] INFO  [traceId=, spanId=] o.f.core.internal.command.DbMigrate — Current version of schema "public": 1
2026-05-13 06:14:30.200 [restartedMain] INFO  [traceId=, spanId=] o.f.core.internal.command.DbMigrate — Schema "public" is up to date. No migration necessary.
2026-05-13 06:14:30.251 [restartedMain] INFO  [traceId=, spanId=] org.hibernate.orm.jpa — HHH008540: Processing PersistenceUnitInfo [name: default]
2026-05-13 06:14:30.284 [restartedMain] INFO  [traceId=, spanId=] org.hibernate.orm.core — HHH000001: Hibernate ORM core version 7.2.12.Final
2026-05-13 06:14:30.644 [restartedMain] INFO  [traceId=, spanId=] o.s.o.j.p.SpringPersistenceUnitInfo — No LoadTimeWeaver setup: ignoring JPA class transformer
2026-05-13 06:14:30.679 [restartedMain] WARN  [traceId=, spanId=] org.hibernate.orm.deprecation — HHH90000025: PostgreSQLDialect does not need to be specified explicitly using 'hibernate.dialect' (remove the property setting and it will be selected by default)
2026-05-13 06:14:30.690 [restartedMain] INFO  [traceId=, spanId=] o.hibernate.orm.connections.pooling — HHH10001005: Database info:
	Database JDBC URL [jdbc:postgresql://localhost:5432/tavia_db]
	Database driver: PostgreSQL JDBC Driver
	Database dialect: PostgreSQLDialect
	Database version: 15.17
	Default catalog/schema: tavia_db/public
	Autocommit mode: undefined/unknown
	Isolation level: READ_COMMITTED [default READ_COMMITTED]
	JDBC fetch size: none
	Pool: DataSourceConnectionProvider
	Minimum pool size: undefined/unknown
	Maximum pool size: undefined/unknown
2026-05-13 06:14:31.241 [restartedMain] INFO  [traceId=, spanId=] org.hibernate.orm.core — HHH000489: No JTA platform available (set 'hibernate.transaction.jta.platform' to enable JTA platform integration)
2026-05-13 06:14:31.274 [restartedMain] INFO  [traceId=, spanId=] o.s.o.j.LocalContainerEntityManagerFactoryBean — Initialized JPA EntityManagerFactory for persistence unit 'default'
2026-05-13 06:14:31.565 [restartedMain] WARN  [traceId=, spanId=] o.s.b.j.a.JpaBaseConfiguration$JpaWebConfiguration — spring.jpa.open-in-view is enabled by default. Therefore, database queries may be performed during view rendering. Explicitly configure spring.jpa.open-in-view to disable this warning
2026-05-13 06:14:31.773 [restartedMain] INFO  [traceId=, spanId=] o.s.d.j.r.q.QueryEnhancerFactories — Hibernate is in classpath; If applicable, HQL parser will be used.
2026-05-13 06:14:31.950 [restartedMain] INFO  [traceId=, spanId=] o.s.c.n.e.c.DiscoveryClientOptionalArgsConfiguration — Eureka HTTP Client uses RestClient.
2026-05-13 06:14:31.959 [restartedMain] INFO  [traceId=, spanId=] o.s.c.n.eureka.InstanceInfoFactory — Setting initial instance status as: STARTING
2026-05-13 06:14:31.991 [restartedMain] INFO  [traceId=, spanId=] c.netflix.discovery.DiscoveryClient — Initializing Eureka in region us-east-1
2026-05-13 06:14:31.994 [restartedMain] INFO  [traceId=, spanId=] c.n.d.s.r.aws.ConfigClusterResolver — Resolving eureka endpoints via configuration
2026-05-13 06:14:31.999 [restartedMain] INFO  [traceId=, spanId=] c.netflix.discovery.DiscoveryClient — Disable delta property : false
2026-05-13 06:14:31.999 [restartedMain] INFO  [traceId=, spanId=] c.netflix.discovery.DiscoveryClient — Single vip registry refresh property : null
2026-05-13 06:14:31.999 [restartedMain] INFO  [traceId=, spanId=] c.netflix.discovery.DiscoveryClient — Force full registry fetch : false
2026-05-13 06:14:31.999 [restartedMain] INFO  [traceId=, spanId=] c.netflix.discovery.DiscoveryClient — Application is null : false
2026-05-13 06:14:31.999 [restartedMain] INFO  [traceId=, spanId=] c.netflix.discovery.DiscoveryClient — Registered Applications size is zero : true
2026-05-13 06:14:31.999 [restartedMain] INFO  [traceId=, spanId=] c.netflix.discovery.DiscoveryClient — Application version is -1: true
2026-05-13 06:14:31.999 [restartedMain] INFO  [traceId=, spanId=] c.netflix.discovery.DiscoveryClient — Getting all instance registry info from the eureka server
2026-05-13 06:14:32.170 [restartedMain] INFO  [traceId=, spanId=] c.netflix.discovery.DiscoveryClient — The response status is 200
2026-05-13 06:14:32.171 [restartedMain] INFO  [traceId=, spanId=] c.netflix.discovery.DiscoveryClient — Starting heartbeat executor: renew interval is: 30
2026-05-13 06:14:32.172 [restartedMain] INFO  [traceId=, spanId=] c.n.discovery.InstanceInfoReplicator — InstanceInfoReplicator onDemand update allowed rate per min is 4
2026-05-13 06:14:32.173 [restartedMain] INFO  [traceId=, spanId=] c.netflix.discovery.DiscoveryClient — Discovery Client initialized at timestamp 1778642072173 with initial instances count: 8
2026-05-13 06:14:32.186 [restartedMain] INFO  [traceId=, spanId=] o.s.c.n.e.s.EurekaServiceRegistry — Registering application TAVIA-AI-SERVICE with eureka with status UP
2026-05-13 06:14:32.186 [restartedMain] INFO  [traceId=, spanId=] c.netflix.discovery.DiscoveryClient — Saw local status change event StatusChangeEvent [timestamp=1778642072186, current=UP, previous=STARTING]
2026-05-13 06:14:32.187 [DiscoveryClient-InstanceInfoReplicator-%d] INFO  [traceId=, spanId=] c.netflix.discovery.DiscoveryClient — DiscoveryClient_TAVIA-AI-SERVICE/10.0.0.139:tavia-ai-service:8084: registering service...
2026-05-13 06:14:32.187 [restartedMain] INFO  [traceId=, spanId=] o.a.coyote.http11.Http11NioProtocol — Starting ProtocolHandler ["http-nio-8084"]
2026-05-13 06:14:32.195 [restartedMain] INFO  [traceId=, spanId=] o.s.boot.tomcat.TomcatWebServer — Tomcat started on port 8084 (http) with context path '/'
2026-05-13 06:14:32.197 [restartedMain] INFO  [traceId=, spanId=] o.s.c.n.e.s.EurekaAutoServiceRegistration — Updating port to 8084
2026-05-13 06:14:32.210 [DiscoveryClient-InstanceInfoReplicator-%d] INFO  [traceId=, spanId=] c.netflix.discovery.DiscoveryClient — DiscoveryClient_TAVIA-AI-SERVICE/10.0.0.139:tavia-ai-service:8084 - registration status: 204
2026-05-13 06:14:32.211 [scheduling-1] INFO  [traceId=, spanId=] c.t.a.s.PredictiveMaintenanceScheduler — Running scheduled Predictive Maintenance evaluation...
2026-05-13 06:14:32.243 [restartedMain] INFO  [traceId=, spanId=] c.t.ai_service.AiServiceApplication — Started AiServiceApplication in 4.514 seconds (process running for 4.959)
2026-05-13 06:14:32.248 [restartedMain] WARN  [traceId=, spanId=] o.s.c.events.SpringDocAppInitializer — SpringDoc /v3/api-docs endpoint is enabled by default. To disable it in production, set the property 'springdoc.api-docs.enabled=false'
2026-05-13 06:14:32.248 [restartedMain] WARN  [traceId=, spanId=] o.s.c.events.SpringDocAppInitializer — SpringDoc /swagger-ui.html endpoint is enabled by default. To disable it in production, set the property 'springdoc.swagger-ui.enabled=false'
2026-05-13 06:19:32.000 [AsyncResolver-bootstrap-executor-%d] INFO  [traceId=, spanId=] c.n.d.s.r.aws.ConfigClusterResolver — Resolving eureka endpoints via configuration
2026-05-13 06:19:32.210 [scheduling-1] INFO  [traceId=, spanId=] c.t.a.s.PredictiveMaintenanceScheduler — Running scheduled Predictive Maintenance evaluation...
2026-05-13 06:24:32.001 [AsyncResolver-bootstrap-executor-%d] INFO  [traceId=, spanId=] c.n.d.s.r.aws.ConfigClusterResolver — Resolving eureka endpoints via configuration
2026-05-13 06:24:32.210 [scheduling-1] INFO  [traceId=, spanId=] c.t.a.s.PredictiveMaintenanceScheduler — Running scheduled Predictive Maintenance evaluation...
2026-05-13 06:29:32.004 [AsyncResolver-bootstrap-executor-%d] INFO  [traceId=, spanId=] c.n.d.s.r.aws.ConfigClusterResolver — Resolving eureka endpoints via configuration
2026-05-13 06:29:32.210 [scheduling-1] INFO  [traceId=, spanId=] c.t.a.s.PredictiveMaintenanceScheduler — Running scheduled Predictive Maintenance evaluation...
2026-05-13 06:30:37.947 [SpringApplicationShutdownHook] INFO  [traceId=, spanId=] o.s.c.n.e.s.EurekaServiceRegistry — Unregistering application TAVIA-AI-SERVICE with eureka with status DOWN
2026-05-13 06:30:37.947 [SpringApplicationShutdownHook] INFO  [traceId=, spanId=] c.netflix.discovery.DiscoveryClient — Saw local status change event StatusChangeEvent [timestamp=1778643037947, current=DOWN, previous=UP]
2026-05-13 06:30:37.955 [DiscoveryClient-InstanceInfoReplicator-%d] INFO  [traceId=, spanId=] c.netflix.discovery.DiscoveryClient — DiscoveryClient_TAVIA-AI-SERVICE/10.0.0.139:tavia-ai-service:8084: registering service...
2026-05-13 06:30:37.961 [SpringApplicationShutdownHook] INFO  [traceId=, spanId=] o.s.boot.tomcat.GracefulShutdown — Commencing graceful shutdown. Waiting for active requests to complete
2026-05-13 06:30:37.995 [tomcat-shutdown] INFO  [traceId=, spanId=] o.s.boot.tomcat.GracefulShutdown — Graceful shutdown complete
2026-05-13 06:30:38.052 [DiscoveryClient-InstanceInfoReplicator-%d] INFO  [traceId=, spanId=] c.netflix.discovery.DiscoveryClient — DiscoveryClient_TAVIA-AI-SERVICE/10.0.0.139:tavia-ai-service:8084 - registration status: 204
2026-05-13 06:30:38.119 [SpringApplicationShutdownHook] INFO  [traceId=, spanId=] o.s.o.j.LocalContainerEntityManagerFactoryBean — Closing JPA EntityManagerFactory for persistence unit 'default'
2026-05-13 06:30:38.133 [SpringApplicationShutdownHook] INFO  [traceId=, spanId=] com.zaxxer.hikari.HikariDataSource — HikariPool-1 - Shutdown initiated...
2026-05-13 06:30:38.140 [SpringApplicationShutdownHook] INFO  [traceId=, spanId=] com.zaxxer.hikari.HikariDataSource — HikariPool-1 - Shutdown completed.
2026-05-13 06:30:38.141 [SpringApplicationShutdownHook] INFO  [traceId=, spanId=] c.netflix.discovery.DiscoveryClient — Shutting down DiscoveryClient ...
2026-05-13 06:30:41.142 [SpringApplicationShutdownHook] INFO  [traceId=, spanId=] c.netflix.discovery.DiscoveryClient — Unregistering ...
2026-05-13 06:30:41.146 [SpringApplicationShutdownHook] INFO  [traceId=, spanId=] c.n.d.s.t.d.RedirectingEurekaHttpClient — Request execution error. endpoint=DefaultEndpoint{ serviceUrl='http://localhost:8761/eureka/} exception=I/O error on DELETE request for "http://localhost:8761/eureka/apps/TAVIA-AI-SERVICE/10.0.0.139:tavia-ai-service:8084": Connect to http://localhost:8761 failed: Connection refused stacktrace=org.springframework.web.client.ResourceAccessException: I/O error on DELETE request for "http://localhost:8761/eureka/apps/TAVIA-AI-SERVICE/10.0.0.139:tavia-ai-service:8084": Connect to http://localhost:8761 failed: Connection refused
	at org.springframework.web.client.DefaultRestClient$DefaultRequestBodyUriSpec.createResourceAccessException(DefaultRestClient.java:779)
	at org.springframework.web.client.DefaultRestClient$DefaultRequestBodyUriSpec.exchangeInternal(DefaultRestClient.java:624)
	at org.springframework.web.client.DefaultRestClient$DefaultRequestBodyUriSpec.exchange(DefaultRestClient.java:572)
	at org.springframework.web.client.RestClient$RequestHeadersSpec.exchange(RestClient.java:747)
	at org.springframework.web.client.DefaultRestClient$DefaultResponseSpec.executeAndExtract(DefaultRestClient.java:924)
	at org.springframework.web.client.DefaultRestClient$DefaultResponseSpec.toBodilessEntity(DefaultRestClient.java:888)
	at org.springframework.cloud.netflix.eureka.http.RestClientEurekaHttpClient.cancel(RestClientEurekaHttpClient.java:73)
	at com.netflix.discovery.shared.transport.decorator.EurekaHttpClientDecorator$2.execute(EurekaHttpClientDecorator.java:74)
	at com.netflix.discovery.shared.transport.decorator.RedirectingEurekaHttpClient.execute(RedirectingEurekaHttpClient.java:91)
	at com.netflix.discovery.shared.transport.decorator.EurekaHttpClientDecorator.cancel(EurekaHttpClientDecorator.java:71)
	at com.netflix.discovery.shared.transport.decorator.EurekaHttpClientDecorator$2.execute(EurekaHttpClientDecorator.java:74)
	at com.netflix.discovery.shared.transport.decorator.RetryableEurekaHttpClient.execute(RetryableEurekaHttpClient.java:120)
	at com.netflix.discovery.shared.transport.decorator.EurekaHttpClientDecorator.cancel(EurekaHttpClientDecorator.java:71)
	at com.netflix.discovery.shared.transport.decorator.EurekaHttpClientDecorator$2.execute(EurekaHttpClientDecorator.java:74)
	at com.netflix.discovery.shared.transport.decorator.SessionedEurekaHttpClient.execute(SessionedEurekaHttpClient.java:76)
	at com.netflix.discovery.shared.transport.decorator.EurekaHttpClientDecorator.cancel(EurekaHttpClientDecorator.java:71)
	at com.netflix.discovery.DiscoveryClient.unregister(DiscoveryClient.java:919)
	at com.netflix.discovery.DiscoveryClient.shutdown(DiscoveryClient.java:900)
	at java.base/jdk.internal.reflect.DirectMethodHandleAccessor.invoke(DirectMethodHandleAccessor.java:103)
	at java.base/java.lang.reflect.Method.invoke(Method.java:580)
	at org.springframework.beans.factory.annotation.InitDestroyAnnotationBeanPostProcessor$LifecycleMethod.invoke(InitDestroyAnnotationBeanPostProcessor.java:453)
	at org.springframework.beans.factory.annotation.InitDestroyAnnotationBeanPostProcessor$LifecycleMetadata.invokeDestroyMethods(InitDestroyAnnotationBeanPostProcessor.java:411)
	at org.springframework.beans.factory.annotation.InitDestroyAnnotationBeanPostProcessor.postProcessBeforeDestruction(InitDestroyAnnotationBeanPostProcessor.java:237)
	at org.springframework.beans.factory.support.DisposableBeanAdapter.destroy(DisposableBeanAdapter.java:200)
	at org.springframework.beans.factory.support.DisposableBeanAdapter.run(DisposableBeanAdapter.java:193)
	at org.springframework.cloud.context.scope.GenericScope$BeanLifecycleWrapper.destroy(GenericScope.java:387)
	at org.springframework.cloud.context.scope.GenericScope.destroy(GenericScope.java:134)
	at org.springframework.beans.factory.support.DisposableBeanAdapter.destroy(DisposableBeanAdapter.java:209)
	at org.springframework.beans.factory.support.DefaultSingletonBeanRegistry.destroyBean(DefaultSingletonBeanRegistry.java:795)
	at org.springframework.beans.factory.support.DefaultSingletonBeanRegistry.destroySingleton(DefaultSingletonBeanRegistry.java:745)
	at org.springframework.beans.factory.support.DefaultListableBeanFactory.destroySingleton(DefaultListableBeanFactory.java:1500)
	at org.springframework.beans.factory.support.DefaultSingletonBeanRegistry.destroySingletons(DefaultSingletonBeanRegistry.java:704)
	at org.springframework.beans.factory.support.DefaultListableBeanFactory.destroySingletons(DefaultListableBeanFactory.java:1493)
	at org.springframework.context.support.AbstractApplicationContext.destroyBeans(AbstractApplicationContext.java:1246)
	at org.springframework.context.support.AbstractApplicationContext.doClose(AbstractApplicationContext.java:1207)
	at org.springframework.boot.web.server.servlet.context.ServletWebServerApplicationContext.doClose(ServletWebServerApplicationContext.java:176)
	at org.springframework.context.support.AbstractApplicationContext.close(AbstractApplicationContext.java:1153)
	at org.springframework.boot.SpringApplicationShutdownHook.closeAndWait(SpringApplicationShutdownHook.java:147)
	at java.base/java.lang.Iterable.forEach(Iterable.java:75)
	at org.springframework.boot.SpringApplicationShutdownHook.run(SpringApplicationShutdownHook.java:116)
	at java.base/java.lang.Thread.run(Thread.java:1583)
Caused by: org.apache.hc.client5.http.HttpHostConnectException: Connect to http://localhost:8761 failed: Connection refused
	at java.base/sun.nio.ch.Net.pollConnect(Native Method)
	at java.base/sun.nio.ch.Net.pollConnectNow(Net.java:694)
	at java.base/sun.nio.ch.NioSocketImpl.timedFinishConnect(NioSocketImpl.java:542)
	at java.base/sun.nio.ch.NioSocketImpl.connect(NioSocketImpl.java:592)
	at java.base/java.net.SocksSocketImpl.connect(SocksSocketImpl.java:327)
	at java.base/java.net.Socket.connect(Socket.java:751)
	at org.apache.hc.client5.http.impl.io.DefaultHttpClientConnectionOperator.connect(DefaultHttpClientConnectionOperator.java:226)
	at org.apache.hc.client5.http.impl.io.PoolingHttpClientConnectionManager.connect(PoolingHttpClientConnectionManager.java:497)
	at org.apache.hc.client5.http.impl.classic.InternalExecRuntime.connectEndpoint(InternalExecRuntime.java:164)
	at org.apache.hc.client5.http.impl.classic.InternalExecRuntime.connectEndpoint(InternalExecRuntime.java:174)
	at org.apache.hc.client5.http.impl.classic.ConnectExec.execute(ConnectExec.java:144)
	at org.apache.hc.client5.http.impl.classic.ExecChainElement.execute(ExecChainElement.java:51)
	at org.apache.hc.client5.http.impl.classic.ProtocolExec.execute(ProtocolExec.java:195)
	at org.apache.hc.client5.http.impl.classic.ExecChainElement.execute(ExecChainElement.java:51)
	at org.apache.hc.client5.http.impl.classic.ContentCompressionExec.execute(ContentCompressionExec.java:168)
	at org.apache.hc.client5.http.impl.classic.ExecChainElement.execute(ExecChainElement.java:51)
	at org.apache.hc.client5.http.impl.classic.HttpRequestRetryExec.execute(HttpRequestRetryExec.java:112)
	at org.apache.hc.client5.http.impl.classic.ExecChainElement.execute(ExecChainElement.java:51)
	at org.apache.hc.client5.http.impl.classic.RedirectExec.execute(RedirectExec.java:110)
	at org.apache.hc.client5.http.impl.classic.ExecChainElement.execute(ExecChainElement.java:51)
	at org.apache.hc.client5.http.impl.classic.InternalHttpClient.doExecute(InternalHttpClient.java:185)
	at org.apache.hc.client5.http.impl.classic.CloseableHttpClient.execute(CloseableHttpClient.java:87)
	at org.apache.hc.client5.http.impl.classic.CloseableHttpClient.execute(CloseableHttpClient.java:55)
	at org.apache.hc.client5.http.classic.HttpClient.executeOpen(HttpClient.java:183)
	at org.springframework.http.client.HttpComponentsClientHttpRequest.executeInternal(HttpComponentsClientHttpRequest.java:99)
	at org.springframework.http.client.AbstractStreamingClientHttpRequest.executeInternal(AbstractStreamingClientHttpRequest.java:87)
	at org.springframework.http.client.AbstractClientHttpRequest.execute(AbstractClientHttpRequest.java:80)
	at org.springframework.http.client.AbstractBufferingClientHttpRequest.executeWithRequestAndBody(AbstractBufferingClientHttpRequest.java:89)
	at org.springframework.http.client.InterceptingClientHttpRequest$EndOfChainRequestExecution.execute(InterceptingClientHttpRequest.java:102)
	at org.springframework.cloud.netflix.eureka.http.RestClientTransportClientFactory.lambda$newClient$2(RestClientTransportClientFactory.java:98)
	at org.springframework.http.client.ClientHttpRequestInterceptor.lambda$apply$0(ClientHttpRequestInterceptor.java:89)
	at org.springframework.http.client.InterceptingClientHttpRequest.executeInternal(InterceptingClientHttpRequest.java:73)
	at org.springframework.http.client.AbstractBufferingClientHttpRequest.executeInternal(AbstractBufferingClientHttpRequest.java:50)
	at org.springframework.http.client.AbstractClientHttpRequest.execute(AbstractClientHttpRequest.java:80)
	at org.springframework.web.client.DefaultRestClient$DefaultRequestBodyUriSpec.exchangeInternal(DefaultRestClient.java:614)
	... 39 more

2026-05-13 06:30:41.146 [SpringApplicationShutdownHook] WARN  [traceId=, spanId=] c.n.d.s.t.d.RetryableEurekaHttpClient — Request execution failed with message: I/O error on DELETE request for "http://localhost:8761/eureka/apps/TAVIA-AI-SERVICE/10.0.0.139:tavia-ai-service:8084": Connect to http://localhost:8761 failed: Connection refused
2026-05-13 06:30:41.149 [SpringApplicationShutdownHook] INFO  [traceId=, spanId=] c.n.d.s.t.d.RedirectingEurekaHttpClient — Request execution error. endpoint=DefaultEndpoint{ serviceUrl='http://localhost:8761/eureka/}, exception=I/O error on DELETE request for "http://localhost:8761/eureka/apps/TAVIA-AI-SERVICE/10.0.0.139:tavia-ai-service:8084": Connect to http://localhost:8761 failed: Connection refused stacktrace=org.springframework.web.client.ResourceAccessException: I/O error on DELETE request for "http://localhost:8761/eureka/apps/TAVIA-AI-SERVICE/10.0.0.139:tavia-ai-service:8084": Connect to http://localhost:8761 failed: Connection refused
	at org.springframework.web.client.DefaultRestClient$DefaultRequestBodyUriSpec.createResourceAccessException(DefaultRestClient.java:779)
	at org.springframework.web.client.DefaultRestClient$DefaultRequestBodyUriSpec.exchangeInternal(DefaultRestClient.java:624)
	at org.springframework.web.client.DefaultRestClient$DefaultRequestBodyUriSpec.exchange(DefaultRestClient.java:572)
	at org.springframework.web.client.RestClient$RequestHeadersSpec.exchange(RestClient.java:747)
	at org.springframework.web.client.DefaultRestClient$DefaultResponseSpec.executeAndExtract(DefaultRestClient.java:924)
	at org.springframework.web.client.DefaultRestClient$DefaultResponseSpec.toBodilessEntity(DefaultRestClient.java:888)
	at org.springframework.cloud.netflix.eureka.http.RestClientEurekaHttpClient.cancel(RestClientEurekaHttpClient.java:73)
	at com.netflix.discovery.shared.transport.decorator.EurekaHttpClientDecorator$2.execute(EurekaHttpClientDecorator.java:74)
	at com.netflix.discovery.shared.transport.decorator.RedirectingEurekaHttpClient.executeOnNewServer(RedirectingEurekaHttpClient.java:121)
	at com.netflix.discovery.shared.transport.decorator.RedirectingEurekaHttpClient.execute(RedirectingEurekaHttpClient.java:80)
	at com.netflix.discovery.shared.transport.decorator.EurekaHttpClientDecorator.cancel(EurekaHttpClientDecorator.java:71)
	at com.netflix.discovery.shared.transport.decorator.EurekaHttpClientDecorator$2.execute(EurekaHttpClientDecorator.java:74)
	at com.netflix.discovery.shared.transport.decorator.RetryableEurekaHttpClient.execute(RetryableEurekaHttpClient.java:120)
	at com.netflix.discovery.shared.transport.decorator.EurekaHttpClientDecorator.cancel(EurekaHttpClientDecorator.java:71)
	at com.netflix.discovery.shared.transport.decorator.EurekaHttpClientDecorator$2.execute(EurekaHttpClientDecorator.java:74)
	at com.netflix.discovery.shared.transport.decorator.SessionedEurekaHttpClient.execute(SessionedEurekaHttpClient.java:76)
	at com.netflix.discovery.shared.transport.decorator.EurekaHttpClientDecorator.cancel(EurekaHttpClientDecorator.java:71)
	at com.netflix.discovery.DiscoveryClient.unregister(DiscoveryClient.java:919)
	at com.netflix.discovery.DiscoveryClient.shutdown(DiscoveryClient.java:900)
	at java.base/jdk.internal.reflect.DirectMethodHandleAccessor.invoke(DirectMethodHandleAccessor.java:103)
	at java.base/java.lang.reflect.Method.invoke(Method.java:580)
	at org.springframework.beans.factory.annotation.InitDestroyAnnotationBeanPostProcessor$LifecycleMethod.invoke(InitDestroyAnnotationBeanPostProcessor.java:453)
	at org.springframework.beans.factory.annotation.InitDestroyAnnotationBeanPostProcessor$LifecycleMetadata.invokeDestroyMethods(InitDestroyAnnotationBeanPostProcessor.java:411)
	at org.springframework.beans.factory.annotation.InitDestroyAnnotationBeanPostProcessor.postProcessBeforeDestruction(InitDestroyAnnotationBeanPostProcessor.java:237)
	at org.springframework.beans.factory.support.DisposableBeanAdapter.destroy(DisposableBeanAdapter.java:200)
	at org.springframework.beans.factory.support.DisposableBeanAdapter.run(DisposableBeanAdapter.java:193)
	at org.springframework.cloud.context.scope.GenericScope$BeanLifecycleWrapper.destroy(GenericScope.java:387)
	at org.springframework.cloud.context.scope.GenericScope.destroy(GenericScope.java:134)
	at org.springframework.beans.factory.support.DisposableBeanAdapter.destroy(DisposableBeanAdapter.java:209)
	at org.springframework.beans.factory.support.DefaultSingletonBeanRegistry.destroyBean(DefaultSingletonBeanRegistry.java:795)
	at org.springframework.beans.factory.support.DefaultSingletonBeanRegistry.destroySingleton(DefaultSingletonBeanRegistry.java:745)
	at org.springframework.beans.factory.support.DefaultListableBeanFactory.destroySingleton(DefaultListableBeanFactory.java:1500)
	at org.springframework.beans.factory.support.DefaultSingletonBeanRegistry.destroySingletons(DefaultSingletonBeanRegistry.java:704)
	at org.springframework.beans.factory.support.DefaultListableBeanFactory.destroySingletons(DefaultListableBeanFactory.java:1493)
	at org.springframework.context.support.AbstractApplicationContext.destroyBeans(AbstractApplicationContext.java:1246)
	at org.springframework.context.support.AbstractApplicationContext.doClose(AbstractApplicationContext.java:1207)
	at org.springframework.boot.web.server.servlet.context.ServletWebServerApplicationContext.doClose(ServletWebServerApplicationContext.java:176)
	at org.springframework.context.support.AbstractApplicationContext.close(AbstractApplicationContext.java:1153)
	at org.springframework.boot.SpringApplicationShutdownHook.closeAndWait(SpringApplicationShutdownHook.java:147)
	at java.base/java.lang.Iterable.forEach(Iterable.java:75)
	at org.springframework.boot.SpringApplicationShutdownHook.run(SpringApplicationShutdownHook.java:116)
	at java.base/java.lang.Thread.run(Thread.java:1583)
Caused by: org.apache.hc.client5.http.HttpHostConnectException: Connect to http://localhost:8761 failed: Connection refused
	at java.base/sun.nio.ch.Net.pollConnect(Native Method)
	at java.base/sun.nio.ch.Net.pollConnectNow(Net.java:694)
	at java.base/sun.nio.ch.NioSocketImpl.timedFinishConnect(NioSocketImpl.java:542)
	at java.base/sun.nio.ch.NioSocketImpl.connect(NioSocketImpl.java:592)
	at java.base/java.net.SocksSocketImpl.connect(SocksSocketImpl.java:327)
	at java.base/java.net.Socket.connect(Socket.java:751)
	at org.apache.hc.client5.http.impl.io.DefaultHttpClientConnectionOperator.connect(DefaultHttpClientConnectionOperator.java:226)
	at org.apache.hc.client5.http.impl.io.PoolingHttpClientConnectionManager.connect(PoolingHttpClientConnectionManager.java:497)
	at org.apache.hc.client5.http.impl.classic.InternalExecRuntime.connectEndpoint(InternalExecRuntime.java:164)
	at org.apache.hc.client5.http.impl.classic.InternalExecRuntime.connectEndpoint(InternalExecRuntime.java:174)
	at org.apache.hc.client5.http.impl.classic.ConnectExec.execute(ConnectExec.java:144)
	at org.apache.hc.client5.http.impl.classic.ExecChainElement.execute(ExecChainElement.java:51)
	at org.apache.hc.client5.http.impl.classic.ProtocolExec.execute(ProtocolExec.java:195)
	at org.apache.hc.client5.http.impl.classic.ExecChainElement.execute(ExecChainElement.java:51)
	at org.apache.hc.client5.http.impl.classic.ContentCompressionExec.execute(ContentCompressionExec.java:168)
	at org.apache.hc.client5.http.impl.classic.ExecChainElement.execute(ExecChainElement.java:51)
	at org.apache.hc.client5.http.impl.classic.HttpRequestRetryExec.execute(HttpRequestRetryExec.java:112)
	at org.apache.hc.client5.http.impl.classic.ExecChainElement.execute(ExecChainElement.java:51)
	at org.apache.hc.client5.http.impl.classic.RedirectExec.execute(RedirectExec.java:110)
	at org.apache.hc.client5.http.impl.classic.ExecChainElement.execute(ExecChainElement.java:51)
	at org.apache.hc.client5.http.impl.classic.InternalHttpClient.doExecute(InternalHttpClient.java:185)
	at org.apache.hc.client5.http.impl.classic.CloseableHttpClient.execute(CloseableHttpClient.java:87)
	at org.apache.hc.client5.http.impl.classic.CloseableHttpClient.execute(CloseableHttpClient.java:55)
	at org.apache.hc.client5.http.classic.HttpClient.executeOpen(HttpClient.java:183)
	at org.springframework.http.client.HttpComponentsClientHttpRequest.executeInternal(HttpComponentsClientHttpRequest.java:99)
	at org.springframework.http.client.AbstractStreamingClientHttpRequest.executeInternal(AbstractStreamingClientHttpRequest.java:87)
	at org.springframework.http.client.AbstractClientHttpRequest.execute(AbstractClientHttpRequest.java:80)
	at org.springframework.http.client.AbstractBufferingClientHttpRequest.executeWithRequestAndBody(AbstractBufferingClientHttpRequest.java:89)
	at org.springframework.http.client.InterceptingClientHttpRequest$EndOfChainRequestExecution.execute(InterceptingClientHttpRequest.java:102)
	at org.springframework.cloud.netflix.eureka.http.RestClientTransportClientFactory.lambda$newClient$2(RestClientTransportClientFactory.java:98)
	at org.springframework.http.client.ClientHttpRequestInterceptor.lambda$apply$0(ClientHttpRequestInterceptor.java:89)
	at org.springframework.http.client.InterceptingClientHttpRequest.executeInternal(InterceptingClientHttpRequest.java:73)
	at org.springframework.http.client.AbstractBufferingClientHttpRequest.executeInternal(AbstractBufferingClientHttpRequest.java:50)
	at org.springframework.http.client.AbstractClientHttpRequest.execute(AbstractClientHttpRequest.java:80)
	at org.springframework.web.client.DefaultRestClient$DefaultRequestBodyUriSpec.exchangeInternal(DefaultRestClient.java:614)
	... 40 more

2026-05-13 06:30:41.149 [SpringApplicationShutdownHook] WARN  [traceId=, spanId=] c.n.d.s.t.d.RetryableEurekaHttpClient — Request execution failed with message: I/O error on DELETE request for "http://localhost:8761/eureka/apps/TAVIA-AI-SERVICE/10.0.0.139:tavia-ai-service:8084": Connect to http://localhost:8761 failed: Connection refused
2026-05-13 06:30:41.149 [SpringApplicationShutdownHook] ERROR [traceId=, spanId=] c.netflix.discovery.DiscoveryClient — DiscoveryClient_TAVIA-AI-SERVICE/10.0.0.139:tavia-ai-service:8084 - de-registration failedCannot execute request on any known server
com.netflix.discovery.shared.transport.TransportException: Cannot execute request on any known server
	at com.netflix.discovery.shared.transport.decorator.RetryableEurekaHttpClient.execute(RetryableEurekaHttpClient.java:112)
	at com.netflix.discovery.shared.transport.decorator.EurekaHttpClientDecorator.cancel(EurekaHttpClientDecorator.java:71)
	at com.netflix.discovery.shared.transport.decorator.EurekaHttpClientDecorator$2.execute(EurekaHttpClientDecorator.java:74)
	at com.netflix.discovery.shared.transport.decorator.SessionedEurekaHttpClient.execute(SessionedEurekaHttpClient.java:76)
	at com.netflix.discovery.shared.transport.decorator.EurekaHttpClientDecorator.cancel(EurekaHttpClientDecorator.java:71)
	at com.netflix.discovery.DiscoveryClient.unregister(DiscoveryClient.java:919)
	at com.netflix.discovery.DiscoveryClient.shutdown(DiscoveryClient.java:900)
	at java.base/jdk.internal.reflect.DirectMethodHandleAccessor.invoke(DirectMethodHandleAccessor.java:103)
	at java.base/java.lang.reflect.Method.invoke(Method.java:580)
	at org.springframework.beans.factory.annotation.InitDestroyAnnotationBeanPostProcessor$LifecycleMethod.invoke(InitDestroyAnnotationBeanPostProcessor.java:453)
	at org.springframework.beans.factory.annotation.InitDestroyAnnotationBeanPostProcessor$LifecycleMetadata.invokeDestroyMethods(InitDestroyAnnotationBeanPostProcessor.java:411)
	at org.springframework.beans.factory.annotation.InitDestroyAnnotationBeanPostProcessor.postProcessBeforeDestruction(InitDestroyAnnotationBeanPostProcessor.java:237)
	at org.springframework.beans.factory.support.DisposableBeanAdapter.destroy(DisposableBeanAdapter.java:200)
	at org.springframework.beans.factory.support.DisposableBeanAdapter.run(DisposableBeanAdapter.java:193)
	at org.springframework.cloud.context.scope.GenericScope$BeanLifecycleWrapper.destroy(GenericScope.java:387)
	at org.springframework.cloud.context.scope.GenericScope.destroy(GenericScope.java:134)
	at org.springframework.beans.factory.support.DisposableBeanAdapter.destroy(DisposableBeanAdapter.java:209)
	at org.springframework.beans.factory.support.DefaultSingletonBeanRegistry.destroyBean(DefaultSingletonBeanRegistry.java:795)
	at org.springframework.beans.factory.support.DefaultSingletonBeanRegistry.destroySingleton(DefaultSingletonBeanRegistry.java:745)
	at org.springframework.beans.factory.support.DefaultListableBeanFactory.destroySingleton(DefaultListableBeanFactory.java:1500)
	at org.springframework.beans.factory.support.DefaultSingletonBeanRegistry.destroySingletons(DefaultSingletonBeanRegistry.java:704)
	at org.springframework.beans.factory.support.DefaultListableBeanFactory.destroySingletons(DefaultListableBeanFactory.java:1493)
	at org.springframework.context.support.AbstractApplicationContext.destroyBeans(AbstractApplicationContext.java:1246)
	at org.springframework.context.support.AbstractApplicationContext.doClose(AbstractApplicationContext.java:1207)
	at org.springframework.boot.web.server.servlet.context.ServletWebServerApplicationContext.doClose(ServletWebServerApplicationContext.java:176)
	at org.springframework.context.support.AbstractApplicationContext.close(AbstractApplicationContext.java:1153)
	at org.springframework.boot.SpringApplicationShutdownHook.closeAndWait(SpringApplicationShutdownHook.java:147)
	at java.base/java.lang.Iterable.forEach(Iterable.java:75)
	at org.springframework.boot.SpringApplicationShutdownHook.run(SpringApplicationShutdownHook.java:116)
	at java.base/java.lang.Thread.run(Thread.java:1583)
2026-05-13 06:30:41.151 [SpringApplicationShutdownHook] INFO  [traceId=, spanId=] c.netflix.discovery.DiscoveryClient — Completed shut down of DiscoveryClient
2026-05-13 07:09:14.990 [background-preinit] INFO  [traceId=, spanId=] o.h.validator.internal.util.Version — HV000001: Hibernate Validator 9.0.1.Final
2026-05-13 07:09:15.016 [restartedMain] INFO  [traceId=, spanId=] c.t.ai_service.AiServiceApplication — Starting AiServiceApplication using Java 21.0.10 with PID 54024 (/home/tuna/Desktop/tavia_v2/tavia-ai-service/build/classes/java/main started by tuna in /home/tuna/Desktop/tavia_v2/tavia-ai-service)
2026-05-13 07:09:15.017 [restartedMain] DEBUG [traceId=, spanId=] c.t.ai_service.AiServiceApplication — Running with Spring Boot v4.0.6, Spring v7.0.7
2026-05-13 07:09:15.018 [restartedMain] INFO  [traceId=, spanId=] c.t.ai_service.AiServiceApplication — No active profile set, falling back to 1 default profile: "default"
2026-05-13 07:09:15.061 [restartedMain] INFO  [traceId=, spanId=] o.s.c.c.c.ConfigServerConfigDataLoader — Fetching config from server at : http://localhost:8888
2026-05-13 07:09:15.061 [restartedMain] INFO  [traceId=, spanId=] o.s.c.c.c.ConfigServerConfigDataLoader — Located environment: name=tavia-ai-service, profiles=[default], label=null, version=null, state=null
2026-05-13 07:09:15.063 [restartedMain] INFO  [traceId=, spanId=] o.s.b.d.e.DevToolsPropertyDefaultsPostProcessor — Devtools property defaults active! Set 'spring.devtools.add-properties' to 'false' to disable
2026-05-13 07:09:15.063 [restartedMain] INFO  [traceId=, spanId=] o.s.b.d.e.DevToolsPropertyDefaultsPostProcessor — For additional web related logging consider setting the 'logging.level.web' property to 'DEBUG'
2026-05-13 07:09:15.743 [restartedMain] INFO  [traceId=, spanId=] o.s.d.r.c.RepositoryConfigurationDelegate — Multiple Spring Data modules found, entering strict repository configuration mode
2026-05-13 07:09:15.744 [restartedMain] INFO  [traceId=, spanId=] o.s.d.r.c.RepositoryConfigurationDelegate — Bootstrapping Spring Data JPA repositories in DEFAULT mode.
2026-05-13 07:09:15.853 [restartedMain] INFO  [traceId=, spanId=] o.s.d.r.c.RepositoryConfigurationDelegate — Finished Spring Data repository scanning in 103 ms. Found 1 JPA repository interface.
2026-05-13 07:09:15.867 [restartedMain] INFO  [traceId=, spanId=] o.s.d.r.c.RepositoryConfigurationDelegate — Multiple Spring Data modules found, entering strict repository configuration mode
2026-05-13 07:09:15.868 [restartedMain] INFO  [traceId=, spanId=] o.s.d.r.c.RepositoryConfigurationDelegate — Bootstrapping Spring Data Redis repositories in DEFAULT mode.
2026-05-13 07:09:15.881 [restartedMain] INFO  [traceId=, spanId=] o.s.d.r.c.RepositoryConfigurationExtensionSupport — Spring Data Redis - Could not safely identify store assignment for repository candidate interface com.tavia.ai_service.repository.DailySalesRepository; If you want this repository to be a Redis repository, consider annotating your entities with one of these annotations: org.springframework.data.redis.core.RedisHash (preferred), or consider extending one of the following types with your repository: org.springframework.data.keyvalue.repository.KeyValueRepository
2026-05-13 07:09:15.881 [restartedMain] INFO  [traceId=, spanId=] o.s.d.r.c.RepositoryConfigurationDelegate — Finished Spring Data repository scanning in 5 ms. Found 0 Redis repository interfaces.
2026-05-13 07:09:16.125 [restartedMain] INFO  [traceId=, spanId=] o.s.cloud.context.scope.GenericScope — BeanFactory id=f301e139-18c8-36b7-ac21-6ac528982158
2026-05-13 07:09:16.744 [restartedMain] INFO  [traceId=, spanId=] o.s.boot.tomcat.TomcatWebServer — Tomcat initialized with port 8084 (http)
2026-05-13 07:09:16.755 [restartedMain] INFO  [traceId=, spanId=] o.a.coyote.http11.Http11NioProtocol — Initializing ProtocolHandler ["http-nio-8084"]
2026-05-13 07:09:16.758 [restartedMain] INFO  [traceId=, spanId=] o.a.catalina.core.StandardService — Starting service [Tomcat]
2026-05-13 07:09:16.758 [restartedMain] INFO  [traceId=, spanId=] o.a.catalina.core.StandardEngine — Starting Servlet engine: [Apache Tomcat/11.0.21]
2026-05-13 07:09:16.796 [restartedMain] INFO  [traceId=, spanId=] o.s.b.w.c.s.WebApplicationContextInitializer — Root WebApplicationContext: initialization completed in 1733 ms
2026-05-13 07:09:16.967 [restartedMain] INFO  [traceId=, spanId=] com.zaxxer.hikari.HikariDataSource — HikariPool-1 - Starting...
2026-05-13 07:09:17.057 [restartedMain] INFO  [traceId=, spanId=] com.zaxxer.hikari.pool.HikariPool — HikariPool-1 - Added connection org.postgresql.jdbc.PgConnection@db73ecb
2026-05-13 07:09:17.058 [restartedMain] INFO  [traceId=, spanId=] com.zaxxer.hikari.HikariDataSource — HikariPool-1 - Start completed.
2026-05-13 07:09:17.074 [restartedMain] INFO  [traceId=, spanId=] org.flywaydb.core.FlywayExecutor — Database: jdbc:postgresql://localhost:5432/tavia_db (PostgreSQL 15.17)
2026-05-13 07:09:17.120 [restartedMain] INFO  [traceId=, spanId=] o.f.core.internal.command.DbValidate — Successfully validated 2 migrations (execution time 00:00.017s)
2026-05-13 07:09:17.154 [restartedMain] INFO  [traceId=, spanId=] o.f.core.internal.command.DbMigrate — Current version of schema "public": 1
2026-05-13 07:09:17.156 [restartedMain] INFO  [traceId=, spanId=] o.f.core.internal.command.DbMigrate — Schema "public" is up to date. No migration necessary.
2026-05-13 07:09:17.221 [restartedMain] INFO  [traceId=, spanId=] org.hibernate.orm.jpa — HHH008540: Processing PersistenceUnitInfo [name: default]
2026-05-13 07:09:17.263 [restartedMain] INFO  [traceId=, spanId=] org.hibernate.orm.core — HHH000001: Hibernate ORM core version 7.2.12.Final
2026-05-13 07:09:17.730 [restartedMain] INFO  [traceId=, spanId=] o.s.o.j.p.SpringPersistenceUnitInfo — No LoadTimeWeaver setup: ignoring JPA class transformer
2026-05-13 07:09:17.775 [restartedMain] WARN  [traceId=, spanId=] org.hibernate.orm.deprecation — HHH90000025: PostgreSQLDialect does not need to be specified explicitly using 'hibernate.dialect' (remove the property setting and it will be selected by default)
2026-05-13 07:09:17.790 [restartedMain] INFO  [traceId=, spanId=] o.hibernate.orm.connections.pooling — HHH10001005: Database info:
	Database JDBC URL [jdbc:postgresql://localhost:5432/tavia_db]
	Database driver: PostgreSQL JDBC Driver
	Database dialect: PostgreSQLDialect
	Database version: 15.17
	Default catalog/schema: tavia_db/public
	Autocommit mode: undefined/unknown
	Isolation level: READ_COMMITTED [default READ_COMMITTED]
	JDBC fetch size: none
	Pool: DataSourceConnectionProvider
	Minimum pool size: undefined/unknown
	Maximum pool size: undefined/unknown
2026-05-13 07:09:18.482 [restartedMain] INFO  [traceId=, spanId=] org.hibernate.orm.core — HHH000489: No JTA platform available (set 'hibernate.transaction.jta.platform' to enable JTA platform integration)
2026-05-13 07:09:18.523 [restartedMain] INFO  [traceId=, spanId=] o.s.o.j.LocalContainerEntityManagerFactoryBean — Initialized JPA EntityManagerFactory for persistence unit 'default'
2026-05-13 07:09:18.839 [restartedMain] WARN  [traceId=, spanId=] o.s.b.j.a.JpaBaseConfiguration$JpaWebConfiguration — spring.jpa.open-in-view is enabled by default. Therefore, database queries may be performed during view rendering. Explicitly configure spring.jpa.open-in-view to disable this warning
2026-05-13 07:09:19.098 [restartedMain] INFO  [traceId=, spanId=] o.s.d.j.r.q.QueryEnhancerFactories — Hibernate is in classpath; If applicable, HQL parser will be used.
2026-05-13 07:09:19.337 [restartedMain] INFO  [traceId=, spanId=] o.s.c.n.e.c.DiscoveryClientOptionalArgsConfiguration — Eureka HTTP Client uses RestClient.
2026-05-13 07:09:19.347 [restartedMain] INFO  [traceId=, spanId=] o.s.c.n.eureka.InstanceInfoFactory — Setting initial instance status as: STARTING
2026-05-13 07:09:19.386 [restartedMain] INFO  [traceId=, spanId=] c.netflix.discovery.DiscoveryClient — Initializing Eureka in region us-east-1
2026-05-13 07:09:19.390 [restartedMain] INFO  [traceId=, spanId=] c.n.d.s.r.aws.ConfigClusterResolver — Resolving eureka endpoints via configuration
2026-05-13 07:09:19.396 [restartedMain] INFO  [traceId=, spanId=] c.netflix.discovery.DiscoveryClient — Disable delta property : false
2026-05-13 07:09:19.396 [restartedMain] INFO  [traceId=, spanId=] c.netflix.discovery.DiscoveryClient — Single vip registry refresh property : null
2026-05-13 07:09:19.396 [restartedMain] INFO  [traceId=, spanId=] c.netflix.discovery.DiscoveryClient — Force full registry fetch : false
2026-05-13 07:09:19.396 [restartedMain] INFO  [traceId=, spanId=] c.netflix.discovery.DiscoveryClient — Application is null : false
2026-05-13 07:09:19.396 [restartedMain] INFO  [traceId=, spanId=] c.netflix.discovery.DiscoveryClient — Registered Applications size is zero : true
2026-05-13 07:09:19.396 [restartedMain] INFO  [traceId=, spanId=] c.netflix.discovery.DiscoveryClient — Application version is -1: true
2026-05-13 07:09:19.396 [restartedMain] INFO  [traceId=, spanId=] c.netflix.discovery.DiscoveryClient — Getting all instance registry info from the eureka server
2026-05-13 07:09:19.622 [restartedMain] INFO  [traceId=, spanId=] c.netflix.discovery.DiscoveryClient — The response status is 200
2026-05-13 07:09:19.624 [restartedMain] INFO  [traceId=, spanId=] c.netflix.discovery.DiscoveryClient — Starting heartbeat executor: renew interval is: 30
2026-05-13 07:09:19.626 [restartedMain] INFO  [traceId=, spanId=] c.n.discovery.InstanceInfoReplicator — InstanceInfoReplicator onDemand update allowed rate per min is 4
2026-05-13 07:09:19.627 [restartedMain] INFO  [traceId=, spanId=] c.netflix.discovery.DiscoveryClient — Discovery Client initialized at timestamp 1778645359627 with initial instances count: 7
2026-05-13 07:09:19.630 [restartedMain] INFO  [traceId=, spanId=] o.s.c.n.e.s.EurekaServiceRegistry — Registering application TAVIA-AI-SERVICE with eureka with status UP
2026-05-13 07:09:19.630 [restartedMain] INFO  [traceId=, spanId=] c.netflix.discovery.DiscoveryClient — Saw local status change event StatusChangeEvent [timestamp=1778645359630, current=UP, previous=STARTING]
2026-05-13 07:09:19.631 [DiscoveryClient-InstanceInfoReplicator-%d] INFO  [traceId=, spanId=] c.netflix.discovery.DiscoveryClient — DiscoveryClient_TAVIA-AI-SERVICE/10.0.0.139:tavia-ai-service:8084: registering service...
2026-05-13 07:09:19.631 [restartedMain] INFO  [traceId=, spanId=] o.a.coyote.http11.Http11NioProtocol — Starting ProtocolHandler ["http-nio-8084"]
2026-05-13 07:09:19.659 [restartedMain] INFO  [traceId=, spanId=] o.s.boot.tomcat.TomcatWebServer — Tomcat started on port 8084 (http) with context path '/'
2026-05-13 07:09:19.662 [restartedMain] INFO  [traceId=, spanId=] o.s.c.n.e.s.EurekaAutoServiceRegistration — Updating port to 8084
2026-05-13 07:09:19.678 [DiscoveryClient-InstanceInfoReplicator-%d] INFO  [traceId=, spanId=] c.netflix.discovery.DiscoveryClient — DiscoveryClient_TAVIA-AI-SERVICE/10.0.0.139:tavia-ai-service:8084 - registration status: 204
2026-05-13 07:09:19.679 [scheduling-1] INFO  [traceId=, spanId=] c.t.a.s.PredictiveMaintenanceScheduler — Running scheduled Predictive Maintenance evaluation...
2026-05-13 07:09:19.727 [restartedMain] INFO  [traceId=, spanId=] c.t.ai_service.AiServiceApplication — Started AiServiceApplication in 5.661 seconds (process running for 6.163)
2026-05-13 07:09:19.734 [restartedMain] WARN  [traceId=, spanId=] o.s.c.events.SpringDocAppInitializer — SpringDoc /v3/api-docs endpoint is enabled by default. To disable it in production, set the property 'springdoc.api-docs.enabled=false'
2026-05-13 07:09:19.734 [restartedMain] WARN  [traceId=, spanId=] o.s.c.events.SpringDocAppInitializer — SpringDoc /swagger-ui.html endpoint is enabled by default. To disable it in production, set the property 'springdoc.swagger-ui.enabled=false'
2026-05-13 07:12:16.888 [http-nio-8084-exec-1] INFO  [traceId=, spanId=] o.a.c.c.C.[Tomcat].[localhost].[/] — Initializing Spring DispatcherServlet 'dispatcherServlet'
2026-05-13 07:12:16.889 [http-nio-8084-exec-1] INFO  [traceId=, spanId=] o.s.web.servlet.DispatcherServlet — Initializing Servlet 'dispatcherServlet'
2026-05-13 07:12:16.981 [http-nio-8084-exec-1] INFO  [traceId=, spanId=] o.s.web.servlet.DispatcherServlet — Completed initialization in 92 ms
2026-05-13 07:12:17.500 [http-nio-8084-exec-1] DEBUG [traceId=, spanId=] org.hibernate.SQL — 
    select
        ds1_0.id,
        ds1_0.event_type,
        ds1_0.loyalty_level,
        ds1_0.report_date,
        ds1_0.tenant_id,
        ds1_0.total_orders,
        ds1_0.total_revenue,
        ds1_0.weather 
    from
        daily_sales ds1_0 
    where
        ds1_0.tenant_id=? 
        and ds1_0.report_date between ? and ?
2026-05-13 07:14:19.397 [AsyncResolver-bootstrap-executor-%d] INFO  [traceId=, spanId=] c.n.d.s.r.aws.ConfigClusterResolver — Resolving eureka endpoints via configuration
2026-05-13 07:14:19.678 [scheduling-1] INFO  [traceId=, spanId=] c.t.a.s.PredictiveMaintenanceScheduler — Running scheduled Predictive Maintenance evaluation...
2026-05-13 07:19:19.397 [AsyncResolver-bootstrap-executor-%d] INFO  [traceId=, spanId=] c.n.d.s.r.aws.ConfigClusterResolver — Resolving eureka endpoints via configuration
2026-05-13 07:19:19.678 [scheduling-1] INFO  [traceId=, spanId=] c.t.a.s.PredictiveMaintenanceScheduler — Running scheduled Predictive Maintenance evaluation...
2026-05-13 07:22:07.894 [http-nio-8084-exec-3] DEBUG [traceId=, spanId=] org.hibernate.SQL — 
    select
        ds1_0.id,
        ds1_0.event_type,
        ds1_0.loyalty_level,
        ds1_0.report_date,
        ds1_0.tenant_id,
        ds1_0.total_orders,
        ds1_0.total_revenue,
        ds1_0.weather 
    from
        daily_sales ds1_0 
    where
        ds1_0.tenant_id=? 
        and ds1_0.report_date between ? and ?
2026-05-13 07:22:23.293 [http-nio-8084-exec-4] DEBUG [traceId=, spanId=] org.hibernate.SQL — 
    select
        ds1_0.id,
        ds1_0.event_type,
        ds1_0.loyalty_level,
        ds1_0.report_date,
        ds1_0.tenant_id,
        ds1_0.total_orders,
        ds1_0.total_revenue,
        ds1_0.weather 
    from
        daily_sales ds1_0 
    where
        ds1_0.tenant_id=? 
        and ds1_0.report_date between ? and ?
2026-05-13 07:24:19.398 [AsyncResolver-bootstrap-executor-%d] INFO  [traceId=, spanId=] c.n.d.s.r.aws.ConfigClusterResolver — Resolving eureka endpoints via configuration
2026-05-13 07:24:19.678 [scheduling-1] INFO  [traceId=, spanId=] c.t.a.s.PredictiveMaintenanceScheduler — Running scheduled Predictive Maintenance evaluation...
2026-05-13 07:29:19.398 [AsyncResolver-bootstrap-executor-%d] INFO  [traceId=, spanId=] c.n.d.s.r.aws.ConfigClusterResolver — Resolving eureka endpoints via configuration
2026-05-13 07:29:19.678 [scheduling-1] INFO  [traceId=, spanId=] c.t.a.s.PredictiveMaintenanceScheduler — Running scheduled Predictive Maintenance evaluation...
2026-05-13 07:34:19.399 [AsyncResolver-bootstrap-executor-%d] INFO  [traceId=, spanId=] c.n.d.s.r.aws.ConfigClusterResolver — Resolving eureka endpoints via configuration
2026-05-13 07:34:19.678 [scheduling-1] INFO  [traceId=, spanId=] c.t.a.s.PredictiveMaintenanceScheduler — Running scheduled Predictive Maintenance evaluation...
2026-05-13 07:39:19.399 [AsyncResolver-bootstrap-executor-%d] INFO  [traceId=, spanId=] c.n.d.s.r.aws.ConfigClusterResolver — Resolving eureka endpoints via configuration
2026-05-13 07:39:19.678 [scheduling-1] INFO  [traceId=, spanId=] c.t.a.s.PredictiveMaintenanceScheduler — Running scheduled Predictive Maintenance evaluation...
2026-05-13 07:44:19.399 [AsyncResolver-bootstrap-executor-%d] INFO  [traceId=, spanId=] c.n.d.s.r.aws.ConfigClusterResolver — Resolving eureka endpoints via configuration
2026-05-13 07:44:19.678 [scheduling-1] INFO  [traceId=, spanId=] c.t.a.s.PredictiveMaintenanceScheduler — Running scheduled Predictive Maintenance evaluation...
2026-05-13 07:49:19.400 [AsyncResolver-bootstrap-executor-%d] INFO  [traceId=, spanId=] c.n.d.s.r.aws.ConfigClusterResolver — Resolving eureka endpoints via configuration
2026-05-13 07:49:19.678 [scheduling-1] INFO  [traceId=, spanId=] c.t.a.s.PredictiveMaintenanceScheduler — Running scheduled Predictive Maintenance evaluation...
2026-05-13 07:54:19.400 [AsyncResolver-bootstrap-executor-%d] INFO  [traceId=, spanId=] c.n.d.s.r.aws.ConfigClusterResolver — Resolving eureka endpoints via configuration
2026-05-13 07:54:19.678 [scheduling-1] INFO  [traceId=, spanId=] c.t.a.s.PredictiveMaintenanceScheduler — Running scheduled Predictive Maintenance evaluation...
2026-05-13 07:59:19.401 [AsyncResolver-bootstrap-executor-%d] INFO  [traceId=, spanId=] c.n.d.s.r.aws.ConfigClusterResolver — Resolving eureka endpoints via configuration
2026-05-13 07:59:19.678 [scheduling-1] INFO  [traceId=, spanId=] c.t.a.s.PredictiveMaintenanceScheduler — Running scheduled Predictive Maintenance evaluation...
2026-05-13 08:04:19.401 [AsyncResolver-bootstrap-executor-%d] INFO  [traceId=, spanId=] c.n.d.s.r.aws.ConfigClusterResolver — Resolving eureka endpoints via configuration
2026-05-13 08:04:19.678 [scheduling-1] INFO  [traceId=, spanId=] c.t.a.s.PredictiveMaintenanceScheduler — Running scheduled Predictive Maintenance evaluation...
2026-05-13 08:09:19.401 [AsyncResolver-bootstrap-executor-%d] INFO  [traceId=, spanId=] c.n.d.s.r.aws.ConfigClusterResolver — Resolving eureka endpoints via configuration
2026-05-13 08:09:19.678 [scheduling-1] INFO  [traceId=, spanId=] c.t.a.s.PredictiveMaintenanceScheduler — Running scheduled Predictive Maintenance evaluation...
2026-05-13 08:14:19.402 [AsyncResolver-bootstrap-executor-%d] INFO  [traceId=, spanId=] c.n.d.s.r.aws.ConfigClusterResolver — Resolving eureka endpoints via configuration
2026-05-13 08:14:19.678 [scheduling-1] INFO  [traceId=, spanId=] c.t.a.s.PredictiveMaintenanceScheduler — Running scheduled Predictive Maintenance evaluation...
2026-05-13 08:15:54.716 [http-nio-8084-exec-6] DEBUG [traceId=, spanId=] org.hibernate.SQL — 
    select
        ds1_0.id,
        ds1_0.event_type,
        ds1_0.loyalty_level,
        ds1_0.report_date,
        ds1_0.tenant_id,
        ds1_0.total_orders,
        ds1_0.total_revenue,
        ds1_0.weather 
    from
        daily_sales ds1_0 
    where
        ds1_0.tenant_id=? 
        and ds1_0.report_date between ? and ?
2026-05-13 08:16:28.726 [http-nio-8084-exec-7] DEBUG [traceId=, spanId=] org.hibernate.SQL — 
    select
        ds1_0.id,
        ds1_0.event_type,
        ds1_0.loyalty_level,
        ds1_0.report_date,
        ds1_0.tenant_id,
        ds1_0.total_orders,
        ds1_0.total_revenue,
        ds1_0.weather 
    from
        daily_sales ds1_0 
    where
        ds1_0.tenant_id=? 
        and ds1_0.report_date between ? and ?
2026-05-13 08:16:53.608 [http-nio-8084-exec-8] INFO  [traceId=, spanId=] c.t.a.service.impl.AiChatServiceImpl — Processing chat for customer: 1f99662c-23c9-4b53-a537-8b8db1b15722 in tenant: 61576619-3d07-4424-a1ba-b8bd99ce55c8
2026-05-13 08:17:07.197 [http-nio-8084-exec-9] INFO  [traceId=, spanId=] c.t.a.service.impl.AiChatServiceImpl — Processing chat for customer: 1f99662c-23c9-4b53-a537-8b8db1b15722 in tenant: 61576619-3d07-4424-a1ba-b8bd99ce55c8
2026-05-13 08:19:19.405 [AsyncResolver-bootstrap-executor-%d] INFO  [traceId=, spanId=] c.n.d.s.r.aws.ConfigClusterResolver — Resolving eureka endpoints via configuration
2026-05-13 08:19:19.681 [scheduling-1] INFO  [traceId=, spanId=] c.t.a.s.PredictiveMaintenanceScheduler — Running scheduled Predictive Maintenance evaluation...
2026-05-13 08:21:05.618 [SpringApplicationShutdownHook] INFO  [traceId=, spanId=] o.s.c.n.e.s.EurekaServiceRegistry — Unregistering application TAVIA-AI-SERVICE with eureka with status DOWN
2026-05-13 08:21:05.618 [SpringApplicationShutdownHook] INFO  [traceId=, spanId=] c.netflix.discovery.DiscoveryClient — Saw local status change event StatusChangeEvent [timestamp=1778649665618, current=DOWN, previous=UP]
2026-05-13 08:21:05.619 [DiscoveryClient-InstanceInfoReplicator-%d] INFO  [traceId=, spanId=] c.netflix.discovery.DiscoveryClient — DiscoveryClient_TAVIA-AI-SERVICE/10.0.0.139:tavia-ai-service:8084: registering service...
2026-05-13 08:21:05.631 [SpringApplicationShutdownHook] INFO  [traceId=, spanId=] o.s.boot.tomcat.GracefulShutdown — Commencing graceful shutdown. Waiting for active requests to complete
2026-05-13 08:21:05.639 [tomcat-shutdown] INFO  [traceId=, spanId=] o.s.boot.tomcat.GracefulShutdown — Graceful shutdown complete
2026-05-13 08:21:05.643 [DiscoveryClient-InstanceInfoReplicator-%d] INFO  [traceId=, spanId=] c.netflix.discovery.DiscoveryClient — DiscoveryClient_TAVIA-AI-SERVICE/10.0.0.139:tavia-ai-service:8084 - registration status: 204
2026-05-13 08:21:05.709 [SpringApplicationShutdownHook] INFO  [traceId=, spanId=] o.s.o.j.LocalContainerEntityManagerFactoryBean — Closing JPA EntityManagerFactory for persistence unit 'default'
2026-05-13 08:21:05.753 [SpringApplicationShutdownHook] INFO  [traceId=, spanId=] com.zaxxer.hikari.HikariDataSource — HikariPool-1 - Shutdown initiated...
2026-05-13 08:21:05.757 [SpringApplicationShutdownHook] INFO  [traceId=, spanId=] com.zaxxer.hikari.HikariDataSource — HikariPool-1 - Shutdown completed.
2026-05-13 08:21:05.763 [SpringApplicationShutdownHook] INFO  [traceId=, spanId=] c.netflix.discovery.DiscoveryClient — Shutting down DiscoveryClient ...
2026-05-13 08:21:08.764 [SpringApplicationShutdownHook] INFO  [traceId=, spanId=] c.netflix.discovery.DiscoveryClient — Unregistering ...
2026-05-13 08:21:08.772 [SpringApplicationShutdownHook] INFO  [traceId=, spanId=] c.n.d.s.t.d.RedirectingEurekaHttpClient — Request execution error. endpoint=DefaultEndpoint{ serviceUrl='http://localhost:8761/eureka/} exception=I/O error on DELETE request for "http://localhost:8761/eureka/apps/TAVIA-AI-SERVICE/10.0.0.139:tavia-ai-service:8084": Connect to http://localhost:8761 failed: Connection refused stacktrace=org.springframework.web.client.ResourceAccessException: I/O error on DELETE request for "http://localhost:8761/eureka/apps/TAVIA-AI-SERVICE/10.0.0.139:tavia-ai-service:8084": Connect to http://localhost:8761 failed: Connection refused
	at org.springframework.web.client.DefaultRestClient$DefaultRequestBodyUriSpec.createResourceAccessException(DefaultRestClient.java:779)
	at org.springframework.web.client.DefaultRestClient$DefaultRequestBodyUriSpec.exchangeInternal(DefaultRestClient.java:624)
	at org.springframework.web.client.DefaultRestClient$DefaultRequestBodyUriSpec.exchange(DefaultRestClient.java:572)
	at org.springframework.web.client.RestClient$RequestHeadersSpec.exchange(RestClient.java:747)
	at org.springframework.web.client.DefaultRestClient$DefaultResponseSpec.executeAndExtract(DefaultRestClient.java:924)
	at org.springframework.web.client.DefaultRestClient$DefaultResponseSpec.toBodilessEntity(DefaultRestClient.java:888)
	at org.springframework.cloud.netflix.eureka.http.RestClientEurekaHttpClient.cancel(RestClientEurekaHttpClient.java:73)
	at com.netflix.discovery.shared.transport.decorator.EurekaHttpClientDecorator$2.execute(EurekaHttpClientDecorator.java:74)
	at com.netflix.discovery.shared.transport.decorator.RedirectingEurekaHttpClient.execute(RedirectingEurekaHttpClient.java:91)
	at com.netflix.discovery.shared.transport.decorator.EurekaHttpClientDecorator.cancel(EurekaHttpClientDecorator.java:71)
	at com.netflix.discovery.shared.transport.decorator.EurekaHttpClientDecorator$2.execute(EurekaHttpClientDecorator.java:74)
	at com.netflix.discovery.shared.transport.decorator.RetryableEurekaHttpClient.execute(RetryableEurekaHttpClient.java:120)
	at com.netflix.discovery.shared.transport.decorator.EurekaHttpClientDecorator.cancel(EurekaHttpClientDecorator.java:71)
	at com.netflix.discovery.shared.transport.decorator.EurekaHttpClientDecorator$2.execute(EurekaHttpClientDecorator.java:74)
	at com.netflix.discovery.shared.transport.decorator.SessionedEurekaHttpClient.execute(SessionedEurekaHttpClient.java:76)
	at com.netflix.discovery.shared.transport.decorator.EurekaHttpClientDecorator.cancel(EurekaHttpClientDecorator.java:71)
	at com.netflix.discovery.DiscoveryClient.unregister(DiscoveryClient.java:919)
	at com.netflix.discovery.DiscoveryClient.shutdown(DiscoveryClient.java:900)
	at java.base/jdk.internal.reflect.DirectMethodHandleAccessor.invoke(DirectMethodHandleAccessor.java:103)
	at java.base/java.lang.reflect.Method.invoke(Method.java:580)
	at org.springframework.beans.factory.annotation.InitDestroyAnnotationBeanPostProcessor$LifecycleMethod.invoke(InitDestroyAnnotationBeanPostProcessor.java:453)
	at org.springframework.beans.factory.annotation.InitDestroyAnnotationBeanPostProcessor$LifecycleMetadata.invokeDestroyMethods(InitDestroyAnnotationBeanPostProcessor.java:411)
	at org.springframework.beans.factory.annotation.InitDestroyAnnotationBeanPostProcessor.postProcessBeforeDestruction(InitDestroyAnnotationBeanPostProcessor.java:237)
	at org.springframework.beans.factory.support.DisposableBeanAdapter.destroy(DisposableBeanAdapter.java:200)
	at org.springframework.beans.factory.support.DisposableBeanAdapter.run(DisposableBeanAdapter.java:193)
	at org.springframework.cloud.context.scope.GenericScope$BeanLifecycleWrapper.destroy(GenericScope.java:387)
	at org.springframework.cloud.context.scope.GenericScope.destroy(GenericScope.java:134)
	at org.springframework.beans.factory.support.DisposableBeanAdapter.destroy(DisposableBeanAdapter.java:209)
	at org.springframework.beans.factory.support.DefaultSingletonBeanRegistry.destroyBean(DefaultSingletonBeanRegistry.java:795)
	at org.springframework.beans.factory.support.DefaultSingletonBeanRegistry.destroySingleton(DefaultSingletonBeanRegistry.java:745)
	at org.springframework.beans.factory.support.DefaultListableBeanFactory.destroySingleton(DefaultListableBeanFactory.java:1500)
	at org.springframework.beans.factory.support.DefaultSingletonBeanRegistry.destroySingletons(DefaultSingletonBeanRegistry.java:704)
	at org.springframework.beans.factory.support.DefaultListableBeanFactory.destroySingletons(DefaultListableBeanFactory.java:1493)
	at org.springframework.context.support.AbstractApplicationContext.destroyBeans(AbstractApplicationContext.java:1246)
	at org.springframework.context.support.AbstractApplicationContext.doClose(AbstractApplicationContext.java:1207)
	at org.springframework.boot.web.server.servlet.context.ServletWebServerApplicationContext.doClose(ServletWebServerApplicationContext.java:176)
	at org.springframework.context.support.AbstractApplicationContext.close(AbstractApplicationContext.java:1153)
	at org.springframework.boot.SpringApplicationShutdownHook.closeAndWait(SpringApplicationShutdownHook.java:147)
	at java.base/java.lang.Iterable.forEach(Iterable.java:75)
	at org.springframework.boot.SpringApplicationShutdownHook.run(SpringApplicationShutdownHook.java:116)
	at java.base/java.lang.Thread.run(Thread.java:1583)
Caused by: org.apache.hc.client5.http.HttpHostConnectException: Connect to http://localhost:8761 failed: Connection refused
	at java.base/sun.nio.ch.Net.pollConnect(Native Method)
	at java.base/sun.nio.ch.Net.pollConnectNow(Net.java:694)
	at java.base/sun.nio.ch.NioSocketImpl.timedFinishConnect(NioSocketImpl.java:542)
	at java.base/sun.nio.ch.NioSocketImpl.connect(NioSocketImpl.java:592)
	at java.base/java.net.SocksSocketImpl.connect(SocksSocketImpl.java:327)
	at java.base/java.net.Socket.connect(Socket.java:751)
	at org.apache.hc.client5.http.impl.io.DefaultHttpClientConnectionOperator.connect(DefaultHttpClientConnectionOperator.java:226)
	at org.apache.hc.client5.http.impl.io.PoolingHttpClientConnectionManager.connect(PoolingHttpClientConnectionManager.java:497)
	at org.apache.hc.client5.http.impl.classic.InternalExecRuntime.connectEndpoint(InternalExecRuntime.java:164)
	at org.apache.hc.client5.http.impl.classic.InternalExecRuntime.connectEndpoint(InternalExecRuntime.java:174)
	at org.apache.hc.client5.http.impl.classic.ConnectExec.execute(ConnectExec.java:144)
	at org.apache.hc.client5.http.impl.classic.ExecChainElement.execute(ExecChainElement.java:51)
	at org.apache.hc.client5.http.impl.classic.ProtocolExec.execute(ProtocolExec.java:195)
	at org.apache.hc.client5.http.impl.classic.ExecChainElement.execute(ExecChainElement.java:51)
	at org.apache.hc.client5.http.impl.classic.ContentCompressionExec.execute(ContentCompressionExec.java:168)
	at org.apache.hc.client5.http.impl.classic.ExecChainElement.execute(ExecChainElement.java:51)
	at org.apache.hc.client5.http.impl.classic.HttpRequestRetryExec.execute(HttpRequestRetryExec.java:112)
	at org.apache.hc.client5.http.impl.classic.ExecChainElement.execute(ExecChainElement.java:51)
	at org.apache.hc.client5.http.impl.classic.RedirectExec.execute(RedirectExec.java:110)
	at org.apache.hc.client5.http.impl.classic.ExecChainElement.execute(ExecChainElement.java:51)
	at org.apache.hc.client5.http.impl.classic.InternalHttpClient.doExecute(InternalHttpClient.java:185)
	at org.apache.hc.client5.http.impl.classic.CloseableHttpClient.execute(CloseableHttpClient.java:87)
	at org.apache.hc.client5.http.impl.classic.CloseableHttpClient.execute(CloseableHttpClient.java:55)
	at org.apache.hc.client5.http.classic.HttpClient.executeOpen(HttpClient.java:183)
	at org.springframework.http.client.HttpComponentsClientHttpRequest.executeInternal(HttpComponentsClientHttpRequest.java:99)
	at org.springframework.http.client.AbstractStreamingClientHttpRequest.executeInternal(AbstractStreamingClientHttpRequest.java:87)
	at org.springframework.http.client.AbstractClientHttpRequest.execute(AbstractClientHttpRequest.java:80)
	at org.springframework.http.client.AbstractBufferingClientHttpRequest.executeWithRequestAndBody(AbstractBufferingClientHttpRequest.java:89)
	at org.springframework.http.client.InterceptingClientHttpRequest$EndOfChainRequestExecution.execute(InterceptingClientHttpRequest.java:102)
	at org.springframework.cloud.netflix.eureka.http.RestClientTransportClientFactory.lambda$newClient$2(RestClientTransportClientFactory.java:98)
	at org.springframework.http.client.ClientHttpRequestInterceptor.lambda$apply$0(ClientHttpRequestInterceptor.java:89)
	at org.springframework.http.client.InterceptingClientHttpRequest.executeInternal(InterceptingClientHttpRequest.java:73)
	at org.springframework.http.client.AbstractBufferingClientHttpRequest.executeInternal(AbstractBufferingClientHttpRequest.java:50)
	at org.springframework.http.client.AbstractClientHttpRequest.execute(AbstractClientHttpRequest.java:80)
	at org.springframework.web.client.DefaultRestClient$DefaultRequestBodyUriSpec.exchangeInternal(DefaultRestClient.java:614)
	... 39 more

2026-05-13 08:21:08.772 [SpringApplicationShutdownHook] WARN  [traceId=, spanId=] c.n.d.s.t.d.RetryableEurekaHttpClient — Request execution failed with message: I/O error on DELETE request for "http://localhost:8761/eureka/apps/TAVIA-AI-SERVICE/10.0.0.139:tavia-ai-service:8084": Connect to http://localhost:8761 failed: Connection refused
2026-05-13 08:21:08.775 [SpringApplicationShutdownHook] INFO  [traceId=, spanId=] c.n.d.s.t.d.RedirectingEurekaHttpClient — Request execution error. endpoint=DefaultEndpoint{ serviceUrl='http://localhost:8761/eureka/}, exception=I/O error on DELETE request for "http://localhost:8761/eureka/apps/TAVIA-AI-SERVICE/10.0.0.139:tavia-ai-service:8084": Connect to http://localhost:8761 failed: Connection refused stacktrace=org.springframework.web.client.ResourceAccessException: I/O error on DELETE request for "http://localhost:8761/eureka/apps/TAVIA-AI-SERVICE/10.0.0.139:tavia-ai-service:8084": Connect to http://localhost:8761 failed: Connection refused
	at org.springframework.web.client.DefaultRestClient$DefaultRequestBodyUriSpec.createResourceAccessException(DefaultRestClient.java:779)
	at org.springframework.web.client.DefaultRestClient$DefaultRequestBodyUriSpec.exchangeInternal(DefaultRestClient.java:624)
	at org.springframework.web.client.DefaultRestClient$DefaultRequestBodyUriSpec.exchange(DefaultRestClient.java:572)
	at org.springframework.web.client.RestClient$RequestHeadersSpec.exchange(RestClient.java:747)
	at org.springframework.web.client.DefaultRestClient$DefaultResponseSpec.executeAndExtract(DefaultRestClient.java:924)
	at org.springframework.web.client.DefaultRestClient$DefaultResponseSpec.toBodilessEntity(DefaultRestClient.java:888)
	at org.springframework.cloud.netflix.eureka.http.RestClientEurekaHttpClient.cancel(RestClientEurekaHttpClient.java:73)
	at com.netflix.discovery.shared.transport.decorator.EurekaHttpClientDecorator$2.execute(EurekaHttpClientDecorator.java:74)
	at com.netflix.discovery.shared.transport.decorator.RedirectingEurekaHttpClient.executeOnNewServer(RedirectingEurekaHttpClient.java:121)
	at com.netflix.discovery.shared.transport.decorator.RedirectingEurekaHttpClient.execute(RedirectingEurekaHttpClient.java:80)
	at com.netflix.discovery.shared.transport.decorator.EurekaHttpClientDecorator.cancel(EurekaHttpClientDecorator.java:71)
	at com.netflix.discovery.shared.transport.decorator.EurekaHttpClientDecorator$2.execute(EurekaHttpClientDecorator.java:74)
	at com.netflix.discovery.shared.transport.decorator.RetryableEurekaHttpClient.execute(RetryableEurekaHttpClient.java:120)
	at com.netflix.discovery.shared.transport.decorator.EurekaHttpClientDecorator.cancel(EurekaHttpClientDecorator.java:71)
	at com.netflix.discovery.shared.transport.decorator.EurekaHttpClientDecorator$2.execute(EurekaHttpClientDecorator.java:74)
	at com.netflix.discovery.shared.transport.decorator.SessionedEurekaHttpClient.execute(SessionedEurekaHttpClient.java:76)
	at com.netflix.discovery.shared.transport.decorator.EurekaHttpClientDecorator.cancel(EurekaHttpClientDecorator.java:71)
	at com.netflix.discovery.DiscoveryClient.unregister(DiscoveryClient.java:919)
	at com.netflix.discovery.DiscoveryClient.shutdown(DiscoveryClient.java:900)
	at java.base/jdk.internal.reflect.DirectMethodHandleAccessor.invoke(DirectMethodHandleAccessor.java:103)
	at java.base/java.lang.reflect.Method.invoke(Method.java:580)
	at org.springframework.beans.factory.annotation.InitDestroyAnnotationBeanPostProcessor$LifecycleMethod.invoke(InitDestroyAnnotationBeanPostProcessor.java:453)
	at org.springframework.beans.factory.annotation.InitDestroyAnnotationBeanPostProcessor$LifecycleMetadata.invokeDestroyMethods(InitDestroyAnnotationBeanPostProcessor.java:411)
	at org.springframework.beans.factory.annotation.InitDestroyAnnotationBeanPostProcessor.postProcessBeforeDestruction(InitDestroyAnnotationBeanPostProcessor.java:237)
	at org.springframework.beans.factory.support.DisposableBeanAdapter.destroy(DisposableBeanAdapter.java:200)
	at org.springframework.beans.factory.support.DisposableBeanAdapter.run(DisposableBeanAdapter.java:193)
	at org.springframework.cloud.context.scope.GenericScope$BeanLifecycleWrapper.destroy(GenericScope.java:387)
	at org.springframework.cloud.context.scope.GenericScope.destroy(GenericScope.java:134)
	at org.springframework.beans.factory.support.DisposableBeanAdapter.destroy(DisposableBeanAdapter.java:209)
	at org.springframework.beans.factory.support.DefaultSingletonBeanRegistry.destroyBean(DefaultSingletonBeanRegistry.java:795)
	at org.springframework.beans.factory.support.DefaultSingletonBeanRegistry.destroySingleton(DefaultSingletonBeanRegistry.java:745)
	at org.springframework.beans.factory.support.DefaultListableBeanFactory.destroySingleton(DefaultListableBeanFactory.java:1500)
	at org.springframework.beans.factory.support.DefaultSingletonBeanRegistry.destroySingletons(DefaultSingletonBeanRegistry.java:704)
	at org.springframework.beans.factory.support.DefaultListableBeanFactory.destroySingletons(DefaultListableBeanFactory.java:1493)
	at org.springframework.context.support.AbstractApplicationContext.destroyBeans(AbstractApplicationContext.java:1246)
	at org.springframework.context.support.AbstractApplicationContext.doClose(AbstractApplicationContext.java:1207)
	at org.springframework.boot.web.server.servlet.context.ServletWebServerApplicationContext.doClose(ServletWebServerApplicationContext.java:176)
	at org.springframework.context.support.AbstractApplicationContext.close(AbstractApplicationContext.java:1153)
	at org.springframework.boot.SpringApplicationShutdownHook.closeAndWait(SpringApplicationShutdownHook.java:147)
	at java.base/java.lang.Iterable.forEach(Iterable.java:75)
	at org.springframework.boot.SpringApplicationShutdownHook.run(SpringApplicationShutdownHook.java:116)
	at java.base/java.lang.Thread.run(Thread.java:1583)
Caused by: org.apache.hc.client5.http.HttpHostConnectException: Connect to http://localhost:8761 failed: Connection refused
	at java.base/sun.nio.ch.Net.pollConnect(Native Method)
	at java.base/sun.nio.ch.Net.pollConnectNow(Net.java:694)
	at java.base/sun.nio.ch.NioSocketImpl.timedFinishConnect(NioSocketImpl.java:542)
	at java.base/sun.nio.ch.NioSocketImpl.connect(NioSocketImpl.java:592)
	at java.base/java.net.SocksSocketImpl.connect(SocksSocketImpl.java:327)
	at java.base/java.net.Socket.connect(Socket.java:751)
	at org.apache.hc.client5.http.impl.io.DefaultHttpClientConnectionOperator.connect(DefaultHttpClientConnectionOperator.java:226)
	at org.apache.hc.client5.http.impl.io.PoolingHttpClientConnectionManager.connect(PoolingHttpClientConnectionManager.java:497)
	at org.apache.hc.client5.http.impl.classic.InternalExecRuntime.connectEndpoint(InternalExecRuntime.java:164)
	at org.apache.hc.client5.http.impl.classic.InternalExecRuntime.connectEndpoint(InternalExecRuntime.java:174)
	at org.apache.hc.client5.http.impl.classic.ConnectExec.execute(ConnectExec.java:144)
	at org.apache.hc.client5.http.impl.classic.ExecChainElement.execute(ExecChainElement.java:51)
	at org.apache.hc.client5.http.impl.classic.ProtocolExec.execute(ProtocolExec.java:195)
	at org.apache.hc.client5.http.impl.classic.ExecChainElement.execute(ExecChainElement.java:51)
	at org.apache.hc.client5.http.impl.classic.ContentCompressionExec.execute(ContentCompressionExec.java:168)
	at org.apache.hc.client5.http.impl.classic.ExecChainElement.execute(ExecChainElement.java:51)
	at org.apache.hc.client5.http.impl.classic.HttpRequestRetryExec.execute(HttpRequestRetryExec.java:112)
	at org.apache.hc.client5.http.impl.classic.ExecChainElement.execute(ExecChainElement.java:51)
	at org.apache.hc.client5.http.impl.classic.RedirectExec.execute(RedirectExec.java:110)
	at org.apache.hc.client5.http.impl.classic.ExecChainElement.execute(ExecChainElement.java:51)
	at org.apache.hc.client5.http.impl.classic.InternalHttpClient.doExecute(InternalHttpClient.java:185)
	at org.apache.hc.client5.http.impl.classic.CloseableHttpClient.execute(CloseableHttpClient.java:87)
	at org.apache.hc.client5.http.impl.classic.CloseableHttpClient.execute(CloseableHttpClient.java:55)
	at org.apache.hc.client5.http.classic.HttpClient.executeOpen(HttpClient.java:183)
	at org.springframework.http.client.HttpComponentsClientHttpRequest.executeInternal(HttpComponentsClientHttpRequest.java:99)
	at org.springframework.http.client.AbstractStreamingClientHttpRequest.executeInternal(AbstractStreamingClientHttpRequest.java:87)
	at org.springframework.http.client.AbstractClientHttpRequest.execute(AbstractClientHttpRequest.java:80)
	at org.springframework.http.client.AbstractBufferingClientHttpRequest.executeWithRequestAndBody(AbstractBufferingClientHttpRequest.java:89)
	at org.springframework.http.client.InterceptingClientHttpRequest$EndOfChainRequestExecution.execute(InterceptingClientHttpRequest.java:102)
	at org.springframework.cloud.netflix.eureka.http.RestClientTransportClientFactory.lambda$newClient$2(RestClientTransportClientFactory.java:98)
	at org.springframework.http.client.ClientHttpRequestInterceptor.lambda$apply$0(ClientHttpRequestInterceptor.java:89)
	at org.springframework.http.client.InterceptingClientHttpRequest.executeInternal(InterceptingClientHttpRequest.java:73)
	at org.springframework.http.client.AbstractBufferingClientHttpRequest.executeInternal(AbstractBufferingClientHttpRequest.java:50)
	at org.springframework.http.client.AbstractClientHttpRequest.execute(AbstractClientHttpRequest.java:80)
	at org.springframework.web.client.DefaultRestClient$DefaultRequestBodyUriSpec.exchangeInternal(DefaultRestClient.java:614)
	... 40 more

2026-05-13 08:21:08.776 [SpringApplicationShutdownHook] WARN  [traceId=, spanId=] c.n.d.s.t.d.RetryableEurekaHttpClient — Request execution failed with message: I/O error on DELETE request for "http://localhost:8761/eureka/apps/TAVIA-AI-SERVICE/10.0.0.139:tavia-ai-service:8084": Connect to http://localhost:8761 failed: Connection refused
2026-05-13 08:21:08.776 [SpringApplicationShutdownHook] ERROR [traceId=, spanId=] c.netflix.discovery.DiscoveryClient — DiscoveryClient_TAVIA-AI-SERVICE/10.0.0.139:tavia-ai-service:8084 - de-registration failedCannot execute request on any known server
com.netflix.discovery.shared.transport.TransportException: Cannot execute request on any known server
	at com.netflix.discovery.shared.transport.decorator.RetryableEurekaHttpClient.execute(RetryableEurekaHttpClient.java:112)
	at com.netflix.discovery.shared.transport.decorator.EurekaHttpClientDecorator.cancel(EurekaHttpClientDecorator.java:71)
	at com.netflix.discovery.shared.transport.decorator.EurekaHttpClientDecorator$2.execute(EurekaHttpClientDecorator.java:74)
	at com.netflix.discovery.shared.transport.decorator.SessionedEurekaHttpClient.execute(SessionedEurekaHttpClient.java:76)
	at com.netflix.discovery.shared.transport.decorator.EurekaHttpClientDecorator.cancel(EurekaHttpClientDecorator.java:71)
	at com.netflix.discovery.DiscoveryClient.unregister(DiscoveryClient.java:919)
	at com.netflix.discovery.DiscoveryClient.shutdown(DiscoveryClient.java:900)
	at java.base/jdk.internal.reflect.DirectMethodHandleAccessor.invoke(DirectMethodHandleAccessor.java:103)
	at java.base/java.lang.reflect.Method.invoke(Method.java:580)
	at org.springframework.beans.factory.annotation.InitDestroyAnnotationBeanPostProcessor$LifecycleMethod.invoke(InitDestroyAnnotationBeanPostProcessor.java:453)
	at org.springframework.beans.factory.annotation.InitDestroyAnnotationBeanPostProcessor$LifecycleMetadata.invokeDestroyMethods(InitDestroyAnnotationBeanPostProcessor.java:411)
	at org.springframework.beans.factory.annotation.InitDestroyAnnotationBeanPostProcessor.postProcessBeforeDestruction(InitDestroyAnnotationBeanPostProcessor.java:237)
	at org.springframework.beans.factory.support.DisposableBeanAdapter.destroy(DisposableBeanAdapter.java:200)
	at org.springframework.beans.factory.support.DisposableBeanAdapter.run(DisposableBeanAdapter.java:193)
	at org.springframework.cloud.context.scope.GenericScope$BeanLifecycleWrapper.destroy(GenericScope.java:387)
	at org.springframework.cloud.context.scope.GenericScope.destroy(GenericScope.java:134)
	at org.springframework.beans.factory.support.DisposableBeanAdapter.destroy(DisposableBeanAdapter.java:209)
	at org.springframework.beans.factory.support.DefaultSingletonBeanRegistry.destroyBean(DefaultSingletonBeanRegistry.java:795)
	at org.springframework.beans.factory.support.DefaultSingletonBeanRegistry.destroySingleton(DefaultSingletonBeanRegistry.java:745)
	at org.springframework.beans.factory.support.DefaultListableBeanFactory.destroySingleton(DefaultListableBeanFactory.java:1500)
	at org.springframework.beans.factory.support.DefaultSingletonBeanRegistry.destroySingletons(DefaultSingletonBeanRegistry.java:704)
	at org.springframework.beans.factory.support.DefaultListableBeanFactory.destroySingletons(DefaultListableBeanFactory.java:1493)
	at org.springframework.context.support.AbstractApplicationContext.destroyBeans(AbstractApplicationContext.java:1246)
	at org.springframework.context.support.AbstractApplicationContext.doClose(AbstractApplicationContext.java:1207)
	at org.springframework.boot.web.server.servlet.context.ServletWebServerApplicationContext.doClose(ServletWebServerApplicationContext.java:176)
	at org.springframework.context.support.AbstractApplicationContext.close(AbstractApplicationContext.java:1153)
	at org.springframework.boot.SpringApplicationShutdownHook.closeAndWait(SpringApplicationShutdownHook.java:147)
	at java.base/java.lang.Iterable.forEach(Iterable.java:75)
	at org.springframework.boot.SpringApplicationShutdownHook.run(SpringApplicationShutdownHook.java:116)
	at java.base/java.lang.Thread.run(Thread.java:1583)
2026-05-13 08:21:08.779 [SpringApplicationShutdownHook] INFO  [traceId=, spanId=] c.netflix.discovery.DiscoveryClient — Completed shut down of DiscoveryClient
