2026-05-13 06:14:10.884 [background-preinit] INFO  [traceId=, spanId=] o.h.validator.internal.util.Version — HV000001: Hibernate Validator 9.0.1.Final
2026-05-13 06:14:10.910 [restartedMain] INFO  [traceId=, spanId=] c.t.c.ContextServiceApplication — Starting ContextServiceApplication using Java 21.0.10 with PID 21847 (/home/tuna/Desktop/tavia_v2/tavia-context-service/build/classes/java/main started by tuna in /home/tuna/Desktop/tavia_v2/tavia-context-service)
2026-05-13 06:14:10.910 [restartedMain] DEBUG [traceId=, spanId=] c.t.c.ContextServiceApplication — Running with Spring Boot v4.0.6, Spring v7.0.7
2026-05-13 06:14:10.911 [restartedMain] INFO  [traceId=, spanId=] c.t.c.ContextServiceApplication — No active profile set, falling back to 1 default profile: "default"
2026-05-13 06:14:10.948 [restartedMain] INFO  [traceId=, spanId=] o.s.c.c.c.ConfigServerConfigDataLoader — Fetching config from server at : http://localhost:8888
2026-05-13 06:14:10.949 [restartedMain] INFO  [traceId=, spanId=] o.s.c.c.c.ConfigServerConfigDataLoader — Located environment: name=tavia-context-service, profiles=[default], label=null, version=null, state=null
2026-05-13 06:14:10.952 [restartedMain] INFO  [traceId=, spanId=] o.s.b.d.e.DevToolsPropertyDefaultsPostProcessor — Devtools property defaults active! Set 'spring.devtools.add-properties' to 'false' to disable
2026-05-13 06:14:10.952 [restartedMain] INFO  [traceId=, spanId=] o.s.b.d.e.DevToolsPropertyDefaultsPostProcessor — For additional web related logging consider setting the 'logging.level.web' property to 'DEBUG'
2026-05-13 06:14:11.535 [restartedMain] INFO  [traceId=, spanId=] o.s.cloud.context.scope.GenericScope — BeanFactory id=a0a5374f-144e-39ce-bc94-334cc4ee8820
2026-05-13 06:14:11.805 [restartedMain] INFO  [traceId=, spanId=] o.s.boot.tomcat.TomcatWebServer — Tomcat initialized with port 8087 (http)
2026-05-13 06:14:11.815 [restartedMain] INFO  [traceId=, spanId=] o.a.coyote.http11.Http11NioProtocol — Initializing ProtocolHandler ["http-nio-8087"]
2026-05-13 06:14:11.817 [restartedMain] INFO  [traceId=, spanId=] o.a.catalina.core.StandardService — Starting service [Tomcat]
2026-05-13 06:14:11.817 [restartedMain] INFO  [traceId=, spanId=] o.a.catalina.core.StandardEngine — Starting Servlet engine: [Apache Tomcat/11.0.21]
2026-05-13 06:14:11.848 [restartedMain] INFO  [traceId=, spanId=] o.s.b.w.c.s.WebApplicationContextInitializer — Root WebApplicationContext: initialization completed in 896 ms
2026-05-13 06:14:12.223 [restartedMain] INFO  [traceId=, spanId=] o.s.c.n.e.c.DiscoveryClientOptionalArgsConfiguration — Eureka HTTP Client uses RestClient.
2026-05-13 06:14:12.232 [restartedMain] INFO  [traceId=, spanId=] o.s.c.n.eureka.InstanceInfoFactory — Setting initial instance status as: STARTING
2026-05-13 06:14:12.254 [restartedMain] INFO  [traceId=, spanId=] c.netflix.discovery.DiscoveryClient — Initializing Eureka in region us-east-1
2026-05-13 06:14:12.256 [restartedMain] INFO  [traceId=, spanId=] c.n.d.s.r.aws.ConfigClusterResolver — Resolving eureka endpoints via configuration
2026-05-13 06:14:12.261 [restartedMain] INFO  [traceId=, spanId=] c.netflix.discovery.DiscoveryClient — Disable delta property : false
2026-05-13 06:14:12.261 [restartedMain] INFO  [traceId=, spanId=] c.netflix.discovery.DiscoveryClient — Single vip registry refresh property : null
2026-05-13 06:14:12.261 [restartedMain] INFO  [traceId=, spanId=] c.netflix.discovery.DiscoveryClient — Force full registry fetch : false
2026-05-13 06:14:12.261 [restartedMain] INFO  [traceId=, spanId=] c.netflix.discovery.DiscoveryClient — Application is null : false
2026-05-13 06:14:12.261 [restartedMain] INFO  [traceId=, spanId=] c.netflix.discovery.DiscoveryClient — Registered Applications size is zero : true
2026-05-13 06:14:12.261 [restartedMain] INFO  [traceId=, spanId=] c.netflix.discovery.DiscoveryClient — Application version is -1: true
2026-05-13 06:14:12.262 [restartedMain] INFO  [traceId=, spanId=] c.netflix.discovery.DiscoveryClient — Getting all instance registry info from the eureka server
2026-05-13 06:14:12.475 [restartedMain] INFO  [traceId=, spanId=] c.netflix.discovery.DiscoveryClient — The response status is 200
2026-05-13 06:14:12.476 [restartedMain] INFO  [traceId=, spanId=] c.netflix.discovery.DiscoveryClient — Starting heartbeat executor: renew interval is: 30
2026-05-13 06:14:12.477 [restartedMain] INFO  [traceId=, spanId=] c.n.discovery.InstanceInfoReplicator — InstanceInfoReplicator onDemand update allowed rate per min is 4
2026-05-13 06:14:12.478 [restartedMain] INFO  [traceId=, spanId=] c.netflix.discovery.DiscoveryClient — Discovery Client initialized at timestamp 1778642052478 with initial instances count: 7
2026-05-13 06:14:12.480 [restartedMain] INFO  [traceId=, spanId=] o.s.c.n.e.s.EurekaServiceRegistry — Registering application TAVIA-CONTEXT-SERVICE with eureka with status UP
2026-05-13 06:14:12.480 [restartedMain] INFO  [traceId=, spanId=] c.netflix.discovery.DiscoveryClient — Saw local status change event StatusChangeEvent [timestamp=1778642052480, current=UP, previous=STARTING]
2026-05-13 06:14:12.481 [DiscoveryClient-InstanceInfoReplicator-%d] INFO  [traceId=, spanId=] c.netflix.discovery.DiscoveryClient — DiscoveryClient_TAVIA-CONTEXT-SERVICE/10.0.0.139:tavia-context-service:8087: registering service...
2026-05-13 06:14:12.481 [restartedMain] INFO  [traceId=, spanId=] o.a.coyote.http11.Http11NioProtocol — Starting ProtocolHandler ["http-nio-8087"]
2026-05-13 06:14:12.491 [restartedMain] INFO  [traceId=, spanId=] o.s.boot.tomcat.TomcatWebServer — Tomcat started on port 8087 (http) with context path '/'
2026-05-13 06:14:12.493 [restartedMain] INFO  [traceId=, spanId=] o.s.c.n.e.s.EurekaAutoServiceRegistration — Updating port to 8087
2026-05-13 06:14:12.510 [DiscoveryClient-InstanceInfoReplicator-%d] INFO  [traceId=, spanId=] c.netflix.discovery.DiscoveryClient — DiscoveryClient_TAVIA-CONTEXT-SERVICE/10.0.0.139:tavia-context-service:8087 - registration status: 204
2026-05-13 06:14:12.526 [restartedMain] INFO  [traceId=, spanId=] c.t.c.ContextServiceApplication — Started ContextServiceApplication in 2.37 seconds (process running for 2.778)
2026-05-13 06:14:12.530 [restartedMain] WARN  [traceId=, spanId=] o.s.c.events.SpringDocAppInitializer — SpringDoc /v3/api-docs endpoint is enabled by default. To disable it in production, set the property 'springdoc.api-docs.enabled=false'
2026-05-13 06:14:12.530 [restartedMain] WARN  [traceId=, spanId=] o.s.c.events.SpringDocAppInitializer — SpringDoc /swagger-ui.html endpoint is enabled by default. To disable it in production, set the property 'springdoc.swagger-ui.enabled=false'
2026-05-13 06:19:12.263 [AsyncResolver-bootstrap-executor-%d] INFO  [traceId=, spanId=] c.n.d.s.r.aws.ConfigClusterResolver — Resolving eureka endpoints via configuration
2026-05-13 06:22:10.269 [http-nio-8087-exec-1] INFO  [traceId=, spanId=] o.a.c.c.C.[Tomcat].[localhost].[/] — Initializing Spring DispatcherServlet 'dispatcherServlet'
2026-05-13 06:22:10.270 [http-nio-8087-exec-1] INFO  [traceId=, spanId=] o.s.web.servlet.DispatcherServlet — Initializing Servlet 'dispatcherServlet'
2026-05-13 06:22:10.429 [http-nio-8087-exec-1] INFO  [traceId=, spanId=] o.s.web.servlet.DispatcherServlet — Completed initialization in 159 ms
2026-05-13 06:22:10.456 [http-nio-8087-exec-1] INFO  [traceId=, spanId=] c.t.c.service.ContextServiceImpl — Context generated — weather: SUNNY, activeEvent: EXAM_WEEK, competitorIntensity: MEDIUM
2026-05-13 06:22:35.207 [http-nio-8087-exec-2] INFO  [traceId=, spanId=] c.t.c.service.ContextServiceImpl — Context generated — weather: RAINY, activeEvent: EXAM_WEEK, competitorIntensity: LOW
2026-05-13 06:22:54.564 [http-nio-8087-exec-3] INFO  [traceId=, spanId=] c.t.c.service.ContextServiceImpl — Context generated — weather: SUNNY, activeEvent: HOLIDAY, competitorIntensity: LOW
2026-05-13 06:24:12.263 [AsyncResolver-bootstrap-executor-%d] INFO  [traceId=, spanId=] c.n.d.s.r.aws.ConfigClusterResolver — Resolving eureka endpoints via configuration
2026-05-13 06:24:28.871 [http-nio-8087-exec-6] INFO  [traceId=, spanId=] c.t.c.service.ContextServiceImpl — Context generated — weather: SUNNY, activeEvent: HOLIDAY, competitorIntensity: HIGH
2026-05-13 06:26:10.303 [http-nio-8087-exec-8] INFO  [traceId=, spanId=] c.t.c.service.ContextServiceImpl — Context generated — weather: RAINY, activeEvent: EXAM_WEEK, competitorIntensity: MEDIUM
2026-05-13 06:27:08.881 [http-nio-8087-exec-9] INFO  [traceId=, spanId=] c.t.c.service.ContextServiceImpl — Context generated — weather: SUNNY, activeEvent: NONE, competitorIntensity: MEDIUM
2026-05-13 06:29:12.267 [AsyncResolver-bootstrap-executor-%d] INFO  [traceId=, spanId=] c.n.d.s.r.aws.ConfigClusterResolver — Resolving eureka endpoints via configuration
2026-05-13 06:30:37.916 [SpringApplicationShutdownHook] INFO  [traceId=, spanId=] o.s.c.n.e.s.EurekaServiceRegistry — Unregistering application TAVIA-CONTEXT-SERVICE with eureka with status DOWN
2026-05-13 06:30:37.917 [SpringApplicationShutdownHook] INFO  [traceId=, spanId=] c.netflix.discovery.DiscoveryClient — Saw local status change event StatusChangeEvent [timestamp=1778643037917, current=DOWN, previous=UP]
2026-05-13 06:30:37.919 [DiscoveryClient-InstanceInfoReplicator-%d] INFO  [traceId=, spanId=] c.netflix.discovery.DiscoveryClient — DiscoveryClient_TAVIA-CONTEXT-SERVICE/10.0.0.139:tavia-context-service:8087: registering service...
2026-05-13 06:30:37.921 [SpringApplicationShutdownHook] INFO  [traceId=, spanId=] o.s.boot.tomcat.GracefulShutdown — Commencing graceful shutdown. Waiting for active requests to complete
2026-05-13 06:30:37.928 [DiscoveryClient-InstanceInfoReplicator-%d] INFO  [traceId=, spanId=] c.netflix.discovery.DiscoveryClient — DiscoveryClient_TAVIA-CONTEXT-SERVICE/10.0.0.139:tavia-context-service:8087 - registration status: 204
2026-05-13 06:30:37.934 [tomcat-shutdown] INFO  [traceId=, spanId=] o.s.boot.tomcat.GracefulShutdown — Graceful shutdown complete
2026-05-13 06:30:37.948 [SpringApplicationShutdownHook] INFO  [traceId=, spanId=] c.netflix.discovery.DiscoveryClient — Shutting down DiscoveryClient ...
2026-05-13 06:30:40.948 [SpringApplicationShutdownHook] INFO  [traceId=, spanId=] c.netflix.discovery.DiscoveryClient — Unregistering ...
2026-05-13 06:30:40.956 [SpringApplicationShutdownHook] INFO  [traceId=, spanId=] c.n.d.s.t.d.RedirectingEurekaHttpClient — Request execution error. endpoint=DefaultEndpoint{ serviceUrl='http://localhost:8761/eureka/} exception=I/O error on DELETE request for "http://localhost:8761/eureka/apps/TAVIA-CONTEXT-SERVICE/10.0.0.139:tavia-context-service:8087": Connect to http://localhost:8761 failed: Connection refused stacktrace=org.springframework.web.client.ResourceAccessException: I/O error on DELETE request for "http://localhost:8761/eureka/apps/TAVIA-CONTEXT-SERVICE/10.0.0.139:tavia-context-service:8087": Connect to http://localhost:8761 failed: Connection refused
	at org.springframework.web.client.DefaultRestClient$DefaultRequestBodyUriSpec.createResourceAccessException(DefaultRestClient.java:779)
	at org.springframework.web.client.DefaultRestClient$DefaultRequestBodyUriSpec.exchangeInternal(DefaultRestClient.java:624)
	at org.springframework.web.client.DefaultRestClient$DefaultRequestBodyUriSpec.exchange(DefaultRestClient.java:572)
	at org.springframework.web.client.RestClient$RequestHeadersSpec.exchange(RestClient.java:747)
	at org.springframework.web.client.DefaultRestClient$DefaultResponseSpec.executeAndExtract(DefaultRestClient.java:924)
	at org.springframework.web.client.DefaultRestClient$DefaultResponseSpec.toBodilessEntity(DefaultRestClient.java:888)
	at org.springframework.cloud.netflix.eureka.http.RestClientEurekaHttpClient.cancel(RestClientEurekaHttpClient.java:73)
	at com.netflix.discovery.shared.transport.decorator.EurekaHttpClientDecorator$2.execute(EurekaHttpClientDecorator.java:74)
	at com.netflix.discovery.shared.transport.decorator.RedirectingEurekaHttpClient.execute(RedirectingEurekaHttpClient.java:91)
	at com.netflix.discovery.shared.transport.decorator.EurekaHttpClientDecorator.cancel(EurekaHttpClientDecorator.java:71)
	at com.netflix.discovery.shared.transport.decorator.EurekaHttpClientDecorator$2.execute(EurekaHttpClientDecorator.java:74)
	at com.netflix.discovery.shared.transport.decorator.RetryableEurekaHttpClient.execute(RetryableEurekaHttpClient.java:120)
	at com.netflix.discovery.shared.transport.decorator.EurekaHttpClientDecorator.cancel(EurekaHttpClientDecorator.java:71)
	at com.netflix.discovery.shared.transport.decorator.EurekaHttpClientDecorator$2.execute(EurekaHttpClientDecorator.java:74)
	at com.netflix.discovery.shared.transport.decorator.SessionedEurekaHttpClient.execute(SessionedEurekaHttpClient.java:76)
	at com.netflix.discovery.shared.transport.decorator.EurekaHttpClientDecorator.cancel(EurekaHttpClientDecorator.java:71)
	at com.netflix.discovery.DiscoveryClient.unregister(DiscoveryClient.java:919)
	at com.netflix.discovery.DiscoveryClient.shutdown(DiscoveryClient.java:900)
	at java.base/jdk.internal.reflect.DirectMethodHandleAccessor.invoke(DirectMethodHandleAccessor.java:103)
	at java.base/java.lang.reflect.Method.invoke(Method.java:580)
	at org.springframework.beans.factory.annotation.InitDestroyAnnotationBeanPostProcessor$LifecycleMethod.invoke(InitDestroyAnnotationBeanPostProcessor.java:453)
	at org.springframework.beans.factory.annotation.InitDestroyAnnotationBeanPostProcessor$LifecycleMetadata.invokeDestroyMethods(InitDestroyAnnotationBeanPostProcessor.java:411)
	at org.springframework.beans.factory.annotation.InitDestroyAnnotationBeanPostProcessor.postProcessBeforeDestruction(InitDestroyAnnotationBeanPostProcessor.java:237)
	at org.springframework.beans.factory.support.DisposableBeanAdapter.destroy(DisposableBeanAdapter.java:200)
	at org.springframework.beans.factory.support.DisposableBeanAdapter.run(DisposableBeanAdapter.java:193)
	at org.springframework.cloud.context.scope.GenericScope$BeanLifecycleWrapper.destroy(GenericScope.java:387)
	at org.springframework.cloud.context.scope.GenericScope.destroy(GenericScope.java:134)
	at org.springframework.beans.factory.support.DisposableBeanAdapter.destroy(DisposableBeanAdapter.java:209)
	at org.springframework.beans.factory.support.DefaultSingletonBeanRegistry.destroyBean(DefaultSingletonBeanRegistry.java:795)
	at org.springframework.beans.factory.support.DefaultSingletonBeanRegistry.destroySingleton(DefaultSingletonBeanRegistry.java:745)
	at org.springframework.beans.factory.support.DefaultListableBeanFactory.destroySingleton(DefaultListableBeanFactory.java:1500)
	at org.springframework.beans.factory.support.DefaultSingletonBeanRegistry.destroySingletons(DefaultSingletonBeanRegistry.java:704)
	at org.springframework.beans.factory.support.DefaultListableBeanFactory.destroySingletons(DefaultListableBeanFactory.java:1493)
	at org.springframework.context.support.AbstractApplicationContext.destroyBeans(AbstractApplicationContext.java:1246)
	at org.springframework.context.support.AbstractApplicationContext.doClose(AbstractApplicationContext.java:1207)
	at org.springframework.boot.web.server.servlet.context.ServletWebServerApplicationContext.doClose(ServletWebServerApplicationContext.java:176)
	at org.springframework.context.support.AbstractApplicationContext.close(AbstractApplicationContext.java:1153)
	at org.springframework.boot.SpringApplicationShutdownHook.closeAndWait(SpringApplicationShutdownHook.java:147)
	at java.base/java.lang.Iterable.forEach(Iterable.java:75)
	at org.springframework.boot.SpringApplicationShutdownHook.run(SpringApplicationShutdownHook.java:116)
	at java.base/java.lang.Thread.run(Thread.java:1583)
Caused by: org.apache.hc.client5.http.HttpHostConnectException: Connect to http://localhost:8761 failed: Connection refused
	at java.base/sun.nio.ch.Net.pollConnect(Native Method)
	at java.base/sun.nio.ch.Net.pollConnectNow(Net.java:694)
	at java.base/sun.nio.ch.NioSocketImpl.timedFinishConnect(NioSocketImpl.java:542)
	at java.base/sun.nio.ch.NioSocketImpl.connect(NioSocketImpl.java:592)
	at java.base/java.net.SocksSocketImpl.connect(SocksSocketImpl.java:327)
	at java.base/java.net.Socket.connect(Socket.java:751)
	at org.apache.hc.client5.http.impl.io.DefaultHttpClientConnectionOperator.connect(DefaultHttpClientConnectionOperator.java:226)
	at org.apache.hc.client5.http.impl.io.PoolingHttpClientConnectionManager.connect(PoolingHttpClientConnectionManager.java:497)
	at org.apache.hc.client5.http.impl.classic.InternalExecRuntime.connectEndpoint(InternalExecRuntime.java:164)
	at org.apache.hc.client5.http.impl.classic.InternalExecRuntime.connectEndpoint(InternalExecRuntime.java:174)
	at org.apache.hc.client5.http.impl.classic.ConnectExec.execute(ConnectExec.java:144)
	at org.apache.hc.client5.http.impl.classic.ExecChainElement.execute(ExecChainElement.java:51)
	at org.apache.hc.client5.http.impl.classic.ProtocolExec.execute(ProtocolExec.java:195)
	at org.apache.hc.client5.http.impl.classic.ExecChainElement.execute(ExecChainElement.java:51)
	at org.apache.hc.client5.http.impl.classic.ContentCompressionExec.execute(ContentCompressionExec.java:168)
	at org.apache.hc.client5.http.impl.classic.ExecChainElement.execute(ExecChainElement.java:51)
	at org.apache.hc.client5.http.impl.classic.HttpRequestRetryExec.execute(HttpRequestRetryExec.java:112)
	at org.apache.hc.client5.http.impl.classic.ExecChainElement.execute(ExecChainElement.java:51)
	at org.apache.hc.client5.http.impl.classic.RedirectExec.execute(RedirectExec.java:110)
	at org.apache.hc.client5.http.impl.classic.ExecChainElement.execute(ExecChainElement.java:51)
	at org.apache.hc.client5.http.impl.classic.InternalHttpClient.doExecute(InternalHttpClient.java:185)
	at org.apache.hc.client5.http.impl.classic.CloseableHttpClient.execute(CloseableHttpClient.java:87)
	at org.apache.hc.client5.http.impl.classic.CloseableHttpClient.execute(CloseableHttpClient.java:55)
	at org.apache.hc.client5.http.classic.HttpClient.executeOpen(HttpClient.java:183)
	at org.springframework.http.client.HttpComponentsClientHttpRequest.executeInternal(HttpComponentsClientHttpRequest.java:99)
	at org.springframework.http.client.AbstractStreamingClientHttpRequest.executeInternal(AbstractStreamingClientHttpRequest.java:87)
	at org.springframework.http.client.AbstractClientHttpRequest.execute(AbstractClientHttpRequest.java:80)
	at org.springframework.http.client.AbstractBufferingClientHttpRequest.executeWithRequestAndBody(AbstractBufferingClientHttpRequest.java:89)
	at org.springframework.http.client.InterceptingClientHttpRequest$EndOfChainRequestExecution.execute(InterceptingClientHttpRequest.java:102)
	at org.springframework.cloud.netflix.eureka.http.RestClientTransportClientFactory.lambda$newClient$2(RestClientTransportClientFactory.java:98)
	at org.springframework.http.client.ClientHttpRequestInterceptor.lambda$apply$0(ClientHttpRequestInterceptor.java:89)
	at org.springframework.http.client.InterceptingClientHttpRequest.executeInternal(InterceptingClientHttpRequest.java:73)
	at org.springframework.http.client.AbstractBufferingClientHttpRequest.executeInternal(AbstractBufferingClientHttpRequest.java:50)
	at org.springframework.http.client.AbstractClientHttpRequest.execute(AbstractClientHttpRequest.java:80)
	at org.springframework.web.client.DefaultRestClient$DefaultRequestBodyUriSpec.exchangeInternal(DefaultRestClient.java:614)
	... 39 more

2026-05-13 06:30:40.957 [SpringApplicationShutdownHook] WARN  [traceId=, spanId=] c.n.d.s.t.d.RetryableEurekaHttpClient — Request execution failed with message: I/O error on DELETE request for "http://localhost:8761/eureka/apps/TAVIA-CONTEXT-SERVICE/10.0.0.139:tavia-context-service:8087": Connect to http://localhost:8761 failed: Connection refused
2026-05-13 06:30:40.961 [SpringApplicationShutdownHook] INFO  [traceId=, spanId=] c.n.d.s.t.d.RedirectingEurekaHttpClient — Request execution error. endpoint=DefaultEndpoint{ serviceUrl='http://localhost:8761/eureka/}, exception=I/O error on DELETE request for "http://localhost:8761/eureka/apps/TAVIA-CONTEXT-SERVICE/10.0.0.139:tavia-context-service:8087": Connect to http://localhost:8761 failed: Connection refused stacktrace=org.springframework.web.client.ResourceAccessException: I/O error on DELETE request for "http://localhost:8761/eureka/apps/TAVIA-CONTEXT-SERVICE/10.0.0.139:tavia-context-service:8087": Connect to http://localhost:8761 failed: Connection refused
	at org.springframework.web.client.DefaultRestClient$DefaultRequestBodyUriSpec.createResourceAccessException(DefaultRestClient.java:779)
	at org.springframework.web.client.DefaultRestClient$DefaultRequestBodyUriSpec.exchangeInternal(DefaultRestClient.java:624)
	at org.springframework.web.client.DefaultRestClient$DefaultRequestBodyUriSpec.exchange(DefaultRestClient.java:572)
	at org.springframework.web.client.RestClient$RequestHeadersSpec.exchange(RestClient.java:747)
	at org.springframework.web.client.DefaultRestClient$DefaultResponseSpec.executeAndExtract(DefaultRestClient.java:924)
	at org.springframework.web.client.DefaultRestClient$DefaultResponseSpec.toBodilessEntity(DefaultRestClient.java:888)
	at org.springframework.cloud.netflix.eureka.http.RestClientEurekaHttpClient.cancel(RestClientEurekaHttpClient.java:73)
	at com.netflix.discovery.shared.transport.decorator.EurekaHttpClientDecorator$2.execute(EurekaHttpClientDecorator.java:74)
	at com.netflix.discovery.shared.transport.decorator.RedirectingEurekaHttpClient.executeOnNewServer(RedirectingEurekaHttpClient.java:121)
	at com.netflix.discovery.shared.transport.decorator.RedirectingEurekaHttpClient.execute(RedirectingEurekaHttpClient.java:80)
	at com.netflix.discovery.shared.transport.decorator.EurekaHttpClientDecorator.cancel(EurekaHttpClientDecorator.java:71)
	at com.netflix.discovery.shared.transport.decorator.EurekaHttpClientDecorator$2.execute(EurekaHttpClientDecorator.java:74)
	at com.netflix.discovery.shared.transport.decorator.RetryableEurekaHttpClient.execute(RetryableEurekaHttpClient.java:120)
	at com.netflix.discovery.shared.transport.decorator.EurekaHttpClientDecorator.cancel(EurekaHttpClientDecorator.java:71)
	at com.netflix.discovery.shared.transport.decorator.EurekaHttpClientDecorator$2.execute(EurekaHttpClientDecorator.java:74)
	at com.netflix.discovery.shared.transport.decorator.SessionedEurekaHttpClient.execute(SessionedEurekaHttpClient.java:76)
	at com.netflix.discovery.shared.transport.decorator.EurekaHttpClientDecorator.cancel(EurekaHttpClientDecorator.java:71)
	at com.netflix.discovery.DiscoveryClient.unregister(DiscoveryClient.java:919)
	at com.netflix.discovery.DiscoveryClient.shutdown(DiscoveryClient.java:900)
	at java.base/jdk.internal.reflect.DirectMethodHandleAccessor.invoke(DirectMethodHandleAccessor.java:103)
	at java.base/java.lang.reflect.Method.invoke(Method.java:580)
	at org.springframework.beans.factory.annotation.InitDestroyAnnotationBeanPostProcessor$LifecycleMethod.invoke(InitDestroyAnnotationBeanPostProcessor.java:453)
	at org.springframework.beans.factory.annotation.InitDestroyAnnotationBeanPostProcessor$LifecycleMetadata.invokeDestroyMethods(InitDestroyAnnotationBeanPostProcessor.java:411)
	at org.springframework.beans.factory.annotation.InitDestroyAnnotationBeanPostProcessor.postProcessBeforeDestruction(InitDestroyAnnotationBeanPostProcessor.java:237)
	at org.springframework.beans.factory.support.DisposableBeanAdapter.destroy(DisposableBeanAdapter.java:200)
	at org.springframework.beans.factory.support.DisposableBeanAdapter.run(DisposableBeanAdapter.java:193)
	at org.springframework.cloud.context.scope.GenericScope$BeanLifecycleWrapper.destroy(GenericScope.java:387)
	at org.springframework.cloud.context.scope.GenericScope.destroy(GenericScope.java:134)
	at org.springframework.beans.factory.support.DisposableBeanAdapter.destroy(DisposableBeanAdapter.java:209)
	at org.springframework.beans.factory.support.DefaultSingletonBeanRegistry.destroyBean(DefaultSingletonBeanRegistry.java:795)
	at org.springframework.beans.factory.support.DefaultSingletonBeanRegistry.destroySingleton(DefaultSingletonBeanRegistry.java:745)
	at org.springframework.beans.factory.support.DefaultListableBeanFactory.destroySingleton(DefaultListableBeanFactory.java:1500)
	at org.springframework.beans.factory.support.DefaultSingletonBeanRegistry.destroySingletons(DefaultSingletonBeanRegistry.java:704)
	at org.springframework.beans.factory.support.DefaultListableBeanFactory.destroySingletons(DefaultListableBeanFactory.java:1493)
	at org.springframework.context.support.AbstractApplicationContext.destroyBeans(AbstractApplicationContext.java:1246)
	at org.springframework.context.support.AbstractApplicationContext.doClose(AbstractApplicationContext.java:1207)
	at org.springframework.boot.web.server.servlet.context.ServletWebServerApplicationContext.doClose(ServletWebServerApplicationContext.java:176)
	at org.springframework.context.support.AbstractApplicationContext.close(AbstractApplicationContext.java:1153)
	at org.springframework.boot.SpringApplicationShutdownHook.closeAndWait(SpringApplicationShutdownHook.java:147)
	at java.base/java.lang.Iterable.forEach(Iterable.java:75)
	at org.springframework.boot.SpringApplicationShutdownHook.run(SpringApplicationShutdownHook.java:116)
	at java.base/java.lang.Thread.run(Thread.java:1583)
Caused by: org.apache.hc.client5.http.HttpHostConnectException: Connect to http://localhost:8761 failed: Connection refused
	at java.base/sun.nio.ch.Net.pollConnect(Native Method)
	at java.base/sun.nio.ch.Net.pollConnectNow(Net.java:694)
	at java.base/sun.nio.ch.NioSocketImpl.timedFinishConnect(NioSocketImpl.java:542)
	at java.base/sun.nio.ch.NioSocketImpl.connect(NioSocketImpl.java:592)
	at java.base/java.net.SocksSocketImpl.connect(SocksSocketImpl.java:327)
	at java.base/java.net.Socket.connect(Socket.java:751)
	at org.apache.hc.client5.http.impl.io.DefaultHttpClientConnectionOperator.connect(DefaultHttpClientConnectionOperator.java:226)
	at org.apache.hc.client5.http.impl.io.PoolingHttpClientConnectionManager.connect(PoolingHttpClientConnectionManager.java:497)
	at org.apache.hc.client5.http.impl.classic.InternalExecRuntime.connectEndpoint(InternalExecRuntime.java:164)
	at org.apache.hc.client5.http.impl.classic.InternalExecRuntime.connectEndpoint(InternalExecRuntime.java:174)
	at org.apache.hc.client5.http.impl.classic.ConnectExec.execute(ConnectExec.java:144)
	at org.apache.hc.client5.http.impl.classic.ExecChainElement.execute(ExecChainElement.java:51)
	at org.apache.hc.client5.http.impl.classic.ProtocolExec.execute(ProtocolExec.java:195)
	at org.apache.hc.client5.http.impl.classic.ExecChainElement.execute(ExecChainElement.java:51)
	at org.apache.hc.client5.http.impl.classic.ContentCompressionExec.execute(ContentCompressionExec.java:168)
	at org.apache.hc.client5.http.impl.classic.ExecChainElement.execute(ExecChainElement.java:51)
	at org.apache.hc.client5.http.impl.classic.HttpRequestRetryExec.execute(HttpRequestRetryExec.java:112)
	at org.apache.hc.client5.http.impl.classic.ExecChainElement.execute(ExecChainElement.java:51)
	at org.apache.hc.client5.http.impl.classic.RedirectExec.execute(RedirectExec.java:110)
	at org.apache.hc.client5.http.impl.classic.ExecChainElement.execute(ExecChainElement.java:51)
	at org.apache.hc.client5.http.impl.classic.InternalHttpClient.doExecute(InternalHttpClient.java:185)
	at org.apache.hc.client5.http.impl.classic.CloseableHttpClient.execute(CloseableHttpClient.java:87)
	at org.apache.hc.client5.http.impl.classic.CloseableHttpClient.execute(CloseableHttpClient.java:55)
	at org.apache.hc.client5.http.classic.HttpClient.executeOpen(HttpClient.java:183)
	at org.springframework.http.client.HttpComponentsClientHttpRequest.executeInternal(HttpComponentsClientHttpRequest.java:99)
	at org.springframework.http.client.AbstractStreamingClientHttpRequest.executeInternal(AbstractStreamingClientHttpRequest.java:87)
	at org.springframework.http.client.AbstractClientHttpRequest.execute(AbstractClientHttpRequest.java:80)
	at org.springframework.http.client.AbstractBufferingClientHttpRequest.executeWithRequestAndBody(AbstractBufferingClientHttpRequest.java:89)
	at org.springframework.http.client.InterceptingClientHttpRequest$EndOfChainRequestExecution.execute(InterceptingClientHttpRequest.java:102)
	at org.springframework.cloud.netflix.eureka.http.RestClientTransportClientFactory.lambda$newClient$2(RestClientTransportClientFactory.java:98)
	at org.springframework.http.client.ClientHttpRequestInterceptor.lambda$apply$0(ClientHttpRequestInterceptor.java:89)
	at org.springframework.http.client.InterceptingClientHttpRequest.executeInternal(InterceptingClientHttpRequest.java:73)
	at org.springframework.http.client.AbstractBufferingClientHttpRequest.executeInternal(AbstractBufferingClientHttpRequest.java:50)
	at org.springframework.http.client.AbstractClientHttpRequest.execute(AbstractClientHttpRequest.java:80)
	at org.springframework.web.client.DefaultRestClient$DefaultRequestBodyUriSpec.exchangeInternal(DefaultRestClient.java:614)
	... 40 more

2026-05-13 06:30:40.961 [SpringApplicationShutdownHook] WARN  [traceId=, spanId=] c.n.d.s.t.d.RetryableEurekaHttpClient — Request execution failed with message: I/O error on DELETE request for "http://localhost:8761/eureka/apps/TAVIA-CONTEXT-SERVICE/10.0.0.139:tavia-context-service:8087": Connect to http://localhost:8761 failed: Connection refused
2026-05-13 06:30:40.961 [SpringApplicationShutdownHook] ERROR [traceId=, spanId=] c.netflix.discovery.DiscoveryClient — DiscoveryClient_TAVIA-CONTEXT-SERVICE/10.0.0.139:tavia-context-service:8087 - de-registration failedCannot execute request on any known server
com.netflix.discovery.shared.transport.TransportException: Cannot execute request on any known server
	at com.netflix.discovery.shared.transport.decorator.RetryableEurekaHttpClient.execute(RetryableEurekaHttpClient.java:112)
	at com.netflix.discovery.shared.transport.decorator.EurekaHttpClientDecorator.cancel(EurekaHttpClientDecorator.java:71)
	at com.netflix.discovery.shared.transport.decorator.EurekaHttpClientDecorator$2.execute(EurekaHttpClientDecorator.java:74)
	at com.netflix.discovery.shared.transport.decorator.SessionedEurekaHttpClient.execute(SessionedEurekaHttpClient.java:76)
	at com.netflix.discovery.shared.transport.decorator.EurekaHttpClientDecorator.cancel(EurekaHttpClientDecorator.java:71)
	at com.netflix.discovery.DiscoveryClient.unregister(DiscoveryClient.java:919)
	at com.netflix.discovery.DiscoveryClient.shutdown(DiscoveryClient.java:900)
	at java.base/jdk.internal.reflect.DirectMethodHandleAccessor.invoke(DirectMethodHandleAccessor.java:103)
	at java.base/java.lang.reflect.Method.invoke(Method.java:580)
	at org.springframework.beans.factory.annotation.InitDestroyAnnotationBeanPostProcessor$LifecycleMethod.invoke(InitDestroyAnnotationBeanPostProcessor.java:453)
	at org.springframework.beans.factory.annotation.InitDestroyAnnotationBeanPostProcessor$LifecycleMetadata.invokeDestroyMethods(InitDestroyAnnotationBeanPostProcessor.java:411)
	at org.springframework.beans.factory.annotation.InitDestroyAnnotationBeanPostProcessor.postProcessBeforeDestruction(InitDestroyAnnotationBeanPostProcessor.java:237)
	at org.springframework.beans.factory.support.DisposableBeanAdapter.destroy(DisposableBeanAdapter.java:200)
	at org.springframework.beans.factory.support.DisposableBeanAdapter.run(DisposableBeanAdapter.java:193)
	at org.springframework.cloud.context.scope.GenericScope$BeanLifecycleWrapper.destroy(GenericScope.java:387)
	at org.springframework.cloud.context.scope.GenericScope.destroy(GenericScope.java:134)
	at org.springframework.beans.factory.support.DisposableBeanAdapter.destroy(DisposableBeanAdapter.java:209)
	at org.springframework.beans.factory.support.DefaultSingletonBeanRegistry.destroyBean(DefaultSingletonBeanRegistry.java:795)
	at org.springframework.beans.factory.support.DefaultSingletonBeanRegistry.destroySingleton(DefaultSingletonBeanRegistry.java:745)
	at org.springframework.beans.factory.support.DefaultListableBeanFactory.destroySingleton(DefaultListableBeanFactory.java:1500)
	at org.springframework.beans.factory.support.DefaultSingletonBeanRegistry.destroySingletons(DefaultSingletonBeanRegistry.java:704)
	at org.springframework.beans.factory.support.DefaultListableBeanFactory.destroySingletons(DefaultListableBeanFactory.java:1493)
	at org.springframework.context.support.AbstractApplicationContext.destroyBeans(AbstractApplicationContext.java:1246)
	at org.springframework.context.support.AbstractApplicationContext.doClose(AbstractApplicationContext.java:1207)
	at org.springframework.boot.web.server.servlet.context.ServletWebServerApplicationContext.doClose(ServletWebServerApplicationContext.java:176)
	at org.springframework.context.support.AbstractApplicationContext.close(AbstractApplicationContext.java:1153)
	at org.springframework.boot.SpringApplicationShutdownHook.closeAndWait(SpringApplicationShutdownHook.java:147)
	at java.base/java.lang.Iterable.forEach(Iterable.java:75)
	at org.springframework.boot.SpringApplicationShutdownHook.run(SpringApplicationShutdownHook.java:116)
	at java.base/java.lang.Thread.run(Thread.java:1583)
2026-05-13 06:30:40.967 [SpringApplicationShutdownHook] INFO  [traceId=, spanId=] c.netflix.discovery.DiscoveryClient — Completed shut down of DiscoveryClient
2026-05-13 07:08:57.797 [background-preinit] INFO  [traceId=, spanId=] o.h.validator.internal.util.Version — HV000001: Hibernate Validator 9.0.1.Final
2026-05-13 07:08:57.822 [restartedMain] INFO  [traceId=, spanId=] c.t.c.ContextServiceApplication — Starting ContextServiceApplication using Java 21.0.10 with PID 53526 (/home/tuna/Desktop/tavia_v2/tavia-context-service/build/classes/java/main started by tuna in /home/tuna/Desktop/tavia_v2/tavia-context-service)
2026-05-13 07:08:57.822 [restartedMain] DEBUG [traceId=, spanId=] c.t.c.ContextServiceApplication — Running with Spring Boot v4.0.6, Spring v7.0.7
2026-05-13 07:08:57.823 [restartedMain] INFO  [traceId=, spanId=] c.t.c.ContextServiceApplication — No active profile set, falling back to 1 default profile: "default"
2026-05-13 07:08:57.862 [restartedMain] INFO  [traceId=, spanId=] o.s.c.c.c.ConfigServerConfigDataLoader — Fetching config from server at : http://localhost:8888
2026-05-13 07:08:57.862 [restartedMain] INFO  [traceId=, spanId=] o.s.c.c.c.ConfigServerConfigDataLoader — Located environment: name=tavia-context-service, profiles=[default], label=null, version=null, state=null
2026-05-13 07:08:57.864 [restartedMain] INFO  [traceId=, spanId=] o.s.b.d.e.DevToolsPropertyDefaultsPostProcessor — Devtools property defaults active! Set 'spring.devtools.add-properties' to 'false' to disable
2026-05-13 07:08:57.865 [restartedMain] INFO  [traceId=, spanId=] o.s.b.d.e.DevToolsPropertyDefaultsPostProcessor — For additional web related logging consider setting the 'logging.level.web' property to 'DEBUG'
2026-05-13 07:08:58.554 [restartedMain] INFO  [traceId=, spanId=] o.s.cloud.context.scope.GenericScope — BeanFactory id=a0a5374f-144e-39ce-bc94-334cc4ee8820
2026-05-13 07:08:58.880 [restartedMain] INFO  [traceId=, spanId=] o.s.boot.tomcat.TomcatWebServer — Tomcat initialized with port 8087 (http)
2026-05-13 07:08:58.892 [restartedMain] INFO  [traceId=, spanId=] o.a.coyote.http11.Http11NioProtocol — Initializing ProtocolHandler ["http-nio-8087"]
2026-05-13 07:08:58.894 [restartedMain] INFO  [traceId=, spanId=] o.a.catalina.core.StandardService — Starting service [Tomcat]
2026-05-13 07:08:58.894 [restartedMain] INFO  [traceId=, spanId=] o.a.catalina.core.StandardEngine — Starting Servlet engine: [Apache Tomcat/11.0.21]
2026-05-13 07:08:58.934 [restartedMain] INFO  [traceId=, spanId=] o.s.b.w.c.s.WebApplicationContextInitializer — Root WebApplicationContext: initialization completed in 1069 ms
2026-05-13 07:08:59.381 [restartedMain] INFO  [traceId=, spanId=] o.s.c.n.e.c.DiscoveryClientOptionalArgsConfiguration — Eureka HTTP Client uses RestClient.
2026-05-13 07:08:59.393 [restartedMain] INFO  [traceId=, spanId=] o.s.c.n.eureka.InstanceInfoFactory — Setting initial instance status as: STARTING
2026-05-13 07:08:59.421 [restartedMain] INFO  [traceId=, spanId=] c.netflix.discovery.DiscoveryClient — Initializing Eureka in region us-east-1
2026-05-13 07:08:59.425 [restartedMain] INFO  [traceId=, spanId=] c.n.d.s.r.aws.ConfigClusterResolver — Resolving eureka endpoints via configuration
2026-05-13 07:08:59.432 [restartedMain] INFO  [traceId=, spanId=] c.netflix.discovery.DiscoveryClient — Disable delta property : false
2026-05-13 07:08:59.432 [restartedMain] INFO  [traceId=, spanId=] c.netflix.discovery.DiscoveryClient — Single vip registry refresh property : null
2026-05-13 07:08:59.432 [restartedMain] INFO  [traceId=, spanId=] c.netflix.discovery.DiscoveryClient — Force full registry fetch : false
2026-05-13 07:08:59.432 [restartedMain] INFO  [traceId=, spanId=] c.netflix.discovery.DiscoveryClient — Application is null : false
2026-05-13 07:08:59.432 [restartedMain] INFO  [traceId=, spanId=] c.netflix.discovery.DiscoveryClient — Registered Applications size is zero : true
2026-05-13 07:08:59.432 [restartedMain] INFO  [traceId=, spanId=] c.netflix.discovery.DiscoveryClient — Application version is -1: true
2026-05-13 07:08:59.433 [restartedMain] INFO  [traceId=, spanId=] c.netflix.discovery.DiscoveryClient — Getting all instance registry info from the eureka server
2026-05-13 07:08:59.711 [restartedMain] INFO  [traceId=, spanId=] c.netflix.discovery.DiscoveryClient — The response status is 200
2026-05-13 07:08:59.713 [restartedMain] INFO  [traceId=, spanId=] c.netflix.discovery.DiscoveryClient — Starting heartbeat executor: renew interval is: 30
2026-05-13 07:08:59.715 [restartedMain] INFO  [traceId=, spanId=] c.n.discovery.InstanceInfoReplicator — InstanceInfoReplicator onDemand update allowed rate per min is 4
2026-05-13 07:08:59.716 [restartedMain] INFO  [traceId=, spanId=] c.netflix.discovery.DiscoveryClient — Discovery Client initialized at timestamp 1778645339716 with initial instances count: 5
2026-05-13 07:08:59.718 [restartedMain] INFO  [traceId=, spanId=] o.s.c.n.e.s.EurekaServiceRegistry — Registering application TAVIA-CONTEXT-SERVICE with eureka with status UP
2026-05-13 07:08:59.719 [restartedMain] INFO  [traceId=, spanId=] c.netflix.discovery.DiscoveryClient — Saw local status change event StatusChangeEvent [timestamp=1778645339719, current=UP, previous=STARTING]
2026-05-13 07:08:59.720 [DiscoveryClient-InstanceInfoReplicator-%d] INFO  [traceId=, spanId=] c.netflix.discovery.DiscoveryClient — DiscoveryClient_TAVIA-CONTEXT-SERVICE/10.0.0.139:tavia-context-service:8087: registering service...
2026-05-13 07:08:59.721 [restartedMain] INFO  [traceId=, spanId=] o.a.coyote.http11.Http11NioProtocol — Starting ProtocolHandler ["http-nio-8087"]
2026-05-13 07:08:59.733 [restartedMain] INFO  [traceId=, spanId=] o.s.boot.tomcat.TomcatWebServer — Tomcat started on port 8087 (http) with context path '/'
2026-05-13 07:08:59.736 [restartedMain] INFO  [traceId=, spanId=] o.s.c.n.e.s.EurekaAutoServiceRegistration — Updating port to 8087
2026-05-13 07:08:59.763 [DiscoveryClient-InstanceInfoReplicator-%d] INFO  [traceId=, spanId=] c.netflix.discovery.DiscoveryClient — DiscoveryClient_TAVIA-CONTEXT-SERVICE/10.0.0.139:tavia-context-service:8087 - registration status: 204
2026-05-13 07:08:59.783 [restartedMain] INFO  [traceId=, spanId=] c.t.c.ContextServiceApplication — Started ContextServiceApplication in 2.848 seconds (process running for 3.316)
2026-05-13 07:08:59.788 [restartedMain] WARN  [traceId=, spanId=] o.s.c.events.SpringDocAppInitializer — SpringDoc /v3/api-docs endpoint is enabled by default. To disable it in production, set the property 'springdoc.api-docs.enabled=false'
2026-05-13 07:08:59.788 [restartedMain] WARN  [traceId=, spanId=] o.s.c.events.SpringDocAppInitializer — SpringDoc /swagger-ui.html endpoint is enabled by default. To disable it in production, set the property 'springdoc.swagger-ui.enabled=false'
2026-05-13 07:12:16.889 [http-nio-8087-exec-1] INFO  [traceId=, spanId=] o.a.c.c.C.[Tomcat].[localhost].[/] — Initializing Spring DispatcherServlet 'dispatcherServlet'
2026-05-13 07:12:16.889 [http-nio-8087-exec-1] INFO  [traceId=, spanId=] o.s.web.servlet.DispatcherServlet — Initializing Servlet 'dispatcherServlet'
2026-05-13 07:12:17.042 [http-nio-8087-exec-1] INFO  [traceId=, spanId=] o.s.web.servlet.DispatcherServlet — Completed initialization in 153 ms
2026-05-13 07:12:17.069 [http-nio-8087-exec-1] INFO  [traceId=, spanId=] c.t.c.service.ContextServiceImpl — Context generated — weather: CLOUDY, activeEvent: NONE, competitorIntensity: LOW
2026-05-13 07:13:59.434 [AsyncResolver-bootstrap-executor-%d] INFO  [traceId=, spanId=] c.n.d.s.r.aws.ConfigClusterResolver — Resolving eureka endpoints via configuration
2026-05-13 07:18:59.435 [AsyncResolver-bootstrap-executor-%d] INFO  [traceId=, spanId=] c.n.d.s.r.aws.ConfigClusterResolver — Resolving eureka endpoints via configuration
2026-05-13 07:22:07.891 [http-nio-8087-exec-3] INFO  [traceId=, spanId=] c.t.c.service.ContextServiceImpl — Context generated — weather: CLOUDY, activeEvent: HOLIDAY, competitorIntensity: LOW
2026-05-13 07:22:23.292 [http-nio-8087-exec-4] INFO  [traceId=, spanId=] c.t.c.service.ContextServiceImpl — Context generated — weather: RAINY, activeEvent: NONE, competitorIntensity: HIGH
2026-05-13 07:23:59.435 [AsyncResolver-bootstrap-executor-%d] INFO  [traceId=, spanId=] c.n.d.s.r.aws.ConfigClusterResolver — Resolving eureka endpoints via configuration
2026-05-13 07:28:59.435 [AsyncResolver-bootstrap-executor-%d] INFO  [traceId=, spanId=] c.n.d.s.r.aws.ConfigClusterResolver — Resolving eureka endpoints via configuration
2026-05-13 07:33:59.436 [AsyncResolver-bootstrap-executor-%d] INFO  [traceId=, spanId=] c.n.d.s.r.aws.ConfigClusterResolver — Resolving eureka endpoints via configuration
2026-05-13 07:38:59.436 [AsyncResolver-bootstrap-executor-%d] INFO  [traceId=, spanId=] c.n.d.s.r.aws.ConfigClusterResolver — Resolving eureka endpoints via configuration
2026-05-13 07:43:59.437 [AsyncResolver-bootstrap-executor-%d] INFO  [traceId=, spanId=] c.n.d.s.r.aws.ConfigClusterResolver — Resolving eureka endpoints via configuration
2026-05-13 07:48:59.437 [AsyncResolver-bootstrap-executor-%d] INFO  [traceId=, spanId=] c.n.d.s.r.aws.ConfigClusterResolver — Resolving eureka endpoints via configuration
2026-05-13 07:53:59.438 [AsyncResolver-bootstrap-executor-%d] INFO  [traceId=, spanId=] c.n.d.s.r.aws.ConfigClusterResolver — Resolving eureka endpoints via configuration
2026-05-13 07:58:59.438 [AsyncResolver-bootstrap-executor-%d] INFO  [traceId=, spanId=] c.n.d.s.r.aws.ConfigClusterResolver — Resolving eureka endpoints via configuration
2026-05-13 08:03:59.438 [AsyncResolver-bootstrap-executor-%d] INFO  [traceId=, spanId=] c.n.d.s.r.aws.ConfigClusterResolver — Resolving eureka endpoints via configuration
2026-05-13 08:08:59.439 [AsyncResolver-bootstrap-executor-%d] INFO  [traceId=, spanId=] c.n.d.s.r.aws.ConfigClusterResolver — Resolving eureka endpoints via configuration
2026-05-13 08:13:59.439 [AsyncResolver-bootstrap-executor-%d] INFO  [traceId=, spanId=] c.n.d.s.r.aws.ConfigClusterResolver — Resolving eureka endpoints via configuration
2026-05-13 08:15:54.610 [http-nio-8087-exec-6] INFO  [traceId=, spanId=] c.t.c.service.ContextServiceImpl — Context generated — weather: RAINY, activeEvent: HOLIDAY, competitorIntensity: MEDIUM
2026-05-13 08:16:05.449 [http-nio-8087-exec-7] INFO  [traceId=, spanId=] c.t.c.service.ContextServiceImpl — Context generated — weather: RAINY, activeEvent: HOLIDAY, competitorIntensity: LOW
2026-05-13 08:16:28.725 [http-nio-8087-exec-8] INFO  [traceId=, spanId=] c.t.c.service.ContextServiceImpl — Context generated — weather: CLOUDY, activeEvent: EXAM_WEEK, competitorIntensity: MEDIUM
2026-05-13 08:16:58.792 [http-nio-8087-exec-9] INFO  [traceId=, spanId=] c.t.c.service.ContextServiceImpl — Context generated — weather: CLOUDY, activeEvent: EXAM_WEEK, competitorIntensity: LOW
2026-05-13 08:17:28.831 [http-nio-8087-exec-1] INFO  [traceId=, spanId=] c.t.c.service.ContextServiceImpl — Context generated — weather: SUNNY, activeEvent: EXAM_WEEK, competitorIntensity: LOW
2026-05-13 08:18:59.439 [AsyncResolver-bootstrap-executor-%d] INFO  [traceId=, spanId=] c.n.d.s.r.aws.ConfigClusterResolver — Resolving eureka endpoints via configuration
2026-05-13 08:21:05.584 [SpringApplicationShutdownHook] INFO  [traceId=, spanId=] o.s.c.n.e.s.EurekaServiceRegistry — Unregistering application TAVIA-CONTEXT-SERVICE with eureka with status DOWN
2026-05-13 08:21:05.584 [SpringApplicationShutdownHook] INFO  [traceId=, spanId=] c.netflix.discovery.DiscoveryClient — Saw local status change event StatusChangeEvent [timestamp=1778649665584, current=DOWN, previous=UP]
2026-05-13 08:21:05.585 [DiscoveryClient-InstanceInfoReplicator-%d] INFO  [traceId=, spanId=] c.netflix.discovery.DiscoveryClient — DiscoveryClient_TAVIA-CONTEXT-SERVICE/10.0.0.139:tavia-context-service:8087: registering service...
2026-05-13 08:21:05.589 [SpringApplicationShutdownHook] INFO  [traceId=, spanId=] o.s.boot.tomcat.GracefulShutdown — Commencing graceful shutdown. Waiting for active requests to complete
2026-05-13 08:21:05.596 [tomcat-shutdown] INFO  [traceId=, spanId=] o.s.boot.tomcat.GracefulShutdown — Graceful shutdown complete
2026-05-13 08:21:05.602 [DiscoveryClient-InstanceInfoReplicator-%d] INFO  [traceId=, spanId=] c.netflix.discovery.DiscoveryClient — DiscoveryClient_TAVIA-CONTEXT-SERVICE/10.0.0.139:tavia-context-service:8087 - registration status: 204
2026-05-13 08:21:05.606 [SpringApplicationShutdownHook] INFO  [traceId=, spanId=] c.netflix.discovery.DiscoveryClient — Shutting down DiscoveryClient ...
2026-05-13 08:21:08.607 [SpringApplicationShutdownHook] INFO  [traceId=, spanId=] c.netflix.discovery.DiscoveryClient — Unregistering ...
2026-05-13 08:21:08.615 [SpringApplicationShutdownHook] INFO  [traceId=, spanId=] c.n.d.s.t.d.RedirectingEurekaHttpClient — Request execution error. endpoint=DefaultEndpoint{ serviceUrl='http://localhost:8761/eureka/} exception=I/O error on DELETE request for "http://localhost:8761/eureka/apps/TAVIA-CONTEXT-SERVICE/10.0.0.139:tavia-context-service:8087": Connect to http://localhost:8761 failed: Connection refused stacktrace=org.springframework.web.client.ResourceAccessException: I/O error on DELETE request for "http://localhost:8761/eureka/apps/TAVIA-CONTEXT-SERVICE/10.0.0.139:tavia-context-service:8087": Connect to http://localhost:8761 failed: Connection refused
	at org.springframework.web.client.DefaultRestClient$DefaultRequestBodyUriSpec.createResourceAccessException(DefaultRestClient.java:779)
	at org.springframework.web.client.DefaultRestClient$DefaultRequestBodyUriSpec.exchangeInternal(DefaultRestClient.java:624)
	at org.springframework.web.client.DefaultRestClient$DefaultRequestBodyUriSpec.exchange(DefaultRestClient.java:572)
	at org.springframework.web.client.RestClient$RequestHeadersSpec.exchange(RestClient.java:747)
	at org.springframework.web.client.DefaultRestClient$DefaultResponseSpec.executeAndExtract(DefaultRestClient.java:924)
	at org.springframework.web.client.DefaultRestClient$DefaultResponseSpec.toBodilessEntity(DefaultRestClient.java:888)
	at org.springframework.cloud.netflix.eureka.http.RestClientEurekaHttpClient.cancel(RestClientEurekaHttpClient.java:73)
	at com.netflix.discovery.shared.transport.decorator.EurekaHttpClientDecorator$2.execute(EurekaHttpClientDecorator.java:74)
	at com.netflix.discovery.shared.transport.decorator.RedirectingEurekaHttpClient.execute(RedirectingEurekaHttpClient.java:91)
	at com.netflix.discovery.shared.transport.decorator.EurekaHttpClientDecorator.cancel(EurekaHttpClientDecorator.java:71)
	at com.netflix.discovery.shared.transport.decorator.EurekaHttpClientDecorator$2.execute(EurekaHttpClientDecorator.java:74)
	at com.netflix.discovery.shared.transport.decorator.RetryableEurekaHttpClient.execute(RetryableEurekaHttpClient.java:120)
	at com.netflix.discovery.shared.transport.decorator.EurekaHttpClientDecorator.cancel(EurekaHttpClientDecorator.java:71)
	at com.netflix.discovery.shared.transport.decorator.EurekaHttpClientDecorator$2.execute(EurekaHttpClientDecorator.java:74)
	at com.netflix.discovery.shared.transport.decorator.SessionedEurekaHttpClient.execute(SessionedEurekaHttpClient.java:76)
	at com.netflix.discovery.shared.transport.decorator.EurekaHttpClientDecorator.cancel(EurekaHttpClientDecorator.java:71)
	at com.netflix.discovery.DiscoveryClient.unregister(DiscoveryClient.java:919)
	at com.netflix.discovery.DiscoveryClient.shutdown(DiscoveryClient.java:900)
	at java.base/jdk.internal.reflect.DirectMethodHandleAccessor.invoke(DirectMethodHandleAccessor.java:103)
	at java.base/java.lang.reflect.Method.invoke(Method.java:580)
	at org.springframework.beans.factory.annotation.InitDestroyAnnotationBeanPostProcessor$LifecycleMethod.invoke(InitDestroyAnnotationBeanPostProcessor.java:453)
	at org.springframework.beans.factory.annotation.InitDestroyAnnotationBeanPostProcessor$LifecycleMetadata.invokeDestroyMethods(InitDestroyAnnotationBeanPostProcessor.java:411)
	at org.springframework.beans.factory.annotation.InitDestroyAnnotationBeanPostProcessor.postProcessBeforeDestruction(InitDestroyAnnotationBeanPostProcessor.java:237)
	at org.springframework.beans.factory.support.DisposableBeanAdapter.destroy(DisposableBeanAdapter.java:200)
	at org.springframework.beans.factory.support.DisposableBeanAdapter.run(DisposableBeanAdapter.java:193)
	at org.springframework.cloud.context.scope.GenericScope$BeanLifecycleWrapper.destroy(GenericScope.java:387)
	at org.springframework.cloud.context.scope.GenericScope.destroy(GenericScope.java:134)
	at org.springframework.beans.factory.support.DisposableBeanAdapter.destroy(DisposableBeanAdapter.java:209)
	at org.springframework.beans.factory.support.DefaultSingletonBeanRegistry.destroyBean(DefaultSingletonBeanRegistry.java:795)
	at org.springframework.beans.factory.support.DefaultSingletonBeanRegistry.destroySingleton(DefaultSingletonBeanRegistry.java:745)
	at org.springframework.beans.factory.support.DefaultListableBeanFactory.destroySingleton(DefaultListableBeanFactory.java:1500)
	at org.springframework.beans.factory.support.DefaultSingletonBeanRegistry.destroySingletons(DefaultSingletonBeanRegistry.java:704)
	at org.springframework.beans.factory.support.DefaultListableBeanFactory.destroySingletons(DefaultListableBeanFactory.java:1493)
	at org.springframework.context.support.AbstractApplicationContext.destroyBeans(AbstractApplicationContext.java:1246)
	at org.springframework.context.support.AbstractApplicationContext.doClose(AbstractApplicationContext.java:1207)
	at org.springframework.boot.web.server.servlet.context.ServletWebServerApplicationContext.doClose(ServletWebServerApplicationContext.java:176)
	at org.springframework.context.support.AbstractApplicationContext.close(AbstractApplicationContext.java:1153)
	at org.springframework.boot.SpringApplicationShutdownHook.closeAndWait(SpringApplicationShutdownHook.java:147)
	at java.base/java.lang.Iterable.forEach(Iterable.java:75)
	at org.springframework.boot.SpringApplicationShutdownHook.run(SpringApplicationShutdownHook.java:116)
	at java.base/java.lang.Thread.run(Thread.java:1583)
Caused by: org.apache.hc.client5.http.HttpHostConnectException: Connect to http://localhost:8761 failed: Connection refused
	at java.base/sun.nio.ch.Net.pollConnect(Native Method)
	at java.base/sun.nio.ch.Net.pollConnectNow(Net.java:694)
	at java.base/sun.nio.ch.NioSocketImpl.timedFinishConnect(NioSocketImpl.java:542)
	at java.base/sun.nio.ch.NioSocketImpl.connect(NioSocketImpl.java:592)
	at java.base/java.net.SocksSocketImpl.connect(SocksSocketImpl.java:327)
	at java.base/java.net.Socket.connect(Socket.java:751)
	at org.apache.hc.client5.http.impl.io.DefaultHttpClientConnectionOperator.connect(DefaultHttpClientConnectionOperator.java:226)
	at org.apache.hc.client5.http.impl.io.PoolingHttpClientConnectionManager.connect(PoolingHttpClientConnectionManager.java:497)
	at org.apache.hc.client5.http.impl.classic.InternalExecRuntime.connectEndpoint(InternalExecRuntime.java:164)
	at org.apache.hc.client5.http.impl.classic.InternalExecRuntime.connectEndpoint(InternalExecRuntime.java:174)
	at org.apache.hc.client5.http.impl.classic.ConnectExec.execute(ConnectExec.java:144)
	at org.apache.hc.client5.http.impl.classic.ExecChainElement.execute(ExecChainElement.java:51)
	at org.apache.hc.client5.http.impl.classic.ProtocolExec.execute(ProtocolExec.java:195)
	at org.apache.hc.client5.http.impl.classic.ExecChainElement.execute(ExecChainElement.java:51)
	at org.apache.hc.client5.http.impl.classic.ContentCompressionExec.execute(ContentCompressionExec.java:168)
	at org.apache.hc.client5.http.impl.classic.ExecChainElement.execute(ExecChainElement.java:51)
	at org.apache.hc.client5.http.impl.classic.HttpRequestRetryExec.execute(HttpRequestRetryExec.java:112)
	at org.apache.hc.client5.http.impl.classic.ExecChainElement.execute(ExecChainElement.java:51)
	at org.apache.hc.client5.http.impl.classic.RedirectExec.execute(RedirectExec.java:110)
	at org.apache.hc.client5.http.impl.classic.ExecChainElement.execute(ExecChainElement.java:51)
	at org.apache.hc.client5.http.impl.classic.InternalHttpClient.doExecute(InternalHttpClient.java:185)
	at org.apache.hc.client5.http.impl.classic.CloseableHttpClient.execute(CloseableHttpClient.java:87)
	at org.apache.hc.client5.http.impl.classic.CloseableHttpClient.execute(CloseableHttpClient.java:55)
	at org.apache.hc.client5.http.classic.HttpClient.executeOpen(HttpClient.java:183)
	at org.springframework.http.client.HttpComponentsClientHttpRequest.executeInternal(HttpComponentsClientHttpRequest.java:99)
	at org.springframework.http.client.AbstractStreamingClientHttpRequest.executeInternal(AbstractStreamingClientHttpRequest.java:87)
	at org.springframework.http.client.AbstractClientHttpRequest.execute(AbstractClientHttpRequest.java:80)
	at org.springframework.http.client.AbstractBufferingClientHttpRequest.executeWithRequestAndBody(AbstractBufferingClientHttpRequest.java:89)
	at org.springframework.http.client.InterceptingClientHttpRequest$EndOfChainRequestExecution.execute(InterceptingClientHttpRequest.java:102)
	at org.springframework.cloud.netflix.eureka.http.RestClientTransportClientFactory.lambda$newClient$2(RestClientTransportClientFactory.java:98)
	at org.springframework.http.client.ClientHttpRequestInterceptor.lambda$apply$0(ClientHttpRequestInterceptor.java:89)
	at org.springframework.http.client.InterceptingClientHttpRequest.executeInternal(InterceptingClientHttpRequest.java:73)
	at org.springframework.http.client.AbstractBufferingClientHttpRequest.executeInternal(AbstractBufferingClientHttpRequest.java:50)
	at org.springframework.http.client.AbstractClientHttpRequest.execute(AbstractClientHttpRequest.java:80)
	at org.springframework.web.client.DefaultRestClient$DefaultRequestBodyUriSpec.exchangeInternal(DefaultRestClient.java:614)
	... 39 more

2026-05-13 08:21:08.615 [SpringApplicationShutdownHook] WARN  [traceId=, spanId=] c.n.d.s.t.d.RetryableEurekaHttpClient — Request execution failed with message: I/O error on DELETE request for "http://localhost:8761/eureka/apps/TAVIA-CONTEXT-SERVICE/10.0.0.139:tavia-context-service:8087": Connect to http://localhost:8761 failed: Connection refused
2026-05-13 08:21:08.620 [SpringApplicationShutdownHook] INFO  [traceId=, spanId=] c.n.d.s.t.d.RedirectingEurekaHttpClient — Request execution error. endpoint=DefaultEndpoint{ serviceUrl='http://localhost:8761/eureka/}, exception=I/O error on DELETE request for "http://localhost:8761/eureka/apps/TAVIA-CONTEXT-SERVICE/10.0.0.139:tavia-context-service:8087": Connect to http://localhost:8761 failed: Connection refused stacktrace=org.springframework.web.client.ResourceAccessException: I/O error on DELETE request for "http://localhost:8761/eureka/apps/TAVIA-CONTEXT-SERVICE/10.0.0.139:tavia-context-service:8087": Connect to http://localhost:8761 failed: Connection refused
	at org.springframework.web.client.DefaultRestClient$DefaultRequestBodyUriSpec.createResourceAccessException(DefaultRestClient.java:779)
	at org.springframework.web.client.DefaultRestClient$DefaultRequestBodyUriSpec.exchangeInternal(DefaultRestClient.java:624)
	at org.springframework.web.client.DefaultRestClient$DefaultRequestBodyUriSpec.exchange(DefaultRestClient.java:572)
	at org.springframework.web.client.RestClient$RequestHeadersSpec.exchange(RestClient.java:747)
	at org.springframework.web.client.DefaultRestClient$DefaultResponseSpec.executeAndExtract(DefaultRestClient.java:924)
	at org.springframework.web.client.DefaultRestClient$DefaultResponseSpec.toBodilessEntity(DefaultRestClient.java:888)
	at org.springframework.cloud.netflix.eureka.http.RestClientEurekaHttpClient.cancel(RestClientEurekaHttpClient.java:73)
	at com.netflix.discovery.shared.transport.decorator.EurekaHttpClientDecorator$2.execute(EurekaHttpClientDecorator.java:74)
	at com.netflix.discovery.shared.transport.decorator.RedirectingEurekaHttpClient.executeOnNewServer(RedirectingEurekaHttpClient.java:121)
	at com.netflix.discovery.shared.transport.decorator.RedirectingEurekaHttpClient.execute(RedirectingEurekaHttpClient.java:80)
	at com.netflix.discovery.shared.transport.decorator.EurekaHttpClientDecorator.cancel(EurekaHttpClientDecorator.java:71)
	at com.netflix.discovery.shared.transport.decorator.EurekaHttpClientDecorator$2.execute(EurekaHttpClientDecorator.java:74)
	at com.netflix.discovery.shared.transport.decorator.RetryableEurekaHttpClient.execute(RetryableEurekaHttpClient.java:120)
	at com.netflix.discovery.shared.transport.decorator.EurekaHttpClientDecorator.cancel(EurekaHttpClientDecorator.java:71)
	at com.netflix.discovery.shared.transport.decorator.EurekaHttpClientDecorator$2.execute(EurekaHttpClientDecorator.java:74)
	at com.netflix.discovery.shared.transport.decorator.SessionedEurekaHttpClient.execute(SessionedEurekaHttpClient.java:76)
	at com.netflix.discovery.shared.transport.decorator.EurekaHttpClientDecorator.cancel(EurekaHttpClientDecorator.java:71)
	at com.netflix.discovery.DiscoveryClient.unregister(DiscoveryClient.java:919)
	at com.netflix.discovery.DiscoveryClient.shutdown(DiscoveryClient.java:900)
	at java.base/jdk.internal.reflect.DirectMethodHandleAccessor.invoke(DirectMethodHandleAccessor.java:103)
	at java.base/java.lang.reflect.Method.invoke(Method.java:580)
	at org.springframework.beans.factory.annotation.InitDestroyAnnotationBeanPostProcessor$LifecycleMethod.invoke(InitDestroyAnnotationBeanPostProcessor.java:453)
	at org.springframework.beans.factory.annotation.InitDestroyAnnotationBeanPostProcessor$LifecycleMetadata.invokeDestroyMethods(InitDestroyAnnotationBeanPostProcessor.java:411)
	at org.springframework.beans.factory.annotation.InitDestroyAnnotationBeanPostProcessor.postProcessBeforeDestruction(InitDestroyAnnotationBeanPostProcessor.java:237)
	at org.springframework.beans.factory.support.DisposableBeanAdapter.destroy(DisposableBeanAdapter.java:200)
	at org.springframework.beans.factory.support.DisposableBeanAdapter.run(DisposableBeanAdapter.java:193)
	at org.springframework.cloud.context.scope.GenericScope$BeanLifecycleWrapper.destroy(GenericScope.java:387)
	at org.springframework.cloud.context.scope.GenericScope.destroy(GenericScope.java:134)
	at org.springframework.beans.factory.support.DisposableBeanAdapter.destroy(DisposableBeanAdapter.java:209)
	at org.springframework.beans.factory.support.DefaultSingletonBeanRegistry.destroyBean(DefaultSingletonBeanRegistry.java:795)
	at org.springframework.beans.factory.support.DefaultSingletonBeanRegistry.destroySingleton(DefaultSingletonBeanRegistry.java:745)
	at org.springframework.beans.factory.support.DefaultListableBeanFactory.destroySingleton(DefaultListableBeanFactory.java:1500)
	at org.springframework.beans.factory.support.DefaultSingletonBeanRegistry.destroySingletons(DefaultSingletonBeanRegistry.java:704)
	at org.springframework.beans.factory.support.DefaultListableBeanFactory.destroySingletons(DefaultListableBeanFactory.java:1493)
	at org.springframework.context.support.AbstractApplicationContext.destroyBeans(AbstractApplicationContext.java:1246)
	at org.springframework.context.support.AbstractApplicationContext.doClose(AbstractApplicationContext.java:1207)
	at org.springframework.boot.web.server.servlet.context.ServletWebServerApplicationContext.doClose(ServletWebServerApplicationContext.java:176)
	at org.springframework.context.support.AbstractApplicationContext.close(AbstractApplicationContext.java:1153)
	at org.springframework.boot.SpringApplicationShutdownHook.closeAndWait(SpringApplicationShutdownHook.java:147)
	at java.base/java.lang.Iterable.forEach(Iterable.java:75)
	at org.springframework.boot.SpringApplicationShutdownHook.run(SpringApplicationShutdownHook.java:116)
	at java.base/java.lang.Thread.run(Thread.java:1583)
Caused by: org.apache.hc.client5.http.HttpHostConnectException: Connect to http://localhost:8761 failed: Connection refused
	at java.base/sun.nio.ch.Net.pollConnect(Native Method)
	at java.base/sun.nio.ch.Net.pollConnectNow(Net.java:694)
	at java.base/sun.nio.ch.NioSocketImpl.timedFinishConnect(NioSocketImpl.java:542)
	at java.base/sun.nio.ch.NioSocketImpl.connect(NioSocketImpl.java:592)
	at java.base/java.net.SocksSocketImpl.connect(SocksSocketImpl.java:327)
	at java.base/java.net.Socket.connect(Socket.java:751)
	at org.apache.hc.client5.http.impl.io.DefaultHttpClientConnectionOperator.connect(DefaultHttpClientConnectionOperator.java:226)
	at org.apache.hc.client5.http.impl.io.PoolingHttpClientConnectionManager.connect(PoolingHttpClientConnectionManager.java:497)
	at org.apache.hc.client5.http.impl.classic.InternalExecRuntime.connectEndpoint(InternalExecRuntime.java:164)
	at org.apache.hc.client5.http.impl.classic.InternalExecRuntime.connectEndpoint(InternalExecRuntime.java:174)
	at org.apache.hc.client5.http.impl.classic.ConnectExec.execute(ConnectExec.java:144)
	at org.apache.hc.client5.http.impl.classic.ExecChainElement.execute(ExecChainElement.java:51)
	at org.apache.hc.client5.http.impl.classic.ProtocolExec.execute(ProtocolExec.java:195)
	at org.apache.hc.client5.http.impl.classic.ExecChainElement.execute(ExecChainElement.java:51)
	at org.apache.hc.client5.http.impl.classic.ContentCompressionExec.execute(ContentCompressionExec.java:168)
	at org.apache.hc.client5.http.impl.classic.ExecChainElement.execute(ExecChainElement.java:51)
	at org.apache.hc.client5.http.impl.classic.HttpRequestRetryExec.execute(HttpRequestRetryExec.java:112)
	at org.apache.hc.client5.http.impl.classic.ExecChainElement.execute(ExecChainElement.java:51)
	at org.apache.hc.client5.http.impl.classic.RedirectExec.execute(RedirectExec.java:110)
	at org.apache.hc.client5.http.impl.classic.ExecChainElement.execute(ExecChainElement.java:51)
	at org.apache.hc.client5.http.impl.classic.InternalHttpClient.doExecute(InternalHttpClient.java:185)
	at org.apache.hc.client5.http.impl.classic.CloseableHttpClient.execute(CloseableHttpClient.java:87)
	at org.apache.hc.client5.http.impl.classic.CloseableHttpClient.execute(CloseableHttpClient.java:55)
	at org.apache.hc.client5.http.classic.HttpClient.executeOpen(HttpClient.java:183)
	at org.springframework.http.client.HttpComponentsClientHttpRequest.executeInternal(HttpComponentsClientHttpRequest.java:99)
	at org.springframework.http.client.AbstractStreamingClientHttpRequest.executeInternal(AbstractStreamingClientHttpRequest.java:87)
	at org.springframework.http.client.AbstractClientHttpRequest.execute(AbstractClientHttpRequest.java:80)
	at org.springframework.http.client.AbstractBufferingClientHttpRequest.executeWithRequestAndBody(AbstractBufferingClientHttpRequest.java:89)
	at org.springframework.http.client.InterceptingClientHttpRequest$EndOfChainRequestExecution.execute(InterceptingClientHttpRequest.java:102)
	at org.springframework.cloud.netflix.eureka.http.RestClientTransportClientFactory.lambda$newClient$2(RestClientTransportClientFactory.java:98)
	at org.springframework.http.client.ClientHttpRequestInterceptor.lambda$apply$0(ClientHttpRequestInterceptor.java:89)
	at org.springframework.http.client.InterceptingClientHttpRequest.executeInternal(InterceptingClientHttpRequest.java:73)
	at org.springframework.http.client.AbstractBufferingClientHttpRequest.executeInternal(AbstractBufferingClientHttpRequest.java:50)
	at org.springframework.http.client.AbstractClientHttpRequest.execute(AbstractClientHttpRequest.java:80)
	at org.springframework.web.client.DefaultRestClient$DefaultRequestBodyUriSpec.exchangeInternal(DefaultRestClient.java:614)
	... 40 more

2026-05-13 08:21:08.620 [SpringApplicationShutdownHook] WARN  [traceId=, spanId=] c.n.d.s.t.d.RetryableEurekaHttpClient — Request execution failed with message: I/O error on DELETE request for "http://localhost:8761/eureka/apps/TAVIA-CONTEXT-SERVICE/10.0.0.139:tavia-context-service:8087": Connect to http://localhost:8761 failed: Connection refused
2026-05-13 08:21:08.621 [SpringApplicationShutdownHook] ERROR [traceId=, spanId=] c.netflix.discovery.DiscoveryClient — DiscoveryClient_TAVIA-CONTEXT-SERVICE/10.0.0.139:tavia-context-service:8087 - de-registration failedCannot execute request on any known server
com.netflix.discovery.shared.transport.TransportException: Cannot execute request on any known server
	at com.netflix.discovery.shared.transport.decorator.RetryableEurekaHttpClient.execute(RetryableEurekaHttpClient.java:112)
	at com.netflix.discovery.shared.transport.decorator.EurekaHttpClientDecorator.cancel(EurekaHttpClientDecorator.java:71)
	at com.netflix.discovery.shared.transport.decorator.EurekaHttpClientDecorator$2.execute(EurekaHttpClientDecorator.java:74)
	at com.netflix.discovery.shared.transport.decorator.SessionedEurekaHttpClient.execute(SessionedEurekaHttpClient.java:76)
	at com.netflix.discovery.shared.transport.decorator.EurekaHttpClientDecorator.cancel(EurekaHttpClientDecorator.java:71)
	at com.netflix.discovery.DiscoveryClient.unregister(DiscoveryClient.java:919)
	at com.netflix.discovery.DiscoveryClient.shutdown(DiscoveryClient.java:900)
	at java.base/jdk.internal.reflect.DirectMethodHandleAccessor.invoke(DirectMethodHandleAccessor.java:103)
	at java.base/java.lang.reflect.Method.invoke(Method.java:580)
	at org.springframework.beans.factory.annotation.InitDestroyAnnotationBeanPostProcessor$LifecycleMethod.invoke(InitDestroyAnnotationBeanPostProcessor.java:453)
	at org.springframework.beans.factory.annotation.InitDestroyAnnotationBeanPostProcessor$LifecycleMetadata.invokeDestroyMethods(InitDestroyAnnotationBeanPostProcessor.java:411)
	at org.springframework.beans.factory.annotation.InitDestroyAnnotationBeanPostProcessor.postProcessBeforeDestruction(InitDestroyAnnotationBeanPostProcessor.java:237)
	at org.springframework.beans.factory.support.DisposableBeanAdapter.destroy(DisposableBeanAdapter.java:200)
	at org.springframework.beans.factory.support.DisposableBeanAdapter.run(DisposableBeanAdapter.java:193)
	at org.springframework.cloud.context.scope.GenericScope$BeanLifecycleWrapper.destroy(GenericScope.java:387)
	at org.springframework.cloud.context.scope.GenericScope.destroy(GenericScope.java:134)
	at org.springframework.beans.factory.support.DisposableBeanAdapter.destroy(DisposableBeanAdapter.java:209)
	at org.springframework.beans.factory.support.DefaultSingletonBeanRegistry.destroyBean(DefaultSingletonBeanRegistry.java:795)
	at org.springframework.beans.factory.support.DefaultSingletonBeanRegistry.destroySingleton(DefaultSingletonBeanRegistry.java:745)
	at org.springframework.beans.factory.support.DefaultListableBeanFactory.destroySingleton(DefaultListableBeanFactory.java:1500)
	at org.springframework.beans.factory.support.DefaultSingletonBeanRegistry.destroySingletons(DefaultSingletonBeanRegistry.java:704)
	at org.springframework.beans.factory.support.DefaultListableBeanFactory.destroySingletons(DefaultListableBeanFactory.java:1493)
	at org.springframework.context.support.AbstractApplicationContext.destroyBeans(AbstractApplicationContext.java:1246)
	at org.springframework.context.support.AbstractApplicationContext.doClose(AbstractApplicationContext.java:1207)
	at org.springframework.boot.web.server.servlet.context.ServletWebServerApplicationContext.doClose(ServletWebServerApplicationContext.java:176)
	at org.springframework.context.support.AbstractApplicationContext.close(AbstractApplicationContext.java:1153)
	at org.springframework.boot.SpringApplicationShutdownHook.closeAndWait(SpringApplicationShutdownHook.java:147)
	at java.base/java.lang.Iterable.forEach(Iterable.java:75)
	at org.springframework.boot.SpringApplicationShutdownHook.run(SpringApplicationShutdownHook.java:116)
	at java.base/java.lang.Thread.run(Thread.java:1583)
2026-05-13 08:21:08.624 [SpringApplicationShutdownHook] INFO  [traceId=, spanId=] c.netflix.discovery.DiscoveryClient — Completed shut down of DiscoveryClient
