2026-05-03 00:07:48.846 [restartedMain] INFO  c.t.t.TrafficSimulatorApplication — Starting TrafficSimulatorApplication using Java 21.0.10 with PID 139811 (/home/tuna/Desktop/tavia_v2/tavia-traffic-simulator/build/classes/java/main started by tuna in /home/tuna/Desktop/tavia_v2/tavia-traffic-simulator)
2026-05-03 00:07:48.849 [restartedMain] DEBUG c.t.t.TrafficSimulatorApplication — Running with Spring Boot v4.0.6, Spring v7.0.7
2026-05-03 00:07:48.850 [restartedMain] INFO  c.t.t.TrafficSimulatorApplication — No active profile set, falling back to 1 default profile: "default"
2026-05-03 00:07:48.878 [restartedMain] INFO  o.s.c.c.c.ConfigServerConfigDataLoader — Fetching config from server at : http://localhost:8888
2026-05-03 00:07:48.878 [restartedMain] INFO  o.s.c.c.c.ConfigServerConfigDataLoader — Located environment: name=tavia-traffic-simulator, profiles=[default], label=null, version=null, state=null
2026-05-03 00:07:48.879 [restartedMain] DEBUG o.s.c.c.c.ConfigServerConfigDataLoader — Environment tavia-traffic-simulator has 2 property sources with 24 properties.
2026-05-03 00:07:48.881 [restartedMain] INFO  o.s.b.d.e.DevToolsPropertyDefaultsPostProcessor — Devtools property defaults active! Set 'spring.devtools.add-properties' to 'false' to disable
2026-05-03 00:07:48.881 [restartedMain] INFO  o.s.b.d.e.DevToolsPropertyDefaultsPostProcessor — For additional web related logging consider setting the 'logging.level.web' property to 'DEBUG'
2026-05-03 00:07:49.265 [restartedMain] INFO  o.s.cloud.context.scope.GenericScope — BeanFactory id=37fc33d7-714e-3717-a222-65be81f8c0fe
2026-05-03 00:07:49.497 [restartedMain] INFO  o.s.boot.tomcat.TomcatWebServer — Tomcat initialized with port 8080 (http)
2026-05-03 00:07:49.505 [restartedMain] INFO  o.a.coyote.http11.Http11NioProtocol — Initializing ProtocolHandler ["http-nio-8080"]
2026-05-03 00:07:49.506 [restartedMain] INFO  o.a.catalina.core.StandardService — Starting service [Tomcat]
2026-05-03 00:07:49.507 [restartedMain] INFO  o.a.catalina.core.StandardEngine — Starting Servlet engine: [Apache Tomcat/11.0.21]
2026-05-03 00:07:49.531 [restartedMain] INFO  o.s.b.w.c.s.WebApplicationContextInitializer — Root WebApplicationContext: initialization completed in 650 ms
2026-05-03 00:07:49.919 [restartedMain] INFO  o.s.c.n.e.c.DiscoveryClientOptionalArgsConfiguration — Eureka HTTP Client uses RestClient.
2026-05-03 00:07:49.942 [restartedMain] WARN  o.s.c.l.c.LoadBalancerCacheAutoConfiguration$LoadBalancerCaffeineWarnLogger — Spring Cloud LoadBalancer is currently working with the default cache. While this cache implementation is useful for development and tests, it's recommended to use Caffeine cache in production.You can switch to using Caffeine cache, by adding it and org.springframework.cache.caffeine.CaffeineCacheManager to the classpath.
2026-05-03 00:07:49.958 [restartedMain] INFO  o.s.c.n.eureka.InstanceInfoFactory — Setting initial instance status as: STARTING
2026-05-03 00:07:49.972 [restartedMain] INFO  c.netflix.discovery.DiscoveryClient — Initializing Eureka in region us-east-1
2026-05-03 00:07:49.974 [restartedMain] INFO  c.n.d.s.r.aws.ConfigClusterResolver — Resolving eureka endpoints via configuration
2026-05-03 00:07:49.979 [restartedMain] INFO  c.netflix.discovery.DiscoveryClient — Disable delta property : false
2026-05-03 00:07:49.980 [restartedMain] INFO  c.netflix.discovery.DiscoveryClient — Single vip registry refresh property : null
2026-05-03 00:07:49.980 [restartedMain] INFO  c.netflix.discovery.DiscoveryClient — Force full registry fetch : false
2026-05-03 00:07:49.980 [restartedMain] INFO  c.netflix.discovery.DiscoveryClient — Application is null : false
2026-05-03 00:07:49.980 [restartedMain] INFO  c.netflix.discovery.DiscoveryClient — Registered Applications size is zero : true
2026-05-03 00:07:49.980 [restartedMain] INFO  c.netflix.discovery.DiscoveryClient — Application version is -1: true
2026-05-03 00:07:49.980 [restartedMain] INFO  c.netflix.discovery.DiscoveryClient — Getting all instance registry info from the eureka server
2026-05-03 00:07:50.179 [restartedMain] INFO  c.netflix.discovery.DiscoveryClient — The response status is 200
2026-05-03 00:07:50.181 [restartedMain] INFO  c.netflix.discovery.DiscoveryClient — Starting heartbeat executor: renew interval is: 30
2026-05-03 00:07:50.182 [restartedMain] INFO  c.n.discovery.InstanceInfoReplicator — InstanceInfoReplicator onDemand update allowed rate per min is 4
2026-05-03 00:07:50.183 [restartedMain] INFO  c.netflix.discovery.DiscoveryClient — Discovery Client initialized at timestamp 1777756070183 with initial instances count: 8
2026-05-03 00:07:50.185 [restartedMain] INFO  o.s.c.n.e.s.EurekaServiceRegistry — Registering application TAVIA-TRAFFIC-SIMULATOR with eureka with status UP
2026-05-03 00:07:50.186 [restartedMain] INFO  c.netflix.discovery.DiscoveryClient — Saw local status change event StatusChangeEvent [timestamp=1777756070186, current=UP, previous=STARTING]
2026-05-03 00:07:50.186 [DiscoveryClient-InstanceInfoReplicator-%d] INFO  c.netflix.discovery.DiscoveryClient — DiscoveryClient_TAVIA-TRAFFIC-SIMULATOR/10.0.0.139:tavia-traffic-simulator: registering service...
2026-05-03 00:07:50.187 [restartedMain] INFO  o.a.coyote.http11.Http11NioProtocol — Starting ProtocolHandler ["http-nio-8080"]
2026-05-03 00:07:50.191 [restartedMain] INFO  o.s.c.n.e.s.EurekaServiceRegistry — Unregistering application TAVIA-TRAFFIC-SIMULATOR with eureka with status DOWN
2026-05-03 00:07:50.191 [restartedMain] INFO  c.netflix.discovery.DiscoveryClient — Saw local status change event StatusChangeEvent [timestamp=1777756070191, current=DOWN, previous=UP]
2026-05-03 00:07:50.191 [restartedMain] WARN  o.s.b.w.s.s.c.AnnotationConfigServletWebServerApplicationContext — Exception encountered during context initialization - cancelling refresh attempt: org.springframework.context.ApplicationContextException: Failed to start bean 'webServerStartStop'
2026-05-03 00:07:50.193 [restartedMain] INFO  c.netflix.discovery.DiscoveryClient — Shutting down DiscoveryClient ...
2026-05-03 00:07:50.210 [DiscoveryClient-InstanceInfoReplicator-%d] INFO  c.netflix.discovery.DiscoveryClient — DiscoveryClient_TAVIA-TRAFFIC-SIMULATOR/10.0.0.139:tavia-traffic-simulator - registration status: 204
2026-05-03 00:07:50.210 [DiscoveryClient-InstanceInfoReplicator-%d] INFO  c.netflix.discovery.DiscoveryClient — DiscoveryClient_TAVIA-TRAFFIC-SIMULATOR/10.0.0.139:tavia-traffic-simulator: registering service...
2026-05-03 00:07:50.214 [DiscoveryClient-InstanceInfoReplicator-%d] INFO  c.netflix.discovery.DiscoveryClient — DiscoveryClient_TAVIA-TRAFFIC-SIMULATOR/10.0.0.139:tavia-traffic-simulator - registration status: 204
2026-05-03 00:07:50.214 [restartedMain] INFO  c.netflix.discovery.DiscoveryClient — Unregistering ...
2026-05-03 00:07:50.219 [restartedMain] INFO  c.netflix.discovery.DiscoveryClient — DiscoveryClient_TAVIA-TRAFFIC-SIMULATOR/10.0.0.139:tavia-traffic-simulator - deregister  status: 200
2026-05-03 00:07:50.219 [restartedMain] INFO  c.netflix.discovery.DiscoveryClient — Completed shut down of DiscoveryClient
2026-05-03 00:07:50.226 [restartedMain] INFO  o.s.b.a.l.ConditionEvaluationReportLogger — 

Error starting ApplicationContext. To display the condition evaluation report re-run your application with 'debug' enabled.
2026-05-03 00:19:03.424 [restartedMain] INFO  c.t.t.TrafficSimulatorApplication — Starting TrafficSimulatorApplication using Java 21.0.10 with PID 153669 (/home/tuna/Desktop/tavia_v2/tavia-traffic-simulator/build/classes/java/main started by tuna in /home/tuna/Desktop/tavia_v2/tavia-traffic-simulator)
2026-05-03 00:19:03.426 [restartedMain] DEBUG c.t.t.TrafficSimulatorApplication — Running with Spring Boot v4.0.6, Spring v7.0.7
2026-05-03 00:19:03.426 [restartedMain] INFO  c.t.t.TrafficSimulatorApplication — No active profile set, falling back to 1 default profile: "default"
2026-05-03 00:19:03.455 [restartedMain] INFO  o.s.c.c.c.ConfigServerConfigDataLoader — Fetching config from server at : http://localhost:8888
2026-05-03 00:19:03.456 [restartedMain] INFO  o.s.c.c.c.ConfigServerConfigDataLoader — Located environment: name=tavia-traffic-simulator, profiles=[default], label=null, version=null, state=null
2026-05-03 00:19:03.456 [restartedMain] DEBUG o.s.c.c.c.ConfigServerConfigDataLoader — Environment tavia-traffic-simulator has 2 property sources with 24 properties.
2026-05-03 00:19:03.458 [restartedMain] INFO  o.s.b.d.e.DevToolsPropertyDefaultsPostProcessor — Devtools property defaults active! Set 'spring.devtools.add-properties' to 'false' to disable
2026-05-03 00:19:03.458 [restartedMain] INFO  o.s.b.d.e.DevToolsPropertyDefaultsPostProcessor — For additional web related logging consider setting the 'logging.level.web' property to 'DEBUG'
2026-05-03 00:19:03.863 [restartedMain] INFO  o.s.cloud.context.scope.GenericScope — BeanFactory id=37fc33d7-714e-3717-a222-65be81f8c0fe
2026-05-03 00:19:04.127 [restartedMain] INFO  o.s.boot.tomcat.TomcatWebServer — Tomcat initialized with port 8080 (http)
2026-05-03 00:19:04.135 [restartedMain] INFO  o.a.coyote.http11.Http11NioProtocol — Initializing ProtocolHandler ["http-nio-8080"]
2026-05-03 00:19:04.137 [restartedMain] INFO  o.a.catalina.core.StandardService — Starting service [Tomcat]
2026-05-03 00:19:04.137 [restartedMain] INFO  o.a.catalina.core.StandardEngine — Starting Servlet engine: [Apache Tomcat/11.0.21]
2026-05-03 00:19:04.162 [restartedMain] INFO  o.s.b.w.c.s.WebApplicationContextInitializer — Root WebApplicationContext: initialization completed in 704 ms
2026-05-03 00:19:04.562 [restartedMain] INFO  o.s.c.n.e.c.DiscoveryClientOptionalArgsConfiguration — Eureka HTTP Client uses RestClient.
2026-05-03 00:19:04.590 [restartedMain] WARN  o.s.c.l.c.LoadBalancerCacheAutoConfiguration$LoadBalancerCaffeineWarnLogger — Spring Cloud LoadBalancer is currently working with the default cache. While this cache implementation is useful for development and tests, it's recommended to use Caffeine cache in production.You can switch to using Caffeine cache, by adding it and org.springframework.cache.caffeine.CaffeineCacheManager to the classpath.
2026-05-03 00:19:04.606 [restartedMain] INFO  o.s.c.n.eureka.InstanceInfoFactory — Setting initial instance status as: STARTING
2026-05-03 00:19:04.622 [restartedMain] INFO  c.netflix.discovery.DiscoveryClient — Initializing Eureka in region us-east-1
2026-05-03 00:19:04.625 [restartedMain] INFO  c.n.d.s.r.aws.ConfigClusterResolver — Resolving eureka endpoints via configuration
2026-05-03 00:19:04.630 [restartedMain] INFO  c.netflix.discovery.DiscoveryClient — Disable delta property : false
2026-05-03 00:19:04.630 [restartedMain] INFO  c.netflix.discovery.DiscoveryClient — Single vip registry refresh property : null
2026-05-03 00:19:04.630 [restartedMain] INFO  c.netflix.discovery.DiscoveryClient — Force full registry fetch : false
2026-05-03 00:19:04.630 [restartedMain] INFO  c.netflix.discovery.DiscoveryClient — Application is null : false
2026-05-03 00:19:04.630 [restartedMain] INFO  c.netflix.discovery.DiscoveryClient — Registered Applications size is zero : true
2026-05-03 00:19:04.630 [restartedMain] INFO  c.netflix.discovery.DiscoveryClient — Application version is -1: true
2026-05-03 00:19:04.630 [restartedMain] INFO  c.netflix.discovery.DiscoveryClient — Getting all instance registry info from the eureka server
2026-05-03 00:19:04.862 [restartedMain] INFO  c.netflix.discovery.DiscoveryClient — The response status is 200
2026-05-03 00:19:04.864 [restartedMain] INFO  c.netflix.discovery.DiscoveryClient — Starting heartbeat executor: renew interval is: 30
2026-05-03 00:19:04.865 [restartedMain] INFO  c.n.discovery.InstanceInfoReplicator — InstanceInfoReplicator onDemand update allowed rate per min is 4
2026-05-03 00:19:04.866 [restartedMain] INFO  c.netflix.discovery.DiscoveryClient — Discovery Client initialized at timestamp 1777756744866 with initial instances count: 9
2026-05-03 00:19:04.868 [restartedMain] INFO  o.s.c.n.e.s.EurekaServiceRegistry — Registering application TAVIA-TRAFFIC-SIMULATOR with eureka with status UP
2026-05-03 00:19:04.869 [restartedMain] INFO  c.netflix.discovery.DiscoveryClient — Saw local status change event StatusChangeEvent [timestamp=1777756744869, current=UP, previous=STARTING]
2026-05-03 00:19:04.870 [DiscoveryClient-InstanceInfoReplicator-%d] INFO  c.netflix.discovery.DiscoveryClient — DiscoveryClient_TAVIA-TRAFFIC-SIMULATOR/10.0.0.139:tavia-traffic-simulator: registering service...
2026-05-03 00:19:04.870 [restartedMain] INFO  o.a.coyote.http11.Http11NioProtocol — Starting ProtocolHandler ["http-nio-8080"]
2026-05-03 00:19:04.874 [restartedMain] INFO  o.s.c.n.e.s.EurekaServiceRegistry — Unregistering application TAVIA-TRAFFIC-SIMULATOR with eureka with status DOWN
2026-05-03 00:19:04.875 [restartedMain] INFO  c.netflix.discovery.DiscoveryClient — Saw local status change event StatusChangeEvent [timestamp=1777756744875, current=DOWN, previous=UP]
2026-05-03 00:19:04.875 [restartedMain] WARN  o.s.b.w.s.s.c.AnnotationConfigServletWebServerApplicationContext — Exception encountered during context initialization - cancelling refresh attempt: org.springframework.context.ApplicationContextException: Failed to start bean 'webServerStartStop'
2026-05-03 00:19:04.877 [restartedMain] INFO  c.netflix.discovery.DiscoveryClient — Shutting down DiscoveryClient ...
2026-05-03 00:19:04.897 [DiscoveryClient-InstanceInfoReplicator-%d] INFO  c.netflix.discovery.DiscoveryClient — DiscoveryClient_TAVIA-TRAFFIC-SIMULATOR/10.0.0.139:tavia-traffic-simulator - registration status: 204
2026-05-03 00:19:04.898 [DiscoveryClient-InstanceInfoReplicator-%d] INFO  c.netflix.discovery.DiscoveryClient — DiscoveryClient_TAVIA-TRAFFIC-SIMULATOR/10.0.0.139:tavia-traffic-simulator: registering service...
2026-05-03 00:19:04.902 [DiscoveryClient-InstanceInfoReplicator-%d] INFO  c.netflix.discovery.DiscoveryClient — DiscoveryClient_TAVIA-TRAFFIC-SIMULATOR/10.0.0.139:tavia-traffic-simulator - registration status: 204
2026-05-03 00:19:04.902 [restartedMain] INFO  c.netflix.discovery.DiscoveryClient — Unregistering ...
2026-05-03 00:19:04.967 [restartedMain] INFO  c.netflix.discovery.DiscoveryClient — DiscoveryClient_TAVIA-TRAFFIC-SIMULATOR/10.0.0.139:tavia-traffic-simulator - deregister  status: 200
2026-05-03 00:19:04.967 [restartedMain] INFO  c.netflix.discovery.DiscoveryClient — Completed shut down of DiscoveryClient
2026-05-03 00:19:04.975 [restartedMain] INFO  o.s.b.a.l.ConditionEvaluationReportLogger — 

Error starting ApplicationContext. To display the condition evaluation report re-run your application with 'debug' enabled.
