2026-05-03 00:06:07.141 [background-preinit] INFO  o.h.validator.internal.util.Version — HV000001: Hibernate Validator 9.0.1.Final
2026-05-03 00:06:07.167 [restartedMain] INFO  c.t.c.CrmServiceApplication — Starting CrmServiceApplication using Java 21.0.10 with PID 137133 (/home/tuna/Desktop/tavia_v2/tavia-crm-service/build/classes/java/main started by tuna in /home/tuna/Desktop/tavia_v2/tavia-crm-service)
2026-05-03 00:06:07.167 [restartedMain] DEBUG c.t.c.CrmServiceApplication — Running with Spring Boot v4.0.6, Spring v7.0.7
2026-05-03 00:06:07.168 [restartedMain] INFO  c.t.c.CrmServiceApplication — No active profile set, falling back to 1 default profile: "default"
2026-05-03 00:06:07.197 [restartedMain] INFO  o.s.c.c.c.ConfigServerConfigDataLoader — Fetching config from server at : http://localhost:8888
2026-05-03 00:06:07.198 [restartedMain] INFO  o.s.c.c.c.ConfigServerConfigDataLoader — Located environment: name=tavia-crm-service, profiles=[default], label=null, version=null, state=null
2026-05-03 00:06:07.198 [restartedMain] DEBUG o.s.c.c.c.ConfigServerConfigDataLoader — Environment tavia-crm-service has 2 property sources with 34 properties.
2026-05-03 00:06:07.200 [restartedMain] INFO  o.s.b.d.e.DevToolsPropertyDefaultsPostProcessor — Devtools property defaults active! Set 'spring.devtools.add-properties' to 'false' to disable
2026-05-03 00:06:07.200 [restartedMain] INFO  o.s.b.d.e.DevToolsPropertyDefaultsPostProcessor — For additional web related logging consider setting the 'logging.level.web' property to 'DEBUG'
2026-05-03 00:06:07.713 [restartedMain] INFO  o.s.d.r.c.RepositoryConfigurationDelegate — Bootstrapping Spring Data JPA repositories in DEFAULT mode.
2026-05-03 00:06:07.801 [restartedMain] INFO  o.s.d.r.c.RepositoryConfigurationDelegate — Finished Spring Data repository scanning in 81 ms. Found 2 JPA repository interfaces.
2026-05-03 00:06:07.955 [restartedMain] INFO  o.s.cloud.context.scope.GenericScope — BeanFactory id=89dd6eac-d973-3148-9115-123946d3a2bc
2026-05-03 00:06:08.259 [restartedMain] INFO  o.s.boot.tomcat.TomcatWebServer — Tomcat initialized with port 8086 (http)
2026-05-03 00:06:08.268 [restartedMain] INFO  o.a.coyote.http11.Http11NioProtocol — Initializing ProtocolHandler ["http-nio-8086"]
2026-05-03 00:06:08.270 [restartedMain] INFO  o.a.catalina.core.StandardService — Starting service [Tomcat]
2026-05-03 00:06:08.270 [restartedMain] INFO  o.a.catalina.core.StandardEngine — Starting Servlet engine: [Apache Tomcat/11.0.21]
2026-05-03 00:06:08.297 [restartedMain] INFO  o.s.b.w.c.s.WebApplicationContextInitializer — Root WebApplicationContext: initialization completed in 1097 ms
2026-05-03 00:06:08.407 [restartedMain] INFO  org.hibernate.orm.jpa — HHH008540: Processing PersistenceUnitInfo [name: default]
2026-05-03 00:06:08.439 [restartedMain] INFO  org.hibernate.orm.core — HHH000001: Hibernate ORM core version 7.2.12.Final
2026-05-03 00:06:08.731 [restartedMain] INFO  o.s.o.j.p.SpringPersistenceUnitInfo — No LoadTimeWeaver setup: ignoring JPA class transformer
2026-05-03 00:06:08.751 [restartedMain] INFO  com.zaxxer.hikari.HikariDataSource — HikariPool-1 - Starting...
2026-05-03 00:06:08.831 [restartedMain] INFO  com.zaxxer.hikari.pool.HikariPool — HikariPool-1 - Added connection org.postgresql.jdbc.PgConnection@2c0c9ead
2026-05-03 00:06:08.832 [restartedMain] INFO  com.zaxxer.hikari.HikariDataSource — HikariPool-1 - Start completed.
2026-05-03 00:06:08.850 [restartedMain] WARN  org.hibernate.orm.deprecation — HHH90000025: PostgreSQLDialect does not need to be specified explicitly using 'hibernate.dialect' (remove the property setting and it will be selected by default)
2026-05-03 00:06:08.864 [restartedMain] INFO  o.hibernate.orm.connections.pooling — HHH10001005: Database info:
	Database JDBC URL [jdbc:postgresql://localhost:5432/tavia_db]
	Database driver: PostgreSQL JDBC Driver
	Database dialect: PostgreSQLDialect
	Database version: 15.17
	Default catalog/schema: tavia_db/public
	Autocommit mode: undefined/unknown
	Isolation level: READ_COMMITTED [default READ_COMMITTED]
	JDBC fetch size: none
	Pool: DataSourceConnectionProvider
	Minimum pool size: undefined/unknown
	Maximum pool size: undefined/unknown
2026-05-03 00:06:09.427 [restartedMain] INFO  org.hibernate.orm.core — HHH000489: No JTA platform available (set 'hibernate.transaction.jta.platform' to enable JTA platform integration)
2026-05-03 00:06:09.482 [restartedMain] INFO  o.s.o.j.LocalContainerEntityManagerFactoryBean — Initialized JPA EntityManagerFactory for persistence unit 'default'
2026-05-03 00:06:09.534 [restartedMain] INFO  o.s.d.j.r.q.QueryEnhancerFactories — Hibernate is in classpath; If applicable, HQL parser will be used.
2026-05-03 00:06:09.712 [restartedMain] WARN  o.s.b.j.a.JpaBaseConfiguration$JpaWebConfiguration — spring.jpa.open-in-view is enabled by default. Therefore, database queries may be performed during view rendering. Explicitly configure spring.jpa.open-in-view to disable this warning
2026-05-03 00:06:10.080 [restartedMain] INFO  o.s.c.n.e.c.DiscoveryClientOptionalArgsConfiguration — Eureka HTTP Client uses RestClient.
2026-05-03 00:06:10.107 [restartedMain] WARN  o.s.c.l.c.LoadBalancerCacheAutoConfiguration$LoadBalancerCaffeineWarnLogger — Spring Cloud LoadBalancer is currently working with the default cache. While this cache implementation is useful for development and tests, it's recommended to use Caffeine cache in production.You can switch to using Caffeine cache, by adding it and org.springframework.cache.caffeine.CaffeineCacheManager to the classpath.
2026-05-03 00:06:10.126 [restartedMain] INFO  o.s.c.n.eureka.InstanceInfoFactory — Setting initial instance status as: STARTING
2026-05-03 00:06:10.141 [restartedMain] INFO  c.netflix.discovery.DiscoveryClient — Initializing Eureka in region us-east-1
2026-05-03 00:06:10.143 [restartedMain] INFO  c.n.d.s.r.aws.ConfigClusterResolver — Resolving eureka endpoints via configuration
2026-05-03 00:06:10.153 [restartedMain] INFO  c.netflix.discovery.DiscoveryClient — Disable delta property : false
2026-05-03 00:06:10.153 [restartedMain] INFO  c.netflix.discovery.DiscoveryClient — Single vip registry refresh property : null
2026-05-03 00:06:10.153 [restartedMain] INFO  c.netflix.discovery.DiscoveryClient — Force full registry fetch : false
2026-05-03 00:06:10.154 [restartedMain] INFO  c.netflix.discovery.DiscoveryClient — Application is null : false
2026-05-03 00:06:10.154 [restartedMain] INFO  c.netflix.discovery.DiscoveryClient — Registered Applications size is zero : true
2026-05-03 00:06:10.154 [restartedMain] INFO  c.netflix.discovery.DiscoveryClient — Application version is -1: true
2026-05-03 00:06:10.154 [restartedMain] INFO  c.netflix.discovery.DiscoveryClient — Getting all instance registry info from the eureka server
2026-05-03 00:06:10.327 [restartedMain] INFO  c.netflix.discovery.DiscoveryClient — The response status is 200
2026-05-03 00:06:10.328 [restartedMain] INFO  c.netflix.discovery.DiscoveryClient — Starting heartbeat executor: renew interval is: 30
2026-05-03 00:06:10.329 [restartedMain] INFO  c.n.discovery.InstanceInfoReplicator — InstanceInfoReplicator onDemand update allowed rate per min is 4
2026-05-03 00:06:10.330 [restartedMain] INFO  c.netflix.discovery.DiscoveryClient — Discovery Client initialized at timestamp 1777755970330 with initial instances count: 3
2026-05-03 00:06:10.332 [restartedMain] INFO  o.s.c.n.e.s.EurekaServiceRegistry — Registering application TAVIA-CRM-SERVICE with eureka with status UP
2026-05-03 00:06:10.333 [restartedMain] INFO  c.netflix.discovery.DiscoveryClient — Saw local status change event StatusChangeEvent [timestamp=1777755970333, current=UP, previous=STARTING]
2026-05-03 00:06:10.333 [DiscoveryClient-InstanceInfoReplicator-%d] INFO  c.netflix.discovery.DiscoveryClient — DiscoveryClient_TAVIA-CRM-SERVICE/10.0.0.139:tavia-crm-service:8086: registering service...
2026-05-03 00:06:10.334 [restartedMain] INFO  o.a.coyote.http11.Http11NioProtocol — Starting ProtocolHandler ["http-nio-8086"]
2026-05-03 00:06:10.342 [restartedMain] INFO  o.s.boot.tomcat.TomcatWebServer — Tomcat started on port 8086 (http) with context path '/'
2026-05-03 00:06:10.342 [restartedMain] INFO  o.s.c.n.e.s.EurekaAutoServiceRegistration — Updating port to 8086
2026-05-03 00:06:10.351 [restartedMain] INFO  c.t.c.CrmServiceApplication — Started CrmServiceApplication in 3.915 seconds (process running for 4.319)
2026-05-03 00:06:10.353 [restartedMain] WARN  o.s.c.events.SpringDocAppInitializer — SpringDoc /v3/api-docs endpoint is enabled by default. To disable it in production, set the property 'springdoc.api-docs.enabled=false'
2026-05-03 00:06:10.353 [restartedMain] WARN  o.s.c.events.SpringDocAppInitializer — SpringDoc /swagger-ui.html endpoint is enabled by default. To disable it in production, set the property 'springdoc.swagger-ui.enabled=false'
2026-05-03 00:06:10.358 [DiscoveryClient-InstanceInfoReplicator-%d] INFO  c.netflix.discovery.DiscoveryClient — DiscoveryClient_TAVIA-CRM-SERVICE/10.0.0.139:tavia-crm-service:8086 - registration status: 204
2026-05-03 00:09:24.523 [http-nio-8086-exec-1] INFO  o.a.c.c.C.[Tomcat].[localhost].[/] — Initializing Spring DispatcherServlet 'dispatcherServlet'
2026-05-03 00:09:24.525 [http-nio-8086-exec-1] INFO  o.s.web.servlet.DispatcherServlet — Initializing Servlet 'dispatcherServlet'
2026-05-03 00:09:24.530 [http-nio-8086-exec-1] INFO  o.s.web.servlet.DispatcherServlet — Completed initialization in 4 ms
2026-05-03 00:09:24.578 [http-nio-8086-exec-1] INFO  c.t.c.service.CustomerServiceImpl — Fetching customers, tenantId filter: 228f8e0a-035c-47e0-8ac6-e30991748cf0
2026-05-03 00:09:24.947 [http-nio-8086-exec-1] DEBUG org.hibernate.SQL — select tl1_0.id,tl1_0.customer_id,tl1_0.loyalty_level,tl1_0.tenant_id,tl1_0.total_spent from tenant_loyalty tl1_0 where tl1_0.tenant_id=?
2026-05-03 00:09:25.007 [http-nio-8086-exec-1] DEBUG org.hibernate.SQL — select c1_0.id,c1_0.city,c1_0.email,c1_0.name,c1_0.password_hash,c1_0.reset_token,c1_0.reset_token_expiry from customers c1_0 where c1_0.id in (?)
2026-05-03 00:09:25.022 [http-nio-8086-exec-1] DEBUG org.hibernate.SQL — select tl1_0.id,tl1_0.customer_id,tl1_0.loyalty_level,tl1_0.tenant_id,tl1_0.total_spent from tenant_loyalty tl1_0 where tl1_0.customer_id=? and tl1_0.tenant_id=?
2026-05-03 00:11:10.155 [AsyncResolver-bootstrap-executor-%d] INFO  c.n.d.s.r.aws.ConfigClusterResolver — Resolving eureka endpoints via configuration
2026-05-03 00:15:43.444 [SpringApplicationShutdownHook] INFO  o.s.c.n.e.s.EurekaServiceRegistry — Unregistering application TAVIA-CRM-SERVICE with eureka with status DOWN
2026-05-03 00:15:43.444 [SpringApplicationShutdownHook] INFO  c.netflix.discovery.DiscoveryClient — Saw local status change event StatusChangeEvent [timestamp=1777756543444, current=DOWN, previous=UP]
2026-05-03 00:15:43.446 [DiscoveryClient-InstanceInfoReplicator-%d] INFO  c.netflix.discovery.DiscoveryClient — DiscoveryClient_TAVIA-CRM-SERVICE/10.0.0.139:tavia-crm-service:8086: registering service...
2026-05-03 00:15:43.453 [SpringApplicationShutdownHook] INFO  o.s.boot.tomcat.GracefulShutdown — Commencing graceful shutdown. Waiting for active requests to complete
2026-05-03 00:15:43.467 [tomcat-shutdown] INFO  o.s.boot.tomcat.GracefulShutdown — Graceful shutdown complete
2026-05-03 00:15:43.478 [SpringApplicationShutdownHook] INFO  o.s.o.j.LocalContainerEntityManagerFactoryBean — Closing JPA EntityManagerFactory for persistence unit 'default'
2026-05-03 00:15:43.484 [SpringApplicationShutdownHook] INFO  com.zaxxer.hikari.HikariDataSource — HikariPool-1 - Shutdown initiated...
2026-05-03 00:15:43.495 [SpringApplicationShutdownHook] INFO  com.zaxxer.hikari.HikariDataSource — HikariPool-1 - Shutdown completed.
2026-05-03 00:15:43.496 [SpringApplicationShutdownHook] INFO  c.netflix.discovery.DiscoveryClient — Shutting down DiscoveryClient ...
2026-05-03 00:15:43.508 [DiscoveryClient-InstanceInfoReplicator-%d] INFO  c.netflix.discovery.DiscoveryClient — DiscoveryClient_TAVIA-CRM-SERVICE/10.0.0.139:tavia-crm-service:8086 - registration status: 204
2026-05-03 00:15:43.511 [SpringApplicationShutdownHook] INFO  c.netflix.discovery.DiscoveryClient — Unregistering ...
2026-05-03 00:15:43.533 [SpringApplicationShutdownHook] INFO  c.netflix.discovery.DiscoveryClient — DiscoveryClient_TAVIA-CRM-SERVICE/10.0.0.139:tavia-crm-service:8086 - deregister  status: 200
2026-05-03 00:15:43.534 [SpringApplicationShutdownHook] INFO  c.netflix.discovery.DiscoveryClient — Completed shut down of DiscoveryClient
2026-05-03 00:17:21.860 [background-preinit] INFO  o.h.validator.internal.util.Version — HV000001: Hibernate Validator 9.0.1.Final
2026-05-03 00:17:21.883 [restartedMain] INFO  c.t.c.CrmServiceApplication — Starting CrmServiceApplication using Java 21.0.10 with PID 150434 (/home/tuna/Desktop/tavia_v2/tavia-crm-service/build/classes/java/main started by tuna in /home/tuna/Desktop/tavia_v2/tavia-crm-service)
2026-05-03 00:17:21.884 [restartedMain] DEBUG c.t.c.CrmServiceApplication — Running with Spring Boot v4.0.6, Spring v7.0.7
2026-05-03 00:17:21.884 [restartedMain] INFO  c.t.c.CrmServiceApplication — No active profile set, falling back to 1 default profile: "default"
2026-05-03 00:17:21.913 [restartedMain] INFO  o.s.c.c.c.ConfigServerConfigDataLoader — Fetching config from server at : http://localhost:8888
2026-05-03 00:17:21.913 [restartedMain] INFO  o.s.c.c.c.ConfigServerConfigDataLoader — Located environment: name=tavia-crm-service, profiles=[default], label=null, version=null, state=null
2026-05-03 00:17:21.913 [restartedMain] DEBUG o.s.c.c.c.ConfigServerConfigDataLoader — Environment tavia-crm-service has 2 property sources with 34 properties.
2026-05-03 00:17:21.916 [restartedMain] INFO  o.s.b.d.e.DevToolsPropertyDefaultsPostProcessor — Devtools property defaults active! Set 'spring.devtools.add-properties' to 'false' to disable
2026-05-03 00:17:21.916 [restartedMain] INFO  o.s.b.d.e.DevToolsPropertyDefaultsPostProcessor — For additional web related logging consider setting the 'logging.level.web' property to 'DEBUG'
2026-05-03 00:17:22.432 [restartedMain] INFO  o.s.d.r.c.RepositoryConfigurationDelegate — Bootstrapping Spring Data JPA repositories in DEFAULT mode.
2026-05-03 00:17:22.518 [restartedMain] INFO  o.s.d.r.c.RepositoryConfigurationDelegate — Finished Spring Data repository scanning in 81 ms. Found 2 JPA repository interfaces.
2026-05-03 00:17:22.672 [restartedMain] INFO  o.s.cloud.context.scope.GenericScope — BeanFactory id=89dd6eac-d973-3148-9115-123946d3a2bc
2026-05-03 00:17:22.974 [restartedMain] INFO  o.s.boot.tomcat.TomcatWebServer — Tomcat initialized with port 8086 (http)
2026-05-03 00:17:22.983 [restartedMain] INFO  o.a.coyote.http11.Http11NioProtocol — Initializing ProtocolHandler ["http-nio-8086"]
2026-05-03 00:17:22.985 [restartedMain] INFO  o.a.catalina.core.StandardService — Starting service [Tomcat]
2026-05-03 00:17:22.985 [restartedMain] INFO  o.a.catalina.core.StandardEngine — Starting Servlet engine: [Apache Tomcat/11.0.21]
2026-05-03 00:17:23.014 [restartedMain] INFO  o.s.b.w.c.s.WebApplicationContextInitializer — Root WebApplicationContext: initialization completed in 1097 ms
2026-05-03 00:17:23.130 [restartedMain] INFO  org.hibernate.orm.jpa — HHH008540: Processing PersistenceUnitInfo [name: default]
2026-05-03 00:17:23.166 [restartedMain] INFO  org.hibernate.orm.core — HHH000001: Hibernate ORM core version 7.2.12.Final
2026-05-03 00:17:23.479 [restartedMain] INFO  o.s.o.j.p.SpringPersistenceUnitInfo — No LoadTimeWeaver setup: ignoring JPA class transformer
2026-05-03 00:17:23.500 [restartedMain] INFO  com.zaxxer.hikari.HikariDataSource — HikariPool-1 - Starting...
2026-05-03 00:17:23.584 [restartedMain] INFO  com.zaxxer.hikari.pool.HikariPool — HikariPool-1 - Added connection org.postgresql.jdbc.PgConnection@715bba29
2026-05-03 00:17:23.585 [restartedMain] INFO  com.zaxxer.hikari.HikariDataSource — HikariPool-1 - Start completed.
2026-05-03 00:17:23.603 [restartedMain] WARN  org.hibernate.orm.deprecation — HHH90000025: PostgreSQLDialect does not need to be specified explicitly using 'hibernate.dialect' (remove the property setting and it will be selected by default)
2026-05-03 00:17:23.617 [restartedMain] INFO  o.hibernate.orm.connections.pooling — HHH10001005: Database info:
	Database JDBC URL [jdbc:postgresql://localhost:5432/tavia_db]
	Database driver: PostgreSQL JDBC Driver
	Database dialect: PostgreSQLDialect
	Database version: 15.17
	Default catalog/schema: tavia_db/public
	Autocommit mode: undefined/unknown
	Isolation level: READ_COMMITTED [default READ_COMMITTED]
	JDBC fetch size: none
	Pool: DataSourceConnectionProvider
	Minimum pool size: undefined/unknown
	Maximum pool size: undefined/unknown
2026-05-03 00:17:24.222 [restartedMain] INFO  org.hibernate.orm.core — HHH000489: No JTA platform available (set 'hibernate.transaction.jta.platform' to enable JTA platform integration)
2026-05-03 00:17:24.280 [restartedMain] INFO  o.s.o.j.LocalContainerEntityManagerFactoryBean — Initialized JPA EntityManagerFactory for persistence unit 'default'
2026-05-03 00:17:24.333 [restartedMain] INFO  o.s.d.j.r.q.QueryEnhancerFactories — Hibernate is in classpath; If applicable, HQL parser will be used.
2026-05-03 00:17:24.511 [restartedMain] WARN  o.s.b.j.a.JpaBaseConfiguration$JpaWebConfiguration — spring.jpa.open-in-view is enabled by default. Therefore, database queries may be performed during view rendering. Explicitly configure spring.jpa.open-in-view to disable this warning
2026-05-03 00:17:24.910 [restartedMain] INFO  o.s.c.n.e.c.DiscoveryClientOptionalArgsConfiguration — Eureka HTTP Client uses RestClient.
2026-05-03 00:17:24.934 [restartedMain] WARN  o.s.c.l.c.LoadBalancerCacheAutoConfiguration$LoadBalancerCaffeineWarnLogger — Spring Cloud LoadBalancer is currently working with the default cache. While this cache implementation is useful for development and tests, it's recommended to use Caffeine cache in production.You can switch to using Caffeine cache, by adding it and org.springframework.cache.caffeine.CaffeineCacheManager to the classpath.
2026-05-03 00:17:24.954 [restartedMain] INFO  o.s.c.n.eureka.InstanceInfoFactory — Setting initial instance status as: STARTING
2026-05-03 00:17:24.969 [restartedMain] INFO  c.netflix.discovery.DiscoveryClient — Initializing Eureka in region us-east-1
2026-05-03 00:17:24.971 [restartedMain] INFO  c.n.d.s.r.aws.ConfigClusterResolver — Resolving eureka endpoints via configuration
2026-05-03 00:17:24.975 [restartedMain] INFO  c.netflix.discovery.DiscoveryClient — Disable delta property : false
2026-05-03 00:17:24.976 [restartedMain] INFO  c.netflix.discovery.DiscoveryClient — Single vip registry refresh property : null
2026-05-03 00:17:24.976 [restartedMain] INFO  c.netflix.discovery.DiscoveryClient — Force full registry fetch : false
2026-05-03 00:17:24.976 [restartedMain] INFO  c.netflix.discovery.DiscoveryClient — Application is null : false
2026-05-03 00:17:24.976 [restartedMain] INFO  c.netflix.discovery.DiscoveryClient — Registered Applications size is zero : true
2026-05-03 00:17:24.976 [restartedMain] INFO  c.netflix.discovery.DiscoveryClient — Application version is -1: true
2026-05-03 00:17:24.976 [restartedMain] INFO  c.netflix.discovery.DiscoveryClient — Getting all instance registry info from the eureka server
2026-05-03 00:17:25.150 [restartedMain] INFO  c.netflix.discovery.DiscoveryClient — The response status is 200
2026-05-03 00:17:25.151 [restartedMain] INFO  c.netflix.discovery.DiscoveryClient — Starting heartbeat executor: renew interval is: 30
2026-05-03 00:17:25.153 [restartedMain] INFO  c.n.discovery.InstanceInfoReplicator — InstanceInfoReplicator onDemand update allowed rate per min is 4
2026-05-03 00:17:25.154 [restartedMain] INFO  c.netflix.discovery.DiscoveryClient — Discovery Client initialized at timestamp 1777756645154 with initial instances count: 2
2026-05-03 00:17:25.156 [restartedMain] INFO  o.s.c.n.e.s.EurekaServiceRegistry — Registering application TAVIA-CRM-SERVICE with eureka with status UP
2026-05-03 00:17:25.157 [restartedMain] INFO  c.netflix.discovery.DiscoveryClient — Saw local status change event StatusChangeEvent [timestamp=1777756645157, current=UP, previous=STARTING]
2026-05-03 00:17:25.158 [DiscoveryClient-InstanceInfoReplicator-%d] INFO  c.netflix.discovery.DiscoveryClient — DiscoveryClient_TAVIA-CRM-SERVICE/10.0.0.139:tavia-crm-service:8086: registering service...
2026-05-03 00:17:25.158 [restartedMain] INFO  o.a.coyote.http11.Http11NioProtocol — Starting ProtocolHandler ["http-nio-8086"]
2026-05-03 00:17:25.167 [restartedMain] INFO  o.s.boot.tomcat.TomcatWebServer — Tomcat started on port 8086 (http) with context path '/'
2026-05-03 00:17:25.167 [restartedMain] INFO  o.s.c.n.e.s.EurekaAutoServiceRegistration — Updating port to 8086
2026-05-03 00:17:25.187 [restartedMain] INFO  c.t.c.CrmServiceApplication — Started CrmServiceApplication in 4.036 seconds (process running for 4.448)
2026-05-03 00:17:25.190 [restartedMain] WARN  o.s.c.events.SpringDocAppInitializer — SpringDoc /v3/api-docs endpoint is enabled by default. To disable it in production, set the property 'springdoc.api-docs.enabled=false'
2026-05-03 00:17:25.190 [restartedMain] WARN  o.s.c.events.SpringDocAppInitializer — SpringDoc /swagger-ui.html endpoint is enabled by default. To disable it in production, set the property 'springdoc.swagger-ui.enabled=false'
2026-05-03 00:17:25.191 [DiscoveryClient-InstanceInfoReplicator-%d] INFO  c.netflix.discovery.DiscoveryClient — DiscoveryClient_TAVIA-CRM-SERVICE/10.0.0.139:tavia-crm-service:8086 - registration status: 204
2026-05-03 00:22:24.977 [AsyncResolver-bootstrap-executor-%d] INFO  c.n.d.s.r.aws.ConfigClusterResolver — Resolving eureka endpoints via configuration
2026-05-03 00:27:24.981 [AsyncResolver-bootstrap-executor-%d] INFO  c.n.d.s.r.aws.ConfigClusterResolver — Resolving eureka endpoints via configuration
2026-05-03 00:32:24.981 [AsyncResolver-bootstrap-executor-%d] INFO  c.n.d.s.r.aws.ConfigClusterResolver — Resolving eureka endpoints via configuration
2026-05-03 00:37:24.982 [AsyncResolver-bootstrap-executor-%d] INFO  c.n.d.s.r.aws.ConfigClusterResolver — Resolving eureka endpoints via configuration
2026-05-03 00:42:24.982 [AsyncResolver-bootstrap-executor-%d] INFO  c.n.d.s.r.aws.ConfigClusterResolver — Resolving eureka endpoints via configuration
2026-05-03 00:47:24.983 [AsyncResolver-bootstrap-executor-%d] INFO  c.n.d.s.r.aws.ConfigClusterResolver — Resolving eureka endpoints via configuration
2026-05-03 00:52:24.983 [AsyncResolver-bootstrap-executor-%d] INFO  c.n.d.s.r.aws.ConfigClusterResolver — Resolving eureka endpoints via configuration
2026-05-03 00:57:24.983 [AsyncResolver-bootstrap-executor-%d] INFO  c.n.d.s.r.aws.ConfigClusterResolver — Resolving eureka endpoints via configuration
2026-05-03 01:02:24.984 [AsyncResolver-bootstrap-executor-%d] INFO  c.n.d.s.r.aws.ConfigClusterResolver — Resolving eureka endpoints via configuration
2026-05-03 01:07:24.984 [AsyncResolver-bootstrap-executor-%d] INFO  c.n.d.s.r.aws.ConfigClusterResolver — Resolving eureka endpoints via configuration
2026-05-03 01:12:24.985 [AsyncResolver-bootstrap-executor-%d] INFO  c.n.d.s.r.aws.ConfigClusterResolver — Resolving eureka endpoints via configuration
2026-05-03 01:17:24.985 [AsyncResolver-bootstrap-executor-%d] INFO  c.n.d.s.r.aws.ConfigClusterResolver — Resolving eureka endpoints via configuration
2026-05-03 01:22:24.989 [AsyncResolver-bootstrap-executor-%d] INFO  c.n.d.s.r.aws.ConfigClusterResolver — Resolving eureka endpoints via configuration
2026-05-03 01:27:24.990 [AsyncResolver-bootstrap-executor-%d] INFO  c.n.d.s.r.aws.ConfigClusterResolver — Resolving eureka endpoints via configuration
2026-05-03 01:29:46.231 [http-nio-8086-exec-1] INFO  o.a.c.c.C.[Tomcat].[localhost].[/] — Initializing Spring DispatcherServlet 'dispatcherServlet'
2026-05-03 01:29:46.232 [http-nio-8086-exec-1] INFO  o.s.web.servlet.DispatcherServlet — Initializing Servlet 'dispatcherServlet'
2026-05-03 01:29:46.235 [http-nio-8086-exec-1] INFO  o.s.web.servlet.DispatcherServlet — Completed initialization in 3 ms
2026-05-03 01:29:46.283 [http-nio-8086-exec-1] INFO  c.t.c.service.CustomerServiceImpl — Fetching customers, tenantId filter: 228f8e0a-035c-47e0-8ac6-e30991748cf0
2026-05-03 01:29:46.689 [http-nio-8086-exec-1] DEBUG org.hibernate.SQL — select tl1_0.id,tl1_0.customer_id,tl1_0.loyalty_level,tl1_0.tenant_id,tl1_0.total_spent from tenant_loyalty tl1_0 where tl1_0.tenant_id=?
2026-05-03 01:29:46.774 [http-nio-8086-exec-1] DEBUG org.hibernate.SQL — select c1_0.id,c1_0.city,c1_0.email,c1_0.name,c1_0.password_hash,c1_0.reset_token,c1_0.reset_token_expiry from customers c1_0 where c1_0.id in (?)
2026-05-03 01:29:46.795 [http-nio-8086-exec-1] DEBUG org.hibernate.SQL — select tl1_0.id,tl1_0.customer_id,tl1_0.loyalty_level,tl1_0.tenant_id,tl1_0.total_spent from tenant_loyalty tl1_0 where tl1_0.customer_id=? and tl1_0.tenant_id=?
2026-05-03 01:31:08.189 [http-nio-8086-exec-3] INFO  c.t.c.service.CustomerServiceImpl — Fetching customers, tenantId filter: 228f8e0a-035c-47e0-8ac6-e30991748cf0
2026-05-03 01:31:08.190 [http-nio-8086-exec-3] DEBUG org.hibernate.SQL — select tl1_0.id,tl1_0.customer_id,tl1_0.loyalty_level,tl1_0.tenant_id,tl1_0.total_spent from tenant_loyalty tl1_0 where tl1_0.tenant_id=?
2026-05-03 01:31:08.192 [http-nio-8086-exec-3] DEBUG org.hibernate.SQL — select c1_0.id,c1_0.city,c1_0.email,c1_0.name,c1_0.password_hash,c1_0.reset_token,c1_0.reset_token_expiry from customers c1_0 where c1_0.id in (?)
2026-05-03 01:31:08.195 [http-nio-8086-exec-3] DEBUG org.hibernate.SQL — select tl1_0.id,tl1_0.customer_id,tl1_0.loyalty_level,tl1_0.tenant_id,tl1_0.total_spent from tenant_loyalty tl1_0 where tl1_0.customer_id=? and tl1_0.tenant_id=?
2026-05-03 01:31:24.305 [SpringApplicationShutdownHook] INFO  o.s.c.n.e.s.EurekaServiceRegistry — Unregistering application TAVIA-CRM-SERVICE with eureka with status DOWN
2026-05-03 01:31:24.305 [SpringApplicationShutdownHook] INFO  c.netflix.discovery.DiscoveryClient — Saw local status change event StatusChangeEvent [timestamp=1777761084305, current=DOWN, previous=UP]
2026-05-03 01:31:24.305 [DiscoveryClient-InstanceInfoReplicator-%d] INFO  c.netflix.discovery.DiscoveryClient — DiscoveryClient_TAVIA-CRM-SERVICE/10.0.0.139:tavia-crm-service:8086: registering service...
2026-05-03 01:31:24.309 [SpringApplicationShutdownHook] INFO  o.s.boot.tomcat.GracefulShutdown — Commencing graceful shutdown. Waiting for active requests to complete
2026-05-03 01:31:24.314 [tomcat-shutdown] INFO  o.s.boot.tomcat.GracefulShutdown — Graceful shutdown complete
2026-05-03 01:31:24.332 [DiscoveryClient-InstanceInfoReplicator-%d] INFO  c.n.d.s.t.d.RedirectingEurekaHttpClient — Request execution error. endpoint=DefaultEndpoint{ serviceUrl='http://localhost:8761/eureka/} exception=I/O error on POST request for "http://localhost:8761/eureka/apps/TAVIA-CRM-SERVICE": Connect to http://localhost:8761 failed: Connection refused stacktrace=org.springframework.web.client.ResourceAccessException: I/O error on POST request for "http://localhost:8761/eureka/apps/TAVIA-CRM-SERVICE": Connect to http://localhost:8761 failed: Connection refused
	at org.springframework.web.client.DefaultRestClient$DefaultRequestBodyUriSpec.createResourceAccessException(DefaultRestClient.java:779)
	at org.springframework.web.client.DefaultRestClient$DefaultRequestBodyUriSpec.exchangeInternal(DefaultRestClient.java:624)
	at org.springframework.web.client.DefaultRestClient$DefaultRequestBodyUriSpec.exchange(DefaultRestClient.java:572)
	at org.springframework.web.client.RestClient$RequestHeadersSpec.exchange(RestClient.java:747)
	at org.springframework.web.client.DefaultRestClient$DefaultResponseSpec.executeAndExtract(DefaultRestClient.java:924)
	at org.springframework.web.client.DefaultRestClient$DefaultResponseSpec.toBodilessEntity(DefaultRestClient.java:888)
	at org.springframework.cloud.netflix.eureka.http.RestClientEurekaHttpClient.register(RestClientEurekaHttpClient.java:64)
	at com.netflix.discovery.shared.transport.decorator.EurekaHttpClientDecorator$1.execute(EurekaHttpClientDecorator.java:59)
	at com.netflix.discovery.shared.transport.decorator.RedirectingEurekaHttpClient.execute(RedirectingEurekaHttpClient.java:91)
	at com.netflix.discovery.shared.transport.decorator.EurekaHttpClientDecorator.register(EurekaHttpClientDecorator.java:56)
	at com.netflix.discovery.shared.transport.decorator.EurekaHttpClientDecorator$1.execute(EurekaHttpClientDecorator.java:59)
	at com.netflix.discovery.shared.transport.decorator.RetryableEurekaHttpClient.execute(RetryableEurekaHttpClient.java:120)
	at com.netflix.discovery.shared.transport.decorator.EurekaHttpClientDecorator.register(EurekaHttpClientDecorator.java:56)
	at com.netflix.discovery.shared.transport.decorator.EurekaHttpClientDecorator$1.execute(EurekaHttpClientDecorator.java:59)
	at com.netflix.discovery.shared.transport.decorator.SessionedEurekaHttpClient.execute(SessionedEurekaHttpClient.java:76)
	at com.netflix.discovery.shared.transport.decorator.EurekaHttpClientDecorator.register(EurekaHttpClientDecorator.java:56)
	at com.netflix.discovery.DiscoveryClient.register(DiscoveryClient.java:828)
	at com.netflix.discovery.InstanceInfoReplicator.run(InstanceInfoReplicator.java:125)
	at com.netflix.discovery.InstanceInfoReplicator$2.run(InstanceInfoReplicator.java:105)
	at java.base/java.util.concurrent.Executors$RunnableAdapter.call(Executors.java:572)
	at java.base/java.util.concurrent.FutureTask.run(FutureTask.java:317)
	at java.base/java.util.concurrent.ScheduledThreadPoolExecutor$ScheduledFutureTask.run(ScheduledThreadPoolExecutor.java:304)
	at java.base/java.util.concurrent.ThreadPoolExecutor.runWorker(ThreadPoolExecutor.java:1144)
	at java.base/java.util.concurrent.ThreadPoolExecutor$Worker.run(ThreadPoolExecutor.java:642)
	at java.base/java.lang.Thread.run(Thread.java:1583)
Caused by: org.apache.hc.client5.http.HttpHostConnectException: Connect to http://localhost:8761 failed: Connection refused
	at java.base/sun.nio.ch.Net.pollConnect(Native Method)
	at java.base/sun.nio.ch.Net.pollConnectNow(Net.java:694)
	at java.base/sun.nio.ch.NioSocketImpl.timedFinishConnect(NioSocketImpl.java:542)
	at java.base/sun.nio.ch.NioSocketImpl.connect(NioSocketImpl.java:592)
	at java.base/java.net.SocksSocketImpl.connect(SocksSocketImpl.java:327)
	at java.base/java.net.Socket.connect(Socket.java:751)
	at org.apache.hc.client5.http.impl.io.DefaultHttpClientConnectionOperator.connect(DefaultHttpClientConnectionOperator.java:226)
	at org.apache.hc.client5.http.impl.io.PoolingHttpClientConnectionManager.connect(PoolingHttpClientConnectionManager.java:497)
	at org.apache.hc.client5.http.impl.classic.InternalExecRuntime.connectEndpoint(InternalExecRuntime.java:164)
	at org.apache.hc.client5.http.impl.classic.InternalExecRuntime.connectEndpoint(InternalExecRuntime.java:174)
	at org.apache.hc.client5.http.impl.classic.ConnectExec.execute(ConnectExec.java:144)
	at org.apache.hc.client5.http.impl.classic.ExecChainElement.execute(ExecChainElement.java:51)
	at org.apache.hc.client5.http.impl.classic.ProtocolExec.execute(ProtocolExec.java:195)
	at org.apache.hc.client5.http.impl.classic.ExecChainElement.execute(ExecChainElement.java:51)
	at org.apache.hc.client5.http.impl.classic.ContentCompressionExec.execute(ContentCompressionExec.java:168)
	at org.apache.hc.client5.http.impl.classic.ExecChainElement.execute(ExecChainElement.java:51)
	at org.apache.hc.client5.http.impl.classic.HttpRequestRetryExec.execute(HttpRequestRetryExec.java:112)
	at org.apache.hc.client5.http.impl.classic.ExecChainElement.execute(ExecChainElement.java:51)
	at org.apache.hc.client5.http.impl.classic.RedirectExec.execute(RedirectExec.java:110)
	at org.apache.hc.client5.http.impl.classic.ExecChainElement.execute(ExecChainElement.java:51)
	at org.apache.hc.client5.http.impl.classic.InternalHttpClient.doExecute(InternalHttpClient.java:185)
	at org.apache.hc.client5.http.impl.classic.CloseableHttpClient.execute(CloseableHttpClient.java:87)
	at org.apache.hc.client5.http.impl.classic.CloseableHttpClient.execute(CloseableHttpClient.java:55)
	at org.apache.hc.client5.http.classic.HttpClient.executeOpen(HttpClient.java:183)
	at org.springframework.http.client.HttpComponentsClientHttpRequest.executeInternal(HttpComponentsClientHttpRequest.java:99)
	at org.springframework.http.client.AbstractStreamingClientHttpRequest.executeInternal(AbstractStreamingClientHttpRequest.java:87)
	at org.springframework.http.client.AbstractClientHttpRequest.execute(AbstractClientHttpRequest.java:80)
	at org.springframework.http.client.AbstractBufferingClientHttpRequest.executeWithRequestAndBody(AbstractBufferingClientHttpRequest.java:89)
	at org.springframework.http.client.InterceptingClientHttpRequest$EndOfChainRequestExecution.execute(InterceptingClientHttpRequest.java:102)
	at org.springframework.cloud.netflix.eureka.http.RestClientTransportClientFactory.lambda$newClient$2(RestClientTransportClientFactory.java:98)
	at org.springframework.http.client.ClientHttpRequestInterceptor.lambda$apply$0(ClientHttpRequestInterceptor.java:89)
	at org.springframework.http.client.InterceptingClientHttpRequest.executeInternal(InterceptingClientHttpRequest.java:73)
	at org.springframework.http.client.AbstractBufferingClientHttpRequest.executeInternal(AbstractBufferingClientHttpRequest.java:50)
	at org.springframework.http.client.AbstractClientHttpRequest.execute(AbstractClientHttpRequest.java:80)
	at org.springframework.web.client.DefaultRestClient$DefaultRequestBodyUriSpec.exchangeInternal(DefaultRestClient.java:614)
	... 23 more

2026-05-03 01:31:24.332 [DiscoveryClient-InstanceInfoReplicator-%d] WARN  c.n.d.s.t.d.RetryableEurekaHttpClient — Request execution failed with message: I/O error on POST request for "http://localhost:8761/eureka/apps/TAVIA-CRM-SERVICE": Connect to http://localhost:8761 failed: Connection refused
2026-05-03 01:31:24.338 [SpringApplicationShutdownHook] INFO  o.s.o.j.LocalContainerEntityManagerFactoryBean — Closing JPA EntityManagerFactory for persistence unit 'default'
2026-05-03 01:31:24.345 [SpringApplicationShutdownHook] INFO  com.zaxxer.hikari.HikariDataSource — HikariPool-1 - Shutdown initiated...
2026-05-03 01:31:24.360 [DiscoveryClient-InstanceInfoReplicator-%d] INFO  c.n.d.s.t.d.RedirectingEurekaHttpClient — Request execution error. endpoint=DefaultEndpoint{ serviceUrl='http://localhost:8761/eureka/}, exception=I/O error on POST request for "http://localhost:8761/eureka/apps/TAVIA-CRM-SERVICE": Connect to http://localhost:8761 failed: Connection refused stacktrace=org.springframework.web.client.ResourceAccessException: I/O error on POST request for "http://localhost:8761/eureka/apps/TAVIA-CRM-SERVICE": Connect to http://localhost:8761 failed: Connection refused
	at org.springframework.web.client.DefaultRestClient$DefaultRequestBodyUriSpec.createResourceAccessException(DefaultRestClient.java:779)
	at org.springframework.web.client.DefaultRestClient$DefaultRequestBodyUriSpec.exchangeInternal(DefaultRestClient.java:624)
	at org.springframework.web.client.DefaultRestClient$DefaultRequestBodyUriSpec.exchange(DefaultRestClient.java:572)
	at org.springframework.web.client.RestClient$RequestHeadersSpec.exchange(RestClient.java:747)
	at org.springframework.web.client.DefaultRestClient$DefaultResponseSpec.executeAndExtract(DefaultRestClient.java:924)
	at org.springframework.web.client.DefaultRestClient$DefaultResponseSpec.toBodilessEntity(DefaultRestClient.java:888)
	at org.springframework.cloud.netflix.eureka.http.RestClientEurekaHttpClient.register(RestClientEurekaHttpClient.java:64)
	at com.netflix.discovery.shared.transport.decorator.EurekaHttpClientDecorator$1.execute(EurekaHttpClientDecorator.java:59)
	at com.netflix.discovery.shared.transport.decorator.RedirectingEurekaHttpClient.executeOnNewServer(RedirectingEurekaHttpClient.java:121)
	at com.netflix.discovery.shared.transport.decorator.RedirectingEurekaHttpClient.execute(RedirectingEurekaHttpClient.java:80)
	at com.netflix.discovery.shared.transport.decorator.EurekaHttpClientDecorator.register(EurekaHttpClientDecorator.java:56)
	at com.netflix.discovery.shared.transport.decorator.EurekaHttpClientDecorator$1.execute(EurekaHttpClientDecorator.java:59)
	at com.netflix.discovery.shared.transport.decorator.RetryableEurekaHttpClient.execute(RetryableEurekaHttpClient.java:120)
	at com.netflix.discovery.shared.transport.decorator.EurekaHttpClientDecorator.register(EurekaHttpClientDecorator.java:56)
	at com.netflix.discovery.shared.transport.decorator.EurekaHttpClientDecorator$1.execute(EurekaHttpClientDecorator.java:59)
	at com.netflix.discovery.shared.transport.decorator.SessionedEurekaHttpClient.execute(SessionedEurekaHttpClient.java:76)
	at com.netflix.discovery.shared.transport.decorator.EurekaHttpClientDecorator.register(EurekaHttpClientDecorator.java:56)
	at com.netflix.discovery.DiscoveryClient.register(DiscoveryClient.java:828)
	at com.netflix.discovery.InstanceInfoReplicator.run(InstanceInfoReplicator.java:125)
	at com.netflix.discovery.InstanceInfoReplicator$2.run(InstanceInfoReplicator.java:105)
	at java.base/java.util.concurrent.Executors$RunnableAdapter.call(Executors.java:572)
	at java.base/java.util.concurrent.FutureTask.run(FutureTask.java:317)
	at java.base/java.util.concurrent.ScheduledThreadPoolExecutor$ScheduledFutureTask.run(ScheduledThreadPoolExecutor.java:304)
	at java.base/java.util.concurrent.ThreadPoolExecutor.runWorker(ThreadPoolExecutor.java:1144)
	at java.base/java.util.concurrent.ThreadPoolExecutor$Worker.run(ThreadPoolExecutor.java:642)
	at java.base/java.lang.Thread.run(Thread.java:1583)
Caused by: org.apache.hc.client5.http.HttpHostConnectException: Connect to http://localhost:8761 failed: Connection refused
	at java.base/sun.nio.ch.Net.pollConnect(Native Method)
	at java.base/sun.nio.ch.Net.pollConnectNow(Net.java:694)
	at java.base/sun.nio.ch.NioSocketImpl.timedFinishConnect(NioSocketImpl.java:542)
	at java.base/sun.nio.ch.NioSocketImpl.connect(NioSocketImpl.java:592)
	at java.base/java.net.SocksSocketImpl.connect(SocksSocketImpl.java:327)
	at java.base/java.net.Socket.connect(Socket.java:751)
	at org.apache.hc.client5.http.impl.io.DefaultHttpClientConnectionOperator.connect(DefaultHttpClientConnectionOperator.java:226)
	at org.apache.hc.client5.http.impl.io.PoolingHttpClientConnectionManager.connect(PoolingHttpClientConnectionManager.java:497)
	at org.apache.hc.client5.http.impl.classic.InternalExecRuntime.connectEndpoint(InternalExecRuntime.java:164)
	at org.apache.hc.client5.http.impl.classic.InternalExecRuntime.connectEndpoint(InternalExecRuntime.java:174)
	at org.apache.hc.client5.http.impl.classic.ConnectExec.execute(ConnectExec.java:144)
	at org.apache.hc.client5.http.impl.classic.ExecChainElement.execute(ExecChainElement.java:51)
	at org.apache.hc.client5.http.impl.classic.ProtocolExec.execute(ProtocolExec.java:195)
	at org.apache.hc.client5.http.impl.classic.ExecChainElement.execute(ExecChainElement.java:51)
	at org.apache.hc.client5.http.impl.classic.ContentCompressionExec.execute(ContentCompressionExec.java:168)
	at org.apache.hc.client5.http.impl.classic.ExecChainElement.execute(ExecChainElement.java:51)
	at org.apache.hc.client5.http.impl.classic.HttpRequestRetryExec.execute(HttpRequestRetryExec.java:112)
	at org.apache.hc.client5.http.impl.classic.ExecChainElement.execute(ExecChainElement.java:51)
	at org.apache.hc.client5.http.impl.classic.RedirectExec.execute(RedirectExec.java:110)
	at org.apache.hc.client5.http.impl.classic.ExecChainElement.execute(ExecChainElement.java:51)
	at org.apache.hc.client5.http.impl.classic.InternalHttpClient.doExecute(InternalHttpClient.java:185)
	at org.apache.hc.client5.http.impl.classic.CloseableHttpClient.execute(CloseableHttpClient.java:87)
	at org.apache.hc.client5.http.impl.classic.CloseableHttpClient.execute(CloseableHttpClient.java:55)
	at org.apache.hc.client5.http.classic.HttpClient.executeOpen(HttpClient.java:183)
	at org.springframework.http.client.HttpComponentsClientHttpRequest.executeInternal(HttpComponentsClientHttpRequest.java:99)
	at org.springframework.http.client.AbstractStreamingClientHttpRequest.executeInternal(AbstractStreamingClientHttpRequest.java:87)
	at org.springframework.http.client.AbstractClientHttpRequest.execute(AbstractClientHttpRequest.java:80)
	at org.springframework.http.client.AbstractBufferingClientHttpRequest.executeWithRequestAndBody(AbstractBufferingClientHttpRequest.java:89)
	at org.springframework.http.client.InterceptingClientHttpRequest$EndOfChainRequestExecution.execute(InterceptingClientHttpRequest.java:102)
	at org.springframework.cloud.netflix.eureka.http.RestClientTransportClientFactory.lambda$newClient$2(RestClientTransportClientFactory.java:98)
	at org.springframework.http.client.ClientHttpRequestInterceptor.lambda$apply$0(ClientHttpRequestInterceptor.java:89)
	at org.springframework.http.client.InterceptingClientHttpRequest.executeInternal(InterceptingClientHttpRequest.java:73)
	at org.springframework.http.client.AbstractBufferingClientHttpRequest.executeInternal(AbstractBufferingClientHttpRequest.java:50)
	at org.springframework.http.client.AbstractClientHttpRequest.execute(AbstractClientHttpRequest.java:80)
	at org.springframework.web.client.DefaultRestClient$DefaultRequestBodyUriSpec.exchangeInternal(DefaultRestClient.java:614)
	... 24 more

2026-05-03 01:31:24.360 [DiscoveryClient-InstanceInfoReplicator-%d] WARN  c.n.d.s.t.d.RetryableEurekaHttpClient — Request execution failed with message: I/O error on POST request for "http://localhost:8761/eureka/apps/TAVIA-CRM-SERVICE": Connect to http://localhost:8761 failed: Connection refused
2026-05-03 01:31:24.358 [SpringApplicationShutdownHook] INFO  com.zaxxer.hikari.HikariDataSource — HikariPool-1 - Shutdown completed.
2026-05-03 01:31:24.361 [DiscoveryClient-InstanceInfoReplicator-%d] WARN  c.netflix.discovery.DiscoveryClient — DiscoveryClient_TAVIA-CRM-SERVICE/10.0.0.139:tavia-crm-service:8086 - registration failed Cannot execute request on any known server
com.netflix.discovery.shared.transport.TransportException: Cannot execute request on any known server
	at com.netflix.discovery.shared.transport.decorator.RetryableEurekaHttpClient.execute(RetryableEurekaHttpClient.java:112)
	at com.netflix.discovery.shared.transport.decorator.EurekaHttpClientDecorator.register(EurekaHttpClientDecorator.java:56)
	at com.netflix.discovery.shared.transport.decorator.EurekaHttpClientDecorator$1.execute(EurekaHttpClientDecorator.java:59)
	at com.netflix.discovery.shared.transport.decorator.SessionedEurekaHttpClient.execute(SessionedEurekaHttpClient.java:76)
	at com.netflix.discovery.shared.transport.decorator.EurekaHttpClientDecorator.register(EurekaHttpClientDecorator.java:56)
	at com.netflix.discovery.DiscoveryClient.register(DiscoveryClient.java:828)
	at com.netflix.discovery.InstanceInfoReplicator.run(InstanceInfoReplicator.java:125)
	at com.netflix.discovery.InstanceInfoReplicator$2.run(InstanceInfoReplicator.java:105)
	at java.base/java.util.concurrent.Executors$RunnableAdapter.call(Executors.java:572)
	at java.base/java.util.concurrent.FutureTask.run(FutureTask.java:317)
	at java.base/java.util.concurrent.ScheduledThreadPoolExecutor$ScheduledFutureTask.run(ScheduledThreadPoolExecutor.java:304)
	at java.base/java.util.concurrent.ThreadPoolExecutor.runWorker(ThreadPoolExecutor.java:1144)
	at java.base/java.util.concurrent.ThreadPoolExecutor$Worker.run(ThreadPoolExecutor.java:642)
	at java.base/java.lang.Thread.run(Thread.java:1583)
2026-05-03 01:31:24.373 [SpringApplicationShutdownHook] INFO  c.netflix.discovery.DiscoveryClient — Shutting down DiscoveryClient ...
2026-05-03 01:31:24.372 [DiscoveryClient-InstanceInfoReplicator-%d] WARN  c.n.discovery.InstanceInfoReplicator — There was a problem with the instance info replicator
com.netflix.discovery.shared.transport.TransportException: Cannot execute request on any known server
	at com.netflix.discovery.shared.transport.decorator.RetryableEurekaHttpClient.execute(RetryableEurekaHttpClient.java:112)
	at com.netflix.discovery.shared.transport.decorator.EurekaHttpClientDecorator.register(EurekaHttpClientDecorator.java:56)
	at com.netflix.discovery.shared.transport.decorator.EurekaHttpClientDecorator$1.execute(EurekaHttpClientDecorator.java:59)
	at com.netflix.discovery.shared.transport.decorator.SessionedEurekaHttpClient.execute(SessionedEurekaHttpClient.java:76)
	at com.netflix.discovery.shared.transport.decorator.EurekaHttpClientDecorator.register(EurekaHttpClientDecorator.java:56)
	at com.netflix.discovery.DiscoveryClient.register(DiscoveryClient.java:828)
	at com.netflix.discovery.InstanceInfoReplicator.run(InstanceInfoReplicator.java:125)
	at com.netflix.discovery.InstanceInfoReplicator$2.run(InstanceInfoReplicator.java:105)
	at java.base/java.util.concurrent.Executors$RunnableAdapter.call(Executors.java:572)
	at java.base/java.util.concurrent.FutureTask.run(FutureTask.java:317)
	at java.base/java.util.concurrent.ScheduledThreadPoolExecutor$ScheduledFutureTask.run(ScheduledThreadPoolExecutor.java:304)
	at java.base/java.util.concurrent.ThreadPoolExecutor.runWorker(ThreadPoolExecutor.java:1144)
	at java.base/java.util.concurrent.ThreadPoolExecutor$Worker.run(ThreadPoolExecutor.java:642)
	at java.base/java.lang.Thread.run(Thread.java:1583)
2026-05-03 01:31:24.375 [SpringApplicationShutdownHook] INFO  c.netflix.discovery.DiscoveryClient — Unregistering ...
2026-05-03 01:31:24.389 [SpringApplicationShutdownHook] INFO  c.n.d.s.t.d.RedirectingEurekaHttpClient — Request execution error. endpoint=DefaultEndpoint{ serviceUrl='http://localhost:8761/eureka/}, exception=I/O error on DELETE request for "http://localhost:8761/eureka/apps/TAVIA-CRM-SERVICE/10.0.0.139:tavia-crm-service:8086": Connect to http://localhost:8761 failed: Connection refused stacktrace=org.springframework.web.client.ResourceAccessException: I/O error on DELETE request for "http://localhost:8761/eureka/apps/TAVIA-CRM-SERVICE/10.0.0.139:tavia-crm-service:8086": Connect to http://localhost:8761 failed: Connection refused
	at org.springframework.web.client.DefaultRestClient$DefaultRequestBodyUriSpec.createResourceAccessException(DefaultRestClient.java:779)
	at org.springframework.web.client.DefaultRestClient$DefaultRequestBodyUriSpec.exchangeInternal(DefaultRestClient.java:624)
	at org.springframework.web.client.DefaultRestClient$DefaultRequestBodyUriSpec.exchange(DefaultRestClient.java:572)
	at org.springframework.web.client.RestClient$RequestHeadersSpec.exchange(RestClient.java:747)
	at org.springframework.web.client.DefaultRestClient$DefaultResponseSpec.executeAndExtract(DefaultRestClient.java:924)
	at org.springframework.web.client.DefaultRestClient$DefaultResponseSpec.toBodilessEntity(DefaultRestClient.java:888)
	at org.springframework.cloud.netflix.eureka.http.RestClientEurekaHttpClient.cancel(RestClientEurekaHttpClient.java:73)
	at com.netflix.discovery.shared.transport.decorator.EurekaHttpClientDecorator$2.execute(EurekaHttpClientDecorator.java:74)
	at com.netflix.discovery.shared.transport.decorator.RedirectingEurekaHttpClient.executeOnNewServer(RedirectingEurekaHttpClient.java:121)
	at com.netflix.discovery.shared.transport.decorator.RedirectingEurekaHttpClient.execute(RedirectingEurekaHttpClient.java:80)
	at com.netflix.discovery.shared.transport.decorator.EurekaHttpClientDecorator.cancel(EurekaHttpClientDecorator.java:71)
	at com.netflix.discovery.shared.transport.decorator.EurekaHttpClientDecorator$2.execute(EurekaHttpClientDecorator.java:74)
	at com.netflix.discovery.shared.transport.decorator.RetryableEurekaHttpClient.execute(RetryableEurekaHttpClient.java:120)
	at com.netflix.discovery.shared.transport.decorator.EurekaHttpClientDecorator.cancel(EurekaHttpClientDecorator.java:71)
	at com.netflix.discovery.shared.transport.decorator.EurekaHttpClientDecorator$2.execute(EurekaHttpClientDecorator.java:74)
	at com.netflix.discovery.shared.transport.decorator.SessionedEurekaHttpClient.execute(SessionedEurekaHttpClient.java:76)
	at com.netflix.discovery.shared.transport.decorator.EurekaHttpClientDecorator.cancel(EurekaHttpClientDecorator.java:71)
	at com.netflix.discovery.DiscoveryClient.unregister(DiscoveryClient.java:919)
	at com.netflix.discovery.DiscoveryClient.shutdown(DiscoveryClient.java:900)
	at java.base/jdk.internal.reflect.DirectMethodHandleAccessor.invoke(DirectMethodHandleAccessor.java:103)
	at java.base/java.lang.reflect.Method.invoke(Method.java:580)
	at org.springframework.beans.factory.annotation.InitDestroyAnnotationBeanPostProcessor$LifecycleMethod.invoke(InitDestroyAnnotationBeanPostProcessor.java:453)
	at org.springframework.beans.factory.annotation.InitDestroyAnnotationBeanPostProcessor$LifecycleMetadata.invokeDestroyMethods(InitDestroyAnnotationBeanPostProcessor.java:411)
	at org.springframework.beans.factory.annotation.InitDestroyAnnotationBeanPostProcessor.postProcessBeforeDestruction(InitDestroyAnnotationBeanPostProcessor.java:237)
	at org.springframework.beans.factory.support.DisposableBeanAdapter.destroy(DisposableBeanAdapter.java:200)
	at org.springframework.beans.factory.support.DisposableBeanAdapter.run(DisposableBeanAdapter.java:193)
	at org.springframework.cloud.context.scope.GenericScope$BeanLifecycleWrapper.destroy(GenericScope.java:387)
	at org.springframework.cloud.context.scope.GenericScope.destroy(GenericScope.java:134)
	at org.springframework.beans.factory.support.DisposableBeanAdapter.destroy(DisposableBeanAdapter.java:209)
	at org.springframework.beans.factory.support.DefaultSingletonBeanRegistry.destroyBean(DefaultSingletonBeanRegistry.java:795)
	at org.springframework.beans.factory.support.DefaultSingletonBeanRegistry.destroySingleton(DefaultSingletonBeanRegistry.java:745)
	at org.springframework.beans.factory.support.DefaultListableBeanFactory.destroySingleton(DefaultListableBeanFactory.java:1500)
	at org.springframework.beans.factory.support.DefaultSingletonBeanRegistry.destroySingletons(DefaultSingletonBeanRegistry.java:704)
	at org.springframework.beans.factory.support.DefaultListableBeanFactory.destroySingletons(DefaultListableBeanFactory.java:1493)
	at org.springframework.context.support.AbstractApplicationContext.destroyBeans(AbstractApplicationContext.java:1246)
	at org.springframework.context.support.AbstractApplicationContext.doClose(AbstractApplicationContext.java:1207)
	at org.springframework.boot.web.server.servlet.context.ServletWebServerApplicationContext.doClose(ServletWebServerApplicationContext.java:176)
	at org.springframework.context.support.AbstractApplicationContext.close(AbstractApplicationContext.java:1153)
	at org.springframework.boot.SpringApplicationShutdownHook.closeAndWait(SpringApplicationShutdownHook.java:147)
	at java.base/java.lang.Iterable.forEach(Iterable.java:75)
	at org.springframework.boot.SpringApplicationShutdownHook.run(SpringApplicationShutdownHook.java:116)
	at java.base/java.lang.Thread.run(Thread.java:1583)
Caused by: org.apache.hc.client5.http.HttpHostConnectException: Connect to http://localhost:8761 failed: Connection refused
	at java.base/sun.nio.ch.Net.pollConnect(Native Method)
	at java.base/sun.nio.ch.Net.pollConnectNow(Net.java:694)
	at java.base/sun.nio.ch.NioSocketImpl.timedFinishConnect(NioSocketImpl.java:542)
	at java.base/sun.nio.ch.NioSocketImpl.connect(NioSocketImpl.java:592)
	at java.base/java.net.SocksSocketImpl.connect(SocksSocketImpl.java:327)
	at java.base/java.net.Socket.connect(Socket.java:751)
	at org.apache.hc.client5.http.impl.io.DefaultHttpClientConnectionOperator.connect(DefaultHttpClientConnectionOperator.java:226)
	at org.apache.hc.client5.http.impl.io.PoolingHttpClientConnectionManager.connect(PoolingHttpClientConnectionManager.java:497)
	at org.apache.hc.client5.http.impl.classic.InternalExecRuntime.connectEndpoint(InternalExecRuntime.java:164)
	at org.apache.hc.client5.http.impl.classic.InternalExecRuntime.connectEndpoint(InternalExecRuntime.java:174)
	at org.apache.hc.client5.http.impl.classic.ConnectExec.execute(ConnectExec.java:144)
	at org.apache.hc.client5.http.impl.classic.ExecChainElement.execute(ExecChainElement.java:51)
	at org.apache.hc.client5.http.impl.classic.ProtocolExec.execute(ProtocolExec.java:195)
	at org.apache.hc.client5.http.impl.classic.ExecChainElement.execute(ExecChainElement.java:51)
	at org.apache.hc.client5.http.impl.classic.ContentCompressionExec.execute(ContentCompressionExec.java:168)
	at org.apache.hc.client5.http.impl.classic.ExecChainElement.execute(ExecChainElement.java:51)
	at org.apache.hc.client5.http.impl.classic.HttpRequestRetryExec.execute(HttpRequestRetryExec.java:112)
	at org.apache.hc.client5.http.impl.classic.ExecChainElement.execute(ExecChainElement.java:51)
	at org.apache.hc.client5.http.impl.classic.RedirectExec.execute(RedirectExec.java:110)
	at org.apache.hc.client5.http.impl.classic.ExecChainElement.execute(ExecChainElement.java:51)
	at org.apache.hc.client5.http.impl.classic.InternalHttpClient.doExecute(InternalHttpClient.java:185)
	at org.apache.hc.client5.http.impl.classic.CloseableHttpClient.execute(CloseableHttpClient.java:87)
	at org.apache.hc.client5.http.impl.classic.CloseableHttpClient.execute(CloseableHttpClient.java:55)
	at org.apache.hc.client5.http.classic.HttpClient.executeOpen(HttpClient.java:183)
	at org.springframework.http.client.HttpComponentsClientHttpRequest.executeInternal(HttpComponentsClientHttpRequest.java:99)
	at org.springframework.http.client.AbstractStreamingClientHttpRequest.executeInternal(AbstractStreamingClientHttpRequest.java:87)
	at org.springframework.http.client.AbstractClientHttpRequest.execute(AbstractClientHttpRequest.java:80)
	at org.springframework.http.client.AbstractBufferingClientHttpRequest.executeWithRequestAndBody(AbstractBufferingClientHttpRequest.java:89)
	at org.springframework.http.client.InterceptingClientHttpRequest$EndOfChainRequestExecution.execute(InterceptingClientHttpRequest.java:102)
	at org.springframework.cloud.netflix.eureka.http.RestClientTransportClientFactory.lambda$newClient$2(RestClientTransportClientFactory.java:98)
	at org.springframework.http.client.ClientHttpRequestInterceptor.lambda$apply$0(ClientHttpRequestInterceptor.java:89)
	at org.springframework.http.client.InterceptingClientHttpRequest.executeInternal(InterceptingClientHttpRequest.java:73)
	at org.springframework.http.client.AbstractBufferingClientHttpRequest.executeInternal(AbstractBufferingClientHttpRequest.java:50)
	at org.springframework.http.client.AbstractClientHttpRequest.execute(AbstractClientHttpRequest.java:80)
	at org.springframework.web.client.DefaultRestClient$DefaultRequestBodyUriSpec.exchangeInternal(DefaultRestClient.java:614)
	... 40 more

2026-05-03 01:31:24.389 [SpringApplicationShutdownHook] WARN  c.n.d.s.t.d.RetryableEurekaHttpClient — Request execution failed with message: I/O error on DELETE request for "http://localhost:8761/eureka/apps/TAVIA-CRM-SERVICE/10.0.0.139:tavia-crm-service:8086": Connect to http://localhost:8761 failed: Connection refused
2026-05-03 01:31:24.407 [SpringApplicationShutdownHook] INFO  c.netflix.discovery.DiscoveryClient — Completed shut down of DiscoveryClient
