2026-05-13 06:14:44.946 [restartedMain] INFO  [traceId=, spanId=] c.t.gateway.ApiGatewayApplication — Starting ApiGatewayApplication using Java 21.0.10 with PID 23251 (/home/tuna/Desktop/tavia_v2/tavia-api-gateway/build/classes/java/main started by tuna in /home/tuna/Desktop/tavia_v2/tavia-api-gateway)
2026-05-13 06:14:44.950 [restartedMain] DEBUG [traceId=, spanId=] c.t.gateway.ApiGatewayApplication — Running with Spring Boot v4.0.6, Spring v7.0.7
2026-05-13 06:14:44.951 [restartedMain] INFO  [traceId=, spanId=] c.t.gateway.ApiGatewayApplication — No active profile set, falling back to 1 default profile: "default"
2026-05-13 06:14:44.985 [restartedMain] INFO  [traceId=, spanId=] o.s.c.c.c.ConfigServerConfigDataLoader — Fetching config from server at : http://localhost:8888
2026-05-13 06:14:44.985 [restartedMain] INFO  [traceId=, spanId=] o.s.c.c.c.ConfigServerConfigDataLoader — Located environment: name=tavia-api-gateway, profiles=[default], label=null, version=null, state=null
2026-05-13 06:14:44.987 [restartedMain] INFO  [traceId=, spanId=] o.s.b.d.e.DevToolsPropertyDefaultsPostProcessor — Devtools property defaults active! Set 'spring.devtools.add-properties' to 'false' to disable
2026-05-13 06:14:45.004 [background-preinit] INFO  [traceId=, spanId=] o.h.validator.internal.util.Version — HV000001: Hibernate Validator 9.0.1.Final
2026-05-13 06:14:45.475 [restartedMain] INFO  [traceId=, spanId=] o.s.cloud.context.scope.GenericScope — BeanFactory id=8ed1b725-f116-3aee-a5ef-99fa66868289
2026-05-13 06:14:45.858 [restartedMain] INFO  [traceId=, spanId=] o.s.c.n.e.c.DiscoveryClientOptionalArgsConfiguration — Eureka HTTP Client uses RestClient.
2026-05-13 06:14:45.871 [restartedMain] INFO  [traceId=, spanId=] o.s.c.n.eureka.InstanceInfoFactory — Setting initial instance status as: STARTING
2026-05-13 06:14:45.892 [restartedMain] INFO  [traceId=, spanId=] c.netflix.discovery.DiscoveryClient — Initializing Eureka in region us-east-1
2026-05-13 06:14:45.894 [restartedMain] INFO  [traceId=, spanId=] c.n.d.s.r.aws.ConfigClusterResolver — Resolving eureka endpoints via configuration
2026-05-13 06:14:45.899 [restartedMain] INFO  [traceId=, spanId=] c.netflix.discovery.DiscoveryClient — Disable delta property : false
2026-05-13 06:14:45.899 [restartedMain] INFO  [traceId=, spanId=] c.netflix.discovery.DiscoveryClient — Single vip registry refresh property : null
2026-05-13 06:14:45.899 [restartedMain] INFO  [traceId=, spanId=] c.netflix.discovery.DiscoveryClient — Force full registry fetch : false
2026-05-13 06:14:45.899 [restartedMain] INFO  [traceId=, spanId=] c.netflix.discovery.DiscoveryClient — Application is null : false
2026-05-13 06:14:45.899 [restartedMain] INFO  [traceId=, spanId=] c.netflix.discovery.DiscoveryClient — Registered Applications size is zero : true
2026-05-13 06:14:45.899 [restartedMain] INFO  [traceId=, spanId=] c.netflix.discovery.DiscoveryClient — Application version is -1: true
2026-05-13 06:14:45.899 [restartedMain] INFO  [traceId=, spanId=] c.netflix.discovery.DiscoveryClient — Getting all instance registry info from the eureka server
2026-05-13 06:14:46.138 [restartedMain] INFO  [traceId=, spanId=] c.netflix.discovery.DiscoveryClient — The response status is 200
2026-05-13 06:14:46.139 [restartedMain] INFO  [traceId=, spanId=] c.netflix.discovery.DiscoveryClient — Starting heartbeat executor: renew interval is: 30
2026-05-13 06:14:46.140 [restartedMain] INFO  [traceId=, spanId=] c.n.discovery.InstanceInfoReplicator — InstanceInfoReplicator onDemand update allowed rate per min is 4
2026-05-13 06:14:46.141 [restartedMain] INFO  [traceId=, spanId=] c.netflix.discovery.DiscoveryClient — Discovery Client initialized at timestamp 1778642086140 with initial instances count: 8
2026-05-13 06:14:46.142 [restartedMain] INFO  [traceId=, spanId=] o.s.c.n.e.s.EurekaServiceRegistry — Registering application TAVIA-API-GATEWAY with eureka with status UP
2026-05-13 06:14:46.143 [restartedMain] INFO  [traceId=, spanId=] c.netflix.discovery.DiscoveryClient — Saw local status change event StatusChangeEvent [timestamp=1778642086143, current=UP, previous=STARTING]
2026-05-13 06:14:46.144 [DiscoveryClient-InstanceInfoReplicator-%d] INFO  [traceId=, spanId=] c.netflix.discovery.DiscoveryClient — DiscoveryClient_TAVIA-API-GATEWAY/10.0.0.139:tavia-api-gateway:8080: registering service...
2026-05-13 06:14:46.168 [DiscoveryClient-InstanceInfoReplicator-%d] INFO  [traceId=, spanId=] c.netflix.discovery.DiscoveryClient — DiscoveryClient_TAVIA-API-GATEWAY/10.0.0.139:tavia-api-gateway:8080 - registration status: 204
2026-05-13 06:14:46.371 [restartedMain] INFO  [traceId=, spanId=] o.s.c.g.r.RouteDefinitionRouteLocator — Loaded RoutePredicateFactory [After]
2026-05-13 06:14:46.371 [restartedMain] INFO  [traceId=, spanId=] o.s.c.g.r.RouteDefinitionRouteLocator — Loaded RoutePredicateFactory [Before]
2026-05-13 06:14:46.371 [restartedMain] INFO  [traceId=, spanId=] o.s.c.g.r.RouteDefinitionRouteLocator — Loaded RoutePredicateFactory [Between]
2026-05-13 06:14:46.371 [restartedMain] INFO  [traceId=, spanId=] o.s.c.g.r.RouteDefinitionRouteLocator — Loaded RoutePredicateFactory [Cookie]
2026-05-13 06:14:46.371 [restartedMain] INFO  [traceId=, spanId=] o.s.c.g.r.RouteDefinitionRouteLocator — Loaded RoutePredicateFactory [Header]
2026-05-13 06:14:46.371 [restartedMain] INFO  [traceId=, spanId=] o.s.c.g.r.RouteDefinitionRouteLocator — Loaded RoutePredicateFactory [Host]
2026-05-13 06:14:46.371 [restartedMain] INFO  [traceId=, spanId=] o.s.c.g.r.RouteDefinitionRouteLocator — Loaded RoutePredicateFactory [Method]
2026-05-13 06:14:46.371 [restartedMain] INFO  [traceId=, spanId=] o.s.c.g.r.RouteDefinitionRouteLocator — Loaded RoutePredicateFactory [Path]
2026-05-13 06:14:46.371 [restartedMain] INFO  [traceId=, spanId=] o.s.c.g.r.RouteDefinitionRouteLocator — Loaded RoutePredicateFactory [Query]
2026-05-13 06:14:46.371 [restartedMain] INFO  [traceId=, spanId=] o.s.c.g.r.RouteDefinitionRouteLocator — Loaded RoutePredicateFactory [ReadBody]
2026-05-13 06:14:46.371 [restartedMain] INFO  [traceId=, spanId=] o.s.c.g.r.RouteDefinitionRouteLocator — Loaded RoutePredicateFactory [RemoteAddr]
2026-05-13 06:14:46.371 [restartedMain] INFO  [traceId=, spanId=] o.s.c.g.r.RouteDefinitionRouteLocator — Loaded RoutePredicateFactory [Version]
2026-05-13 06:14:46.371 [restartedMain] INFO  [traceId=, spanId=] o.s.c.g.r.RouteDefinitionRouteLocator — Loaded RoutePredicateFactory [XForwardedRemoteAddr]
2026-05-13 06:14:46.372 [restartedMain] INFO  [traceId=, spanId=] o.s.c.g.r.RouteDefinitionRouteLocator — Loaded RoutePredicateFactory [Weight]
2026-05-13 06:14:46.372 [restartedMain] INFO  [traceId=, spanId=] o.s.c.g.r.RouteDefinitionRouteLocator — Loaded RoutePredicateFactory [CloudFoundryRouteService]
2026-05-13 06:14:46.487 [restartedMain] INFO  [traceId=, spanId=] o.s.b.reactor.netty.NettyWebServer — Netty started on port 8080 (http)
2026-05-13 06:14:46.490 [restartedMain] INFO  [traceId=, spanId=] o.s.c.n.e.s.EurekaAutoServiceRegistration — Updating port to 8080
2026-05-13 06:14:46.551 [restartedMain] INFO  [traceId=, spanId=] c.t.gateway.ApiGatewayApplication — Started ApiGatewayApplication in 2.222 seconds (process running for 2.613)
2026-05-13 06:19:45.901 [AsyncResolver-bootstrap-executor-%d] INFO  [traceId=, spanId=] c.n.d.s.r.aws.ConfigClusterResolver — Resolving eureka endpoints via configuration
2026-05-13 06:22:09.985 [reactor-http-epoll-3] INFO  [traceId=, spanId=] c.tavia.gateway.filter.LoggingFilter — Incoming request to path: /api/v1/context
2026-05-13 06:22:09.985 [reactor-http-epoll-2] INFO  [traceId=, spanId=] c.tavia.gateway.filter.LoggingFilter — Incoming request to path: /api/v1/crm/customers
2026-05-13 06:22:09.985 [reactor-http-epoll-4] INFO  [traceId=, spanId=] c.tavia.gateway.filter.LoggingFilter — Incoming request to path: /api/v1/orders/count
2026-05-13 06:22:10.519 [reactor-http-epoll-3] INFO  [traceId=, spanId=] c.tavia.gateway.filter.LoggingFilter — Response from path: /api/v1/context took 534 ms
2026-05-13 06:22:10.857 [reactor-http-epoll-4] INFO  [traceId=, spanId=] c.tavia.gateway.filter.LoggingFilter — Response from path: /api/v1/orders/count took 872 ms
2026-05-13 06:22:10.933 [reactor-http-epoll-2] INFO  [traceId=, spanId=] c.tavia.gateway.filter.LoggingFilter — Response from path: /api/v1/crm/customers took 948 ms
2026-05-13 06:22:13.662 [reactor-http-epoll-8] INFO  [traceId=, spanId=] c.tavia.gateway.filter.LoggingFilter — Incoming request to path: /api/v1/tenants
2026-05-13 06:22:15.751 [reactor-http-epoll-8] INFO  [traceId=, spanId=] c.tavia.gateway.filter.LoggingFilter — Response from path: /api/v1/tenants took 2089 ms
2026-05-13 06:22:20.383 [reactor-http-epoll-8] INFO  [traceId=, spanId=] c.tavia.gateway.filter.LoggingFilter — Incoming request to path: /api/v1/tenants
2026-05-13 06:22:20.392 [reactor-http-epoll-8] INFO  [traceId=, spanId=] c.tavia.gateway.filter.LoggingFilter — Response from path: /api/v1/tenants took 9 ms
2026-05-13 06:22:21.434 [reactor-http-epoll-8] INFO  [traceId=, spanId=] c.tavia.gateway.filter.LoggingFilter — Incoming request to path: /api/v1/tenants
2026-05-13 06:22:21.445 [reactor-http-epoll-8] INFO  [traceId=, spanId=] c.tavia.gateway.filter.LoggingFilter — Response from path: /api/v1/tenants took 11 ms
2026-05-13 06:22:24.600 [reactor-http-epoll-8] INFO  [traceId=, spanId=] c.tavia.gateway.filter.LoggingFilter — Incoming request to path: /api/v1/catalog/recipes/active
2026-05-13 06:22:25.238 [reactor-http-epoll-8] INFO  [traceId=, spanId=] c.tavia.gateway.filter.LoggingFilter — Response from path: /api/v1/catalog/recipes/active took 638 ms
2026-05-13 06:22:28.748 [reactor-http-epoll-2] INFO  [traceId=, spanId=] c.tavia.gateway.filter.LoggingFilter — Incoming request to path: /api/v1/orders
2026-05-13 06:22:28.904 [reactor-http-epoll-2] INFO  [traceId=, spanId=] c.tavia.gateway.filter.LoggingFilter — Response from path: /api/v1/orders took 156 ms
2026-05-13 06:22:34.209 [reactor-http-epoll-8] INFO  [traceId=, spanId=] c.tavia.gateway.filter.LoggingFilter — Incoming request to path: /api/v1/orders
2026-05-13 06:22:54.519 [reactor-http-epoll-8] INFO  [traceId=, spanId=] c.tavia.gateway.filter.LoggingFilter — Incoming request to path: /api/v1/orders
2026-05-13 06:24:28.831 [reactor-http-epoll-8] INFO  [traceId=, spanId=] c.tavia.gateway.filter.LoggingFilter — Incoming request to path: /api/v1/orders
2026-05-13 06:24:45.905 [AsyncResolver-bootstrap-executor-%d] INFO  [traceId=, spanId=] c.n.d.s.r.aws.ConfigClusterResolver — Resolving eureka endpoints via configuration
2026-05-13 06:26:10.255 [reactor-http-epoll-8] INFO  [traceId=, spanId=] c.tavia.gateway.filter.LoggingFilter — Incoming request to path: /api/v1/orders
2026-05-13 06:26:25.043 [reactor-http-epoll-7] INFO  [traceId=, spanId=] c.tavia.gateway.filter.LoggingFilter — Incoming request to path: /api/v1/orders
2026-05-13 06:26:25.077 [reactor-http-epoll-7] INFO  [traceId=, spanId=] c.tavia.gateway.filter.LoggingFilter — Response from path: /api/v1/orders took 34 ms
2026-05-13 06:27:08.836 [reactor-http-epoll-8] INFO  [traceId=, spanId=] c.tavia.gateway.filter.LoggingFilter — Incoming request to path: /api/v1/orders
2026-05-13 06:27:18.567 [reactor-http-epoll-5] INFO  [traceId=, spanId=] c.tavia.gateway.filter.LoggingFilter — Incoming request to path: /api/v1/orders
2026-05-13 06:27:18.580 [reactor-http-epoll-5] INFO  [traceId=, spanId=] c.tavia.gateway.filter.LoggingFilter — Response from path: /api/v1/orders took 13 ms
2026-05-13 06:29:45.905 [AsyncResolver-bootstrap-executor-%d] INFO  [traceId=, spanId=] c.n.d.s.r.aws.ConfigClusterResolver — Resolving eureka endpoints via configuration
2026-05-13 06:30:38.047 [SpringApplicationShutdownHook] INFO  [traceId=, spanId=] o.s.c.n.e.s.EurekaServiceRegistry — Unregistering application TAVIA-API-GATEWAY with eureka with status DOWN
2026-05-13 06:30:38.047 [SpringApplicationShutdownHook] INFO  [traceId=, spanId=] c.netflix.discovery.DiscoveryClient — Saw local status change event StatusChangeEvent [timestamp=1778643038047, current=DOWN, previous=UP]
2026-05-13 06:30:38.052 [DiscoveryClient-InstanceInfoReplicator-%d] INFO  [traceId=, spanId=] c.netflix.discovery.DiscoveryClient — DiscoveryClient_TAVIA-API-GATEWAY/10.0.0.139:tavia-api-gateway:8080: registering service...
2026-05-13 06:30:38.066 [SpringApplicationShutdownHook] INFO  [traceId=, spanId=] o.s.b.reactor.netty.GracefulShutdown — Commencing graceful shutdown. Waiting for active requests to complete
2026-05-13 06:30:38.072 [DiscoveryClient-InstanceInfoReplicator-%d] INFO  [traceId=, spanId=] c.netflix.discovery.DiscoveryClient — DiscoveryClient_TAVIA-API-GATEWAY/10.0.0.139:tavia-api-gateway:8080 - registration status: 204
2026-05-13 06:30:38.074 [netty-shutdown] INFO  [traceId=, spanId=] o.s.b.reactor.netty.GracefulShutdown — Graceful shutdown complete
2026-05-13 06:30:38.176 [SpringApplicationShutdownHook] INFO  [traceId=, spanId=] c.netflix.discovery.DiscoveryClient — Shutting down DiscoveryClient ...
2026-05-13 06:30:41.188 [SpringApplicationShutdownHook] INFO  [traceId=, spanId=] c.netflix.discovery.DiscoveryClient — Unregistering ...
2026-05-13 06:30:41.192 [SpringApplicationShutdownHook] INFO  [traceId=, spanId=] c.n.d.s.t.d.RedirectingEurekaHttpClient — Request execution error. endpoint=DefaultEndpoint{ serviceUrl='http://localhost:8761/eureka/} exception=I/O error on DELETE request for "http://localhost:8761/eureka/apps/TAVIA-API-GATEWAY/10.0.0.139:tavia-api-gateway:8080": Connect to http://localhost:8761 failed: Connection refused stacktrace=org.springframework.web.client.ResourceAccessException: I/O error on DELETE request for "http://localhost:8761/eureka/apps/TAVIA-API-GATEWAY/10.0.0.139:tavia-api-gateway:8080": Connect to http://localhost:8761 failed: Connection refused
	at org.springframework.web.client.DefaultRestClient$DefaultRequestBodyUriSpec.createResourceAccessException(DefaultRestClient.java:779)
	at org.springframework.web.client.DefaultRestClient$DefaultRequestBodyUriSpec.exchangeInternal(DefaultRestClient.java:624)
	at org.springframework.web.client.DefaultRestClient$DefaultRequestBodyUriSpec.exchange(DefaultRestClient.java:572)
	at org.springframework.web.client.RestClient$RequestHeadersSpec.exchange(RestClient.java:747)
	at org.springframework.web.client.DefaultRestClient$DefaultResponseSpec.executeAndExtract(DefaultRestClient.java:924)
	at org.springframework.web.client.DefaultRestClient$DefaultResponseSpec.toBodilessEntity(DefaultRestClient.java:888)
	at org.springframework.cloud.netflix.eureka.http.RestClientEurekaHttpClient.cancel(RestClientEurekaHttpClient.java:73)
	at com.netflix.discovery.shared.transport.decorator.EurekaHttpClientDecorator$2.execute(EurekaHttpClientDecorator.java:74)
	at com.netflix.discovery.shared.transport.decorator.RedirectingEurekaHttpClient.execute(RedirectingEurekaHttpClient.java:91)
	at com.netflix.discovery.shared.transport.decorator.EurekaHttpClientDecorator.cancel(EurekaHttpClientDecorator.java:71)
	at com.netflix.discovery.shared.transport.decorator.EurekaHttpClientDecorator$2.execute(EurekaHttpClientDecorator.java:74)
	at com.netflix.discovery.shared.transport.decorator.RetryableEurekaHttpClient.execute(RetryableEurekaHttpClient.java:120)
	at com.netflix.discovery.shared.transport.decorator.EurekaHttpClientDecorator.cancel(EurekaHttpClientDecorator.java:71)
	at com.netflix.discovery.shared.transport.decorator.EurekaHttpClientDecorator$2.execute(EurekaHttpClientDecorator.java:74)
	at com.netflix.discovery.shared.transport.decorator.SessionedEurekaHttpClient.execute(SessionedEurekaHttpClient.java:76)
	at com.netflix.discovery.shared.transport.decorator.EurekaHttpClientDecorator.cancel(EurekaHttpClientDecorator.java:71)
	at com.netflix.discovery.DiscoveryClient.unregister(DiscoveryClient.java:919)
	at com.netflix.discovery.DiscoveryClient.shutdown(DiscoveryClient.java:900)
	at java.base/jdk.internal.reflect.DirectMethodHandleAccessor.invoke(DirectMethodHandleAccessor.java:103)
	at java.base/java.lang.reflect.Method.invoke(Method.java:580)
	at org.springframework.beans.factory.annotation.InitDestroyAnnotationBeanPostProcessor$LifecycleMethod.invoke(InitDestroyAnnotationBeanPostProcessor.java:453)
	at org.springframework.beans.factory.annotation.InitDestroyAnnotationBeanPostProcessor$LifecycleMetadata.invokeDestroyMethods(InitDestroyAnnotationBeanPostProcessor.java:411)
	at org.springframework.beans.factory.annotation.InitDestroyAnnotationBeanPostProcessor.postProcessBeforeDestruction(InitDestroyAnnotationBeanPostProcessor.java:237)
	at org.springframework.beans.factory.support.DisposableBeanAdapter.destroy(DisposableBeanAdapter.java:200)
	at org.springframework.beans.factory.support.DisposableBeanAdapter.run(DisposableBeanAdapter.java:193)
	at org.springframework.cloud.context.scope.GenericScope$BeanLifecycleWrapper.destroy(GenericScope.java:387)
	at org.springframework.cloud.context.scope.GenericScope.destroy(GenericScope.java:134)
	at org.springframework.beans.factory.support.DisposableBeanAdapter.destroy(DisposableBeanAdapter.java:209)
	at org.springframework.beans.factory.support.DefaultSingletonBeanRegistry.destroyBean(DefaultSingletonBeanRegistry.java:795)
	at org.springframework.beans.factory.support.DefaultSingletonBeanRegistry.destroySingleton(DefaultSingletonBeanRegistry.java:745)
	at org.springframework.beans.factory.support.DefaultListableBeanFactory.destroySingleton(DefaultListableBeanFactory.java:1500)
	at org.springframework.beans.factory.support.DefaultSingletonBeanRegistry.destroySingletons(DefaultSingletonBeanRegistry.java:704)
	at org.springframework.beans.factory.support.DefaultListableBeanFactory.destroySingletons(DefaultListableBeanFactory.java:1493)
	at org.springframework.context.support.AbstractApplicationContext.destroyBeans(AbstractApplicationContext.java:1246)
	at org.springframework.context.support.AbstractApplicationContext.doClose(AbstractApplicationContext.java:1207)
	at org.springframework.boot.web.server.reactive.context.ReactiveWebServerApplicationContext.doClose(ReactiveWebServerApplicationContext.java:158)
	at org.springframework.context.support.AbstractApplicationContext.close(AbstractApplicationContext.java:1153)
	at org.springframework.boot.SpringApplicationShutdownHook.closeAndWait(SpringApplicationShutdownHook.java:147)
	at java.base/java.lang.Iterable.forEach(Iterable.java:75)
	at org.springframework.boot.SpringApplicationShutdownHook.run(SpringApplicationShutdownHook.java:116)
	at java.base/java.lang.Thread.run(Thread.java:1583)
Caused by: org.apache.hc.client5.http.HttpHostConnectException: Connect to http://localhost:8761 failed: Connection refused
	at java.base/sun.nio.ch.Net.pollConnect(Native Method)
	at java.base/sun.nio.ch.Net.pollConnectNow(Net.java:694)
	at java.base/sun.nio.ch.NioSocketImpl.timedFinishConnect(NioSocketImpl.java:542)
	at java.base/sun.nio.ch.NioSocketImpl.connect(NioSocketImpl.java:592)
	at java.base/java.net.SocksSocketImpl.connect(SocksSocketImpl.java:327)
	at java.base/java.net.Socket.connect(Socket.java:751)
	at org.apache.hc.client5.http.impl.io.DefaultHttpClientConnectionOperator.connect(DefaultHttpClientConnectionOperator.java:226)
	at org.apache.hc.client5.http.impl.io.PoolingHttpClientConnectionManager.connect(PoolingHttpClientConnectionManager.java:497)
	at org.apache.hc.client5.http.impl.classic.InternalExecRuntime.connectEndpoint(InternalExecRuntime.java:164)
	at org.apache.hc.client5.http.impl.classic.InternalExecRuntime.connectEndpoint(InternalExecRuntime.java:174)
	at org.apache.hc.client5.http.impl.classic.ConnectExec.execute(ConnectExec.java:144)
	at org.apache.hc.client5.http.impl.classic.ExecChainElement.execute(ExecChainElement.java:51)
	at org.apache.hc.client5.http.impl.classic.ProtocolExec.execute(ProtocolExec.java:195)
	at org.apache.hc.client5.http.impl.classic.ExecChainElement.execute(ExecChainElement.java:51)
	at org.apache.hc.client5.http.impl.classic.ContentCompressionExec.execute(ContentCompressionExec.java:168)
	at org.apache.hc.client5.http.impl.classic.ExecChainElement.execute(ExecChainElement.java:51)
	at org.apache.hc.client5.http.impl.classic.HttpRequestRetryExec.execute(HttpRequestRetryExec.java:112)
	at org.apache.hc.client5.http.impl.classic.ExecChainElement.execute(ExecChainElement.java:51)
	at org.apache.hc.client5.http.impl.classic.RedirectExec.execute(RedirectExec.java:110)
	at org.apache.hc.client5.http.impl.classic.ExecChainElement.execute(ExecChainElement.java:51)
	at org.apache.hc.client5.http.impl.classic.InternalHttpClient.doExecute(InternalHttpClient.java:185)
	at org.apache.hc.client5.http.impl.classic.CloseableHttpClient.execute(CloseableHttpClient.java:87)
	at org.apache.hc.client5.http.impl.classic.CloseableHttpClient.execute(CloseableHttpClient.java:55)
	at org.apache.hc.client5.http.classic.HttpClient.executeOpen(HttpClient.java:183)
	at org.springframework.http.client.HttpComponentsClientHttpRequest.executeInternal(HttpComponentsClientHttpRequest.java:99)
	at org.springframework.http.client.AbstractStreamingClientHttpRequest.executeInternal(AbstractStreamingClientHttpRequest.java:87)
	at org.springframework.http.client.AbstractClientHttpRequest.execute(AbstractClientHttpRequest.java:80)
	at org.springframework.http.client.AbstractBufferingClientHttpRequest.executeWithRequestAndBody(AbstractBufferingClientHttpRequest.java:89)
	at org.springframework.http.client.InterceptingClientHttpRequest$EndOfChainRequestExecution.execute(InterceptingClientHttpRequest.java:102)
	at org.springframework.cloud.netflix.eureka.http.RestClientTransportClientFactory.lambda$newClient$2(RestClientTransportClientFactory.java:98)
	at org.springframework.http.client.ClientHttpRequestInterceptor.lambda$apply$0(ClientHttpRequestInterceptor.java:89)
	at org.springframework.http.client.InterceptingClientHttpRequest.executeInternal(InterceptingClientHttpRequest.java:73)
	at org.springframework.http.client.AbstractBufferingClientHttpRequest.executeInternal(AbstractBufferingClientHttpRequest.java:50)
	at org.springframework.http.client.AbstractClientHttpRequest.execute(AbstractClientHttpRequest.java:80)
	at org.springframework.web.client.DefaultRestClient$DefaultRequestBodyUriSpec.exchangeInternal(DefaultRestClient.java:614)
	... 39 more

2026-05-13 06:30:41.192 [SpringApplicationShutdownHook] WARN  [traceId=, spanId=] c.n.d.s.t.d.RetryableEurekaHttpClient — Request execution failed with message: I/O error on DELETE request for "http://localhost:8761/eureka/apps/TAVIA-API-GATEWAY/10.0.0.139:tavia-api-gateway:8080": Connect to http://localhost:8761 failed: Connection refused
2026-05-13 06:30:41.194 [SpringApplicationShutdownHook] INFO  [traceId=, spanId=] c.n.d.s.t.d.RedirectingEurekaHttpClient — Request execution error. endpoint=DefaultEndpoint{ serviceUrl='http://localhost:8761/eureka/}, exception=I/O error on DELETE request for "http://localhost:8761/eureka/apps/TAVIA-API-GATEWAY/10.0.0.139:tavia-api-gateway:8080": Connect to http://localhost:8761 failed: Connection refused stacktrace=org.springframework.web.client.ResourceAccessException: I/O error on DELETE request for "http://localhost:8761/eureka/apps/TAVIA-API-GATEWAY/10.0.0.139:tavia-api-gateway:8080": Connect to http://localhost:8761 failed: Connection refused
	at org.springframework.web.client.DefaultRestClient$DefaultRequestBodyUriSpec.createResourceAccessException(DefaultRestClient.java:779)
	at org.springframework.web.client.DefaultRestClient$DefaultRequestBodyUriSpec.exchangeInternal(DefaultRestClient.java:624)
	at org.springframework.web.client.DefaultRestClient$DefaultRequestBodyUriSpec.exchange(DefaultRestClient.java:572)
	at org.springframework.web.client.RestClient$RequestHeadersSpec.exchange(RestClient.java:747)
	at org.springframework.web.client.DefaultRestClient$DefaultResponseSpec.executeAndExtract(DefaultRestClient.java:924)
	at org.springframework.web.client.DefaultRestClient$DefaultResponseSpec.toBodilessEntity(DefaultRestClient.java:888)
	at org.springframework.cloud.netflix.eureka.http.RestClientEurekaHttpClient.cancel(RestClientEurekaHttpClient.java:73)
	at com.netflix.discovery.shared.transport.decorator.EurekaHttpClientDecorator$2.execute(EurekaHttpClientDecorator.java:74)
	at com.netflix.discovery.shared.transport.decorator.RedirectingEurekaHttpClient.executeOnNewServer(RedirectingEurekaHttpClient.java:121)
	at com.netflix.discovery.shared.transport.decorator.RedirectingEurekaHttpClient.execute(RedirectingEurekaHttpClient.java:80)
	at com.netflix.discovery.shared.transport.decorator.EurekaHttpClientDecorator.cancel(EurekaHttpClientDecorator.java:71)
	at com.netflix.discovery.shared.transport.decorator.EurekaHttpClientDecorator$2.execute(EurekaHttpClientDecorator.java:74)
	at com.netflix.discovery.shared.transport.decorator.RetryableEurekaHttpClient.execute(RetryableEurekaHttpClient.java:120)
	at com.netflix.discovery.shared.transport.decorator.EurekaHttpClientDecorator.cancel(EurekaHttpClientDecorator.java:71)
	at com.netflix.discovery.shared.transport.decorator.EurekaHttpClientDecorator$2.execute(EurekaHttpClientDecorator.java:74)
	at com.netflix.discovery.shared.transport.decorator.SessionedEurekaHttpClient.execute(SessionedEurekaHttpClient.java:76)
	at com.netflix.discovery.shared.transport.decorator.EurekaHttpClientDecorator.cancel(EurekaHttpClientDecorator.java:71)
	at com.netflix.discovery.DiscoveryClient.unregister(DiscoveryClient.java:919)
	at com.netflix.discovery.DiscoveryClient.shutdown(DiscoveryClient.java:900)
	at java.base/jdk.internal.reflect.DirectMethodHandleAccessor.invoke(DirectMethodHandleAccessor.java:103)
	at java.base/java.lang.reflect.Method.invoke(Method.java:580)
	at org.springframework.beans.factory.annotation.InitDestroyAnnotationBeanPostProcessor$LifecycleMethod.invoke(InitDestroyAnnotationBeanPostProcessor.java:453)
	at org.springframework.beans.factory.annotation.InitDestroyAnnotationBeanPostProcessor$LifecycleMetadata.invokeDestroyMethods(InitDestroyAnnotationBeanPostProcessor.java:411)
	at org.springframework.beans.factory.annotation.InitDestroyAnnotationBeanPostProcessor.postProcessBeforeDestruction(InitDestroyAnnotationBeanPostProcessor.java:237)
	at org.springframework.beans.factory.support.DisposableBeanAdapter.destroy(DisposableBeanAdapter.java:200)
	at org.springframework.beans.factory.support.DisposableBeanAdapter.run(DisposableBeanAdapter.java:193)
	at org.springframework.cloud.context.scope.GenericScope$BeanLifecycleWrapper.destroy(GenericScope.java:387)
	at org.springframework.cloud.context.scope.GenericScope.destroy(GenericScope.java:134)
	at org.springframework.beans.factory.support.DisposableBeanAdapter.destroy(DisposableBeanAdapter.java:209)
	at org.springframework.beans.factory.support.DefaultSingletonBeanRegistry.destroyBean(DefaultSingletonBeanRegistry.java:795)
	at org.springframework.beans.factory.support.DefaultSingletonBeanRegistry.destroySingleton(DefaultSingletonBeanRegistry.java:745)
	at org.springframework.beans.factory.support.DefaultListableBeanFactory.destroySingleton(DefaultListableBeanFactory.java:1500)
	at org.springframework.beans.factory.support.DefaultSingletonBeanRegistry.destroySingletons(DefaultSingletonBeanRegistry.java:704)
	at org.springframework.beans.factory.support.DefaultListableBeanFactory.destroySingletons(DefaultListableBeanFactory.java:1493)
	at org.springframework.context.support.AbstractApplicationContext.destroyBeans(AbstractApplicationContext.java:1246)
	at org.springframework.context.support.AbstractApplicationContext.doClose(AbstractApplicationContext.java:1207)
	at org.springframework.boot.web.server.reactive.context.ReactiveWebServerApplicationContext.doClose(ReactiveWebServerApplicationContext.java:158)
	at org.springframework.context.support.AbstractApplicationContext.close(AbstractApplicationContext.java:1153)
	at org.springframework.boot.SpringApplicationShutdownHook.closeAndWait(SpringApplicationShutdownHook.java:147)
	at java.base/java.lang.Iterable.forEach(Iterable.java:75)
	at org.springframework.boot.SpringApplicationShutdownHook.run(SpringApplicationShutdownHook.java:116)
	at java.base/java.lang.Thread.run(Thread.java:1583)
Caused by: org.apache.hc.client5.http.HttpHostConnectException: Connect to http://localhost:8761 failed: Connection refused
	at java.base/sun.nio.ch.Net.pollConnect(Native Method)
	at java.base/sun.nio.ch.Net.pollConnectNow(Net.java:694)
	at java.base/sun.nio.ch.NioSocketImpl.timedFinishConnect(NioSocketImpl.java:542)
	at java.base/sun.nio.ch.NioSocketImpl.connect(NioSocketImpl.java:592)
	at java.base/java.net.SocksSocketImpl.connect(SocksSocketImpl.java:327)
	at java.base/java.net.Socket.connect(Socket.java:751)
	at org.apache.hc.client5.http.impl.io.DefaultHttpClientConnectionOperator.connect(DefaultHttpClientConnectionOperator.java:226)
	at org.apache.hc.client5.http.impl.io.PoolingHttpClientConnectionManager.connect(PoolingHttpClientConnectionManager.java:497)
	at org.apache.hc.client5.http.impl.classic.InternalExecRuntime.connectEndpoint(InternalExecRuntime.java:164)
	at org.apache.hc.client5.http.impl.classic.InternalExecRuntime.connectEndpoint(InternalExecRuntime.java:174)
	at org.apache.hc.client5.http.impl.classic.ConnectExec.execute(ConnectExec.java:144)
	at org.apache.hc.client5.http.impl.classic.ExecChainElement.execute(ExecChainElement.java:51)
	at org.apache.hc.client5.http.impl.classic.ProtocolExec.execute(ProtocolExec.java:195)
	at org.apache.hc.client5.http.impl.classic.ExecChainElement.execute(ExecChainElement.java:51)
	at org.apache.hc.client5.http.impl.classic.ContentCompressionExec.execute(ContentCompressionExec.java:168)
	at org.apache.hc.client5.http.impl.classic.ExecChainElement.execute(ExecChainElement.java:51)
	at org.apache.hc.client5.http.impl.classic.HttpRequestRetryExec.execute(HttpRequestRetryExec.java:112)
	at org.apache.hc.client5.http.impl.classic.ExecChainElement.execute(ExecChainElement.java:51)
	at org.apache.hc.client5.http.impl.classic.RedirectExec.execute(RedirectExec.java:110)
	at org.apache.hc.client5.http.impl.classic.ExecChainElement.execute(ExecChainElement.java:51)
	at org.apache.hc.client5.http.impl.classic.InternalHttpClient.doExecute(InternalHttpClient.java:185)
	at org.apache.hc.client5.http.impl.classic.CloseableHttpClient.execute(CloseableHttpClient.java:87)
	at org.apache.hc.client5.http.impl.classic.CloseableHttpClient.execute(CloseableHttpClient.java:55)
	at org.apache.hc.client5.http.classic.HttpClient.executeOpen(HttpClient.java:183)
	at org.springframework.http.client.HttpComponentsClientHttpRequest.executeInternal(HttpComponentsClientHttpRequest.java:99)
	at org.springframework.http.client.AbstractStreamingClientHttpRequest.executeInternal(AbstractStreamingClientHttpRequest.java:87)
	at org.springframework.http.client.AbstractClientHttpRequest.execute(AbstractClientHttpRequest.java:80)
	at org.springframework.http.client.AbstractBufferingClientHttpRequest.executeWithRequestAndBody(AbstractBufferingClientHttpRequest.java:89)
	at org.springframework.http.client.InterceptingClientHttpRequest$EndOfChainRequestExecution.execute(InterceptingClientHttpRequest.java:102)
	at org.springframework.cloud.netflix.eureka.http.RestClientTransportClientFactory.lambda$newClient$2(RestClientTransportClientFactory.java:98)
	at org.springframework.http.client.ClientHttpRequestInterceptor.lambda$apply$0(ClientHttpRequestInterceptor.java:89)
	at org.springframework.http.client.InterceptingClientHttpRequest.executeInternal(InterceptingClientHttpRequest.java:73)
	at org.springframework.http.client.AbstractBufferingClientHttpRequest.executeInternal(AbstractBufferingClientHttpRequest.java:50)
	at org.springframework.http.client.AbstractClientHttpRequest.execute(AbstractClientHttpRequest.java:80)
	at org.springframework.web.client.DefaultRestClient$DefaultRequestBodyUriSpec.exchangeInternal(DefaultRestClient.java:614)
	... 40 more

2026-05-13 06:30:41.195 [SpringApplicationShutdownHook] WARN  [traceId=, spanId=] c.n.d.s.t.d.RetryableEurekaHttpClient — Request execution failed with message: I/O error on DELETE request for "http://localhost:8761/eureka/apps/TAVIA-API-GATEWAY/10.0.0.139:tavia-api-gateway:8080": Connect to http://localhost:8761 failed: Connection refused
2026-05-13 06:30:41.195 [SpringApplicationShutdownHook] ERROR [traceId=, spanId=] c.netflix.discovery.DiscoveryClient — DiscoveryClient_TAVIA-API-GATEWAY/10.0.0.139:tavia-api-gateway:8080 - de-registration failedCannot execute request on any known server
com.netflix.discovery.shared.transport.TransportException: Cannot execute request on any known server
	at com.netflix.discovery.shared.transport.decorator.RetryableEurekaHttpClient.execute(RetryableEurekaHttpClient.java:112)
	at com.netflix.discovery.shared.transport.decorator.EurekaHttpClientDecorator.cancel(EurekaHttpClientDecorator.java:71)
	at com.netflix.discovery.shared.transport.decorator.EurekaHttpClientDecorator$2.execute(EurekaHttpClientDecorator.java:74)
	at com.netflix.discovery.shared.transport.decorator.SessionedEurekaHttpClient.execute(SessionedEurekaHttpClient.java:76)
	at com.netflix.discovery.shared.transport.decorator.EurekaHttpClientDecorator.cancel(EurekaHttpClientDecorator.java:71)
	at com.netflix.discovery.DiscoveryClient.unregister(DiscoveryClient.java:919)
	at com.netflix.discovery.DiscoveryClient.shutdown(DiscoveryClient.java:900)
	at java.base/jdk.internal.reflect.DirectMethodHandleAccessor.invoke(DirectMethodHandleAccessor.java:103)
	at java.base/java.lang.reflect.Method.invoke(Method.java:580)
	at org.springframework.beans.factory.annotation.InitDestroyAnnotationBeanPostProcessor$LifecycleMethod.invoke(InitDestroyAnnotationBeanPostProcessor.java:453)
	at org.springframework.beans.factory.annotation.InitDestroyAnnotationBeanPostProcessor$LifecycleMetadata.invokeDestroyMethods(InitDestroyAnnotationBeanPostProcessor.java:411)
	at org.springframework.beans.factory.annotation.InitDestroyAnnotationBeanPostProcessor.postProcessBeforeDestruction(InitDestroyAnnotationBeanPostProcessor.java:237)
	at org.springframework.beans.factory.support.DisposableBeanAdapter.destroy(DisposableBeanAdapter.java:200)
	at org.springframework.beans.factory.support.DisposableBeanAdapter.run(DisposableBeanAdapter.java:193)
	at org.springframework.cloud.context.scope.GenericScope$BeanLifecycleWrapper.destroy(GenericScope.java:387)
	at org.springframework.cloud.context.scope.GenericScope.destroy(GenericScope.java:134)
	at org.springframework.beans.factory.support.DisposableBeanAdapter.destroy(DisposableBeanAdapter.java:209)
	at org.springframework.beans.factory.support.DefaultSingletonBeanRegistry.destroyBean(DefaultSingletonBeanRegistry.java:795)
	at org.springframework.beans.factory.support.DefaultSingletonBeanRegistry.destroySingleton(DefaultSingletonBeanRegistry.java:745)
	at org.springframework.beans.factory.support.DefaultListableBeanFactory.destroySingleton(DefaultListableBeanFactory.java:1500)
	at org.springframework.beans.factory.support.DefaultSingletonBeanRegistry.destroySingletons(DefaultSingletonBeanRegistry.java:704)
	at org.springframework.beans.factory.support.DefaultListableBeanFactory.destroySingletons(DefaultListableBeanFactory.java:1493)
	at org.springframework.context.support.AbstractApplicationContext.destroyBeans(AbstractApplicationContext.java:1246)
	at org.springframework.context.support.AbstractApplicationContext.doClose(AbstractApplicationContext.java:1207)
	at org.springframework.boot.web.server.reactive.context.ReactiveWebServerApplicationContext.doClose(ReactiveWebServerApplicationContext.java:158)
	at org.springframework.context.support.AbstractApplicationContext.close(AbstractApplicationContext.java:1153)
	at org.springframework.boot.SpringApplicationShutdownHook.closeAndWait(SpringApplicationShutdownHook.java:147)
	at java.base/java.lang.Iterable.forEach(Iterable.java:75)
	at org.springframework.boot.SpringApplicationShutdownHook.run(SpringApplicationShutdownHook.java:116)
	at java.base/java.lang.Thread.run(Thread.java:1583)
2026-05-13 06:30:41.196 [SpringApplicationShutdownHook] INFO  [traceId=, spanId=] c.netflix.discovery.DiscoveryClient — Completed shut down of DiscoveryClient
2026-05-13 07:09:32.455 [restartedMain] INFO  [traceId=, spanId=] c.t.gateway.ApiGatewayApplication — Starting ApiGatewayApplication using Java 21.0.10 with PID 54590 (/home/tuna/Desktop/tavia_v2/tavia-api-gateway/build/classes/java/main started by tuna in /home/tuna/Desktop/tavia_v2/tavia-api-gateway)
2026-05-13 07:09:32.458 [restartedMain] DEBUG [traceId=, spanId=] c.t.gateway.ApiGatewayApplication — Running with Spring Boot v4.0.6, Spring v7.0.7
2026-05-13 07:09:32.458 [restartedMain] INFO  [traceId=, spanId=] c.t.gateway.ApiGatewayApplication — No active profile set, falling back to 1 default profile: "default"
2026-05-13 07:09:32.502 [restartedMain] INFO  [traceId=, spanId=] o.s.c.c.c.ConfigServerConfigDataLoader — Fetching config from server at : http://localhost:8888
2026-05-13 07:09:32.502 [restartedMain] INFO  [traceId=, spanId=] o.s.c.c.c.ConfigServerConfigDataLoader — Located environment: name=tavia-api-gateway, profiles=[default], label=null, version=null, state=null
2026-05-13 07:09:32.504 [restartedMain] INFO  [traceId=, spanId=] o.s.b.d.e.DevToolsPropertyDefaultsPostProcessor — Devtools property defaults active! Set 'spring.devtools.add-properties' to 'false' to disable
2026-05-13 07:09:32.521 [background-preinit] INFO  [traceId=, spanId=] o.h.validator.internal.util.Version — HV000001: Hibernate Validator 9.0.1.Final
2026-05-13 07:09:33.129 [restartedMain] INFO  [traceId=, spanId=] o.s.cloud.context.scope.GenericScope — BeanFactory id=8ed1b725-f116-3aee-a5ef-99fa66868289
2026-05-13 07:09:33.667 [restartedMain] INFO  [traceId=, spanId=] o.s.c.n.e.c.DiscoveryClientOptionalArgsConfiguration — Eureka HTTP Client uses RestClient.
2026-05-13 07:09:33.692 [restartedMain] INFO  [traceId=, spanId=] o.s.c.n.eureka.InstanceInfoFactory — Setting initial instance status as: STARTING
2026-05-13 07:09:33.724 [restartedMain] INFO  [traceId=, spanId=] c.netflix.discovery.DiscoveryClient — Initializing Eureka in region us-east-1
2026-05-13 07:09:33.727 [restartedMain] INFO  [traceId=, spanId=] c.n.d.s.r.aws.ConfigClusterResolver — Resolving eureka endpoints via configuration
2026-05-13 07:09:33.733 [restartedMain] INFO  [traceId=, spanId=] c.netflix.discovery.DiscoveryClient — Disable delta property : false
2026-05-13 07:09:33.733 [restartedMain] INFO  [traceId=, spanId=] c.netflix.discovery.DiscoveryClient — Single vip registry refresh property : null
2026-05-13 07:09:33.734 [restartedMain] INFO  [traceId=, spanId=] c.netflix.discovery.DiscoveryClient — Force full registry fetch : false
2026-05-13 07:09:33.734 [restartedMain] INFO  [traceId=, spanId=] c.netflix.discovery.DiscoveryClient — Application is null : false
2026-05-13 07:09:33.734 [restartedMain] INFO  [traceId=, spanId=] c.netflix.discovery.DiscoveryClient — Registered Applications size is zero : true
2026-05-13 07:09:33.734 [restartedMain] INFO  [traceId=, spanId=] c.netflix.discovery.DiscoveryClient — Application version is -1: true
2026-05-13 07:09:33.734 [restartedMain] INFO  [traceId=, spanId=] c.netflix.discovery.DiscoveryClient — Getting all instance registry info from the eureka server
2026-05-13 07:09:34.065 [restartedMain] INFO  [traceId=, spanId=] c.netflix.discovery.DiscoveryClient — The response status is 200
2026-05-13 07:09:34.066 [restartedMain] INFO  [traceId=, spanId=] c.netflix.discovery.DiscoveryClient — Starting heartbeat executor: renew interval is: 30
2026-05-13 07:09:34.067 [restartedMain] INFO  [traceId=, spanId=] c.n.discovery.InstanceInfoReplicator — InstanceInfoReplicator onDemand update allowed rate per min is 4
2026-05-13 07:09:34.068 [restartedMain] INFO  [traceId=, spanId=] c.netflix.discovery.DiscoveryClient — Discovery Client initialized at timestamp 1778645374068 with initial instances count: 8
2026-05-13 07:09:34.071 [restartedMain] INFO  [traceId=, spanId=] o.s.c.n.e.s.EurekaServiceRegistry — Registering application TAVIA-API-GATEWAY with eureka with status UP
2026-05-13 07:09:34.072 [restartedMain] INFO  [traceId=, spanId=] c.netflix.discovery.DiscoveryClient — Saw local status change event StatusChangeEvent [timestamp=1778645374072, current=UP, previous=STARTING]
2026-05-13 07:09:34.073 [DiscoveryClient-InstanceInfoReplicator-%d] INFO  [traceId=, spanId=] c.netflix.discovery.DiscoveryClient — DiscoveryClient_TAVIA-API-GATEWAY/10.0.0.139:tavia-api-gateway:8080: registering service...
2026-05-13 07:09:34.100 [DiscoveryClient-InstanceInfoReplicator-%d] INFO  [traceId=, spanId=] c.netflix.discovery.DiscoveryClient — DiscoveryClient_TAVIA-API-GATEWAY/10.0.0.139:tavia-api-gateway:8080 - registration status: 204
2026-05-13 07:09:34.381 [restartedMain] INFO  [traceId=, spanId=] o.s.c.g.r.RouteDefinitionRouteLocator — Loaded RoutePredicateFactory [After]
2026-05-13 07:09:34.382 [restartedMain] INFO  [traceId=, spanId=] o.s.c.g.r.RouteDefinitionRouteLocator — Loaded RoutePredicateFactory [Before]
2026-05-13 07:09:34.382 [restartedMain] INFO  [traceId=, spanId=] o.s.c.g.r.RouteDefinitionRouteLocator — Loaded RoutePredicateFactory [Between]
2026-05-13 07:09:34.382 [restartedMain] INFO  [traceId=, spanId=] o.s.c.g.r.RouteDefinitionRouteLocator — Loaded RoutePredicateFactory [Cookie]
2026-05-13 07:09:34.382 [restartedMain] INFO  [traceId=, spanId=] o.s.c.g.r.RouteDefinitionRouteLocator — Loaded RoutePredicateFactory [Header]
2026-05-13 07:09:34.382 [restartedMain] INFO  [traceId=, spanId=] o.s.c.g.r.RouteDefinitionRouteLocator — Loaded RoutePredicateFactory [Host]
2026-05-13 07:09:34.382 [restartedMain] INFO  [traceId=, spanId=] o.s.c.g.r.RouteDefinitionRouteLocator — Loaded RoutePredicateFactory [Method]
2026-05-13 07:09:34.382 [restartedMain] INFO  [traceId=, spanId=] o.s.c.g.r.RouteDefinitionRouteLocator — Loaded RoutePredicateFactory [Path]
2026-05-13 07:09:34.382 [restartedMain] INFO  [traceId=, spanId=] o.s.c.g.r.RouteDefinitionRouteLocator — Loaded RoutePredicateFactory [Query]
2026-05-13 07:09:34.382 [restartedMain] INFO  [traceId=, spanId=] o.s.c.g.r.RouteDefinitionRouteLocator — Loaded RoutePredicateFactory [ReadBody]
2026-05-13 07:09:34.382 [restartedMain] INFO  [traceId=, spanId=] o.s.c.g.r.RouteDefinitionRouteLocator — Loaded RoutePredicateFactory [RemoteAddr]
2026-05-13 07:09:34.382 [restartedMain] INFO  [traceId=, spanId=] o.s.c.g.r.RouteDefinitionRouteLocator — Loaded RoutePredicateFactory [Version]
2026-05-13 07:09:34.382 [restartedMain] INFO  [traceId=, spanId=] o.s.c.g.r.RouteDefinitionRouteLocator — Loaded RoutePredicateFactory [XForwardedRemoteAddr]
2026-05-13 07:09:34.382 [restartedMain] INFO  [traceId=, spanId=] o.s.c.g.r.RouteDefinitionRouteLocator — Loaded RoutePredicateFactory [Weight]
2026-05-13 07:09:34.383 [restartedMain] INFO  [traceId=, spanId=] o.s.c.g.r.RouteDefinitionRouteLocator — Loaded RoutePredicateFactory [CloudFoundryRouteService]
2026-05-13 07:09:34.524 [restartedMain] INFO  [traceId=, spanId=] o.s.b.reactor.netty.NettyWebServer — Netty started on port 8080 (http)
2026-05-13 07:09:34.526 [restartedMain] INFO  [traceId=, spanId=] o.s.c.n.e.s.EurekaAutoServiceRegistration — Updating port to 8080
2026-05-13 07:09:34.591 [restartedMain] INFO  [traceId=, spanId=] c.t.gateway.ApiGatewayApplication — Started ApiGatewayApplication in 2.935 seconds (process running for 3.462)
2026-05-13 07:12:16.666 [reactor-http-epoll-2] INFO  [traceId=, spanId=] c.tavia.gateway.filter.LoggingFilter — Incoming request to path: /api/v1/ai/weekly/d6ec66d8-de92-4973-821c-e7c8dd410cfd
2026-05-13 07:12:16.666 [reactor-http-epoll-3] INFO  [traceId=, spanId=] c.tavia.gateway.filter.LoggingFilter — Incoming request to path: /api/v1/crm/customers
2026-05-13 07:12:16.666 [reactor-http-epoll-4] INFO  [traceId=, spanId=] c.tavia.gateway.filter.LoggingFilter — Incoming request to path: /api/v1/context
2026-05-13 07:12:17.132 [reactor-http-epoll-4] INFO  [traceId=, spanId=] c.tavia.gateway.filter.LoggingFilter — Response from path: /api/v1/context took 466 ms
2026-05-13 07:12:17.520 [reactor-http-epoll-3] INFO  [traceId=, spanId=] c.tavia.gateway.filter.LoggingFilter — Response from path: /api/v1/crm/customers took 854 ms
2026-05-13 07:12:17.542 [reactor-http-epoll-2] INFO  [traceId=, spanId=] c.tavia.gateway.filter.LoggingFilter — Response from path: /api/v1/ai/weekly/d6ec66d8-de92-4973-821c-e7c8dd410cfd took 876 ms
2026-05-13 07:12:19.482 [reactor-http-epoll-8] INFO  [traceId=, spanId=] c.tavia.gateway.filter.LoggingFilter — Incoming request to path: /api/v1/orders
2026-05-13 07:12:19.503 [reactor-http-epoll-8] WARN  [traceId=, spanId=] o.s.c.l.core.RoundRobinLoadBalancer — No servers available for service: tavia-order-service
2026-05-13 07:12:20.562 [reactor-http-epoll-1] INFO  [traceId=, spanId=] c.tavia.gateway.filter.LoggingFilter — Incoming request to path: /api/v1/orders
2026-05-13 07:12:20.563 [reactor-http-epoll-1] WARN  [traceId=, spanId=] o.s.c.l.core.RoundRobinLoadBalancer — No servers available for service: tavia-order-service
2026-05-13 07:12:22.574 [reactor-http-epoll-5] INFO  [traceId=, spanId=] c.tavia.gateway.filter.LoggingFilter — Incoming request to path: /api/v1/orders
2026-05-13 07:12:22.575 [reactor-http-epoll-5] WARN  [traceId=, spanId=] o.s.c.l.core.RoundRobinLoadBalancer — No servers available for service: tavia-order-service
2026-05-13 07:12:27.275 [reactor-http-epoll-2] INFO  [traceId=, spanId=] c.tavia.gateway.filter.LoggingFilter — Incoming request to path: /api/v1/orders
2026-05-13 07:12:27.277 [reactor-http-epoll-2] WARN  [traceId=, spanId=] o.s.c.l.core.RoundRobinLoadBalancer — No servers available for service: tavia-order-service
2026-05-13 07:12:28.296 [reactor-http-epoll-3] INFO  [traceId=, spanId=] c.tavia.gateway.filter.LoggingFilter — Incoming request to path: /api/v1/orders
2026-05-13 07:12:28.297 [reactor-http-epoll-3] WARN  [traceId=, spanId=] o.s.c.l.core.RoundRobinLoadBalancer — No servers available for service: tavia-order-service
2026-05-13 07:12:30.319 [reactor-http-epoll-4] INFO  [traceId=, spanId=] c.tavia.gateway.filter.LoggingFilter — Incoming request to path: /api/v1/orders
2026-05-13 07:12:30.320 [reactor-http-epoll-4] WARN  [traceId=, spanId=] o.s.c.l.core.RoundRobinLoadBalancer — No servers available for service: tavia-order-service
2026-05-13 07:14:33.736 [AsyncResolver-bootstrap-executor-%d] INFO  [traceId=, spanId=] c.n.d.s.r.aws.ConfigClusterResolver — Resolving eureka endpoints via configuration
2026-05-13 07:19:33.736 [AsyncResolver-bootstrap-executor-%d] INFO  [traceId=, spanId=] c.n.d.s.r.aws.ConfigClusterResolver — Resolving eureka endpoints via configuration
2026-05-13 07:21:47.016 [reactor-http-epoll-6] INFO  [traceId=, spanId=] c.tavia.gateway.filter.LoggingFilter — Incoming request to path: /api/v1/orders
2026-05-13 07:21:47.611 [reactor-http-epoll-6] INFO  [traceId=, spanId=] c.tavia.gateway.filter.LoggingFilter — Response from path: /api/v1/orders took 595 ms
2026-05-13 07:22:01.872 [reactor-http-epoll-1] INFO  [traceId=, spanId=] c.tavia.gateway.filter.LoggingFilter — Incoming request to path: /api/v1/crm/customers
2026-05-13 07:22:01.892 [reactor-http-epoll-1] INFO  [traceId=, spanId=] c.tavia.gateway.filter.LoggingFilter — Response from path: /api/v1/crm/customers took 20 ms
2026-05-13 07:22:07.882 [reactor-http-epoll-2] INFO  [traceId=, spanId=] c.tavia.gateway.filter.LoggingFilter — Incoming request to path: /api/v1/context
2026-05-13 07:22:07.889 [reactor-http-epoll-3] INFO  [traceId=, spanId=] c.tavia.gateway.filter.LoggingFilter — Incoming request to path: /api/v1/ai/weekly/d6ec66d8-de92-4973-821c-e7c8dd410cfd
2026-05-13 07:22:07.894 [reactor-http-epoll-2] INFO  [traceId=, spanId=] c.tavia.gateway.filter.LoggingFilter — Response from path: /api/v1/context took 12 ms
2026-05-13 07:22:07.897 [reactor-http-epoll-3] INFO  [traceId=, spanId=] c.tavia.gateway.filter.LoggingFilter — Response from path: /api/v1/ai/weekly/d6ec66d8-de92-4973-821c-e7c8dd410cfd took 8 ms
2026-05-13 07:22:13.892 [reactor-http-epoll-8] INFO  [traceId=, spanId=] c.tavia.gateway.filter.LoggingFilter — Incoming request to path: /api/v1/catalog/recipes
2026-05-13 07:22:13.892 [reactor-http-epoll-1] INFO  [traceId=, spanId=] c.tavia.gateway.filter.LoggingFilter — Incoming request to path: /api/v1/inventory/tenant/d6ec66d8-de92-4973-821c-e7c8dd410cfd
2026-05-13 07:22:14.794 [reactor-http-epoll-8] INFO  [traceId=, spanId=] c.tavia.gateway.filter.LoggingFilter — Response from path: /api/v1/catalog/recipes took 902 ms
2026-05-13 07:22:15.666 [reactor-http-epoll-1] INFO  [traceId=, spanId=] c.tavia.gateway.filter.LoggingFilter — Response from path: /api/v1/inventory/tenant/d6ec66d8-de92-4973-821c-e7c8dd410cfd took 1774 ms
2026-05-13 07:22:20.505 [reactor-http-epoll-3] INFO  [traceId=, spanId=] c.tavia.gateway.filter.LoggingFilter — Incoming request to path: /api/v1/iot/machines
2026-05-13 07:22:21.105 [reactor-http-epoll-3] INFO  [traceId=, spanId=] c.tavia.gateway.filter.LoggingFilter — Response from path: /api/v1/iot/machines took 600 ms
2026-05-13 07:22:23.289 [reactor-http-epoll-7] INFO  [traceId=, spanId=] c.tavia.gateway.filter.LoggingFilter — Incoming request to path: /api/v1/ai/weekly/d6ec66d8-de92-4973-821c-e7c8dd410cfd
2026-05-13 07:22:23.289 [reactor-http-epoll-6] INFO  [traceId=, spanId=] c.tavia.gateway.filter.LoggingFilter — Incoming request to path: /api/v1/context
2026-05-13 07:22:23.294 [reactor-http-epoll-6] INFO  [traceId=, spanId=] c.tavia.gateway.filter.LoggingFilter — Response from path: /api/v1/context took 5 ms
2026-05-13 07:22:23.296 [reactor-http-epoll-7] INFO  [traceId=, spanId=] c.tavia.gateway.filter.LoggingFilter — Response from path: /api/v1/ai/weekly/d6ec66d8-de92-4973-821c-e7c8dd410cfd took 7 ms
2026-05-13 07:24:33.737 [AsyncResolver-bootstrap-executor-%d] INFO  [traceId=, spanId=] c.n.d.s.r.aws.ConfigClusterResolver — Resolving eureka endpoints via configuration
2026-05-13 07:29:33.737 [AsyncResolver-bootstrap-executor-%d] INFO  [traceId=, spanId=] c.n.d.s.r.aws.ConfigClusterResolver — Resolving eureka endpoints via configuration
2026-05-13 07:34:33.738 [AsyncResolver-bootstrap-executor-%d] INFO  [traceId=, spanId=] c.n.d.s.r.aws.ConfigClusterResolver — Resolving eureka endpoints via configuration
2026-05-13 07:39:33.738 [AsyncResolver-bootstrap-executor-%d] INFO  [traceId=, spanId=] c.n.d.s.r.aws.ConfigClusterResolver — Resolving eureka endpoints via configuration
2026-05-13 07:44:33.738 [AsyncResolver-bootstrap-executor-%d] INFO  [traceId=, spanId=] c.n.d.s.r.aws.ConfigClusterResolver — Resolving eureka endpoints via configuration
2026-05-13 07:49:33.739 [AsyncResolver-bootstrap-executor-%d] INFO  [traceId=, spanId=] c.n.d.s.r.aws.ConfigClusterResolver — Resolving eureka endpoints via configuration
2026-05-13 07:54:33.739 [AsyncResolver-bootstrap-executor-%d] INFO  [traceId=, spanId=] c.n.d.s.r.aws.ConfigClusterResolver — Resolving eureka endpoints via configuration
2026-05-13 07:59:33.739 [AsyncResolver-bootstrap-executor-%d] INFO  [traceId=, spanId=] c.n.d.s.r.aws.ConfigClusterResolver — Resolving eureka endpoints via configuration
2026-05-13 08:04:33.740 [AsyncResolver-bootstrap-executor-%d] INFO  [traceId=, spanId=] c.n.d.s.r.aws.ConfigClusterResolver — Resolving eureka endpoints via configuration
2026-05-13 08:09:33.740 [AsyncResolver-bootstrap-executor-%d] INFO  [traceId=, spanId=] c.n.d.s.r.aws.ConfigClusterResolver — Resolving eureka endpoints via configuration
2026-05-13 08:14:33.741 [AsyncResolver-bootstrap-executor-%d] INFO  [traceId=, spanId=] c.n.d.s.r.aws.ConfigClusterResolver — Resolving eureka endpoints via configuration
2026-05-13 08:15:37.868 [reactor-http-epoll-8] INFO  [traceId=, spanId=] c.tavia.gateway.filter.LoggingFilter — Incoming request to path: /api/v1/tenants
2026-05-13 08:15:39.204 [reactor-http-epoll-8] INFO  [traceId=, spanId=] c.tavia.gateway.filter.LoggingFilter — Response from path: /api/v1/tenants took 1336 ms
2026-05-13 08:15:44.589 [reactor-http-epoll-8] INFO  [traceId=, spanId=] c.tavia.gateway.filter.LoggingFilter — Incoming request to path: /api/v1/crm/auth/loyalties/1f99662c-23c9-4b53-a537-8b8db1b15722
2026-05-13 08:15:44.594 [reactor-http-epoll-2] INFO  [traceId=, spanId=] c.tavia.gateway.filter.LoggingFilter — Incoming request to path: /api/v1/tenants
2026-05-13 08:15:44.624 [reactor-http-epoll-8] INFO  [traceId=, spanId=] c.tavia.gateway.filter.LoggingFilter — Response from path: /api/v1/crm/auth/loyalties/1f99662c-23c9-4b53-a537-8b8db1b15722 took 35 ms
2026-05-13 08:15:44.647 [reactor-http-epoll-2] INFO  [traceId=, spanId=] c.tavia.gateway.filter.LoggingFilter — Response from path: /api/v1/tenants took 53 ms
2026-05-13 08:15:47.364 [reactor-http-epoll-8] INFO  [traceId=, spanId=] c.tavia.gateway.filter.LoggingFilter — Incoming request to path: /api/v1/tenants
2026-05-13 08:15:47.371 [reactor-http-epoll-8] INFO  [traceId=, spanId=] c.tavia.gateway.filter.LoggingFilter — Response from path: /api/v1/tenants took 7 ms
2026-05-13 08:15:54.601 [reactor-http-epoll-3] INFO  [traceId=, spanId=] c.tavia.gateway.filter.LoggingFilter — Incoming request to path: /api/v1/context
2026-05-13 08:15:54.601 [reactor-http-epoll-6] INFO  [traceId=, spanId=] c.tavia.gateway.filter.LoggingFilter — Incoming request to path: /api/v1/ai/weekly/d6ec66d8-de92-4973-821c-e7c8dd410cfd
2026-05-13 08:15:54.601 [reactor-http-epoll-4] INFO  [traceId=, spanId=] c.tavia.gateway.filter.LoggingFilter — Incoming request to path: /api/v1/crm/customers
2026-05-13 08:15:54.621 [reactor-http-epoll-3] INFO  [traceId=, spanId=] c.tavia.gateway.filter.LoggingFilter — Response from path: /api/v1/context took 20 ms
2026-05-13 08:15:54.630 [reactor-http-epoll-4] INFO  [traceId=, spanId=] c.tavia.gateway.filter.LoggingFilter — Response from path: /api/v1/crm/customers took 29 ms
2026-05-13 08:15:54.756 [reactor-http-epoll-6] INFO  [traceId=, spanId=] c.tavia.gateway.filter.LoggingFilter — Response from path: /api/v1/ai/weekly/d6ec66d8-de92-4973-821c-e7c8dd410cfd took 155 ms
2026-05-13 08:15:55.722 [reactor-http-epoll-1] INFO  [traceId=, spanId=] c.tavia.gateway.filter.LoggingFilter — Incoming request to path: /api/v1/orders
2026-05-13 08:15:55.736 [reactor-http-epoll-1] INFO  [traceId=, spanId=] c.tavia.gateway.filter.LoggingFilter — Response from path: /api/v1/orders took 14 ms
2026-05-13 08:15:58.842 [reactor-http-epoll-8] INFO  [traceId=, spanId=] c.tavia.gateway.filter.LoggingFilter — Incoming request to path: /api/v1/catalog/recipes/active
2026-05-13 08:15:59.057 [reactor-http-epoll-8] INFO  [traceId=, spanId=] c.tavia.gateway.filter.LoggingFilter — Response from path: /api/v1/catalog/recipes/active took 215 ms
2026-05-13 08:16:05.001 [reactor-http-epoll-8] INFO  [traceId=, spanId=] c.tavia.gateway.filter.LoggingFilter — Incoming request to path: /api/v1/orders
2026-05-13 08:16:05.082 [reactor-http-epoll-8] INFO  [traceId=, spanId=] c.tavia.gateway.filter.LoggingFilter — Response from path: /api/v1/orders took 81 ms
2026-05-13 08:16:09.533 [reactor-http-epoll-3] INFO  [traceId=, spanId=] c.tavia.gateway.filter.LoggingFilter — Incoming request to path: /api/v1/orders
2026-05-13 08:16:09.544 [reactor-http-epoll-3] INFO  [traceId=, spanId=] c.tavia.gateway.filter.LoggingFilter — Response from path: /api/v1/orders took 11 ms
2026-05-13 08:16:28.719 [reactor-http-epoll-4] INFO  [traceId=, spanId=] c.tavia.gateway.filter.LoggingFilter — Incoming request to path: /api/v1/crm/customers
2026-05-13 08:16:28.720 [reactor-http-epoll-6] INFO  [traceId=, spanId=] c.tavia.gateway.filter.LoggingFilter — Incoming request to path: /api/v1/context
2026-05-13 08:16:28.721 [reactor-http-epoll-7] INFO  [traceId=, spanId=] c.tavia.gateway.filter.LoggingFilter — Incoming request to path: /api/v1/ai/weekly/d6ec66d8-de92-4973-821c-e7c8dd410cfd
2026-05-13 08:16:28.732 [reactor-http-epoll-6] INFO  [traceId=, spanId=] c.tavia.gateway.filter.LoggingFilter — Response from path: /api/v1/context took 12 ms
2026-05-13 08:16:28.733 [reactor-http-epoll-7] INFO  [traceId=, spanId=] c.tavia.gateway.filter.LoggingFilter — Response from path: /api/v1/ai/weekly/d6ec66d8-de92-4973-821c-e7c8dd410cfd took 12 ms
2026-05-13 08:16:28.754 [reactor-http-epoll-4] INFO  [traceId=, spanId=] c.tavia.gateway.filter.LoggingFilter — Response from path: /api/v1/crm/customers took 35 ms
2026-05-13 08:16:38.833 [reactor-http-epoll-8] INFO  [traceId=, spanId=] c.tavia.gateway.filter.LoggingFilter — Incoming request to path: /api/v1/catalog/recipes/active
2026-05-13 08:16:38.865 [reactor-http-epoll-8] INFO  [traceId=, spanId=] c.tavia.gateway.filter.LoggingFilter — Response from path: /api/v1/catalog/recipes/active took 32 ms
2026-05-13 08:16:43.825 [reactor-http-epoll-8] INFO  [traceId=, spanId=] c.tavia.gateway.filter.LoggingFilter — Incoming request to path: /api/v1/catalog/recipes/active
2026-05-13 08:16:43.852 [reactor-http-epoll-8] INFO  [traceId=, spanId=] c.tavia.gateway.filter.LoggingFilter — Response from path: /api/v1/catalog/recipes/active took 27 ms
2026-05-13 08:16:46.575 [reactor-http-epoll-8] INFO  [traceId=, spanId=] c.tavia.gateway.filter.LoggingFilter — Incoming request to path: /api/v1/tenants
2026-05-13 08:16:46.585 [reactor-http-epoll-8] INFO  [traceId=, spanId=] c.tavia.gateway.filter.LoggingFilter — Response from path: /api/v1/tenants took 10 ms
2026-05-13 08:16:47.546 [reactor-http-epoll-8] INFO  [traceId=, spanId=] c.tavia.gateway.filter.LoggingFilter — Incoming request to path: /api/v1/tenants
2026-05-13 08:16:47.555 [reactor-http-epoll-8] INFO  [traceId=, spanId=] c.tavia.gateway.filter.LoggingFilter — Response from path: /api/v1/tenants took 9 ms
2026-05-13 08:16:49.095 [reactor-http-epoll-8] INFO  [traceId=, spanId=] c.tavia.gateway.filter.LoggingFilter — Incoming request to path: /api/v1/tenants
2026-05-13 08:16:49.105 [reactor-http-epoll-8] INFO  [traceId=, spanId=] c.tavia.gateway.filter.LoggingFilter — Response from path: /api/v1/tenants took 10 ms
2026-05-13 08:16:52.966 [reactor-http-epoll-8] INFO  [traceId=, spanId=] c.tavia.gateway.filter.LoggingFilter — Incoming request to path: /api/v1/ai/chat
2026-05-13 08:16:55.541 [reactor-http-epoll-8] INFO  [traceId=, spanId=] c.tavia.gateway.filter.LoggingFilter — Response from path: /api/v1/ai/chat took 2575 ms
2026-05-13 08:16:58.784 [reactor-http-epoll-8] INFO  [traceId=, spanId=] c.tavia.gateway.filter.LoggingFilter — Incoming request to path: /api/v1/context
2026-05-13 08:16:58.794 [reactor-http-epoll-8] INFO  [traceId=, spanId=] c.tavia.gateway.filter.LoggingFilter — Response from path: /api/v1/context took 10 ms
2026-05-13 08:17:07.192 [reactor-http-epoll-8] INFO  [traceId=, spanId=] c.tavia.gateway.filter.LoggingFilter — Incoming request to path: /api/v1/ai/chat
2026-05-13 08:17:08.429 [reactor-http-epoll-8] INFO  [traceId=, spanId=] c.tavia.gateway.filter.LoggingFilter — Response from path: /api/v1/ai/chat took 1237 ms
2026-05-13 08:17:28.828 [reactor-http-epoll-1] INFO  [traceId=, spanId=] c.tavia.gateway.filter.LoggingFilter — Incoming request to path: /api/v1/context
2026-05-13 08:17:28.833 [reactor-http-epoll-1] INFO  [traceId=, spanId=] c.tavia.gateway.filter.LoggingFilter — Response from path: /api/v1/context took 5 ms
2026-05-13 08:19:33.741 [AsyncResolver-bootstrap-executor-%d] INFO  [traceId=, spanId=] c.n.d.s.r.aws.ConfigClusterResolver — Resolving eureka endpoints via configuration
2026-05-13 08:21:05.590 [SpringApplicationShutdownHook] INFO  [traceId=, spanId=] o.s.c.n.e.s.EurekaServiceRegistry — Unregistering application TAVIA-API-GATEWAY with eureka with status DOWN
2026-05-13 08:21:05.590 [SpringApplicationShutdownHook] INFO  [traceId=, spanId=] c.netflix.discovery.DiscoveryClient — Saw local status change event StatusChangeEvent [timestamp=1778649665590, current=DOWN, previous=UP]
2026-05-13 08:21:05.591 [DiscoveryClient-InstanceInfoReplicator-%d] INFO  [traceId=, spanId=] c.netflix.discovery.DiscoveryClient — DiscoveryClient_TAVIA-API-GATEWAY/10.0.0.139:tavia-api-gateway:8080: registering service...
2026-05-13 08:21:05.594 [SpringApplicationShutdownHook] INFO  [traceId=, spanId=] o.s.b.reactor.netty.GracefulShutdown — Commencing graceful shutdown. Waiting for active requests to complete
2026-05-13 08:21:05.598 [netty-shutdown] INFO  [traceId=, spanId=] o.s.b.reactor.netty.GracefulShutdown — Graceful shutdown complete
2026-05-13 08:21:05.611 [DiscoveryClient-InstanceInfoReplicator-%d] INFO  [traceId=, spanId=] c.netflix.discovery.DiscoveryClient — DiscoveryClient_TAVIA-API-GATEWAY/10.0.0.139:tavia-api-gateway:8080 - registration status: 204
2026-05-13 08:21:05.612 [SpringApplicationShutdownHook] INFO  [traceId=, spanId=] c.netflix.discovery.DiscoveryClient — Shutting down DiscoveryClient ...
2026-05-13 08:21:08.613 [SpringApplicationShutdownHook] INFO  [traceId=, spanId=] c.netflix.discovery.DiscoveryClient — Unregistering ...
2026-05-13 08:21:08.622 [SpringApplicationShutdownHook] INFO  [traceId=, spanId=] c.n.d.s.t.d.RedirectingEurekaHttpClient — Request execution error. endpoint=DefaultEndpoint{ serviceUrl='http://localhost:8761/eureka/} exception=I/O error on DELETE request for "http://localhost:8761/eureka/apps/TAVIA-API-GATEWAY/10.0.0.139:tavia-api-gateway:8080": Connect to http://localhost:8761 failed: Connection refused stacktrace=org.springframework.web.client.ResourceAccessException: I/O error on DELETE request for "http://localhost:8761/eureka/apps/TAVIA-API-GATEWAY/10.0.0.139:tavia-api-gateway:8080": Connect to http://localhost:8761 failed: Connection refused
	at org.springframework.web.client.DefaultRestClient$DefaultRequestBodyUriSpec.createResourceAccessException(DefaultRestClient.java:779)
	at org.springframework.web.client.DefaultRestClient$DefaultRequestBodyUriSpec.exchangeInternal(DefaultRestClient.java:624)
	at org.springframework.web.client.DefaultRestClient$DefaultRequestBodyUriSpec.exchange(DefaultRestClient.java:572)
	at org.springframework.web.client.RestClient$RequestHeadersSpec.exchange(RestClient.java:747)
	at org.springframework.web.client.DefaultRestClient$DefaultResponseSpec.executeAndExtract(DefaultRestClient.java:924)
	at org.springframework.web.client.DefaultRestClient$DefaultResponseSpec.toBodilessEntity(DefaultRestClient.java:888)
	at org.springframework.cloud.netflix.eureka.http.RestClientEurekaHttpClient.cancel(RestClientEurekaHttpClient.java:73)
	at com.netflix.discovery.shared.transport.decorator.EurekaHttpClientDecorator$2.execute(EurekaHttpClientDecorator.java:74)
	at com.netflix.discovery.shared.transport.decorator.RedirectingEurekaHttpClient.execute(RedirectingEurekaHttpClient.java:91)
	at com.netflix.discovery.shared.transport.decorator.EurekaHttpClientDecorator.cancel(EurekaHttpClientDecorator.java:71)
	at com.netflix.discovery.shared.transport.decorator.EurekaHttpClientDecorator$2.execute(EurekaHttpClientDecorator.java:74)
	at com.netflix.discovery.shared.transport.decorator.RetryableEurekaHttpClient.execute(RetryableEurekaHttpClient.java:120)
	at com.netflix.discovery.shared.transport.decorator.EurekaHttpClientDecorator.cancel(EurekaHttpClientDecorator.java:71)
	at com.netflix.discovery.shared.transport.decorator.EurekaHttpClientDecorator$2.execute(EurekaHttpClientDecorator.java:74)
	at com.netflix.discovery.shared.transport.decorator.SessionedEurekaHttpClient.execute(SessionedEurekaHttpClient.java:76)
	at com.netflix.discovery.shared.transport.decorator.EurekaHttpClientDecorator.cancel(EurekaHttpClientDecorator.java:71)
	at com.netflix.discovery.DiscoveryClient.unregister(DiscoveryClient.java:919)
	at com.netflix.discovery.DiscoveryClient.shutdown(DiscoveryClient.java:900)
	at java.base/jdk.internal.reflect.DirectMethodHandleAccessor.invoke(DirectMethodHandleAccessor.java:103)
	at java.base/java.lang.reflect.Method.invoke(Method.java:580)
	at org.springframework.beans.factory.annotation.InitDestroyAnnotationBeanPostProcessor$LifecycleMethod.invoke(InitDestroyAnnotationBeanPostProcessor.java:453)
	at org.springframework.beans.factory.annotation.InitDestroyAnnotationBeanPostProcessor$LifecycleMetadata.invokeDestroyMethods(InitDestroyAnnotationBeanPostProcessor.java:411)
	at org.springframework.beans.factory.annotation.InitDestroyAnnotationBeanPostProcessor.postProcessBeforeDestruction(InitDestroyAnnotationBeanPostProcessor.java:237)
	at org.springframework.beans.factory.support.DisposableBeanAdapter.destroy(DisposableBeanAdapter.java:200)
	at org.springframework.beans.factory.support.DisposableBeanAdapter.run(DisposableBeanAdapter.java:193)
	at org.springframework.cloud.context.scope.GenericScope$BeanLifecycleWrapper.destroy(GenericScope.java:387)
	at org.springframework.cloud.context.scope.GenericScope.destroy(GenericScope.java:134)
	at org.springframework.beans.factory.support.DisposableBeanAdapter.destroy(DisposableBeanAdapter.java:209)
	at org.springframework.beans.factory.support.DefaultSingletonBeanRegistry.destroyBean(DefaultSingletonBeanRegistry.java:795)
	at org.springframework.beans.factory.support.DefaultSingletonBeanRegistry.destroySingleton(DefaultSingletonBeanRegistry.java:745)
	at org.springframework.beans.factory.support.DefaultListableBeanFactory.destroySingleton(DefaultListableBeanFactory.java:1500)
	at org.springframework.beans.factory.support.DefaultSingletonBeanRegistry.destroySingletons(DefaultSingletonBeanRegistry.java:704)
	at org.springframework.beans.factory.support.DefaultListableBeanFactory.destroySingletons(DefaultListableBeanFactory.java:1493)
	at org.springframework.context.support.AbstractApplicationContext.destroyBeans(AbstractApplicationContext.java:1246)
	at org.springframework.context.support.AbstractApplicationContext.doClose(AbstractApplicationContext.java:1207)
	at org.springframework.boot.web.server.reactive.context.ReactiveWebServerApplicationContext.doClose(ReactiveWebServerApplicationContext.java:158)
	at org.springframework.context.support.AbstractApplicationContext.close(AbstractApplicationContext.java:1153)
	at org.springframework.boot.SpringApplicationShutdownHook.closeAndWait(SpringApplicationShutdownHook.java:147)
	at java.base/java.lang.Iterable.forEach(Iterable.java:75)
	at org.springframework.boot.SpringApplicationShutdownHook.run(SpringApplicationShutdownHook.java:116)
	at java.base/java.lang.Thread.run(Thread.java:1583)
Caused by: org.apache.hc.client5.http.HttpHostConnectException: Connect to http://localhost:8761 failed: Connection refused
	at java.base/sun.nio.ch.Net.pollConnect(Native Method)
	at java.base/sun.nio.ch.Net.pollConnectNow(Net.java:694)
	at java.base/sun.nio.ch.NioSocketImpl.timedFinishConnect(NioSocketImpl.java:542)
	at java.base/sun.nio.ch.NioSocketImpl.connect(NioSocketImpl.java:592)
	at java.base/java.net.SocksSocketImpl.connect(SocksSocketImpl.java:327)
	at java.base/java.net.Socket.connect(Socket.java:751)
	at org.apache.hc.client5.http.impl.io.DefaultHttpClientConnectionOperator.connect(DefaultHttpClientConnectionOperator.java:226)
	at org.apache.hc.client5.http.impl.io.PoolingHttpClientConnectionManager.connect(PoolingHttpClientConnectionManager.java:497)
	at org.apache.hc.client5.http.impl.classic.InternalExecRuntime.connectEndpoint(InternalExecRuntime.java:164)
	at org.apache.hc.client5.http.impl.classic.InternalExecRuntime.connectEndpoint(InternalExecRuntime.java:174)
	at org.apache.hc.client5.http.impl.classic.ConnectExec.execute(ConnectExec.java:144)
	at org.apache.hc.client5.http.impl.classic.ExecChainElement.execute(ExecChainElement.java:51)
	at org.apache.hc.client5.http.impl.classic.ProtocolExec.execute(ProtocolExec.java:195)
	at org.apache.hc.client5.http.impl.classic.ExecChainElement.execute(ExecChainElement.java:51)
	at org.apache.hc.client5.http.impl.classic.ContentCompressionExec.execute(ContentCompressionExec.java:168)
	at org.apache.hc.client5.http.impl.classic.ExecChainElement.execute(ExecChainElement.java:51)
	at org.apache.hc.client5.http.impl.classic.HttpRequestRetryExec.execute(HttpRequestRetryExec.java:112)
	at org.apache.hc.client5.http.impl.classic.ExecChainElement.execute(ExecChainElement.java:51)
	at org.apache.hc.client5.http.impl.classic.RedirectExec.execute(RedirectExec.java:110)
	at org.apache.hc.client5.http.impl.classic.ExecChainElement.execute(ExecChainElement.java:51)
	at org.apache.hc.client5.http.impl.classic.InternalHttpClient.doExecute(InternalHttpClient.java:185)
	at org.apache.hc.client5.http.impl.classic.CloseableHttpClient.execute(CloseableHttpClient.java:87)
	at org.apache.hc.client5.http.impl.classic.CloseableHttpClient.execute(CloseableHttpClient.java:55)
	at org.apache.hc.client5.http.classic.HttpClient.executeOpen(HttpClient.java:183)
	at org.springframework.http.client.HttpComponentsClientHttpRequest.executeInternal(HttpComponentsClientHttpRequest.java:99)
	at org.springframework.http.client.AbstractStreamingClientHttpRequest.executeInternal(AbstractStreamingClientHttpRequest.java:87)
	at org.springframework.http.client.AbstractClientHttpRequest.execute(AbstractClientHttpRequest.java:80)
	at org.springframework.http.client.AbstractBufferingClientHttpRequest.executeWithRequestAndBody(AbstractBufferingClientHttpRequest.java:89)
	at org.springframework.http.client.InterceptingClientHttpRequest$EndOfChainRequestExecution.execute(InterceptingClientHttpRequest.java:102)
	at org.springframework.cloud.netflix.eureka.http.RestClientTransportClientFactory.lambda$newClient$2(RestClientTransportClientFactory.java:98)
	at org.springframework.http.client.ClientHttpRequestInterceptor.lambda$apply$0(ClientHttpRequestInterceptor.java:89)
	at org.springframework.http.client.InterceptingClientHttpRequest.executeInternal(InterceptingClientHttpRequest.java:73)
	at org.springframework.http.client.AbstractBufferingClientHttpRequest.executeInternal(AbstractBufferingClientHttpRequest.java:50)
	at org.springframework.http.client.AbstractClientHttpRequest.execute(AbstractClientHttpRequest.java:80)
	at org.springframework.web.client.DefaultRestClient$DefaultRequestBodyUriSpec.exchangeInternal(DefaultRestClient.java:614)
	... 39 more

2026-05-13 08:21:08.622 [SpringApplicationShutdownHook] WARN  [traceId=, spanId=] c.n.d.s.t.d.RetryableEurekaHttpClient — Request execution failed with message: I/O error on DELETE request for "http://localhost:8761/eureka/apps/TAVIA-API-GATEWAY/10.0.0.139:tavia-api-gateway:8080": Connect to http://localhost:8761 failed: Connection refused
2026-05-13 08:21:08.627 [SpringApplicationShutdownHook] INFO  [traceId=, spanId=] c.n.d.s.t.d.RedirectingEurekaHttpClient — Request execution error. endpoint=DefaultEndpoint{ serviceUrl='http://localhost:8761/eureka/}, exception=I/O error on DELETE request for "http://localhost:8761/eureka/apps/TAVIA-API-GATEWAY/10.0.0.139:tavia-api-gateway:8080": Connect to http://localhost:8761 failed: Connection refused stacktrace=org.springframework.web.client.ResourceAccessException: I/O error on DELETE request for "http://localhost:8761/eureka/apps/TAVIA-API-GATEWAY/10.0.0.139:tavia-api-gateway:8080": Connect to http://localhost:8761 failed: Connection refused
	at org.springframework.web.client.DefaultRestClient$DefaultRequestBodyUriSpec.createResourceAccessException(DefaultRestClient.java:779)
	at org.springframework.web.client.DefaultRestClient$DefaultRequestBodyUriSpec.exchangeInternal(DefaultRestClient.java:624)
	at org.springframework.web.client.DefaultRestClient$DefaultRequestBodyUriSpec.exchange(DefaultRestClient.java:572)
	at org.springframework.web.client.RestClient$RequestHeadersSpec.exchange(RestClient.java:747)
	at org.springframework.web.client.DefaultRestClient$DefaultResponseSpec.executeAndExtract(DefaultRestClient.java:924)
	at org.springframework.web.client.DefaultRestClient$DefaultResponseSpec.toBodilessEntity(DefaultRestClient.java:888)
	at org.springframework.cloud.netflix.eureka.http.RestClientEurekaHttpClient.cancel(RestClientEurekaHttpClient.java:73)
	at com.netflix.discovery.shared.transport.decorator.EurekaHttpClientDecorator$2.execute(EurekaHttpClientDecorator.java:74)
	at com.netflix.discovery.shared.transport.decorator.RedirectingEurekaHttpClient.executeOnNewServer(RedirectingEurekaHttpClient.java:121)
	at com.netflix.discovery.shared.transport.decorator.RedirectingEurekaHttpClient.execute(RedirectingEurekaHttpClient.java:80)
	at com.netflix.discovery.shared.transport.decorator.EurekaHttpClientDecorator.cancel(EurekaHttpClientDecorator.java:71)
	at com.netflix.discovery.shared.transport.decorator.EurekaHttpClientDecorator$2.execute(EurekaHttpClientDecorator.java:74)
	at com.netflix.discovery.shared.transport.decorator.RetryableEurekaHttpClient.execute(RetryableEurekaHttpClient.java:120)
	at com.netflix.discovery.shared.transport.decorator.EurekaHttpClientDecorator.cancel(EurekaHttpClientDecorator.java:71)
	at com.netflix.discovery.shared.transport.decorator.EurekaHttpClientDecorator$2.execute(EurekaHttpClientDecorator.java:74)
	at com.netflix.discovery.shared.transport.decorator.SessionedEurekaHttpClient.execute(SessionedEurekaHttpClient.java:76)
	at com.netflix.discovery.shared.transport.decorator.EurekaHttpClientDecorator.cancel(EurekaHttpClientDecorator.java:71)
	at com.netflix.discovery.DiscoveryClient.unregister(DiscoveryClient.java:919)
	at com.netflix.discovery.DiscoveryClient.shutdown(DiscoveryClient.java:900)
	at java.base/jdk.internal.reflect.DirectMethodHandleAccessor.invoke(DirectMethodHandleAccessor.java:103)
	at java.base/java.lang.reflect.Method.invoke(Method.java:580)
	at org.springframework.beans.factory.annotation.InitDestroyAnnotationBeanPostProcessor$LifecycleMethod.invoke(InitDestroyAnnotationBeanPostProcessor.java:453)
	at org.springframework.beans.factory.annotation.InitDestroyAnnotationBeanPostProcessor$LifecycleMetadata.invokeDestroyMethods(InitDestroyAnnotationBeanPostProcessor.java:411)
	at org.springframework.beans.factory.annotation.InitDestroyAnnotationBeanPostProcessor.postProcessBeforeDestruction(InitDestroyAnnotationBeanPostProcessor.java:237)
	at org.springframework.beans.factory.support.DisposableBeanAdapter.destroy(DisposableBeanAdapter.java:200)
	at org.springframework.beans.factory.support.DisposableBeanAdapter.run(DisposableBeanAdapter.java:193)
	at org.springframework.cloud.context.scope.GenericScope$BeanLifecycleWrapper.destroy(GenericScope.java:387)
	at org.springframework.cloud.context.scope.GenericScope.destroy(GenericScope.java:134)
	at org.springframework.beans.factory.support.DisposableBeanAdapter.destroy(DisposableBeanAdapter.java:209)
	at org.springframework.beans.factory.support.DefaultSingletonBeanRegistry.destroyBean(DefaultSingletonBeanRegistry.java:795)
	at org.springframework.beans.factory.support.DefaultSingletonBeanRegistry.destroySingleton(DefaultSingletonBeanRegistry.java:745)
	at org.springframework.beans.factory.support.DefaultListableBeanFactory.destroySingleton(DefaultListableBeanFactory.java:1500)
	at org.springframework.beans.factory.support.DefaultSingletonBeanRegistry.destroySingletons(DefaultSingletonBeanRegistry.java:704)
	at org.springframework.beans.factory.support.DefaultListableBeanFactory.destroySingletons(DefaultListableBeanFactory.java:1493)
	at org.springframework.context.support.AbstractApplicationContext.destroyBeans(AbstractApplicationContext.java:1246)
	at org.springframework.context.support.AbstractApplicationContext.doClose(AbstractApplicationContext.java:1207)
	at org.springframework.boot.web.server.reactive.context.ReactiveWebServerApplicationContext.doClose(ReactiveWebServerApplicationContext.java:158)
	at org.springframework.context.support.AbstractApplicationContext.close(AbstractApplicationContext.java:1153)
	at org.springframework.boot.SpringApplicationShutdownHook.closeAndWait(SpringApplicationShutdownHook.java:147)
	at java.base/java.lang.Iterable.forEach(Iterable.java:75)
	at org.springframework.boot.SpringApplicationShutdownHook.run(SpringApplicationShutdownHook.java:116)
	at java.base/java.lang.Thread.run(Thread.java:1583)
Caused by: org.apache.hc.client5.http.HttpHostConnectException: Connect to http://localhost:8761 failed: Connection refused
	at java.base/sun.nio.ch.Net.pollConnect(Native Method)
	at java.base/sun.nio.ch.Net.pollConnectNow(Net.java:694)
	at java.base/sun.nio.ch.NioSocketImpl.timedFinishConnect(NioSocketImpl.java:542)
	at java.base/sun.nio.ch.NioSocketImpl.connect(NioSocketImpl.java:592)
	at java.base/java.net.SocksSocketImpl.connect(SocksSocketImpl.java:327)
	at java.base/java.net.Socket.connect(Socket.java:751)
	at org.apache.hc.client5.http.impl.io.DefaultHttpClientConnectionOperator.connect(DefaultHttpClientConnectionOperator.java:226)
	at org.apache.hc.client5.http.impl.io.PoolingHttpClientConnectionManager.connect(PoolingHttpClientConnectionManager.java:497)
	at org.apache.hc.client5.http.impl.classic.InternalExecRuntime.connectEndpoint(InternalExecRuntime.java:164)
	at org.apache.hc.client5.http.impl.classic.InternalExecRuntime.connectEndpoint(InternalExecRuntime.java:174)
	at org.apache.hc.client5.http.impl.classic.ConnectExec.execute(ConnectExec.java:144)
	at org.apache.hc.client5.http.impl.classic.ExecChainElement.execute(ExecChainElement.java:51)
	at org.apache.hc.client5.http.impl.classic.ProtocolExec.execute(ProtocolExec.java:195)
	at org.apache.hc.client5.http.impl.classic.ExecChainElement.execute(ExecChainElement.java:51)
	at org.apache.hc.client5.http.impl.classic.ContentCompressionExec.execute(ContentCompressionExec.java:168)
	at org.apache.hc.client5.http.impl.classic.ExecChainElement.execute(ExecChainElement.java:51)
	at org.apache.hc.client5.http.impl.classic.HttpRequestRetryExec.execute(HttpRequestRetryExec.java:112)
	at org.apache.hc.client5.http.impl.classic.ExecChainElement.execute(ExecChainElement.java:51)
	at org.apache.hc.client5.http.impl.classic.RedirectExec.execute(RedirectExec.java:110)
	at org.apache.hc.client5.http.impl.classic.ExecChainElement.execute(ExecChainElement.java:51)
	at org.apache.hc.client5.http.impl.classic.InternalHttpClient.doExecute(InternalHttpClient.java:185)
	at org.apache.hc.client5.http.impl.classic.CloseableHttpClient.execute(CloseableHttpClient.java:87)
	at org.apache.hc.client5.http.impl.classic.CloseableHttpClient.execute(CloseableHttpClient.java:55)
	at org.apache.hc.client5.http.classic.HttpClient.executeOpen(HttpClient.java:183)
	at org.springframework.http.client.HttpComponentsClientHttpRequest.executeInternal(HttpComponentsClientHttpRequest.java:99)
	at org.springframework.http.client.AbstractStreamingClientHttpRequest.executeInternal(AbstractStreamingClientHttpRequest.java:87)
	at org.springframework.http.client.AbstractClientHttpRequest.execute(AbstractClientHttpRequest.java:80)
	at org.springframework.http.client.AbstractBufferingClientHttpRequest.executeWithRequestAndBody(AbstractBufferingClientHttpRequest.java:89)
	at org.springframework.http.client.InterceptingClientHttpRequest$EndOfChainRequestExecution.execute(InterceptingClientHttpRequest.java:102)
	at org.springframework.cloud.netflix.eureka.http.RestClientTransportClientFactory.lambda$newClient$2(RestClientTransportClientFactory.java:98)
	at org.springframework.http.client.ClientHttpRequestInterceptor.lambda$apply$0(ClientHttpRequestInterceptor.java:89)
	at org.springframework.http.client.InterceptingClientHttpRequest.executeInternal(InterceptingClientHttpRequest.java:73)
	at org.springframework.http.client.AbstractBufferingClientHttpRequest.executeInternal(AbstractBufferingClientHttpRequest.java:50)
	at org.springframework.http.client.AbstractClientHttpRequest.execute(AbstractClientHttpRequest.java:80)
	at org.springframework.web.client.DefaultRestClient$DefaultRequestBodyUriSpec.exchangeInternal(DefaultRestClient.java:614)
	... 40 more

2026-05-13 08:21:08.627 [SpringApplicationShutdownHook] WARN  [traceId=, spanId=] c.n.d.s.t.d.RetryableEurekaHttpClient — Request execution failed with message: I/O error on DELETE request for "http://localhost:8761/eureka/apps/TAVIA-API-GATEWAY/10.0.0.139:tavia-api-gateway:8080": Connect to http://localhost:8761 failed: Connection refused
2026-05-13 08:21:08.627 [SpringApplicationShutdownHook] ERROR [traceId=, spanId=] c.netflix.discovery.DiscoveryClient — DiscoveryClient_TAVIA-API-GATEWAY/10.0.0.139:tavia-api-gateway:8080 - de-registration failedCannot execute request on any known server
com.netflix.discovery.shared.transport.TransportException: Cannot execute request on any known server
	at com.netflix.discovery.shared.transport.decorator.RetryableEurekaHttpClient.execute(RetryableEurekaHttpClient.java:112)
	at com.netflix.discovery.shared.transport.decorator.EurekaHttpClientDecorator.cancel(EurekaHttpClientDecorator.java:71)
	at com.netflix.discovery.shared.transport.decorator.EurekaHttpClientDecorator$2.execute(EurekaHttpClientDecorator.java:74)
	at com.netflix.discovery.shared.transport.decorator.SessionedEurekaHttpClient.execute(SessionedEurekaHttpClient.java:76)
	at com.netflix.discovery.shared.transport.decorator.EurekaHttpClientDecorator.cancel(EurekaHttpClientDecorator.java:71)
	at com.netflix.discovery.DiscoveryClient.unregister(DiscoveryClient.java:919)
	at com.netflix.discovery.DiscoveryClient.shutdown(DiscoveryClient.java:900)
	at java.base/jdk.internal.reflect.DirectMethodHandleAccessor.invoke(DirectMethodHandleAccessor.java:103)
	at java.base/java.lang.reflect.Method.invoke(Method.java:580)
	at org.springframework.beans.factory.annotation.InitDestroyAnnotationBeanPostProcessor$LifecycleMethod.invoke(InitDestroyAnnotationBeanPostProcessor.java:453)
	at org.springframework.beans.factory.annotation.InitDestroyAnnotationBeanPostProcessor$LifecycleMetadata.invokeDestroyMethods(InitDestroyAnnotationBeanPostProcessor.java:411)
	at org.springframework.beans.factory.annotation.InitDestroyAnnotationBeanPostProcessor.postProcessBeforeDestruction(InitDestroyAnnotationBeanPostProcessor.java:237)
	at org.springframework.beans.factory.support.DisposableBeanAdapter.destroy(DisposableBeanAdapter.java:200)
	at org.springframework.beans.factory.support.DisposableBeanAdapter.run(DisposableBeanAdapter.java:193)
	at org.springframework.cloud.context.scope.GenericScope$BeanLifecycleWrapper.destroy(GenericScope.java:387)
	at org.springframework.cloud.context.scope.GenericScope.destroy(GenericScope.java:134)
	at org.springframework.beans.factory.support.DisposableBeanAdapter.destroy(DisposableBeanAdapter.java:209)
	at org.springframework.beans.factory.support.DefaultSingletonBeanRegistry.destroyBean(DefaultSingletonBeanRegistry.java:795)
	at org.springframework.beans.factory.support.DefaultSingletonBeanRegistry.destroySingleton(DefaultSingletonBeanRegistry.java:745)
	at org.springframework.beans.factory.support.DefaultListableBeanFactory.destroySingleton(DefaultListableBeanFactory.java:1500)
	at org.springframework.beans.factory.support.DefaultSingletonBeanRegistry.destroySingletons(DefaultSingletonBeanRegistry.java:704)
	at org.springframework.beans.factory.support.DefaultListableBeanFactory.destroySingletons(DefaultListableBeanFactory.java:1493)
	at org.springframework.context.support.AbstractApplicationContext.destroyBeans(AbstractApplicationContext.java:1246)
	at org.springframework.context.support.AbstractApplicationContext.doClose(AbstractApplicationContext.java:1207)
	at org.springframework.boot.web.server.reactive.context.ReactiveWebServerApplicationContext.doClose(ReactiveWebServerApplicationContext.java:158)
	at org.springframework.context.support.AbstractApplicationContext.close(AbstractApplicationContext.java:1153)
	at org.springframework.boot.SpringApplicationShutdownHook.closeAndWait(SpringApplicationShutdownHook.java:147)
	at java.base/java.lang.Iterable.forEach(Iterable.java:75)
	at org.springframework.boot.SpringApplicationShutdownHook.run(SpringApplicationShutdownHook.java:116)
	at java.base/java.lang.Thread.run(Thread.java:1583)
2026-05-13 08:21:08.629 [SpringApplicationShutdownHook] INFO  [traceId=, spanId=] c.netflix.discovery.DiscoveryClient — Completed shut down of DiscoveryClient
