2026-05-13 06:12:28.880 [background-preinit] INFO  [traceId=, spanId=] o.h.validator.internal.util.Version — HV000001: Hibernate Validator 9.0.1.Final
2026-05-13 06:12:28.904 [restartedMain] INFO  [traceId=, spanId=] c.t.i.InventoryServiceApplication — Starting InventoryServiceApplication using Java 21.0.10 with PID 18536 (/home/tuna/Desktop/tavia_v2/tavia-inventory-service/build/classes/java/main started by tuna in /home/tuna/Desktop/tavia_v2/tavia-inventory-service)
2026-05-13 06:12:28.905 [restartedMain] DEBUG [traceId=, spanId=] c.t.i.InventoryServiceApplication — Running with Spring Boot v4.0.6, Spring v7.0.7
2026-05-13 06:12:28.905 [restartedMain] INFO  [traceId=, spanId=] c.t.i.InventoryServiceApplication — No active profile set, falling back to 1 default profile: "default"
2026-05-13 06:12:28.935 [restartedMain] INFO  [traceId=, spanId=] o.s.c.c.c.ConfigServerConfigDataLoader — Fetching config from server at : http://localhost:8888
2026-05-13 06:12:28.935 [restartedMain] INFO  [traceId=, spanId=] o.s.c.c.c.ConfigServerConfigDataLoader — Located environment: name=tavia-inventory-service, profiles=[default], label=null, version=null, state=null
2026-05-13 06:12:28.937 [restartedMain] INFO  [traceId=, spanId=] o.s.b.d.e.DevToolsPropertyDefaultsPostProcessor — Devtools property defaults active! Set 'spring.devtools.add-properties' to 'false' to disable
2026-05-13 06:12:28.937 [restartedMain] INFO  [traceId=, spanId=] o.s.b.d.e.DevToolsPropertyDefaultsPostProcessor — For additional web related logging consider setting the 'logging.level.web' property to 'DEBUG'
2026-05-13 06:12:29.481 [restartedMain] INFO  [traceId=, spanId=] o.s.d.r.c.RepositoryConfigurationDelegate — Bootstrapping Spring Data JPA repositories in DEFAULT mode.
2026-05-13 06:12:29.564 [restartedMain] INFO  [traceId=, spanId=] o.s.d.r.c.RepositoryConfigurationDelegate — Finished Spring Data repository scanning in 78 ms. Found 1 JPA repository interface.
2026-05-13 06:12:29.739 [restartedMain] INFO  [traceId=, spanId=] o.s.cloud.context.scope.GenericScope — BeanFactory id=1010a6c2-bcb5-3fb9-8d4c-e4891270bb71
2026-05-13 06:12:30.069 [restartedMain] INFO  [traceId=, spanId=] o.s.boot.tomcat.TomcatWebServer — Tomcat initialized with port 8083 (http)
2026-05-13 06:12:30.077 [restartedMain] INFO  [traceId=, spanId=] o.a.coyote.http11.Http11NioProtocol — Initializing ProtocolHandler ["http-nio-8083"]
2026-05-13 06:12:30.078 [restartedMain] INFO  [traceId=, spanId=] o.a.catalina.core.StandardService — Starting service [Tomcat]
2026-05-13 06:12:30.078 [restartedMain] INFO  [traceId=, spanId=] o.a.catalina.core.StandardEngine — Starting Servlet engine: [Apache Tomcat/11.0.21]
2026-05-13 06:12:30.107 [restartedMain] INFO  [traceId=, spanId=] o.s.b.w.c.s.WebApplicationContextInitializer — Root WebApplicationContext: initialization completed in 1169 ms
2026-05-13 06:12:30.234 [restartedMain] INFO  [traceId=, spanId=] com.zaxxer.hikari.HikariDataSource — HikariPool-1 - Starting...
2026-05-13 06:12:30.318 [restartedMain] INFO  [traceId=, spanId=] com.zaxxer.hikari.pool.HikariPool — HikariPool-1 - Added connection org.postgresql.jdbc.PgConnection@1fa3bb94
2026-05-13 06:12:30.319 [restartedMain] INFO  [traceId=, spanId=] com.zaxxer.hikari.HikariDataSource — HikariPool-1 - Start completed.
2026-05-13 06:12:30.333 [restartedMain] INFO  [traceId=, spanId=] org.flywaydb.core.FlywayExecutor — Database: jdbc:postgresql://localhost:5432/tavia_db (PostgreSQL 15.17)
2026-05-13 06:12:30.375 [restartedMain] INFO  [traceId=, spanId=] o.f.core.internal.command.DbValidate — Successfully validated 2 migrations (execution time 00:00.019s)
2026-05-13 06:12:30.398 [restartedMain] INFO  [traceId=, spanId=] o.f.core.internal.command.DbMigrate — Current version of schema "public": 1
2026-05-13 06:12:30.400 [restartedMain] INFO  [traceId=, spanId=] o.f.core.internal.command.DbMigrate — Schema "public" is up to date. No migration necessary.
2026-05-13 06:12:30.455 [restartedMain] INFO  [traceId=, spanId=] org.hibernate.orm.jpa — HHH008540: Processing PersistenceUnitInfo [name: default]
2026-05-13 06:12:30.497 [restartedMain] INFO  [traceId=, spanId=] org.hibernate.orm.core — HHH000001: Hibernate ORM core version 7.2.12.Final
2026-05-13 06:12:30.849 [restartedMain] INFO  [traceId=, spanId=] o.s.o.j.p.SpringPersistenceUnitInfo — No LoadTimeWeaver setup: ignoring JPA class transformer
2026-05-13 06:12:30.884 [restartedMain] WARN  [traceId=, spanId=] org.hibernate.orm.deprecation — HHH90000025: PostgreSQLDialect does not need to be specified explicitly using 'hibernate.dialect' (remove the property setting and it will be selected by default)
2026-05-13 06:12:30.895 [restartedMain] INFO  [traceId=, spanId=] o.hibernate.orm.connections.pooling — HHH10001005: Database info:
	Database JDBC URL [jdbc:postgresql://localhost:5432/tavia_db]
	Database driver: PostgreSQL JDBC Driver
	Database dialect: PostgreSQLDialect
	Database version: 15.17
	Default catalog/schema: tavia_db/public
	Autocommit mode: undefined/unknown
	Isolation level: READ_COMMITTED [default READ_COMMITTED]
	JDBC fetch size: none
	Pool: DataSourceConnectionProvider
	Minimum pool size: undefined/unknown
	Maximum pool size: undefined/unknown
2026-05-13 06:12:31.431 [restartedMain] INFO  [traceId=, spanId=] org.hibernate.orm.core — HHH000489: No JTA platform available (set 'hibernate.transaction.jta.platform' to enable JTA platform integration)
2026-05-13 06:12:31.475 [restartedMain] INFO  [traceId=, spanId=] o.s.o.j.LocalContainerEntityManagerFactoryBean — Initialized JPA EntityManagerFactory for persistence unit 'default'
2026-05-13 06:12:31.557 [restartedMain] WARN  [traceId=, spanId=] o.s.b.j.a.JpaBaseConfiguration$JpaWebConfiguration — spring.jpa.open-in-view is enabled by default. Therefore, database queries may be performed during view rendering. Explicitly configure spring.jpa.open-in-view to disable this warning
2026-05-13 06:12:31.782 [restartedMain] INFO  [traceId=, spanId=] o.s.d.j.r.q.QueryEnhancerFactories — Hibernate is in classpath; If applicable, HQL parser will be used.
2026-05-13 06:12:31.987 [restartedMain] INFO  [traceId=, spanId=] o.s.c.n.e.c.DiscoveryClientOptionalArgsConfiguration — Eureka HTTP Client uses RestClient.
2026-05-13 06:12:31.998 [restartedMain] INFO  [traceId=, spanId=] o.s.c.n.eureka.InstanceInfoFactory — Setting initial instance status as: STARTING
2026-05-13 06:12:32.023 [restartedMain] INFO  [traceId=, spanId=] c.netflix.discovery.DiscoveryClient — Initializing Eureka in region us-east-1
2026-05-13 06:12:32.025 [restartedMain] INFO  [traceId=, spanId=] c.n.d.s.r.aws.ConfigClusterResolver — Resolving eureka endpoints via configuration
2026-05-13 06:12:32.031 [restartedMain] INFO  [traceId=, spanId=] c.netflix.discovery.DiscoveryClient — Disable delta property : false
2026-05-13 06:12:32.031 [restartedMain] INFO  [traceId=, spanId=] c.netflix.discovery.DiscoveryClient — Single vip registry refresh property : null
2026-05-13 06:12:32.031 [restartedMain] INFO  [traceId=, spanId=] c.netflix.discovery.DiscoveryClient — Force full registry fetch : false
2026-05-13 06:12:32.031 [restartedMain] INFO  [traceId=, spanId=] c.netflix.discovery.DiscoveryClient — Application is null : false
2026-05-13 06:12:32.031 [restartedMain] INFO  [traceId=, spanId=] c.netflix.discovery.DiscoveryClient — Registered Applications size is zero : true
2026-05-13 06:12:32.031 [restartedMain] INFO  [traceId=, spanId=] c.netflix.discovery.DiscoveryClient — Application version is -1: true
2026-05-13 06:12:32.031 [restartedMain] INFO  [traceId=, spanId=] c.netflix.discovery.DiscoveryClient — Getting all instance registry info from the eureka server
2026-05-13 06:12:32.272 [restartedMain] INFO  [traceId=, spanId=] c.netflix.discovery.DiscoveryClient — The response status is 200
2026-05-13 06:12:32.274 [restartedMain] INFO  [traceId=, spanId=] c.netflix.discovery.DiscoveryClient — Starting heartbeat executor: renew interval is: 30
2026-05-13 06:12:32.275 [restartedMain] INFO  [traceId=, spanId=] c.n.discovery.InstanceInfoReplicator — InstanceInfoReplicator onDemand update allowed rate per min is 4
2026-05-13 06:12:32.276 [restartedMain] INFO  [traceId=, spanId=] c.netflix.discovery.DiscoveryClient — Discovery Client initialized at timestamp 1778641952275 with initial instances count: 1
2026-05-13 06:12:32.279 [restartedMain] INFO  [traceId=, spanId=] o.s.c.n.e.s.EurekaServiceRegistry — Registering application TAVIA-INVENTORY-SERVICE with eureka with status UP
2026-05-13 06:12:32.279 [restartedMain] INFO  [traceId=, spanId=] c.netflix.discovery.DiscoveryClient — Saw local status change event StatusChangeEvent [timestamp=1778641952279, current=UP, previous=STARTING]
2026-05-13 06:12:32.280 [DiscoveryClient-InstanceInfoReplicator-%d] INFO  [traceId=, spanId=] c.netflix.discovery.DiscoveryClient — DiscoveryClient_TAVIA-INVENTORY-SERVICE/10.0.0.139:tavia-inventory-service:8083: registering service...
2026-05-13 06:12:32.280 [restartedMain] INFO  [traceId=, spanId=] o.a.coyote.http11.Http11NioProtocol — Starting ProtocolHandler ["http-nio-8083"]
2026-05-13 06:12:32.290 [restartedMain] INFO  [traceId=, spanId=] o.s.boot.tomcat.TomcatWebServer — Tomcat started on port 8083 (http) with context path '/'
2026-05-13 06:12:32.293 [restartedMain] INFO  [traceId=, spanId=] o.s.c.n.e.s.EurekaAutoServiceRegistration — Updating port to 8083
2026-05-13 06:12:32.310 [DiscoveryClient-InstanceInfoReplicator-%d] INFO  [traceId=, spanId=] c.netflix.discovery.DiscoveryClient — DiscoveryClient_TAVIA-INVENTORY-SERVICE/10.0.0.139:tavia-inventory-service:8083 - registration status: 204
2026-05-13 06:12:32.338 [restartedMain] INFO  [traceId=, spanId=] c.t.i.InventoryServiceApplication — Started InventoryServiceApplication in 4.178 seconds (process running for 4.584)
2026-05-13 06:12:32.343 [restartedMain] WARN  [traceId=, spanId=] o.s.c.events.SpringDocAppInitializer — SpringDoc /v3/api-docs endpoint is enabled by default. To disable it in production, set the property 'springdoc.api-docs.enabled=false'
2026-05-13 06:12:32.343 [restartedMain] WARN  [traceId=, spanId=] o.s.c.events.SpringDocAppInitializer — SpringDoc /swagger-ui.html endpoint is enabled by default. To disable it in production, set the property 'springdoc.swagger-ui.enabled=false'
2026-05-13 06:17:32.032 [AsyncResolver-bootstrap-executor-%d] INFO  [traceId=, spanId=] c.n.d.s.r.aws.ConfigClusterResolver — Resolving eureka endpoints via configuration
2026-05-13 06:22:32.035 [AsyncResolver-bootstrap-executor-%d] INFO  [traceId=, spanId=] c.n.d.s.r.aws.ConfigClusterResolver — Resolving eureka endpoints via configuration
2026-05-13 06:22:34.364 [http-nio-8083-exec-1] INFO  [traceId=, spanId=] o.a.c.c.C.[Tomcat].[localhost].[/] — Initializing Spring DispatcherServlet 'dispatcherServlet'
2026-05-13 06:22:34.365 [http-nio-8083-exec-1] INFO  [traceId=, spanId=] o.s.web.servlet.DispatcherServlet — Initializing Servlet 'dispatcherServlet'
2026-05-13 06:22:34.428 [http-nio-8083-exec-1] INFO  [traceId=, spanId=] o.s.web.servlet.DispatcherServlet — Completed initialization in 63 ms
2026-05-13 06:22:34.547 [http-nio-8083-exec-1] INFO  [traceId=, spanId=] c.t.i.service.InventoryServiceImpl — Processing batch deduction of 3 items for tenant d6ec66d8-de92-4973-821c-e7c8dd410cfd
2026-05-13 06:22:34.948 [http-nio-8083-exec-1] DEBUG [traceId=, spanId=] org.hibernate.SQL — select rm1_0.id,rm1_0.name,rm1_0.stock_quantity,rm1_0.tenant_id,rm1_0.unit from raw_materials rm1_0 where rm1_0.tenant_id=? and rm1_0.name=?
2026-05-13 06:22:34.986 [http-nio-8083-exec-1] INFO  [traceId=, spanId=] c.t.i.service.InventoryServiceImpl — Deducted 18.0 GRAM of 'Coffee Beans' — remaining: 14800.0
2026-05-13 06:22:34.999 [http-nio-8083-exec-1] DEBUG [traceId=, spanId=] org.hibernate.SQL — update raw_materials set name=?,stock_quantity=?,tenant_id=?,unit=? where id=?
2026-05-13 06:22:35.004 [http-nio-8083-exec-1] DEBUG [traceId=, spanId=] org.hibernate.SQL — select rm1_0.id,rm1_0.name,rm1_0.stock_quantity,rm1_0.tenant_id,rm1_0.unit from raw_materials rm1_0 where rm1_0.tenant_id=? and rm1_0.name=?
2026-05-13 06:22:35.005 [http-nio-8083-exec-1] INFO  [traceId=, spanId=] c.t.i.service.InventoryServiceImpl — Deducted 200.0 MILLILITER of 'Water' — remaining: 48800.0
2026-05-13 06:22:35.006 [http-nio-8083-exec-1] DEBUG [traceId=, spanId=] org.hibernate.SQL — update raw_materials set name=?,stock_quantity=?,tenant_id=?,unit=? where id=?
2026-05-13 06:22:35.008 [http-nio-8083-exec-1] DEBUG [traceId=, spanId=] org.hibernate.SQL — select rm1_0.id,rm1_0.name,rm1_0.stock_quantity,rm1_0.tenant_id,rm1_0.unit from raw_materials rm1_0 where rm1_0.tenant_id=? and rm1_0.name=?
2026-05-13 06:22:35.008 [http-nio-8083-exec-1] INFO  [traceId=, spanId=] c.t.i.service.InventoryServiceImpl — Deducted 1.0 PIECE of 'Cups' — remaining: 988.0
2026-05-13 06:22:35.009 [http-nio-8083-exec-1] DEBUG [traceId=, spanId=] org.hibernate.SQL — update raw_materials set name=?,stock_quantity=?,tenant_id=?,unit=? where id=?
2026-05-13 06:22:54.540 [http-nio-8083-exec-2] INFO  [traceId=, spanId=] c.t.i.service.InventoryServiceImpl — Processing batch deduction of 3 items for tenant d6ec66d8-de92-4973-821c-e7c8dd410cfd
2026-05-13 06:22:54.540 [http-nio-8083-exec-2] DEBUG [traceId=, spanId=] org.hibernate.SQL — select rm1_0.id,rm1_0.name,rm1_0.stock_quantity,rm1_0.tenant_id,rm1_0.unit from raw_materials rm1_0 where rm1_0.tenant_id=? and rm1_0.name=?
2026-05-13 06:22:54.541 [http-nio-8083-exec-2] INFO  [traceId=, spanId=] c.t.i.service.InventoryServiceImpl — Deducted 18.0 GRAM of 'Coffee Beans' — remaining: 14782.0
2026-05-13 06:22:54.541 [http-nio-8083-exec-2] DEBUG [traceId=, spanId=] org.hibernate.SQL — update raw_materials set name=?,stock_quantity=?,tenant_id=?,unit=? where id=?
2026-05-13 06:22:54.542 [http-nio-8083-exec-2] DEBUG [traceId=, spanId=] org.hibernate.SQL — select rm1_0.id,rm1_0.name,rm1_0.stock_quantity,rm1_0.tenant_id,rm1_0.unit from raw_materials rm1_0 where rm1_0.tenant_id=? and rm1_0.name=?
2026-05-13 06:22:54.543 [http-nio-8083-exec-2] INFO  [traceId=, spanId=] c.t.i.service.InventoryServiceImpl — Deducted 200.0 MILLILITER of 'Water' — remaining: 48600.0
2026-05-13 06:22:54.544 [http-nio-8083-exec-2] DEBUG [traceId=, spanId=] org.hibernate.SQL — update raw_materials set name=?,stock_quantity=?,tenant_id=?,unit=? where id=?
2026-05-13 06:22:54.544 [http-nio-8083-exec-2] DEBUG [traceId=, spanId=] org.hibernate.SQL — select rm1_0.id,rm1_0.name,rm1_0.stock_quantity,rm1_0.tenant_id,rm1_0.unit from raw_materials rm1_0 where rm1_0.tenant_id=? and rm1_0.name=?
2026-05-13 06:22:54.545 [http-nio-8083-exec-2] INFO  [traceId=, spanId=] c.t.i.service.InventoryServiceImpl — Deducted 1.0 PIECE of 'Cups' — remaining: 987.0
2026-05-13 06:22:54.546 [http-nio-8083-exec-2] DEBUG [traceId=, spanId=] org.hibernate.SQL — update raw_materials set name=?,stock_quantity=?,tenant_id=?,unit=? where id=?
2026-05-13 06:24:28.846 [http-nio-8083-exec-4] INFO  [traceId=, spanId=] c.t.i.service.InventoryServiceImpl — Processing batch deduction of 3 items for tenant d6ec66d8-de92-4973-821c-e7c8dd410cfd
2026-05-13 06:24:28.847 [http-nio-8083-exec-4] DEBUG [traceId=, spanId=] org.hibernate.SQL — select rm1_0.id,rm1_0.name,rm1_0.stock_quantity,rm1_0.tenant_id,rm1_0.unit from raw_materials rm1_0 where rm1_0.tenant_id=? and rm1_0.name=?
2026-05-13 06:24:28.847 [http-nio-8083-exec-4] INFO  [traceId=, spanId=] c.t.i.service.InventoryServiceImpl — Deducted 80.0 GRAM of 'Flour' — remaining: 9880.0
2026-05-13 06:24:28.848 [http-nio-8083-exec-4] DEBUG [traceId=, spanId=] org.hibernate.SQL — update raw_materials set name=?,stock_quantity=?,tenant_id=?,unit=? where id=?
2026-05-13 06:24:28.849 [http-nio-8083-exec-4] DEBUG [traceId=, spanId=] org.hibernate.SQL — select rm1_0.id,rm1_0.name,rm1_0.stock_quantity,rm1_0.tenant_id,rm1_0.unit from raw_materials rm1_0 where rm1_0.tenant_id=? and rm1_0.name=?
2026-05-13 06:24:28.850 [http-nio-8083-exec-4] INFO  [traceId=, spanId=] c.t.i.service.InventoryServiceImpl — Deducted 15.0 GRAM of 'Butter' — remaining: 4960.0
2026-05-13 06:24:28.851 [http-nio-8083-exec-4] DEBUG [traceId=, spanId=] org.hibernate.SQL — update raw_materials set name=?,stock_quantity=?,tenant_id=?,unit=? where id=?
2026-05-13 06:24:28.851 [http-nio-8083-exec-4] DEBUG [traceId=, spanId=] org.hibernate.SQL — select rm1_0.id,rm1_0.name,rm1_0.stock_quantity,rm1_0.tenant_id,rm1_0.unit from raw_materials rm1_0 where rm1_0.tenant_id=? and rm1_0.name=?
2026-05-13 06:24:28.852 [http-nio-8083-exec-4] INFO  [traceId=, spanId=] c.t.i.service.InventoryServiceImpl — Deducted 1.0 PIECE of 'Plates' — remaining: 298.0
2026-05-13 06:24:28.853 [http-nio-8083-exec-4] DEBUG [traceId=, spanId=] org.hibernate.SQL — update raw_materials set name=?,stock_quantity=?,tenant_id=?,unit=? where id=?
2026-05-13 06:26:10.275 [http-nio-8083-exec-6] INFO  [traceId=, spanId=] c.t.i.service.InventoryServiceImpl — Processing batch deduction of 3 items for tenant d6ec66d8-de92-4973-821c-e7c8dd410cfd
2026-05-13 06:26:10.275 [http-nio-8083-exec-6] DEBUG [traceId=, spanId=] org.hibernate.SQL — select rm1_0.id,rm1_0.name,rm1_0.stock_quantity,rm1_0.tenant_id,rm1_0.unit from raw_materials rm1_0 where rm1_0.tenant_id=? and rm1_0.name=?
2026-05-13 06:26:10.276 [http-nio-8083-exec-6] INFO  [traceId=, spanId=] c.t.i.service.InventoryServiceImpl — Deducted 80.0 GRAM of 'Flour' — remaining: 9800.0
2026-05-13 06:26:10.277 [http-nio-8083-exec-6] DEBUG [traceId=, spanId=] org.hibernate.SQL — update raw_materials set name=?,stock_quantity=?,tenant_id=?,unit=? where id=?
2026-05-13 06:26:10.278 [http-nio-8083-exec-6] DEBUG [traceId=, spanId=] org.hibernate.SQL — select rm1_0.id,rm1_0.name,rm1_0.stock_quantity,rm1_0.tenant_id,rm1_0.unit from raw_materials rm1_0 where rm1_0.tenant_id=? and rm1_0.name=?
2026-05-13 06:26:10.279 [http-nio-8083-exec-6] INFO  [traceId=, spanId=] c.t.i.service.InventoryServiceImpl — Deducted 15.0 GRAM of 'Butter' — remaining: 4945.0
2026-05-13 06:26:10.279 [http-nio-8083-exec-6] DEBUG [traceId=, spanId=] org.hibernate.SQL — update raw_materials set name=?,stock_quantity=?,tenant_id=?,unit=? where id=?
2026-05-13 06:26:10.280 [http-nio-8083-exec-6] DEBUG [traceId=, spanId=] org.hibernate.SQL — select rm1_0.id,rm1_0.name,rm1_0.stock_quantity,rm1_0.tenant_id,rm1_0.unit from raw_materials rm1_0 where rm1_0.tenant_id=? and rm1_0.name=?
2026-05-13 06:26:10.281 [http-nio-8083-exec-6] INFO  [traceId=, spanId=] c.t.i.service.InventoryServiceImpl — Deducted 1.0 PIECE of 'Plates' — remaining: 297.0
2026-05-13 06:26:10.281 [http-nio-8083-exec-6] DEBUG [traceId=, spanId=] org.hibernate.SQL — update raw_materials set name=?,stock_quantity=?,tenant_id=?,unit=? where id=?
2026-05-13 06:27:08.854 [http-nio-8083-exec-7] INFO  [traceId=, spanId=] c.t.i.service.InventoryServiceImpl — Processing batch deduction of 5 items for tenant d6ec66d8-de92-4973-821c-e7c8dd410cfd
2026-05-13 06:27:08.855 [http-nio-8083-exec-7] DEBUG [traceId=, spanId=] org.hibernate.SQL — select rm1_0.id,rm1_0.name,rm1_0.stock_quantity,rm1_0.tenant_id,rm1_0.unit from raw_materials rm1_0 where rm1_0.tenant_id=? and rm1_0.name=?
2026-05-13 06:27:08.856 [http-nio-8083-exec-7] INFO  [traceId=, spanId=] c.t.i.service.InventoryServiceImpl — Deducted 18.0 GRAM of 'Coffee Beans' — remaining: 14764.0
2026-05-13 06:27:08.856 [http-nio-8083-exec-7] DEBUG [traceId=, spanId=] org.hibernate.SQL — update raw_materials set name=?,stock_quantity=?,tenant_id=?,unit=? where id=?
2026-05-13 06:27:08.857 [http-nio-8083-exec-7] DEBUG [traceId=, spanId=] org.hibernate.SQL — select rm1_0.id,rm1_0.name,rm1_0.stock_quantity,rm1_0.tenant_id,rm1_0.unit from raw_materials rm1_0 where rm1_0.tenant_id=? and rm1_0.name=?
2026-05-13 06:27:08.857 [http-nio-8083-exec-7] INFO  [traceId=, spanId=] c.t.i.service.InventoryServiceImpl — Deducted 150.0 MILLILITER of 'Milk' — remaining: 18080.0
2026-05-13 06:27:08.858 [http-nio-8083-exec-7] DEBUG [traceId=, spanId=] org.hibernate.SQL — update raw_materials set name=?,stock_quantity=?,tenant_id=?,unit=? where id=?
2026-05-13 06:27:08.859 [http-nio-8083-exec-7] DEBUG [traceId=, spanId=] org.hibernate.SQL — select rm1_0.id,rm1_0.name,rm1_0.stock_quantity,rm1_0.tenant_id,rm1_0.unit from raw_materials rm1_0 where rm1_0.tenant_id=? and rm1_0.name=?
2026-05-13 06:27:08.859 [http-nio-8083-exec-7] INFO  [traceId=, spanId=] c.t.i.service.InventoryServiceImpl — Deducted 30.0 MILLILITER of 'Chocolate Syrup' — remaining: 2910.0
2026-05-13 06:27:08.860 [http-nio-8083-exec-7] DEBUG [traceId=, spanId=] org.hibernate.SQL — update raw_materials set name=?,stock_quantity=?,tenant_id=?,unit=? where id=?
2026-05-13 06:27:08.860 [http-nio-8083-exec-7] DEBUG [traceId=, spanId=] org.hibernate.SQL — select rm1_0.id,rm1_0.name,rm1_0.stock_quantity,rm1_0.tenant_id,rm1_0.unit from raw_materials rm1_0 where rm1_0.tenant_id=? and rm1_0.name=?
2026-05-13 06:27:08.861 [http-nio-8083-exec-7] INFO  [traceId=, spanId=] c.t.i.service.InventoryServiceImpl — Deducted 1.0 PIECE of 'Cups' — remaining: 986.0
2026-05-13 06:27:08.861 [http-nio-8083-exec-7] DEBUG [traceId=, spanId=] org.hibernate.SQL — update raw_materials set name=?,stock_quantity=?,tenant_id=?,unit=? where id=?
2026-05-13 06:27:08.862 [http-nio-8083-exec-7] DEBUG [traceId=, spanId=] org.hibernate.SQL — select rm1_0.id,rm1_0.name,rm1_0.stock_quantity,rm1_0.tenant_id,rm1_0.unit from raw_materials rm1_0 where rm1_0.tenant_id=? and rm1_0.name=?
2026-05-13 06:27:08.863 [http-nio-8083-exec-7] INFO  [traceId=, spanId=] c.t.i.service.InventoryServiceImpl — Deducted 1.0 PIECE of 'Lids' — remaining: 996.0
2026-05-13 06:27:08.863 [http-nio-8083-exec-7] DEBUG [traceId=, spanId=] org.hibernate.SQL — update raw_materials set name=?,stock_quantity=?,tenant_id=?,unit=? where id=?
2026-05-13 06:27:32.039 [AsyncResolver-bootstrap-executor-%d] INFO  [traceId=, spanId=] c.n.d.s.r.aws.ConfigClusterResolver — Resolving eureka endpoints via configuration
2026-05-13 06:30:37.912 [SpringApplicationShutdownHook] INFO  [traceId=, spanId=] o.s.c.n.e.s.EurekaServiceRegistry — Unregistering application TAVIA-INVENTORY-SERVICE with eureka with status DOWN
2026-05-13 06:30:37.912 [SpringApplicationShutdownHook] INFO  [traceId=, spanId=] c.netflix.discovery.DiscoveryClient — Saw local status change event StatusChangeEvent [timestamp=1778643037912, current=DOWN, previous=UP]
2026-05-13 06:30:37.914 [DiscoveryClient-InstanceInfoReplicator-%d] INFO  [traceId=, spanId=] c.netflix.discovery.DiscoveryClient — DiscoveryClient_TAVIA-INVENTORY-SERVICE/10.0.0.139:tavia-inventory-service:8083: registering service...
2026-05-13 06:30:37.918 [SpringApplicationShutdownHook] INFO  [traceId=, spanId=] o.s.boot.tomcat.GracefulShutdown — Commencing graceful shutdown. Waiting for active requests to complete
2026-05-13 06:30:37.924 [tomcat-shutdown] INFO  [traceId=, spanId=] o.s.boot.tomcat.GracefulShutdown — Graceful shutdown complete
2026-05-13 06:30:37.926 [DiscoveryClient-InstanceInfoReplicator-%d] INFO  [traceId=, spanId=] c.netflix.discovery.DiscoveryClient — DiscoveryClient_TAVIA-INVENTORY-SERVICE/10.0.0.139:tavia-inventory-service:8083 - registration status: 204
2026-05-13 06:30:37.949 [SpringApplicationShutdownHook] INFO  [traceId=, spanId=] o.s.o.j.LocalContainerEntityManagerFactoryBean — Closing JPA EntityManagerFactory for persistence unit 'default'
2026-05-13 06:30:37.955 [SpringApplicationShutdownHook] INFO  [traceId=, spanId=] com.zaxxer.hikari.HikariDataSource — HikariPool-1 - Shutdown initiated...
2026-05-13 06:30:37.965 [SpringApplicationShutdownHook] INFO  [traceId=, spanId=] com.zaxxer.hikari.HikariDataSource — HikariPool-1 - Shutdown completed.
2026-05-13 06:30:37.973 [SpringApplicationShutdownHook] INFO  [traceId=, spanId=] c.netflix.discovery.DiscoveryClient — Shutting down DiscoveryClient ...
2026-05-13 06:30:40.976 [SpringApplicationShutdownHook] INFO  [traceId=, spanId=] c.netflix.discovery.DiscoveryClient — Unregistering ...
2026-05-13 06:30:40.981 [SpringApplicationShutdownHook] INFO  [traceId=, spanId=] c.n.d.s.t.d.RedirectingEurekaHttpClient — Request execution error. endpoint=DefaultEndpoint{ serviceUrl='http://localhost:8761/eureka/} exception=I/O error on DELETE request for "http://localhost:8761/eureka/apps/TAVIA-INVENTORY-SERVICE/10.0.0.139:tavia-inventory-service:8083": Connect to http://localhost:8761 failed: Connection refused stacktrace=org.springframework.web.client.ResourceAccessException: I/O error on DELETE request for "http://localhost:8761/eureka/apps/TAVIA-INVENTORY-SERVICE/10.0.0.139:tavia-inventory-service:8083": Connect to http://localhost:8761 failed: Connection refused
	at org.springframework.web.client.DefaultRestClient$DefaultRequestBodyUriSpec.createResourceAccessException(DefaultRestClient.java:779)
	at org.springframework.web.client.DefaultRestClient$DefaultRequestBodyUriSpec.exchangeInternal(DefaultRestClient.java:624)
	at org.springframework.web.client.DefaultRestClient$DefaultRequestBodyUriSpec.exchange(DefaultRestClient.java:572)
	at org.springframework.web.client.RestClient$RequestHeadersSpec.exchange(RestClient.java:747)
	at org.springframework.web.client.DefaultRestClient$DefaultResponseSpec.executeAndExtract(DefaultRestClient.java:924)
	at org.springframework.web.client.DefaultRestClient$DefaultResponseSpec.toBodilessEntity(DefaultRestClient.java:888)
	at org.springframework.cloud.netflix.eureka.http.RestClientEurekaHttpClient.cancel(RestClientEurekaHttpClient.java:73)
	at com.netflix.discovery.shared.transport.decorator.EurekaHttpClientDecorator$2.execute(EurekaHttpClientDecorator.java:74)
	at com.netflix.discovery.shared.transport.decorator.RedirectingEurekaHttpClient.execute(RedirectingEurekaHttpClient.java:91)
	at com.netflix.discovery.shared.transport.decorator.EurekaHttpClientDecorator.cancel(EurekaHttpClientDecorator.java:71)
	at com.netflix.discovery.shared.transport.decorator.EurekaHttpClientDecorator$2.execute(EurekaHttpClientDecorator.java:74)
	at com.netflix.discovery.shared.transport.decorator.RetryableEurekaHttpClient.execute(RetryableEurekaHttpClient.java:120)
	at com.netflix.discovery.shared.transport.decorator.EurekaHttpClientDecorator.cancel(EurekaHttpClientDecorator.java:71)
	at com.netflix.discovery.shared.transport.decorator.EurekaHttpClientDecorator$2.execute(EurekaHttpClientDecorator.java:74)
	at com.netflix.discovery.shared.transport.decorator.SessionedEurekaHttpClient.execute(SessionedEurekaHttpClient.java:76)
	at com.netflix.discovery.shared.transport.decorator.EurekaHttpClientDecorator.cancel(EurekaHttpClientDecorator.java:71)
	at com.netflix.discovery.DiscoveryClient.unregister(DiscoveryClient.java:919)
	at com.netflix.discovery.DiscoveryClient.shutdown(DiscoveryClient.java:900)
	at java.base/jdk.internal.reflect.DirectMethodHandleAccessor.invoke(DirectMethodHandleAccessor.java:103)
	at java.base/java.lang.reflect.Method.invoke(Method.java:580)
	at org.springframework.beans.factory.annotation.InitDestroyAnnotationBeanPostProcessor$LifecycleMethod.invoke(InitDestroyAnnotationBeanPostProcessor.java:453)
	at org.springframework.beans.factory.annotation.InitDestroyAnnotationBeanPostProcessor$LifecycleMetadata.invokeDestroyMethods(InitDestroyAnnotationBeanPostProcessor.java:411)
	at org.springframework.beans.factory.annotation.InitDestroyAnnotationBeanPostProcessor.postProcessBeforeDestruction(InitDestroyAnnotationBeanPostProcessor.java:237)
	at org.springframework.beans.factory.support.DisposableBeanAdapter.destroy(DisposableBeanAdapter.java:200)
	at org.springframework.beans.factory.support.DisposableBeanAdapter.run(DisposableBeanAdapter.java:193)
	at org.springframework.cloud.context.scope.GenericScope$BeanLifecycleWrapper.destroy(GenericScope.java:387)
	at org.springframework.cloud.context.scope.GenericScope.destroy(GenericScope.java:134)
	at org.springframework.beans.factory.support.DisposableBeanAdapter.destroy(DisposableBeanAdapter.java:209)
	at org.springframework.beans.factory.support.DefaultSingletonBeanRegistry.destroyBean(DefaultSingletonBeanRegistry.java:795)
	at org.springframework.beans.factory.support.DefaultSingletonBeanRegistry.destroySingleton(DefaultSingletonBeanRegistry.java:745)
	at org.springframework.beans.factory.support.DefaultListableBeanFactory.destroySingleton(DefaultListableBeanFactory.java:1500)
	at org.springframework.beans.factory.support.DefaultSingletonBeanRegistry.destroySingletons(DefaultSingletonBeanRegistry.java:704)
	at org.springframework.beans.factory.support.DefaultListableBeanFactory.destroySingletons(DefaultListableBeanFactory.java:1493)
	at org.springframework.context.support.AbstractApplicationContext.destroyBeans(AbstractApplicationContext.java:1246)
	at org.springframework.context.support.AbstractApplicationContext.doClose(AbstractApplicationContext.java:1207)
	at org.springframework.boot.web.server.servlet.context.ServletWebServerApplicationContext.doClose(ServletWebServerApplicationContext.java:176)
	at org.springframework.context.support.AbstractApplicationContext.close(AbstractApplicationContext.java:1153)
	at org.springframework.boot.SpringApplicationShutdownHook.closeAndWait(SpringApplicationShutdownHook.java:147)
	at java.base/java.lang.Iterable.forEach(Iterable.java:75)
	at org.springframework.boot.SpringApplicationShutdownHook.run(SpringApplicationShutdownHook.java:116)
	at java.base/java.lang.Thread.run(Thread.java:1583)
Caused by: org.apache.hc.client5.http.HttpHostConnectException: Connect to http://localhost:8761 failed: Connection refused
	at java.base/sun.nio.ch.Net.pollConnect(Native Method)
	at java.base/sun.nio.ch.Net.pollConnectNow(Net.java:694)
	at java.base/sun.nio.ch.NioSocketImpl.timedFinishConnect(NioSocketImpl.java:542)
	at java.base/sun.nio.ch.NioSocketImpl.connect(NioSocketImpl.java:592)
	at java.base/java.net.SocksSocketImpl.connect(SocksSocketImpl.java:327)
	at java.base/java.net.Socket.connect(Socket.java:751)
	at org.apache.hc.client5.http.impl.io.DefaultHttpClientConnectionOperator.connect(DefaultHttpClientConnectionOperator.java:226)
	at org.apache.hc.client5.http.impl.io.PoolingHttpClientConnectionManager.connect(PoolingHttpClientConnectionManager.java:497)
	at org.apache.hc.client5.http.impl.classic.InternalExecRuntime.connectEndpoint(InternalExecRuntime.java:164)
	at org.apache.hc.client5.http.impl.classic.InternalExecRuntime.connectEndpoint(InternalExecRuntime.java:174)
	at org.apache.hc.client5.http.impl.classic.ConnectExec.execute(ConnectExec.java:144)
	at org.apache.hc.client5.http.impl.classic.ExecChainElement.execute(ExecChainElement.java:51)
	at org.apache.hc.client5.http.impl.classic.ProtocolExec.execute(ProtocolExec.java:195)
	at org.apache.hc.client5.http.impl.classic.ExecChainElement.execute(ExecChainElement.java:51)
	at org.apache.hc.client5.http.impl.classic.ContentCompressionExec.execute(ContentCompressionExec.java:168)
	at org.apache.hc.client5.http.impl.classic.ExecChainElement.execute(ExecChainElement.java:51)
	at org.apache.hc.client5.http.impl.classic.HttpRequestRetryExec.execute(HttpRequestRetryExec.java:112)
	at org.apache.hc.client5.http.impl.classic.ExecChainElement.execute(ExecChainElement.java:51)
	at org.apache.hc.client5.http.impl.classic.RedirectExec.execute(RedirectExec.java:110)
	at org.apache.hc.client5.http.impl.classic.ExecChainElement.execute(ExecChainElement.java:51)
	at org.apache.hc.client5.http.impl.classic.InternalHttpClient.doExecute(InternalHttpClient.java:185)
	at org.apache.hc.client5.http.impl.classic.CloseableHttpClient.execute(CloseableHttpClient.java:87)
	at org.apache.hc.client5.http.impl.classic.CloseableHttpClient.execute(CloseableHttpClient.java:55)
	at org.apache.hc.client5.http.classic.HttpClient.executeOpen(HttpClient.java:183)
	at org.springframework.http.client.HttpComponentsClientHttpRequest.executeInternal(HttpComponentsClientHttpRequest.java:99)
	at org.springframework.http.client.AbstractStreamingClientHttpRequest.executeInternal(AbstractStreamingClientHttpRequest.java:87)
	at org.springframework.http.client.AbstractClientHttpRequest.execute(AbstractClientHttpRequest.java:80)
	at org.springframework.http.client.AbstractBufferingClientHttpRequest.executeWithRequestAndBody(AbstractBufferingClientHttpRequest.java:89)
	at org.springframework.http.client.InterceptingClientHttpRequest$EndOfChainRequestExecution.execute(InterceptingClientHttpRequest.java:102)
	at org.springframework.cloud.netflix.eureka.http.RestClientTransportClientFactory.lambda$newClient$2(RestClientTransportClientFactory.java:98)
	at org.springframework.http.client.ClientHttpRequestInterceptor.lambda$apply$0(ClientHttpRequestInterceptor.java:89)
	at org.springframework.http.client.InterceptingClientHttpRequest.executeInternal(InterceptingClientHttpRequest.java:73)
	at org.springframework.http.client.AbstractBufferingClientHttpRequest.executeInternal(AbstractBufferingClientHttpRequest.java:50)
	at org.springframework.http.client.AbstractClientHttpRequest.execute(AbstractClientHttpRequest.java:80)
	at org.springframework.web.client.DefaultRestClient$DefaultRequestBodyUriSpec.exchangeInternal(DefaultRestClient.java:614)
	... 39 more

2026-05-13 06:30:40.982 [SpringApplicationShutdownHook] WARN  [traceId=, spanId=] c.n.d.s.t.d.RetryableEurekaHttpClient — Request execution failed with message: I/O error on DELETE request for "http://localhost:8761/eureka/apps/TAVIA-INVENTORY-SERVICE/10.0.0.139:tavia-inventory-service:8083": Connect to http://localhost:8761 failed: Connection refused
2026-05-13 06:30:40.986 [SpringApplicationShutdownHook] INFO  [traceId=, spanId=] c.n.d.s.t.d.RedirectingEurekaHttpClient — Request execution error. endpoint=DefaultEndpoint{ serviceUrl='http://localhost:8761/eureka/}, exception=I/O error on DELETE request for "http://localhost:8761/eureka/apps/TAVIA-INVENTORY-SERVICE/10.0.0.139:tavia-inventory-service:8083": Connect to http://localhost:8761 failed: Connection refused stacktrace=org.springframework.web.client.ResourceAccessException: I/O error on DELETE request for "http://localhost:8761/eureka/apps/TAVIA-INVENTORY-SERVICE/10.0.0.139:tavia-inventory-service:8083": Connect to http://localhost:8761 failed: Connection refused
	at org.springframework.web.client.DefaultRestClient$DefaultRequestBodyUriSpec.createResourceAccessException(DefaultRestClient.java:779)
	at org.springframework.web.client.DefaultRestClient$DefaultRequestBodyUriSpec.exchangeInternal(DefaultRestClient.java:624)
	at org.springframework.web.client.DefaultRestClient$DefaultRequestBodyUriSpec.exchange(DefaultRestClient.java:572)
	at org.springframework.web.client.RestClient$RequestHeadersSpec.exchange(RestClient.java:747)
	at org.springframework.web.client.DefaultRestClient$DefaultResponseSpec.executeAndExtract(DefaultRestClient.java:924)
	at org.springframework.web.client.DefaultRestClient$DefaultResponseSpec.toBodilessEntity(DefaultRestClient.java:888)
	at org.springframework.cloud.netflix.eureka.http.RestClientEurekaHttpClient.cancel(RestClientEurekaHttpClient.java:73)
	at com.netflix.discovery.shared.transport.decorator.EurekaHttpClientDecorator$2.execute(EurekaHttpClientDecorator.java:74)
	at com.netflix.discovery.shared.transport.decorator.RedirectingEurekaHttpClient.executeOnNewServer(RedirectingEurekaHttpClient.java:121)
	at com.netflix.discovery.shared.transport.decorator.RedirectingEurekaHttpClient.execute(RedirectingEurekaHttpClient.java:80)
	at com.netflix.discovery.shared.transport.decorator.EurekaHttpClientDecorator.cancel(EurekaHttpClientDecorator.java:71)
	at com.netflix.discovery.shared.transport.decorator.EurekaHttpClientDecorator$2.execute(EurekaHttpClientDecorator.java:74)
	at com.netflix.discovery.shared.transport.decorator.RetryableEurekaHttpClient.execute(RetryableEurekaHttpClient.java:120)
	at com.netflix.discovery.shared.transport.decorator.EurekaHttpClientDecorator.cancel(EurekaHttpClientDecorator.java:71)
	at com.netflix.discovery.shared.transport.decorator.EurekaHttpClientDecorator$2.execute(EurekaHttpClientDecorator.java:74)
	at com.netflix.discovery.shared.transport.decorator.SessionedEurekaHttpClient.execute(SessionedEurekaHttpClient.java:76)
	at com.netflix.discovery.shared.transport.decorator.EurekaHttpClientDecorator.cancel(EurekaHttpClientDecorator.java:71)
	at com.netflix.discovery.DiscoveryClient.unregister(DiscoveryClient.java:919)
	at com.netflix.discovery.DiscoveryClient.shutdown(DiscoveryClient.java:900)
	at java.base/jdk.internal.reflect.DirectMethodHandleAccessor.invoke(DirectMethodHandleAccessor.java:103)
	at java.base/java.lang.reflect.Method.invoke(Method.java:580)
	at org.springframework.beans.factory.annotation.InitDestroyAnnotationBeanPostProcessor$LifecycleMethod.invoke(InitDestroyAnnotationBeanPostProcessor.java:453)
	at org.springframework.beans.factory.annotation.InitDestroyAnnotationBeanPostProcessor$LifecycleMetadata.invokeDestroyMethods(InitDestroyAnnotationBeanPostProcessor.java:411)
	at org.springframework.beans.factory.annotation.InitDestroyAnnotationBeanPostProcessor.postProcessBeforeDestruction(InitDestroyAnnotationBeanPostProcessor.java:237)
	at org.springframework.beans.factory.support.DisposableBeanAdapter.destroy(DisposableBeanAdapter.java:200)
	at org.springframework.beans.factory.support.DisposableBeanAdapter.run(DisposableBeanAdapter.java:193)
	at org.springframework.cloud.context.scope.GenericScope$BeanLifecycleWrapper.destroy(GenericScope.java:387)
	at org.springframework.cloud.context.scope.GenericScope.destroy(GenericScope.java:134)
	at org.springframework.beans.factory.support.DisposableBeanAdapter.destroy(DisposableBeanAdapter.java:209)
	at org.springframework.beans.factory.support.DefaultSingletonBeanRegistry.destroyBean(DefaultSingletonBeanRegistry.java:795)
	at org.springframework.beans.factory.support.DefaultSingletonBeanRegistry.destroySingleton(DefaultSingletonBeanRegistry.java:745)
	at org.springframework.beans.factory.support.DefaultListableBeanFactory.destroySingleton(DefaultListableBeanFactory.java:1500)
	at org.springframework.beans.factory.support.DefaultSingletonBeanRegistry.destroySingletons(DefaultSingletonBeanRegistry.java:704)
	at org.springframework.beans.factory.support.DefaultListableBeanFactory.destroySingletons(DefaultListableBeanFactory.java:1493)
	at org.springframework.context.support.AbstractApplicationContext.destroyBeans(AbstractApplicationContext.java:1246)
	at org.springframework.context.support.AbstractApplicationContext.doClose(AbstractApplicationContext.java:1207)
	at org.springframework.boot.web.server.servlet.context.ServletWebServerApplicationContext.doClose(ServletWebServerApplicationContext.java:176)
	at org.springframework.context.support.AbstractApplicationContext.close(AbstractApplicationContext.java:1153)
	at org.springframework.boot.SpringApplicationShutdownHook.closeAndWait(SpringApplicationShutdownHook.java:147)
	at java.base/java.lang.Iterable.forEach(Iterable.java:75)
	at org.springframework.boot.SpringApplicationShutdownHook.run(SpringApplicationShutdownHook.java:116)
	at java.base/java.lang.Thread.run(Thread.java:1583)
Caused by: org.apache.hc.client5.http.HttpHostConnectException: Connect to http://localhost:8761 failed: Connection refused
	at java.base/sun.nio.ch.Net.pollConnect(Native Method)
	at java.base/sun.nio.ch.Net.pollConnectNow(Net.java:694)
	at java.base/sun.nio.ch.NioSocketImpl.timedFinishConnect(NioSocketImpl.java:542)
	at java.base/sun.nio.ch.NioSocketImpl.connect(NioSocketImpl.java:592)
	at java.base/java.net.SocksSocketImpl.connect(SocksSocketImpl.java:327)
	at java.base/java.net.Socket.connect(Socket.java:751)
	at org.apache.hc.client5.http.impl.io.DefaultHttpClientConnectionOperator.connect(DefaultHttpClientConnectionOperator.java:226)
	at org.apache.hc.client5.http.impl.io.PoolingHttpClientConnectionManager.connect(PoolingHttpClientConnectionManager.java:497)
	at org.apache.hc.client5.http.impl.classic.InternalExecRuntime.connectEndpoint(InternalExecRuntime.java:164)
	at org.apache.hc.client5.http.impl.classic.InternalExecRuntime.connectEndpoint(InternalExecRuntime.java:174)
	at org.apache.hc.client5.http.impl.classic.ConnectExec.execute(ConnectExec.java:144)
	at org.apache.hc.client5.http.impl.classic.ExecChainElement.execute(ExecChainElement.java:51)
	at org.apache.hc.client5.http.impl.classic.ProtocolExec.execute(ProtocolExec.java:195)
	at org.apache.hc.client5.http.impl.classic.ExecChainElement.execute(ExecChainElement.java:51)
	at org.apache.hc.client5.http.impl.classic.ContentCompressionExec.execute(ContentCompressionExec.java:168)
	at org.apache.hc.client5.http.impl.classic.ExecChainElement.execute(ExecChainElement.java:51)
	at org.apache.hc.client5.http.impl.classic.HttpRequestRetryExec.execute(HttpRequestRetryExec.java:112)
	at org.apache.hc.client5.http.impl.classic.ExecChainElement.execute(ExecChainElement.java:51)
	at org.apache.hc.client5.http.impl.classic.RedirectExec.execute(RedirectExec.java:110)
	at org.apache.hc.client5.http.impl.classic.ExecChainElement.execute(ExecChainElement.java:51)
	at org.apache.hc.client5.http.impl.classic.InternalHttpClient.doExecute(InternalHttpClient.java:185)
	at org.apache.hc.client5.http.impl.classic.CloseableHttpClient.execute(CloseableHttpClient.java:87)
	at org.apache.hc.client5.http.impl.classic.CloseableHttpClient.execute(CloseableHttpClient.java:55)
	at org.apache.hc.client5.http.classic.HttpClient.executeOpen(HttpClient.java:183)
	at org.springframework.http.client.HttpComponentsClientHttpRequest.executeInternal(HttpComponentsClientHttpRequest.java:99)
	at org.springframework.http.client.AbstractStreamingClientHttpRequest.executeInternal(AbstractStreamingClientHttpRequest.java:87)
	at org.springframework.http.client.AbstractClientHttpRequest.execute(AbstractClientHttpRequest.java:80)
	at org.springframework.http.client.AbstractBufferingClientHttpRequest.executeWithRequestAndBody(AbstractBufferingClientHttpRequest.java:89)
	at org.springframework.http.client.InterceptingClientHttpRequest$EndOfChainRequestExecution.execute(InterceptingClientHttpRequest.java:102)
	at org.springframework.cloud.netflix.eureka.http.RestClientTransportClientFactory.lambda$newClient$2(RestClientTransportClientFactory.java:98)
	at org.springframework.http.client.ClientHttpRequestInterceptor.lambda$apply$0(ClientHttpRequestInterceptor.java:89)
	at org.springframework.http.client.InterceptingClientHttpRequest.executeInternal(InterceptingClientHttpRequest.java:73)
	at org.springframework.http.client.AbstractBufferingClientHttpRequest.executeInternal(AbstractBufferingClientHttpRequest.java:50)
	at org.springframework.http.client.AbstractClientHttpRequest.execute(AbstractClientHttpRequest.java:80)
	at org.springframework.web.client.DefaultRestClient$DefaultRequestBodyUriSpec.exchangeInternal(DefaultRestClient.java:614)
	... 40 more

2026-05-13 06:30:40.986 [SpringApplicationShutdownHook] WARN  [traceId=, spanId=] c.n.d.s.t.d.RetryableEurekaHttpClient — Request execution failed with message: I/O error on DELETE request for "http://localhost:8761/eureka/apps/TAVIA-INVENTORY-SERVICE/10.0.0.139:tavia-inventory-service:8083": Connect to http://localhost:8761 failed: Connection refused
2026-05-13 06:30:40.986 [SpringApplicationShutdownHook] ERROR [traceId=, spanId=] c.netflix.discovery.DiscoveryClient — DiscoveryClient_TAVIA-INVENTORY-SERVICE/10.0.0.139:tavia-inventory-service:8083 - de-registration failedCannot execute request on any known server
com.netflix.discovery.shared.transport.TransportException: Cannot execute request on any known server
	at com.netflix.discovery.shared.transport.decorator.RetryableEurekaHttpClient.execute(RetryableEurekaHttpClient.java:112)
	at com.netflix.discovery.shared.transport.decorator.EurekaHttpClientDecorator.cancel(EurekaHttpClientDecorator.java:71)
	at com.netflix.discovery.shared.transport.decorator.EurekaHttpClientDecorator$2.execute(EurekaHttpClientDecorator.java:74)
	at com.netflix.discovery.shared.transport.decorator.SessionedEurekaHttpClient.execute(SessionedEurekaHttpClient.java:76)
	at com.netflix.discovery.shared.transport.decorator.EurekaHttpClientDecorator.cancel(EurekaHttpClientDecorator.java:71)
	at com.netflix.discovery.DiscoveryClient.unregister(DiscoveryClient.java:919)
	at com.netflix.discovery.DiscoveryClient.shutdown(DiscoveryClient.java:900)
	at java.base/jdk.internal.reflect.DirectMethodHandleAccessor.invoke(DirectMethodHandleAccessor.java:103)
	at java.base/java.lang.reflect.Method.invoke(Method.java:580)
	at org.springframework.beans.factory.annotation.InitDestroyAnnotationBeanPostProcessor$LifecycleMethod.invoke(InitDestroyAnnotationBeanPostProcessor.java:453)
	at org.springframework.beans.factory.annotation.InitDestroyAnnotationBeanPostProcessor$LifecycleMetadata.invokeDestroyMethods(InitDestroyAnnotationBeanPostProcessor.java:411)
	at org.springframework.beans.factory.annotation.InitDestroyAnnotationBeanPostProcessor.postProcessBeforeDestruction(InitDestroyAnnotationBeanPostProcessor.java:237)
	at org.springframework.beans.factory.support.DisposableBeanAdapter.destroy(DisposableBeanAdapter.java:200)
	at org.springframework.beans.factory.support.DisposableBeanAdapter.run(DisposableBeanAdapter.java:193)
	at org.springframework.cloud.context.scope.GenericScope$BeanLifecycleWrapper.destroy(GenericScope.java:387)
	at org.springframework.cloud.context.scope.GenericScope.destroy(GenericScope.java:134)
	at org.springframework.beans.factory.support.DisposableBeanAdapter.destroy(DisposableBeanAdapter.java:209)
	at org.springframework.beans.factory.support.DefaultSingletonBeanRegistry.destroyBean(DefaultSingletonBeanRegistry.java:795)
	at org.springframework.beans.factory.support.DefaultSingletonBeanRegistry.destroySingleton(DefaultSingletonBeanRegistry.java:745)
	at org.springframework.beans.factory.support.DefaultListableBeanFactory.destroySingleton(DefaultListableBeanFactory.java:1500)
	at org.springframework.beans.factory.support.DefaultSingletonBeanRegistry.destroySingletons(DefaultSingletonBeanRegistry.java:704)
	at org.springframework.beans.factory.support.DefaultListableBeanFactory.destroySingletons(DefaultListableBeanFactory.java:1493)
	at org.springframework.context.support.AbstractApplicationContext.destroyBeans(AbstractApplicationContext.java:1246)
	at org.springframework.context.support.AbstractApplicationContext.doClose(AbstractApplicationContext.java:1207)
	at org.springframework.boot.web.server.servlet.context.ServletWebServerApplicationContext.doClose(ServletWebServerApplicationContext.java:176)
	at org.springframework.context.support.AbstractApplicationContext.close(AbstractApplicationContext.java:1153)
	at org.springframework.boot.SpringApplicationShutdownHook.closeAndWait(SpringApplicationShutdownHook.java:147)
	at java.base/java.lang.Iterable.forEach(Iterable.java:75)
	at org.springframework.boot.SpringApplicationShutdownHook.run(SpringApplicationShutdownHook.java:116)
	at java.base/java.lang.Thread.run(Thread.java:1583)
2026-05-13 06:30:40.988 [SpringApplicationShutdownHook] INFO  [traceId=, spanId=] c.netflix.discovery.DiscoveryClient — Completed shut down of DiscoveryClient
2026-05-13 07:07:15.491 [background-preinit] INFO  [traceId=, spanId=] o.h.validator.internal.util.Version — HV000001: Hibernate Validator 9.0.1.Final
2026-05-13 07:07:15.517 [restartedMain] INFO  [traceId=, spanId=] c.t.i.InventoryServiceApplication — Starting InventoryServiceApplication using Java 21.0.10 with PID 50993 (/home/tuna/Desktop/tavia_v2/tavia-inventory-service/build/classes/java/main started by tuna in /home/tuna/Desktop/tavia_v2/tavia-inventory-service)
2026-05-13 07:07:15.518 [restartedMain] DEBUG [traceId=, spanId=] c.t.i.InventoryServiceApplication — Running with Spring Boot v4.0.6, Spring v7.0.7
2026-05-13 07:07:15.519 [restartedMain] INFO  [traceId=, spanId=] c.t.i.InventoryServiceApplication — No active profile set, falling back to 1 default profile: "default"
2026-05-13 07:07:15.560 [restartedMain] INFO  [traceId=, spanId=] o.s.c.c.c.ConfigServerConfigDataLoader — Fetching config from server at : http://localhost:8888
2026-05-13 07:07:15.560 [restartedMain] INFO  [traceId=, spanId=] o.s.c.c.c.ConfigServerConfigDataLoader — Located environment: name=tavia-inventory-service, profiles=[default], label=null, version=null, state=null
2026-05-13 07:07:15.562 [restartedMain] INFO  [traceId=, spanId=] o.s.b.d.e.DevToolsPropertyDefaultsPostProcessor — Devtools property defaults active! Set 'spring.devtools.add-properties' to 'false' to disable
2026-05-13 07:07:15.563 [restartedMain] INFO  [traceId=, spanId=] o.s.b.d.e.DevToolsPropertyDefaultsPostProcessor — For additional web related logging consider setting the 'logging.level.web' property to 'DEBUG'
2026-05-13 07:07:16.239 [restartedMain] INFO  [traceId=, spanId=] o.s.d.r.c.RepositoryConfigurationDelegate — Bootstrapping Spring Data JPA repositories in DEFAULT mode.
2026-05-13 07:07:16.349 [restartedMain] INFO  [traceId=, spanId=] o.s.d.r.c.RepositoryConfigurationDelegate — Finished Spring Data repository scanning in 104 ms. Found 1 JPA repository interface.
2026-05-13 07:07:16.576 [restartedMain] INFO  [traceId=, spanId=] o.s.cloud.context.scope.GenericScope — BeanFactory id=1010a6c2-bcb5-3fb9-8d4c-e4891270bb71
2026-05-13 07:07:17.000 [restartedMain] INFO  [traceId=, spanId=] o.s.boot.tomcat.TomcatWebServer — Tomcat initialized with port 8083 (http)
2026-05-13 07:07:17.010 [restartedMain] INFO  [traceId=, spanId=] o.a.coyote.http11.Http11NioProtocol — Initializing ProtocolHandler ["http-nio-8083"]
2026-05-13 07:07:17.012 [restartedMain] INFO  [traceId=, spanId=] o.a.catalina.core.StandardService — Starting service [Tomcat]
2026-05-13 07:07:17.012 [restartedMain] INFO  [traceId=, spanId=] o.a.catalina.core.StandardEngine — Starting Servlet engine: [Apache Tomcat/11.0.21]
2026-05-13 07:07:17.048 [restartedMain] INFO  [traceId=, spanId=] o.s.b.w.c.s.WebApplicationContextInitializer — Root WebApplicationContext: initialization completed in 1483 ms
2026-05-13 07:07:17.208 [restartedMain] INFO  [traceId=, spanId=] com.zaxxer.hikari.HikariDataSource — HikariPool-1 - Starting...
2026-05-13 07:07:17.306 [restartedMain] INFO  [traceId=, spanId=] com.zaxxer.hikari.pool.HikariPool — HikariPool-1 - Added connection org.postgresql.jdbc.PgConnection@48704804
2026-05-13 07:07:17.308 [restartedMain] INFO  [traceId=, spanId=] com.zaxxer.hikari.HikariDataSource — HikariPool-1 - Start completed.
2026-05-13 07:07:17.323 [restartedMain] INFO  [traceId=, spanId=] org.flywaydb.core.FlywayExecutor — Database: jdbc:postgresql://localhost:5432/tavia_db (PostgreSQL 15.17)
2026-05-13 07:07:17.368 [restartedMain] INFO  [traceId=, spanId=] o.f.core.internal.command.DbValidate — Successfully validated 2 migrations (execution time 00:00.018s)
2026-05-13 07:07:17.394 [restartedMain] INFO  [traceId=, spanId=] o.f.core.internal.command.DbMigrate — Current version of schema "public": 1
2026-05-13 07:07:17.397 [restartedMain] INFO  [traceId=, spanId=] o.f.core.internal.command.DbMigrate — Schema "public" is up to date. No migration necessary.
2026-05-13 07:07:17.471 [restartedMain] INFO  [traceId=, spanId=] org.hibernate.orm.jpa — HHH008540: Processing PersistenceUnitInfo [name: default]
2026-05-13 07:07:17.519 [restartedMain] INFO  [traceId=, spanId=] org.hibernate.orm.core — HHH000001: Hibernate ORM core version 7.2.12.Final
2026-05-13 07:07:17.949 [restartedMain] INFO  [traceId=, spanId=] o.s.o.j.p.SpringPersistenceUnitInfo — No LoadTimeWeaver setup: ignoring JPA class transformer
2026-05-13 07:07:17.988 [restartedMain] WARN  [traceId=, spanId=] org.hibernate.orm.deprecation — HHH90000025: PostgreSQLDialect does not need to be specified explicitly using 'hibernate.dialect' (remove the property setting and it will be selected by default)
2026-05-13 07:07:18.001 [restartedMain] INFO  [traceId=, spanId=] o.hibernate.orm.connections.pooling — HHH10001005: Database info:
	Database JDBC URL [jdbc:postgresql://localhost:5432/tavia_db]
	Database driver: PostgreSQL JDBC Driver
	Database dialect: PostgreSQLDialect
	Database version: 15.17
	Default catalog/schema: tavia_db/public
	Autocommit mode: undefined/unknown
	Isolation level: READ_COMMITTED [default READ_COMMITTED]
	JDBC fetch size: none
	Pool: DataSourceConnectionProvider
	Minimum pool size: undefined/unknown
	Maximum pool size: undefined/unknown
2026-05-13 07:07:18.647 [restartedMain] INFO  [traceId=, spanId=] org.hibernate.orm.core — HHH000489: No JTA platform available (set 'hibernate.transaction.jta.platform' to enable JTA platform integration)
2026-05-13 07:07:18.686 [restartedMain] INFO  [traceId=, spanId=] o.s.o.j.LocalContainerEntityManagerFactoryBean — Initialized JPA EntityManagerFactory for persistence unit 'default'
2026-05-13 07:07:18.776 [restartedMain] WARN  [traceId=, spanId=] o.s.b.j.a.JpaBaseConfiguration$JpaWebConfiguration — spring.jpa.open-in-view is enabled by default. Therefore, database queries may be performed during view rendering. Explicitly configure spring.jpa.open-in-view to disable this warning
2026-05-13 07:07:19.055 [restartedMain] INFO  [traceId=, spanId=] o.s.d.j.r.q.QueryEnhancerFactories — Hibernate is in classpath; If applicable, HQL parser will be used.
2026-05-13 07:07:19.310 [restartedMain] INFO  [traceId=, spanId=] o.s.c.n.e.c.DiscoveryClientOptionalArgsConfiguration — Eureka HTTP Client uses RestClient.
2026-05-13 07:07:19.323 [restartedMain] INFO  [traceId=, spanId=] o.s.c.n.eureka.InstanceInfoFactory — Setting initial instance status as: STARTING
2026-05-13 07:07:19.350 [restartedMain] INFO  [traceId=, spanId=] c.netflix.discovery.DiscoveryClient — Initializing Eureka in region us-east-1
2026-05-13 07:07:19.352 [restartedMain] INFO  [traceId=, spanId=] c.n.d.s.r.aws.ConfigClusterResolver — Resolving eureka endpoints via configuration
2026-05-13 07:07:19.358 [restartedMain] INFO  [traceId=, spanId=] c.netflix.discovery.DiscoveryClient — Disable delta property : false
2026-05-13 07:07:19.358 [restartedMain] INFO  [traceId=, spanId=] c.netflix.discovery.DiscoveryClient — Single vip registry refresh property : null
2026-05-13 07:07:19.358 [restartedMain] INFO  [traceId=, spanId=] c.netflix.discovery.DiscoveryClient — Force full registry fetch : false
2026-05-13 07:07:19.358 [restartedMain] INFO  [traceId=, spanId=] c.netflix.discovery.DiscoveryClient — Application is null : false
2026-05-13 07:07:19.358 [restartedMain] INFO  [traceId=, spanId=] c.netflix.discovery.DiscoveryClient — Registered Applications size is zero : true
2026-05-13 07:07:19.358 [restartedMain] INFO  [traceId=, spanId=] c.netflix.discovery.DiscoveryClient — Application version is -1: true
2026-05-13 07:07:19.358 [restartedMain] INFO  [traceId=, spanId=] c.netflix.discovery.DiscoveryClient — Getting all instance registry info from the eureka server
2026-05-13 07:07:19.603 [restartedMain] INFO  [traceId=, spanId=] c.netflix.discovery.DiscoveryClient — The response status is 200
2026-05-13 07:07:19.604 [restartedMain] INFO  [traceId=, spanId=] c.netflix.discovery.DiscoveryClient — Starting heartbeat executor: renew interval is: 30
2026-05-13 07:07:19.605 [restartedMain] INFO  [traceId=, spanId=] c.n.discovery.InstanceInfoReplicator — InstanceInfoReplicator onDemand update allowed rate per min is 4
2026-05-13 07:07:19.606 [restartedMain] INFO  [traceId=, spanId=] c.netflix.discovery.DiscoveryClient — Discovery Client initialized at timestamp 1778645239606 with initial instances count: 0
2026-05-13 07:07:19.609 [restartedMain] INFO  [traceId=, spanId=] o.s.c.n.e.s.EurekaServiceRegistry — Registering application TAVIA-INVENTORY-SERVICE with eureka with status UP
2026-05-13 07:07:19.609 [restartedMain] INFO  [traceId=, spanId=] c.netflix.discovery.DiscoveryClient — Saw local status change event StatusChangeEvent [timestamp=1778645239609, current=UP, previous=STARTING]
2026-05-13 07:07:19.611 [DiscoveryClient-InstanceInfoReplicator-%d] INFO  [traceId=, spanId=] c.netflix.discovery.DiscoveryClient — DiscoveryClient_TAVIA-INVENTORY-SERVICE/10.0.0.139:tavia-inventory-service:8083: registering service...
2026-05-13 07:07:19.612 [restartedMain] INFO  [traceId=, spanId=] o.a.coyote.http11.Http11NioProtocol — Starting ProtocolHandler ["http-nio-8083"]
2026-05-13 07:07:19.624 [restartedMain] INFO  [traceId=, spanId=] o.s.boot.tomcat.TomcatWebServer — Tomcat started on port 8083 (http) with context path '/'
2026-05-13 07:07:19.628 [restartedMain] INFO  [traceId=, spanId=] o.s.c.n.e.s.EurekaAutoServiceRegistration — Updating port to 8083
2026-05-13 07:07:19.650 [DiscoveryClient-InstanceInfoReplicator-%d] INFO  [traceId=, spanId=] c.netflix.discovery.DiscoveryClient — DiscoveryClient_TAVIA-INVENTORY-SERVICE/10.0.0.139:tavia-inventory-service:8083 - registration status: 204
2026-05-13 07:07:19.679 [restartedMain] INFO  [traceId=, spanId=] c.t.i.InventoryServiceApplication — Started InventoryServiceApplication in 5.052 seconds (process running for 5.55)
2026-05-13 07:07:19.686 [restartedMain] WARN  [traceId=, spanId=] o.s.c.events.SpringDocAppInitializer — SpringDoc /v3/api-docs endpoint is enabled by default. To disable it in production, set the property 'springdoc.api-docs.enabled=false'
2026-05-13 07:07:19.686 [restartedMain] WARN  [traceId=, spanId=] o.s.c.events.SpringDocAppInitializer — SpringDoc /swagger-ui.html endpoint is enabled by default. To disable it in production, set the property 'springdoc.swagger-ui.enabled=false'
2026-05-13 07:07:49.604 [DiscoveryClient-CacheRefreshExecutor-%d] INFO  [traceId=, spanId=] c.netflix.discovery.DiscoveryClient — Disable delta property : false
2026-05-13 07:07:49.604 [DiscoveryClient-CacheRefreshExecutor-%d] INFO  [traceId=, spanId=] c.netflix.discovery.DiscoveryClient — Single vip registry refresh property : null
2026-05-13 07:07:49.604 [DiscoveryClient-CacheRefreshExecutor-%d] INFO  [traceId=, spanId=] c.netflix.discovery.DiscoveryClient — Force full registry fetch : false
2026-05-13 07:07:49.604 [DiscoveryClient-CacheRefreshExecutor-%d] INFO  [traceId=, spanId=] c.netflix.discovery.DiscoveryClient — Application is null : false
2026-05-13 07:07:49.604 [DiscoveryClient-CacheRefreshExecutor-%d] INFO  [traceId=, spanId=] c.netflix.discovery.DiscoveryClient — Registered Applications size is zero : true
2026-05-13 07:07:49.604 [DiscoveryClient-CacheRefreshExecutor-%d] INFO  [traceId=, spanId=] c.netflix.discovery.DiscoveryClient — Application version is -1: false
2026-05-13 07:07:49.604 [DiscoveryClient-CacheRefreshExecutor-%d] INFO  [traceId=, spanId=] c.netflix.discovery.DiscoveryClient — Getting all instance registry info from the eureka server
2026-05-13 07:07:49.624 [DiscoveryClient-CacheRefreshExecutor-%d] INFO  [traceId=, spanId=] c.netflix.discovery.DiscoveryClient — The response status is 200
2026-05-13 07:12:19.360 [AsyncResolver-bootstrap-executor-%d] INFO  [traceId=, spanId=] c.n.d.s.r.aws.ConfigClusterResolver — Resolving eureka endpoints via configuration
2026-05-13 07:17:19.361 [AsyncResolver-bootstrap-executor-%d] INFO  [traceId=, spanId=] c.n.d.s.r.aws.ConfigClusterResolver — Resolving eureka endpoints via configuration
2026-05-13 07:22:14.242 [http-nio-8083-exec-1] INFO  [traceId=, spanId=] o.a.c.c.C.[Tomcat].[localhost].[/] — Initializing Spring DispatcherServlet 'dispatcherServlet'
2026-05-13 07:22:14.243 [http-nio-8083-exec-1] INFO  [traceId=, spanId=] o.s.web.servlet.DispatcherServlet — Initializing Servlet 'dispatcherServlet'
2026-05-13 07:22:14.510 [http-nio-8083-exec-1] INFO  [traceId=, spanId=] o.s.web.servlet.DispatcherServlet — Completed initialization in 267 ms
2026-05-13 07:22:14.613 [http-nio-8083-exec-1] INFO  [traceId=, spanId=] c.t.i.service.InventoryServiceImpl — Fetching raw materials for tenant d6ec66d8-de92-4973-821c-e7c8dd410cfd
2026-05-13 07:22:15.036 [http-nio-8083-exec-1] DEBUG [traceId=, spanId=] org.hibernate.SQL — select rm1_0.id,rm1_0.name,rm1_0.stock_quantity,rm1_0.tenant_id,rm1_0.unit from raw_materials rm1_0 where rm1_0.tenant_id=?
2026-05-13 07:22:19.361 [AsyncResolver-bootstrap-executor-%d] INFO  [traceId=, spanId=] c.n.d.s.r.aws.ConfigClusterResolver — Resolving eureka endpoints via configuration
2026-05-13 07:27:19.362 [AsyncResolver-bootstrap-executor-%d] INFO  [traceId=, spanId=] c.n.d.s.r.aws.ConfigClusterResolver — Resolving eureka endpoints via configuration
2026-05-13 07:32:19.362 [AsyncResolver-bootstrap-executor-%d] INFO  [traceId=, spanId=] c.n.d.s.r.aws.ConfigClusterResolver — Resolving eureka endpoints via configuration
2026-05-13 07:37:19.363 [AsyncResolver-bootstrap-executor-%d] INFO  [traceId=, spanId=] c.n.d.s.r.aws.ConfigClusterResolver — Resolving eureka endpoints via configuration
2026-05-13 07:42:19.363 [AsyncResolver-bootstrap-executor-%d] INFO  [traceId=, spanId=] c.n.d.s.r.aws.ConfigClusterResolver — Resolving eureka endpoints via configuration
2026-05-13 07:47:19.363 [AsyncResolver-bootstrap-executor-%d] INFO  [traceId=, spanId=] c.n.d.s.r.aws.ConfigClusterResolver — Resolving eureka endpoints via configuration
2026-05-13 07:52:19.364 [AsyncResolver-bootstrap-executor-%d] INFO  [traceId=, spanId=] c.n.d.s.r.aws.ConfigClusterResolver — Resolving eureka endpoints via configuration
2026-05-13 07:57:19.364 [AsyncResolver-bootstrap-executor-%d] INFO  [traceId=, spanId=] c.n.d.s.r.aws.ConfigClusterResolver — Resolving eureka endpoints via configuration
2026-05-13 08:02:19.365 [AsyncResolver-bootstrap-executor-%d] INFO  [traceId=, spanId=] c.n.d.s.r.aws.ConfigClusterResolver — Resolving eureka endpoints via configuration
2026-05-13 08:07:19.365 [AsyncResolver-bootstrap-executor-%d] INFO  [traceId=, spanId=] c.n.d.s.r.aws.ConfigClusterResolver — Resolving eureka endpoints via configuration
2026-05-13 08:12:19.365 [AsyncResolver-bootstrap-executor-%d] INFO  [traceId=, spanId=] c.n.d.s.r.aws.ConfigClusterResolver — Resolving eureka endpoints via configuration
2026-05-13 08:16:05.298 [http-nio-8083-exec-3] INFO  [traceId=, spanId=] c.t.i.service.InventoryServiceImpl — Processing batch deduction of 4 items for tenant d6ec66d8-de92-4973-821c-e7c8dd410cfd
2026-05-13 08:16:05.321 [http-nio-8083-exec-3] DEBUG [traceId=, spanId=] org.hibernate.SQL — select rm1_0.id,rm1_0.name,rm1_0.stock_quantity,rm1_0.tenant_id,rm1_0.unit from raw_materials rm1_0 where rm1_0.tenant_id=? and rm1_0.name=?
2026-05-13 08:16:05.335 [http-nio-8083-exec-3] INFO  [traceId=, spanId=] c.t.i.service.InventoryServiceImpl — Deducted 60.0 GRAM of 'Flour' — remaining: 9740.0
2026-05-13 08:16:05.352 [http-nio-8083-exec-3] DEBUG [traceId=, spanId=] org.hibernate.SQL — update raw_materials set name=?,stock_quantity=?,tenant_id=?,unit=? where id=?
2026-05-13 08:16:05.355 [http-nio-8083-exec-3] DEBUG [traceId=, spanId=] org.hibernate.SQL — select rm1_0.id,rm1_0.name,rm1_0.stock_quantity,rm1_0.tenant_id,rm1_0.unit from raw_materials rm1_0 where rm1_0.tenant_id=? and rm1_0.name=?
2026-05-13 08:16:05.356 [http-nio-8083-exec-3] INFO  [traceId=, spanId=] c.t.i.service.InventoryServiceImpl — Deducted 20.0 GRAM of 'Butter' — remaining: 4925.0
2026-05-13 08:16:05.357 [http-nio-8083-exec-3] DEBUG [traceId=, spanId=] org.hibernate.SQL — update raw_materials set name=?,stock_quantity=?,tenant_id=?,unit=? where id=?
2026-05-13 08:16:05.358 [http-nio-8083-exec-3] DEBUG [traceId=, spanId=] org.hibernate.SQL — select rm1_0.id,rm1_0.name,rm1_0.stock_quantity,rm1_0.tenant_id,rm1_0.unit from raw_materials rm1_0 where rm1_0.tenant_id=? and rm1_0.name=?
2026-05-13 08:16:05.359 [http-nio-8083-exec-3] INFO  [traceId=, spanId=] c.t.i.service.InventoryServiceImpl — Deducted 1.0 PIECE of 'Eggs' — remaining: 199.0
2026-05-13 08:16:05.360 [http-nio-8083-exec-3] DEBUG [traceId=, spanId=] org.hibernate.SQL — update raw_materials set name=?,stock_quantity=?,tenant_id=?,unit=? where id=?
2026-05-13 08:16:05.361 [http-nio-8083-exec-3] DEBUG [traceId=, spanId=] org.hibernate.SQL — select rm1_0.id,rm1_0.name,rm1_0.stock_quantity,rm1_0.tenant_id,rm1_0.unit from raw_materials rm1_0 where rm1_0.tenant_id=? and rm1_0.name=?
2026-05-13 08:16:05.362 [http-nio-8083-exec-3] INFO  [traceId=, spanId=] c.t.i.service.InventoryServiceImpl — Deducted 1.0 PIECE of 'Plates' — remaining: 296.0
2026-05-13 08:16:05.362 [http-nio-8083-exec-3] DEBUG [traceId=, spanId=] org.hibernate.SQL — update raw_materials set name=?,stock_quantity=?,tenant_id=?,unit=? where id=?
2026-05-13 08:17:19.366 [AsyncResolver-bootstrap-executor-%d] INFO  [traceId=, spanId=] c.n.d.s.r.aws.ConfigClusterResolver — Resolving eureka endpoints via configuration
2026-05-13 08:21:05.523 [SpringApplicationShutdownHook] INFO  [traceId=, spanId=] o.s.c.n.e.s.EurekaServiceRegistry — Unregistering application TAVIA-INVENTORY-SERVICE with eureka with status DOWN
2026-05-13 08:21:05.523 [SpringApplicationShutdownHook] INFO  [traceId=, spanId=] c.netflix.discovery.DiscoveryClient — Saw local status change event StatusChangeEvent [timestamp=1778649665523, current=DOWN, previous=UP]
2026-05-13 08:21:05.524 [DiscoveryClient-InstanceInfoReplicator-%d] INFO  [traceId=, spanId=] c.netflix.discovery.DiscoveryClient — DiscoveryClient_TAVIA-INVENTORY-SERVICE/10.0.0.139:tavia-inventory-service:8083: registering service...
2026-05-13 08:21:05.532 [SpringApplicationShutdownHook] INFO  [traceId=, spanId=] o.s.boot.tomcat.GracefulShutdown — Commencing graceful shutdown. Waiting for active requests to complete
2026-05-13 08:21:05.541 [DiscoveryClient-InstanceInfoReplicator-%d] INFO  [traceId=, spanId=] c.netflix.discovery.DiscoveryClient — DiscoveryClient_TAVIA-INVENTORY-SERVICE/10.0.0.139:tavia-inventory-service:8083 - registration status: 204
2026-05-13 08:21:05.543 [tomcat-shutdown] INFO  [traceId=, spanId=] o.s.boot.tomcat.GracefulShutdown — Graceful shutdown complete
2026-05-13 08:21:05.551 [SpringApplicationShutdownHook] INFO  [traceId=, spanId=] o.s.o.j.LocalContainerEntityManagerFactoryBean — Closing JPA EntityManagerFactory for persistence unit 'default'
2026-05-13 08:21:05.557 [SpringApplicationShutdownHook] INFO  [traceId=, spanId=] com.zaxxer.hikari.HikariDataSource — HikariPool-1 - Shutdown initiated...
2026-05-13 08:21:05.559 [SpringApplicationShutdownHook] INFO  [traceId=, spanId=] com.zaxxer.hikari.HikariDataSource — HikariPool-1 - Shutdown completed.
2026-05-13 08:21:05.562 [SpringApplicationShutdownHook] INFO  [traceId=, spanId=] c.netflix.discovery.DiscoveryClient — Shutting down DiscoveryClient ...
2026-05-13 08:21:08.565 [SpringApplicationShutdownHook] INFO  [traceId=, spanId=] c.netflix.discovery.DiscoveryClient — Unregistering ...
2026-05-13 08:21:08.572 [SpringApplicationShutdownHook] INFO  [traceId=, spanId=] c.n.d.s.t.d.RedirectingEurekaHttpClient — Request execution error. endpoint=DefaultEndpoint{ serviceUrl='http://localhost:8761/eureka/} exception=I/O error on DELETE request for "http://localhost:8761/eureka/apps/TAVIA-INVENTORY-SERVICE/10.0.0.139:tavia-inventory-service:8083": Connect to http://localhost:8761 failed: Connection refused stacktrace=org.springframework.web.client.ResourceAccessException: I/O error on DELETE request for "http://localhost:8761/eureka/apps/TAVIA-INVENTORY-SERVICE/10.0.0.139:tavia-inventory-service:8083": Connect to http://localhost:8761 failed: Connection refused
	at org.springframework.web.client.DefaultRestClient$DefaultRequestBodyUriSpec.createResourceAccessException(DefaultRestClient.java:779)
	at org.springframework.web.client.DefaultRestClient$DefaultRequestBodyUriSpec.exchangeInternal(DefaultRestClient.java:624)
	at org.springframework.web.client.DefaultRestClient$DefaultRequestBodyUriSpec.exchange(DefaultRestClient.java:572)
	at org.springframework.web.client.RestClient$RequestHeadersSpec.exchange(RestClient.java:747)
	at org.springframework.web.client.DefaultRestClient$DefaultResponseSpec.executeAndExtract(DefaultRestClient.java:924)
	at org.springframework.web.client.DefaultRestClient$DefaultResponseSpec.toBodilessEntity(DefaultRestClient.java:888)
	at org.springframework.cloud.netflix.eureka.http.RestClientEurekaHttpClient.cancel(RestClientEurekaHttpClient.java:73)
	at com.netflix.discovery.shared.transport.decorator.EurekaHttpClientDecorator$2.execute(EurekaHttpClientDecorator.java:74)
	at com.netflix.discovery.shared.transport.decorator.RedirectingEurekaHttpClient.execute(RedirectingEurekaHttpClient.java:91)
	at com.netflix.discovery.shared.transport.decorator.EurekaHttpClientDecorator.cancel(EurekaHttpClientDecorator.java:71)
	at com.netflix.discovery.shared.transport.decorator.EurekaHttpClientDecorator$2.execute(EurekaHttpClientDecorator.java:74)
	at com.netflix.discovery.shared.transport.decorator.RetryableEurekaHttpClient.execute(RetryableEurekaHttpClient.java:120)
	at com.netflix.discovery.shared.transport.decorator.EurekaHttpClientDecorator.cancel(EurekaHttpClientDecorator.java:71)
	at com.netflix.discovery.shared.transport.decorator.EurekaHttpClientDecorator$2.execute(EurekaHttpClientDecorator.java:74)
	at com.netflix.discovery.shared.transport.decorator.SessionedEurekaHttpClient.execute(SessionedEurekaHttpClient.java:76)
	at com.netflix.discovery.shared.transport.decorator.EurekaHttpClientDecorator.cancel(EurekaHttpClientDecorator.java:71)
	at com.netflix.discovery.DiscoveryClient.unregister(DiscoveryClient.java:919)
	at com.netflix.discovery.DiscoveryClient.shutdown(DiscoveryClient.java:900)
	at java.base/jdk.internal.reflect.DirectMethodHandleAccessor.invoke(DirectMethodHandleAccessor.java:103)
	at java.base/java.lang.reflect.Method.invoke(Method.java:580)
	at org.springframework.beans.factory.annotation.InitDestroyAnnotationBeanPostProcessor$LifecycleMethod.invoke(InitDestroyAnnotationBeanPostProcessor.java:453)
	at org.springframework.beans.factory.annotation.InitDestroyAnnotationBeanPostProcessor$LifecycleMetadata.invokeDestroyMethods(InitDestroyAnnotationBeanPostProcessor.java:411)
	at org.springframework.beans.factory.annotation.InitDestroyAnnotationBeanPostProcessor.postProcessBeforeDestruction(InitDestroyAnnotationBeanPostProcessor.java:237)
	at org.springframework.beans.factory.support.DisposableBeanAdapter.destroy(DisposableBeanAdapter.java:200)
	at org.springframework.beans.factory.support.DisposableBeanAdapter.run(DisposableBeanAdapter.java:193)
	at org.springframework.cloud.context.scope.GenericScope$BeanLifecycleWrapper.destroy(GenericScope.java:387)
	at org.springframework.cloud.context.scope.GenericScope.destroy(GenericScope.java:134)
	at org.springframework.beans.factory.support.DisposableBeanAdapter.destroy(DisposableBeanAdapter.java:209)
	at org.springframework.beans.factory.support.DefaultSingletonBeanRegistry.destroyBean(DefaultSingletonBeanRegistry.java:795)
	at org.springframework.beans.factory.support.DefaultSingletonBeanRegistry.destroySingleton(DefaultSingletonBeanRegistry.java:745)
	at org.springframework.beans.factory.support.DefaultListableBeanFactory.destroySingleton(DefaultListableBeanFactory.java:1500)
	at org.springframework.beans.factory.support.DefaultSingletonBeanRegistry.destroySingletons(DefaultSingletonBeanRegistry.java:704)
	at org.springframework.beans.factory.support.DefaultListableBeanFactory.destroySingletons(DefaultListableBeanFactory.java:1493)
	at org.springframework.context.support.AbstractApplicationContext.destroyBeans(AbstractApplicationContext.java:1246)
	at org.springframework.context.support.AbstractApplicationContext.doClose(AbstractApplicationContext.java:1207)
	at org.springframework.boot.web.server.servlet.context.ServletWebServerApplicationContext.doClose(ServletWebServerApplicationContext.java:176)
	at org.springframework.context.support.AbstractApplicationContext.close(AbstractApplicationContext.java:1153)
	at org.springframework.boot.SpringApplicationShutdownHook.closeAndWait(SpringApplicationShutdownHook.java:147)
	at java.base/java.lang.Iterable.forEach(Iterable.java:75)
	at org.springframework.boot.SpringApplicationShutdownHook.run(SpringApplicationShutdownHook.java:116)
	at java.base/java.lang.Thread.run(Thread.java:1583)
Caused by: org.apache.hc.client5.http.HttpHostConnectException: Connect to http://localhost:8761 failed: Connection refused
	at java.base/sun.nio.ch.Net.pollConnect(Native Method)
	at java.base/sun.nio.ch.Net.pollConnectNow(Net.java:694)
	at java.base/sun.nio.ch.NioSocketImpl.timedFinishConnect(NioSocketImpl.java:542)
	at java.base/sun.nio.ch.NioSocketImpl.connect(NioSocketImpl.java:592)
	at java.base/java.net.SocksSocketImpl.connect(SocksSocketImpl.java:327)
	at java.base/java.net.Socket.connect(Socket.java:751)
	at org.apache.hc.client5.http.impl.io.DefaultHttpClientConnectionOperator.connect(DefaultHttpClientConnectionOperator.java:226)
	at org.apache.hc.client5.http.impl.io.PoolingHttpClientConnectionManager.connect(PoolingHttpClientConnectionManager.java:497)
	at org.apache.hc.client5.http.impl.classic.InternalExecRuntime.connectEndpoint(InternalExecRuntime.java:164)
	at org.apache.hc.client5.http.impl.classic.InternalExecRuntime.connectEndpoint(InternalExecRuntime.java:174)
	at org.apache.hc.client5.http.impl.classic.ConnectExec.execute(ConnectExec.java:144)
	at org.apache.hc.client5.http.impl.classic.ExecChainElement.execute(ExecChainElement.java:51)
	at org.apache.hc.client5.http.impl.classic.ProtocolExec.execute(ProtocolExec.java:195)
	at org.apache.hc.client5.http.impl.classic.ExecChainElement.execute(ExecChainElement.java:51)
	at org.apache.hc.client5.http.impl.classic.ContentCompressionExec.execute(ContentCompressionExec.java:168)
	at org.apache.hc.client5.http.impl.classic.ExecChainElement.execute(ExecChainElement.java:51)
	at org.apache.hc.client5.http.impl.classic.HttpRequestRetryExec.execute(HttpRequestRetryExec.java:112)
	at org.apache.hc.client5.http.impl.classic.ExecChainElement.execute(ExecChainElement.java:51)
	at org.apache.hc.client5.http.impl.classic.RedirectExec.execute(RedirectExec.java:110)
	at org.apache.hc.client5.http.impl.classic.ExecChainElement.execute(ExecChainElement.java:51)
	at org.apache.hc.client5.http.impl.classic.InternalHttpClient.doExecute(InternalHttpClient.java:185)
	at org.apache.hc.client5.http.impl.classic.CloseableHttpClient.execute(CloseableHttpClient.java:87)
	at org.apache.hc.client5.http.impl.classic.CloseableHttpClient.execute(CloseableHttpClient.java:55)
	at org.apache.hc.client5.http.classic.HttpClient.executeOpen(HttpClient.java:183)
	at org.springframework.http.client.HttpComponentsClientHttpRequest.executeInternal(HttpComponentsClientHttpRequest.java:99)
	at org.springframework.http.client.AbstractStreamingClientHttpRequest.executeInternal(AbstractStreamingClientHttpRequest.java:87)
	at org.springframework.http.client.AbstractClientHttpRequest.execute(AbstractClientHttpRequest.java:80)
	at org.springframework.http.client.AbstractBufferingClientHttpRequest.executeWithRequestAndBody(AbstractBufferingClientHttpRequest.java:89)
	at org.springframework.http.client.InterceptingClientHttpRequest$EndOfChainRequestExecution.execute(InterceptingClientHttpRequest.java:102)
	at org.springframework.cloud.netflix.eureka.http.RestClientTransportClientFactory.lambda$newClient$2(RestClientTransportClientFactory.java:98)
	at org.springframework.http.client.ClientHttpRequestInterceptor.lambda$apply$0(ClientHttpRequestInterceptor.java:89)
	at org.springframework.http.client.InterceptingClientHttpRequest.executeInternal(InterceptingClientHttpRequest.java:73)
	at org.springframework.http.client.AbstractBufferingClientHttpRequest.executeInternal(AbstractBufferingClientHttpRequest.java:50)
	at org.springframework.http.client.AbstractClientHttpRequest.execute(AbstractClientHttpRequest.java:80)
	at org.springframework.web.client.DefaultRestClient$DefaultRequestBodyUriSpec.exchangeInternal(DefaultRestClient.java:614)
	... 39 more

2026-05-13 08:21:08.573 [SpringApplicationShutdownHook] WARN  [traceId=, spanId=] c.n.d.s.t.d.RetryableEurekaHttpClient — Request execution failed with message: I/O error on DELETE request for "http://localhost:8761/eureka/apps/TAVIA-INVENTORY-SERVICE/10.0.0.139:tavia-inventory-service:8083": Connect to http://localhost:8761 failed: Connection refused
2026-05-13 08:21:08.576 [SpringApplicationShutdownHook] INFO  [traceId=, spanId=] c.n.d.s.t.d.RedirectingEurekaHttpClient — Request execution error. endpoint=DefaultEndpoint{ serviceUrl='http://localhost:8761/eureka/}, exception=I/O error on DELETE request for "http://localhost:8761/eureka/apps/TAVIA-INVENTORY-SERVICE/10.0.0.139:tavia-inventory-service:8083": Connect to http://localhost:8761 failed: Connection refused stacktrace=org.springframework.web.client.ResourceAccessException: I/O error on DELETE request for "http://localhost:8761/eureka/apps/TAVIA-INVENTORY-SERVICE/10.0.0.139:tavia-inventory-service:8083": Connect to http://localhost:8761 failed: Connection refused
	at org.springframework.web.client.DefaultRestClient$DefaultRequestBodyUriSpec.createResourceAccessException(DefaultRestClient.java:779)
	at org.springframework.web.client.DefaultRestClient$DefaultRequestBodyUriSpec.exchangeInternal(DefaultRestClient.java:624)
	at org.springframework.web.client.DefaultRestClient$DefaultRequestBodyUriSpec.exchange(DefaultRestClient.java:572)
	at org.springframework.web.client.RestClient$RequestHeadersSpec.exchange(RestClient.java:747)
	at org.springframework.web.client.DefaultRestClient$DefaultResponseSpec.executeAndExtract(DefaultRestClient.java:924)
	at org.springframework.web.client.DefaultRestClient$DefaultResponseSpec.toBodilessEntity(DefaultRestClient.java:888)
	at org.springframework.cloud.netflix.eureka.http.RestClientEurekaHttpClient.cancel(RestClientEurekaHttpClient.java:73)
	at com.netflix.discovery.shared.transport.decorator.EurekaHttpClientDecorator$2.execute(EurekaHttpClientDecorator.java:74)
	at com.netflix.discovery.shared.transport.decorator.RedirectingEurekaHttpClient.executeOnNewServer(RedirectingEurekaHttpClient.java:121)
	at com.netflix.discovery.shared.transport.decorator.RedirectingEurekaHttpClient.execute(RedirectingEurekaHttpClient.java:80)
	at com.netflix.discovery.shared.transport.decorator.EurekaHttpClientDecorator.cancel(EurekaHttpClientDecorator.java:71)
	at com.netflix.discovery.shared.transport.decorator.EurekaHttpClientDecorator$2.execute(EurekaHttpClientDecorator.java:74)
	at com.netflix.discovery.shared.transport.decorator.RetryableEurekaHttpClient.execute(RetryableEurekaHttpClient.java:120)
	at com.netflix.discovery.shared.transport.decorator.EurekaHttpClientDecorator.cancel(EurekaHttpClientDecorator.java:71)
	at com.netflix.discovery.shared.transport.decorator.EurekaHttpClientDecorator$2.execute(EurekaHttpClientDecorator.java:74)
	at com.netflix.discovery.shared.transport.decorator.SessionedEurekaHttpClient.execute(SessionedEurekaHttpClient.java:76)
	at com.netflix.discovery.shared.transport.decorator.EurekaHttpClientDecorator.cancel(EurekaHttpClientDecorator.java:71)
	at com.netflix.discovery.DiscoveryClient.unregister(DiscoveryClient.java:919)
	at com.netflix.discovery.DiscoveryClient.shutdown(DiscoveryClient.java:900)
	at java.base/jdk.internal.reflect.DirectMethodHandleAccessor.invoke(DirectMethodHandleAccessor.java:103)
	at java.base/java.lang.reflect.Method.invoke(Method.java:580)
	at org.springframework.beans.factory.annotation.InitDestroyAnnotationBeanPostProcessor$LifecycleMethod.invoke(InitDestroyAnnotationBeanPostProcessor.java:453)
	at org.springframework.beans.factory.annotation.InitDestroyAnnotationBeanPostProcessor$LifecycleMetadata.invokeDestroyMethods(InitDestroyAnnotationBeanPostProcessor.java:411)
	at org.springframework.beans.factory.annotation.InitDestroyAnnotationBeanPostProcessor.postProcessBeforeDestruction(InitDestroyAnnotationBeanPostProcessor.java:237)
	at org.springframework.beans.factory.support.DisposableBeanAdapter.destroy(DisposableBeanAdapter.java:200)
	at org.springframework.beans.factory.support.DisposableBeanAdapter.run(DisposableBeanAdapter.java:193)
	at org.springframework.cloud.context.scope.GenericScope$BeanLifecycleWrapper.destroy(GenericScope.java:387)
	at org.springframework.cloud.context.scope.GenericScope.destroy(GenericScope.java:134)
	at org.springframework.beans.factory.support.DisposableBeanAdapter.destroy(DisposableBeanAdapter.java:209)
	at org.springframework.beans.factory.support.DefaultSingletonBeanRegistry.destroyBean(DefaultSingletonBeanRegistry.java:795)
	at org.springframework.beans.factory.support.DefaultSingletonBeanRegistry.destroySingleton(DefaultSingletonBeanRegistry.java:745)
	at org.springframework.beans.factory.support.DefaultListableBeanFactory.destroySingleton(DefaultListableBeanFactory.java:1500)
	at org.springframework.beans.factory.support.DefaultSingletonBeanRegistry.destroySingletons(DefaultSingletonBeanRegistry.java:704)
	at org.springframework.beans.factory.support.DefaultListableBeanFactory.destroySingletons(DefaultListableBeanFactory.java:1493)
	at org.springframework.context.support.AbstractApplicationContext.destroyBeans(AbstractApplicationContext.java:1246)
	at org.springframework.context.support.AbstractApplicationContext.doClose(AbstractApplicationContext.java:1207)
	at org.springframework.boot.web.server.servlet.context.ServletWebServerApplicationContext.doClose(ServletWebServerApplicationContext.java:176)
	at org.springframework.context.support.AbstractApplicationContext.close(AbstractApplicationContext.java:1153)
	at org.springframework.boot.SpringApplicationShutdownHook.closeAndWait(SpringApplicationShutdownHook.java:147)
	at java.base/java.lang.Iterable.forEach(Iterable.java:75)
	at org.springframework.boot.SpringApplicationShutdownHook.run(SpringApplicationShutdownHook.java:116)
	at java.base/java.lang.Thread.run(Thread.java:1583)
Caused by: org.apache.hc.client5.http.HttpHostConnectException: Connect to http://localhost:8761 failed: Connection refused
	at java.base/sun.nio.ch.Net.pollConnect(Native Method)
	at java.base/sun.nio.ch.Net.pollConnectNow(Net.java:694)
	at java.base/sun.nio.ch.NioSocketImpl.timedFinishConnect(NioSocketImpl.java:542)
	at java.base/sun.nio.ch.NioSocketImpl.connect(NioSocketImpl.java:592)
	at java.base/java.net.SocksSocketImpl.connect(SocksSocketImpl.java:327)
	at java.base/java.net.Socket.connect(Socket.java:751)
	at org.apache.hc.client5.http.impl.io.DefaultHttpClientConnectionOperator.connect(DefaultHttpClientConnectionOperator.java:226)
	at org.apache.hc.client5.http.impl.io.PoolingHttpClientConnectionManager.connect(PoolingHttpClientConnectionManager.java:497)
	at org.apache.hc.client5.http.impl.classic.InternalExecRuntime.connectEndpoint(InternalExecRuntime.java:164)
	at org.apache.hc.client5.http.impl.classic.InternalExecRuntime.connectEndpoint(InternalExecRuntime.java:174)
	at org.apache.hc.client5.http.impl.classic.ConnectExec.execute(ConnectExec.java:144)
	at org.apache.hc.client5.http.impl.classic.ExecChainElement.execute(ExecChainElement.java:51)
	at org.apache.hc.client5.http.impl.classic.ProtocolExec.execute(ProtocolExec.java:195)
	at org.apache.hc.client5.http.impl.classic.ExecChainElement.execute(ExecChainElement.java:51)
	at org.apache.hc.client5.http.impl.classic.ContentCompressionExec.execute(ContentCompressionExec.java:168)
	at org.apache.hc.client5.http.impl.classic.ExecChainElement.execute(ExecChainElement.java:51)
	at org.apache.hc.client5.http.impl.classic.HttpRequestRetryExec.execute(HttpRequestRetryExec.java:112)
	at org.apache.hc.client5.http.impl.classic.ExecChainElement.execute(ExecChainElement.java:51)
	at org.apache.hc.client5.http.impl.classic.RedirectExec.execute(RedirectExec.java:110)
	at org.apache.hc.client5.http.impl.classic.ExecChainElement.execute(ExecChainElement.java:51)
	at org.apache.hc.client5.http.impl.classic.InternalHttpClient.doExecute(InternalHttpClient.java:185)
	at org.apache.hc.client5.http.impl.classic.CloseableHttpClient.execute(CloseableHttpClient.java:87)
	at org.apache.hc.client5.http.impl.classic.CloseableHttpClient.execute(CloseableHttpClient.java:55)
	at org.apache.hc.client5.http.classic.HttpClient.executeOpen(HttpClient.java:183)
	at org.springframework.http.client.HttpComponentsClientHttpRequest.executeInternal(HttpComponentsClientHttpRequest.java:99)
	at org.springframework.http.client.AbstractStreamingClientHttpRequest.executeInternal(AbstractStreamingClientHttpRequest.java:87)
	at org.springframework.http.client.AbstractClientHttpRequest.execute(AbstractClientHttpRequest.java:80)
	at org.springframework.http.client.AbstractBufferingClientHttpRequest.executeWithRequestAndBody(AbstractBufferingClientHttpRequest.java:89)
	at org.springframework.http.client.InterceptingClientHttpRequest$EndOfChainRequestExecution.execute(InterceptingClientHttpRequest.java:102)
	at org.springframework.cloud.netflix.eureka.http.RestClientTransportClientFactory.lambda$newClient$2(RestClientTransportClientFactory.java:98)
	at org.springframework.http.client.ClientHttpRequestInterceptor.lambda$apply$0(ClientHttpRequestInterceptor.java:89)
	at org.springframework.http.client.InterceptingClientHttpRequest.executeInternal(InterceptingClientHttpRequest.java:73)
	at org.springframework.http.client.AbstractBufferingClientHttpRequest.executeInternal(AbstractBufferingClientHttpRequest.java:50)
	at org.springframework.http.client.AbstractClientHttpRequest.execute(AbstractClientHttpRequest.java:80)
	at org.springframework.web.client.DefaultRestClient$DefaultRequestBodyUriSpec.exchangeInternal(DefaultRestClient.java:614)
	... 40 more

2026-05-13 08:21:08.576 [SpringApplicationShutdownHook] WARN  [traceId=, spanId=] c.n.d.s.t.d.RetryableEurekaHttpClient — Request execution failed with message: I/O error on DELETE request for "http://localhost:8761/eureka/apps/TAVIA-INVENTORY-SERVICE/10.0.0.139:tavia-inventory-service:8083": Connect to http://localhost:8761 failed: Connection refused
2026-05-13 08:21:08.576 [SpringApplicationShutdownHook] ERROR [traceId=, spanId=] c.netflix.discovery.DiscoveryClient — DiscoveryClient_TAVIA-INVENTORY-SERVICE/10.0.0.139:tavia-inventory-service:8083 - de-registration failedCannot execute request on any known server
com.netflix.discovery.shared.transport.TransportException: Cannot execute request on any known server
	at com.netflix.discovery.shared.transport.decorator.RetryableEurekaHttpClient.execute(RetryableEurekaHttpClient.java:112)
	at com.netflix.discovery.shared.transport.decorator.EurekaHttpClientDecorator.cancel(EurekaHttpClientDecorator.java:71)
	at com.netflix.discovery.shared.transport.decorator.EurekaHttpClientDecorator$2.execute(EurekaHttpClientDecorator.java:74)
	at com.netflix.discovery.shared.transport.decorator.SessionedEurekaHttpClient.execute(SessionedEurekaHttpClient.java:76)
	at com.netflix.discovery.shared.transport.decorator.EurekaHttpClientDecorator.cancel(EurekaHttpClientDecorator.java:71)
	at com.netflix.discovery.DiscoveryClient.unregister(DiscoveryClient.java:919)
	at com.netflix.discovery.DiscoveryClient.shutdown(DiscoveryClient.java:900)
	at java.base/jdk.internal.reflect.DirectMethodHandleAccessor.invoke(DirectMethodHandleAccessor.java:103)
	at java.base/java.lang.reflect.Method.invoke(Method.java:580)
	at org.springframework.beans.factory.annotation.InitDestroyAnnotationBeanPostProcessor$LifecycleMethod.invoke(InitDestroyAnnotationBeanPostProcessor.java:453)
	at org.springframework.beans.factory.annotation.InitDestroyAnnotationBeanPostProcessor$LifecycleMetadata.invokeDestroyMethods(InitDestroyAnnotationBeanPostProcessor.java:411)
	at org.springframework.beans.factory.annotation.InitDestroyAnnotationBeanPostProcessor.postProcessBeforeDestruction(InitDestroyAnnotationBeanPostProcessor.java:237)
	at org.springframework.beans.factory.support.DisposableBeanAdapter.destroy(DisposableBeanAdapter.java:200)
	at org.springframework.beans.factory.support.DisposableBeanAdapter.run(DisposableBeanAdapter.java:193)
	at org.springframework.cloud.context.scope.GenericScope$BeanLifecycleWrapper.destroy(GenericScope.java:387)
	at org.springframework.cloud.context.scope.GenericScope.destroy(GenericScope.java:134)
	at org.springframework.beans.factory.support.DisposableBeanAdapter.destroy(DisposableBeanAdapter.java:209)
	at org.springframework.beans.factory.support.DefaultSingletonBeanRegistry.destroyBean(DefaultSingletonBeanRegistry.java:795)
	at org.springframework.beans.factory.support.DefaultSingletonBeanRegistry.destroySingleton(DefaultSingletonBeanRegistry.java:745)
	at org.springframework.beans.factory.support.DefaultListableBeanFactory.destroySingleton(DefaultListableBeanFactory.java:1500)
	at org.springframework.beans.factory.support.DefaultSingletonBeanRegistry.destroySingletons(DefaultSingletonBeanRegistry.java:704)
	at org.springframework.beans.factory.support.DefaultListableBeanFactory.destroySingletons(DefaultListableBeanFactory.java:1493)
	at org.springframework.context.support.AbstractApplicationContext.destroyBeans(AbstractApplicationContext.java:1246)
	at org.springframework.context.support.AbstractApplicationContext.doClose(AbstractApplicationContext.java:1207)
	at org.springframework.boot.web.server.servlet.context.ServletWebServerApplicationContext.doClose(ServletWebServerApplicationContext.java:176)
	at org.springframework.context.support.AbstractApplicationContext.close(AbstractApplicationContext.java:1153)
	at org.springframework.boot.SpringApplicationShutdownHook.closeAndWait(SpringApplicationShutdownHook.java:147)
	at java.base/java.lang.Iterable.forEach(Iterable.java:75)
	at org.springframework.boot.SpringApplicationShutdownHook.run(SpringApplicationShutdownHook.java:116)
	at java.base/java.lang.Thread.run(Thread.java:1583)
2026-05-13 08:21:08.578 [SpringApplicationShutdownHook] INFO  [traceId=, spanId=] c.netflix.discovery.DiscoveryClient — Completed shut down of DiscoveryClient
