

********************************************************
>>> SERVİS BAŞLATILDI: 2026-05-04 20:41:18
********************************************************

> Task :compileJava UP-TO-DATE
> Task :processResources UP-TO-DATE
> Task :classes UP-TO-DATE
> Task :resolveMainClassName UP-TO-DATE

> Task :bootRun

  .   ____          _            __ _ _
 /\\ / ___'_ __ _ _(_)_ __  __ _ \ \ \ \
( ( )\___ | '_ | '_| | '_ \/ _` | \ \ \ \
 \\/  ___)| |_)| | | | | || (_| |  ) ) ) )
  '  |____| .__|_| |_|_| |_\__, | / / / /
 =========|_|==============|___/=/_/_/_/

 :: Spring Boot ::                (v4.0.6)

2026-05-04 20:41:20.930 [background-preinit] INFO  o.h.validator.internal.util.Version — HV000001: Hibernate Validator 9.0.1.Final
2026-05-04 20:41:20.956 [restartedMain] INFO  c.t.c.TaviaConfigServiceApplication — Starting TaviaConfigServiceApplication using Java 21.0.10 with PID 110592 (/home/tuna/Desktop/tavia_v2/tavia-config-service/build/classes/java/main started by tuna in /home/tuna/Desktop/tavia_v2/tavia-config-service)
2026-05-04 20:41:20.956 [restartedMain] INFO  c.t.c.TaviaConfigServiceApplication — The following 1 profile is active: "native"
2026-05-04 20:41:20.987 [restartedMain] INFO  o.s.b.d.e.DevToolsPropertyDefaultsPostProcessor — Devtools property defaults active! Set 'spring.devtools.add-properties' to 'false' to disable
2026-05-04 20:41:20.987 [restartedMain] INFO  o.s.b.d.e.DevToolsPropertyDefaultsPostProcessor — For additional web related logging consider setting the 'logging.level.web' property to 'DEBUG'
2026-05-04 20:41:21.401 [restartedMain] INFO  o.s.cloud.context.scope.GenericScope — BeanFactory id=9879608e-2dbf-3546-8a14-32cb3b604218
2026-05-04 20:41:21.657 [restartedMain] INFO  o.s.boot.tomcat.TomcatWebServer — Tomcat initialized with port 8888 (http)
2026-05-04 20:41:21.665 [restartedMain] INFO  o.a.coyote.http11.Http11NioProtocol — Initializing ProtocolHandler ["http-nio-8888"]
2026-05-04 20:41:21.666 [restartedMain] INFO  o.a.catalina.core.StandardService — Starting service [Tomcat]
2026-05-04 20:41:21.667 [restartedMain] INFO  o.a.catalina.core.StandardEngine — Starting Servlet engine: [Apache Tomcat/11.0.21]
2026-05-04 20:41:21.692 [restartedMain] INFO  o.s.b.w.c.s.WebApplicationContextInitializer — Root WebApplicationContext: initialization completed in 704 ms
2026-05-04 20:41:22.107 [restartedMain] INFO  o.a.coyote.http11.Http11NioProtocol — Starting ProtocolHandler ["http-nio-8888"]
2026-05-04 20:41:22.117 [restartedMain] INFO  o.s.boot.tomcat.TomcatWebServer — Tomcat started on port 8888 (http) with context path '/'
2026-05-04 20:41:22.129 [restartedMain] INFO  c.t.c.TaviaConfigServiceApplication — Started TaviaConfigServiceApplication in 1.607 seconds (process running for 1.967)
2026-05-04 20:41:42.957 [http-nio-8888-exec-1] INFO  o.a.c.c.C.[Tomcat].[localhost].[/] — Initializing Spring DispatcherServlet 'dispatcherServlet'
2026-05-04 20:41:42.957 [http-nio-8888-exec-1] INFO  o.s.web.servlet.DispatcherServlet — Initializing Servlet 'dispatcherServlet'
2026-05-04 20:41:42.958 [http-nio-8888-exec-1] INFO  o.s.web.servlet.DispatcherServlet — Completed initialization in 1 ms
2026-05-04 20:41:42.997 [http-nio-8888-exec-1] INFO  o.s.c.c.s.e.NativeEnvironmentRepository — Adding property source: Config resource 'file [/home/tuna/Desktop/tavia_v2/configurations/application.yml]' via location 'file:///home/tuna/Desktop/tavia_v2/configurations/'
2026-05-04 20:42:00.243 [http-nio-8888-exec-2] INFO  o.s.c.c.s.e.NativeEnvironmentRepository — Adding property source: Config resource 'file [/home/tuna/Desktop/tavia_v2/configurations/tavia-tenant-service.yml]' via location 'file:///home/tuna/Desktop/tavia_v2/configurations/'
2026-05-04 20:42:00.244 [http-nio-8888-exec-2] INFO  o.s.c.c.s.e.NativeEnvironmentRepository — Adding property source: Config resource 'file [/home/tuna/Desktop/tavia_v2/configurations/application.yml]' via location 'file:///home/tuna/Desktop/tavia_v2/configurations/'
2026-05-04 20:42:17.233 [http-nio-8888-exec-3] INFO  o.s.c.c.s.e.NativeEnvironmentRepository — Adding property source: Config resource 'file [/home/tuna/Desktop/tavia_v2/configurations/tavia-inventory-service.yml]' via location 'file:///home/tuna/Desktop/tavia_v2/configurations/'
2026-05-04 20:42:17.234 [http-nio-8888-exec-3] INFO  o.s.c.c.s.e.NativeEnvironmentRepository — Adding property source: Config resource 'file [/home/tuna/Desktop/tavia_v2/configurations/application.yml]' via location 'file:///home/tuna/Desktop/tavia_v2/configurations/'
2026-05-04 20:42:34.499 [http-nio-8888-exec-4] INFO  o.s.c.c.s.e.NativeEnvironmentRepository — Adding property source: Config resource 'file [/home/tuna/Desktop/tavia_v2/configurations/tavia-catalog-service.yml]' via location 'file:///home/tuna/Desktop/tavia_v2/configurations/'
2026-05-04 20:42:34.499 [http-nio-8888-exec-4] INFO  o.s.c.c.s.e.NativeEnvironmentRepository — Adding property source: Config resource 'file [/home/tuna/Desktop/tavia_v2/configurations/application.yml]' via location 'file:///home/tuna/Desktop/tavia_v2/configurations/'
2026-05-04 20:42:51.360 [http-nio-8888-exec-6] INFO  o.s.c.c.s.e.NativeEnvironmentRepository — Adding property source: Config resource 'file [/home/tuna/Desktop/tavia_v2/configurations/tavia-crm-service.yml]' via location 'file:///home/tuna/Desktop/tavia_v2/configurations/'
2026-05-04 20:42:51.360 [http-nio-8888-exec-6] INFO  o.s.c.c.s.e.NativeEnvironmentRepository — Adding property source: Config resource 'file [/home/tuna/Desktop/tavia_v2/configurations/application.yml]' via location 'file:///home/tuna/Desktop/tavia_v2/configurations/'
2026-05-04 20:43:09.069 [http-nio-8888-exec-8] INFO  o.s.c.c.s.e.NativeEnvironmentRepository — Adding property source: Config resource 'file [/home/tuna/Desktop/tavia_v2/configurations/tavia-order-service.yml]' via location 'file:///home/tuna/Desktop/tavia_v2/configurations/'
2026-05-04 20:43:09.069 [http-nio-8888-exec-8] INFO  o.s.c.c.s.e.NativeEnvironmentRepository — Adding property source: Config resource 'file [/home/tuna/Desktop/tavia_v2/configurations/application.yml]' via location 'file:///home/tuna/Desktop/tavia_v2/configurations/'
2026-05-04 20:43:26.832 [http-nio-8888-exec-10] INFO  o.s.c.c.s.e.NativeEnvironmentRepository — Adding property source: Config resource 'file [/home/tuna/Desktop/tavia_v2/configurations/tavia-iot-service.yml]' via location 'file:///home/tuna/Desktop/tavia_v2/configurations/'
2026-05-04 20:43:26.832 [http-nio-8888-exec-10] INFO  o.s.c.c.s.e.NativeEnvironmentRepository — Adding property source: Config resource 'file [/home/tuna/Desktop/tavia_v2/configurations/application.yml]' via location 'file:///home/tuna/Desktop/tavia_v2/configurations/'
2026-05-04 20:43:42.406 [http-nio-8888-exec-2] INFO  o.s.c.c.s.e.NativeEnvironmentRepository — Adding property source: Config resource 'file [/home/tuna/Desktop/tavia_v2/configurations/tavia-context-service.yml]' via location 'file:///home/tuna/Desktop/tavia_v2/configurations/'
2026-05-04 20:43:42.406 [http-nio-8888-exec-2] INFO  o.s.c.c.s.e.NativeEnvironmentRepository — Adding property source: Config resource 'file [/home/tuna/Desktop/tavia_v2/configurations/application.yml]' via location 'file:///home/tuna/Desktop/tavia_v2/configurations/'
2026-05-04 20:43:59.892 [http-nio-8888-exec-4] INFO  o.s.c.c.s.e.NativeEnvironmentRepository — Adding property source: Config resource 'file [/home/tuna/Desktop/tavia_v2/configurations/tavia-ai-service.yml]' via location 'file:///home/tuna/Desktop/tavia_v2/configurations/'
2026-05-04 20:43:59.892 [http-nio-8888-exec-4] INFO  o.s.c.c.s.e.NativeEnvironmentRepository — Adding property source: Config resource 'file [/home/tuna/Desktop/tavia_v2/configurations/application.yml]' via location 'file:///home/tuna/Desktop/tavia_v2/configurations/'
2026-05-04 20:44:16.611 [http-nio-8888-exec-6] INFO  o.s.c.c.s.e.NativeEnvironmentRepository — Adding property source: Config resource 'file [/home/tuna/Desktop/tavia_v2/configurations/tavia-api-gateway.yml]' via location 'file:///home/tuna/Desktop/tavia_v2/configurations/'
2026-05-04 20:44:16.612 [http-nio-8888-exec-6] INFO  o.s.c.c.s.e.NativeEnvironmentRepository — Adding property source: Config resource 'file [/home/tuna/Desktop/tavia_v2/configurations/application.yml]' via location 'file:///home/tuna/Desktop/tavia_v2/configurations/'
2026-05-04 20:44:33.995 [http-nio-8888-exec-8] INFO  o.s.c.c.s.e.NativeEnvironmentRepository — Adding property source: Config resource 'file [/home/tuna/Desktop/tavia_v2/configurations/tavia-traffic-simulator.yml]' via location 'file:///home/tuna/Desktop/tavia_v2/configurations/'
2026-05-04 20:44:33.996 [http-nio-8888-exec-8] INFO  o.s.c.c.s.e.NativeEnvironmentRepository — Adding property source: Config resource 'file [/home/tuna/Desktop/tavia_v2/configurations/application.yml]' via location 'file:///home/tuna/Desktop/tavia_v2/configurations/'

********************************************************
<<< SERVİS DURDURULDU: 2026-05-04 20:58:04
********************************************************

