

********************************************************
>>> SERVİS BAŞLATILDI: 2026-05-02 02:21:53
********************************************************

Starting a Gradle Daemon, 31 busy and 1 incompatible and 18 stopped Daemons could not be reused, use --status for details
> Task :compileJava UP-TO-DATE
> Task :processResources UP-TO-DATE
> Task :classes UP-TO-DATE
> Task :resolveMainClassName UP-TO-DATE

> Task :bootRun

  .   ____          _            __ _ _
 /\\ / ___'_ __ _ _(_)_ __  __ _ \ \ \ \
( ( )\___ | '_ | '_| | '_ \/ _` | \ \ \ \
 \\/  ___)| |_)| | | | | || (_| |  ) ) ) )
  '  |____| .__|_| |_|_| |_\__, | / / / /
 =========|_|==============|___/=/_/_/_/

 :: Spring Boot ::                (v4.0.6)

2026-05-02 02:22:03.604 [background-preinit] INFO  o.h.validator.internal.util.Version — HV000001: Hibernate Validator 9.0.1.Final
2026-05-02 02:22:03.636 [main] INFO  c.t.o.OrderServiceApplication — Starting OrderServiceApplication using Java 21.0.10 with PID 59236 (/home/tuna/Desktop/tavia_v2/tavia-order-service/build/classes/java/main started by tuna in /home/tuna/Desktop/tavia_v2/tavia-order-service)
2026-05-02 02:22:03.636 [main] DEBUG c.t.o.OrderServiceApplication — Running with Spring Boot v4.0.6, Spring v7.0.7
2026-05-02 02:22:03.637 [main] INFO  c.t.o.OrderServiceApplication — No active profile set, falling back to 1 default profile: "default"
2026-05-02 02:22:03.670 [main] INFO  o.s.c.c.c.ConfigServerConfigDataLoader — Fetching config from server at : http://localhost:8888
2026-05-02 02:22:03.670 [main] INFO  o.s.c.c.c.ConfigServerConfigDataLoader — Located environment: name=tavia-order-service, profiles=[default], label=null, version=null, state=null
2026-05-02 02:22:03.670 [main] DEBUG o.s.c.c.c.ConfigServerConfigDataLoader — Environment tavia-order-service has 2 property sources with 35 properties.
2026-05-02 02:22:04.403 [main] INFO  o.s.d.r.c.RepositoryConfigurationDelegate — Bootstrapping Spring Data JPA repositories in DEFAULT mode.
2026-05-02 02:22:04.512 [main] INFO  o.s.d.r.c.RepositoryConfigurationDelegate — Finished Spring Data repository scanning in 101 ms. Found 1 JPA repository interface.
2026-05-02 02:22:04.739 [main] INFO  o.s.cloud.context.scope.GenericScope — BeanFactory id=1364394a-c973-30fa-94f9-a778a76aaae2
2026-05-02 02:22:05.020 [main] INFO  o.s.boot.tomcat.TomcatWebServer — Tomcat initialized with port 8082 (http)
2026-05-02 02:22:05.030 [main] INFO  o.a.coyote.http11.Http11NioProtocol — Initializing ProtocolHandler ["http-nio-8082"]
2026-05-02 02:22:05.032 [main] INFO  o.a.catalina.core.StandardService — Starting service [Tomcat]
2026-05-02 02:22:05.032 [main] INFO  o.a.catalina.core.StandardEngine — Starting Servlet engine: [Apache Tomcat/11.0.21]
2026-05-02 02:22:05.074 [main] INFO  o.s.b.w.c.s.WebApplicationContextInitializer — Root WebApplicationContext: initialization completed in 1402 ms
2026-05-02 02:22:05.218 [main] INFO  org.hibernate.orm.jpa — HHH008540: Processing PersistenceUnitInfo [name: default]
2026-05-02 02:22:05.268 [main] INFO  org.hibernate.orm.core — HHH000001: Hibernate ORM core version 7.2.12.Final
2026-05-02 02:22:05.750 [main] INFO  o.s.o.j.p.SpringPersistenceUnitInfo — No LoadTimeWeaver setup: ignoring JPA class transformer
2026-05-02 02:22:05.782 [main] INFO  com.zaxxer.hikari.HikariDataSource — HikariPool-1 - Starting...
2026-05-02 02:22:05.887 [main] INFO  com.zaxxer.hikari.pool.HikariPool — HikariPool-1 - Added connection org.postgresql.jdbc.PgConnection@79735611
2026-05-02 02:22:05.888 [main] INFO  com.zaxxer.hikari.HikariDataSource — HikariPool-1 - Start completed.
2026-05-02 02:22:05.916 [main] WARN  org.hibernate.orm.deprecation — HHH90000025: PostgreSQLDialect does not need to be specified explicitly using 'hibernate.dialect' (remove the property setting and it will be selected by default)
2026-05-02 02:22:05.937 [main] INFO  o.hibernate.orm.connections.pooling — HHH10001005: Database info:
	Database JDBC URL [jdbc:postgresql://localhost:5432/tavia_db]
	Database driver: PostgreSQL JDBC Driver
	Database dialect: PostgreSQLDialect
	Database version: 15.17
	Default catalog/schema: tavia_db/public
	Autocommit mode: undefined/unknown
	Isolation level: READ_COMMITTED [default READ_COMMITTED]
	JDBC fetch size: none
	Pool: DataSourceConnectionProvider
	Minimum pool size: undefined/unknown
	Maximum pool size: undefined/unknown
2026-05-02 02:22:06.730 [main] INFO  org.hibernate.orm.core — HHH000489: No JTA platform available (set 'hibernate.transaction.jta.platform' to enable JTA platform integration)
2026-05-02 02:22:06.778 [main] DEBUG org.hibernate.SQL — create table orders (id uuid not null, customer_id uuid, order_date timestamp(6), price numeric(38,2), product_name varchar(255), quantity integer, tenant_id uuid, primary key (id))
Hibernate: create table orders (id uuid not null, customer_id uuid, order_date timestamp(6), price numeric(38,2), product_name varchar(255), quantity integer, tenant_id uuid, primary key (id))
2026-05-02 02:22:06.783 [main] INFO  o.s.o.j.LocalContainerEntityManagerFactoryBean — Initialized JPA EntityManagerFactory for persistence unit 'default'
2026-05-02 02:22:06.960 [main] INFO  o.s.d.j.r.q.QueryEnhancerFactories — Hibernate is in classpath; If applicable, HQL parser will be used.
2026-05-02 02:22:07.171 [main] WARN  o.s.b.j.a.JpaBaseConfiguration$JpaWebConfiguration — spring.jpa.open-in-view is enabled by default. Therefore, database queries may be performed during view rendering. Explicitly configure spring.jpa.open-in-view to disable this warning
2026-05-02 02:22:07.703 [main] INFO  o.s.c.n.e.c.DiscoveryClientOptionalArgsConfiguration — Eureka HTTP Client uses RestClient.
2026-05-02 02:22:07.738 [main] WARN  o.s.c.l.c.LoadBalancerCacheAutoConfiguration$LoadBalancerCaffeineWarnLogger — Spring Cloud LoadBalancer is currently working with the default cache. While this cache implementation is useful for development and tests, it's recommended to use Caffeine cache in production.You can switch to using Caffeine cache, by adding it and org.springframework.cache.caffeine.CaffeineCacheManager to the classpath.
2026-05-02 02:22:07.766 [main] INFO  o.s.c.n.eureka.InstanceInfoFactory — Setting initial instance status as: STARTING
2026-05-02 02:22:07.784 [main] INFO  c.netflix.discovery.DiscoveryClient — Initializing Eureka in region us-east-1
2026-05-02 02:22:07.787 [main] INFO  c.n.d.s.r.aws.ConfigClusterResolver — Resolving eureka endpoints via configuration
2026-05-02 02:22:07.794 [main] INFO  c.netflix.discovery.DiscoveryClient — Disable delta property : false
2026-05-02 02:22:07.794 [main] INFO  c.netflix.discovery.DiscoveryClient — Single vip registry refresh property : null
2026-05-02 02:22:07.794 [main] INFO  c.netflix.discovery.DiscoveryClient — Force full registry fetch : false
2026-05-02 02:22:07.794 [main] INFO  c.netflix.discovery.DiscoveryClient — Application is null : false
2026-05-02 02:22:07.794 [main] INFO  c.netflix.discovery.DiscoveryClient — Registered Applications size is zero : true
2026-05-02 02:22:07.794 [main] INFO  c.netflix.discovery.DiscoveryClient — Application version is -1: true
2026-05-02 02:22:07.795 [main] INFO  c.netflix.discovery.DiscoveryClient — Getting all instance registry info from the eureka server
2026-05-02 02:22:07.996 [main] INFO  c.netflix.discovery.DiscoveryClient — The response status is 200
2026-05-02 02:22:07.998 [main] INFO  c.netflix.discovery.DiscoveryClient — Starting heartbeat executor: renew interval is: 30
2026-05-02 02:22:08.000 [main] INFO  c.n.discovery.InstanceInfoReplicator — InstanceInfoReplicator onDemand update allowed rate per min is 4
2026-05-02 02:22:08.001 [main] INFO  c.netflix.discovery.DiscoveryClient — Discovery Client initialized at timestamp 1777677728001 with initial instances count: 3
2026-05-02 02:22:08.005 [main] INFO  o.s.c.n.e.s.EurekaServiceRegistry — Registering application TAVIA-ORDER-SERVICE with eureka with status UP
2026-05-02 02:22:08.006 [main] INFO  c.netflix.discovery.DiscoveryClient — Saw local status change event StatusChangeEvent [timestamp=1777677728006, current=UP, previous=STARTING]
2026-05-02 02:22:08.007 [DiscoveryClient-InstanceInfoReplicator-%d] INFO  c.netflix.discovery.DiscoveryClient — DiscoveryClient_TAVIA-ORDER-SERVICE/10.209.184.229:tavia-order-service:8082: registering service...
2026-05-02 02:22:08.007 [main] INFO  o.a.coyote.http11.Http11NioProtocol — Starting ProtocolHandler ["http-nio-8082"]
2026-05-02 02:22:08.018 [main] INFO  o.s.boot.tomcat.TomcatWebServer — Tomcat started on port 8082 (http) with context path '/'
2026-05-02 02:22:08.019 [main] INFO  o.s.c.n.e.s.EurekaAutoServiceRegistration — Updating port to 8082
2026-05-02 02:22:08.033 [main] INFO  c.t.o.OrderServiceApplication — Started OrderServiceApplication in 5.321 seconds (process running for 5.752)
2026-05-02 02:22:08.037 [main] WARN  o.s.c.events.SpringDocAppInitializer — SpringDoc /v3/api-docs endpoint is enabled by default. To disable it in production, set the property 'springdoc.api-docs.enabled=false'
2026-05-02 02:22:08.037 [main] WARN  o.s.c.events.SpringDocAppInitializer — SpringDoc /swagger-ui.html endpoint is enabled by default. To disable it in production, set the property 'springdoc.swagger-ui.enabled=false'
2026-05-02 02:22:08.040 [DiscoveryClient-InstanceInfoReplicator-%d] INFO  c.netflix.discovery.DiscoveryClient — DiscoveryClient_TAVIA-ORDER-SERVICE/10.209.184.229:tavia-order-service:8082 - registration status: 204


********************************************************
>>> SERVİS BAŞLATILDI: 2026-05-02 02:30:41
********************************************************

Starting a Gradle Daemon, 40 busy and 1 incompatible and 12 stopped Daemons could not be reused, use --status for details
> Task :compileJava UP-TO-DATE
> Task :processResources UP-TO-DATE
> Task :classes UP-TO-DATE
> Task :resolveMainClassName UP-TO-DATE

> Task :bootRun

  .   ____          _            __ _ _
 /\\ / ___'_ __ _ _(_)_ __  __ _ \ \ \ \
( ( )\___ | '_ | '_| | '_ \/ _` | \ \ \ \
 \\/  ___)| |_)| | | | | || (_| |  ) ) ) )
  '  |____| .__|_| |_|_| |_\__, | / / / /
 =========|_|==============|___/=/_/_/_/

 :: Spring Boot ::                (v4.0.6)

2026-05-02 02:30:48.947 [background-preinit] INFO  o.h.validator.internal.util.Version — HV000001: Hibernate Validator 9.0.1.Final
2026-05-02 02:30:48.973 [main] INFO  c.t.o.OrderServiceApplication — Starting OrderServiceApplication using Java 21.0.10 with PID 15715 (/home/tuna/Desktop/tavia_v2/tavia-order-service/build/classes/java/main started by tuna in /home/tuna/Desktop/tavia_v2/tavia-order-service)
2026-05-02 02:30:48.973 [main] DEBUG c.t.o.OrderServiceApplication — Running with Spring Boot v4.0.6, Spring v7.0.7
2026-05-02 02:30:48.974 [main] INFO  c.t.o.OrderServiceApplication — No active profile set, falling back to 1 default profile: "default"
2026-05-02 02:30:49.006 [main] INFO  o.s.c.c.c.ConfigServerConfigDataLoader — Fetching config from server at : http://localhost:8888
2026-05-02 02:30:49.006 [main] INFO  o.s.c.c.c.ConfigServerConfigDataLoader — Located environment: name=tavia-order-service, profiles=[default], label=null, version=null, state=null
2026-05-02 02:30:49.007 [main] DEBUG o.s.c.c.c.ConfigServerConfigDataLoader — Environment tavia-order-service has 2 property sources with 35 properties.
2026-05-02 02:30:49.508 [main] INFO  o.s.d.r.c.RepositoryConfigurationDelegate — Bootstrapping Spring Data JPA repositories in DEFAULT mode.
2026-05-02 02:30:49.594 [main] INFO  o.s.d.r.c.RepositoryConfigurationDelegate — Finished Spring Data repository scanning in 79 ms. Found 1 JPA repository interface.
2026-05-02 02:30:49.753 [main] INFO  o.s.cloud.context.scope.GenericScope — BeanFactory id=1364394a-c973-30fa-94f9-a778a76aaae2
2026-05-02 02:30:49.976 [main] INFO  o.s.boot.tomcat.TomcatWebServer — Tomcat initialized with port 8082 (http)
2026-05-02 02:30:49.984 [main] INFO  o.a.coyote.http11.Http11NioProtocol — Initializing ProtocolHandler ["http-nio-8082"]
2026-05-02 02:30:49.986 [main] INFO  o.a.catalina.core.StandardService — Starting service [Tomcat]
2026-05-02 02:30:49.986 [main] INFO  o.a.catalina.core.StandardEngine — Starting Servlet engine: [Apache Tomcat/11.0.21]
2026-05-02 02:30:50.022 [main] INFO  o.s.b.w.c.s.WebApplicationContextInitializer — Root WebApplicationContext: initialization completed in 1013 ms
2026-05-02 02:30:50.137 [main] INFO  org.hibernate.orm.jpa — HHH008540: Processing PersistenceUnitInfo [name: default]
2026-05-02 02:30:50.170 [main] INFO  org.hibernate.orm.core — HHH000001: Hibernate ORM core version 7.2.12.Final
2026-05-02 02:30:50.454 [main] INFO  o.s.o.j.p.SpringPersistenceUnitInfo — No LoadTimeWeaver setup: ignoring JPA class transformer
2026-05-02 02:30:50.480 [main] INFO  com.zaxxer.hikari.HikariDataSource — HikariPool-1 - Starting...
2026-05-02 02:30:50.558 [main] INFO  com.zaxxer.hikari.pool.HikariPool — HikariPool-1 - Added connection org.postgresql.jdbc.PgConnection@79735611
2026-05-02 02:30:50.559 [main] INFO  com.zaxxer.hikari.HikariDataSource — HikariPool-1 - Start completed.
2026-05-02 02:30:50.578 [main] WARN  org.hibernate.orm.deprecation — HHH90000025: PostgreSQLDialect does not need to be specified explicitly using 'hibernate.dialect' (remove the property setting and it will be selected by default)
2026-05-02 02:30:50.592 [main] INFO  o.hibernate.orm.connections.pooling — HHH10001005: Database info:
	Database JDBC URL [jdbc:postgresql://localhost:5432/tavia_db]
	Database driver: PostgreSQL JDBC Driver
	Database dialect: PostgreSQLDialect
	Database version: 15.17
	Default catalog/schema: tavia_db/public
	Autocommit mode: undefined/unknown
	Isolation level: READ_COMMITTED [default READ_COMMITTED]
	JDBC fetch size: none
	Pool: DataSourceConnectionProvider
	Minimum pool size: undefined/unknown
	Maximum pool size: undefined/unknown
2026-05-02 02:30:51.158 [main] INFO  org.hibernate.orm.core — HHH000489: No JTA platform available (set 'hibernate.transaction.jta.platform' to enable JTA platform integration)
2026-05-02 02:30:51.198 [main] INFO  o.s.o.j.LocalContainerEntityManagerFactoryBean — Initialized JPA EntityManagerFactory for persistence unit 'default'
2026-05-02 02:30:51.343 [main] INFO  o.s.d.j.r.q.QueryEnhancerFactories — Hibernate is in classpath; If applicable, HQL parser will be used.
2026-05-02 02:30:51.497 [main] WARN  o.s.b.j.a.JpaBaseConfiguration$JpaWebConfiguration — spring.jpa.open-in-view is enabled by default. Therefore, database queries may be performed during view rendering. Explicitly configure spring.jpa.open-in-view to disable this warning
2026-05-02 02:30:51.889 [main] INFO  o.s.c.n.e.c.DiscoveryClientOptionalArgsConfiguration — Eureka HTTP Client uses RestClient.
2026-05-02 02:30:51.913 [main] WARN  o.s.c.l.c.LoadBalancerCacheAutoConfiguration$LoadBalancerCaffeineWarnLogger — Spring Cloud LoadBalancer is currently working with the default cache. While this cache implementation is useful for development and tests, it's recommended to use Caffeine cache in production.You can switch to using Caffeine cache, by adding it and org.springframework.cache.caffeine.CaffeineCacheManager to the classpath.
2026-05-02 02:30:51.934 [main] INFO  o.s.c.n.eureka.InstanceInfoFactory — Setting initial instance status as: STARTING
2026-05-02 02:30:51.948 [main] INFO  c.netflix.discovery.DiscoveryClient — Initializing Eureka in region us-east-1
2026-05-02 02:30:51.950 [main] INFO  c.n.d.s.r.aws.ConfigClusterResolver — Resolving eureka endpoints via configuration
2026-05-02 02:30:51.955 [main] INFO  c.netflix.discovery.DiscoveryClient — Disable delta property : false
2026-05-02 02:30:51.955 [main] INFO  c.netflix.discovery.DiscoveryClient — Single vip registry refresh property : null
2026-05-02 02:30:51.955 [main] INFO  c.netflix.discovery.DiscoveryClient — Force full registry fetch : false
2026-05-02 02:30:51.955 [main] INFO  c.netflix.discovery.DiscoveryClient — Application is null : false
2026-05-02 02:30:51.955 [main] INFO  c.netflix.discovery.DiscoveryClient — Registered Applications size is zero : true
2026-05-02 02:30:51.955 [main] INFO  c.netflix.discovery.DiscoveryClient — Application version is -1: true
2026-05-02 02:30:51.955 [main] INFO  c.netflix.discovery.DiscoveryClient — Getting all instance registry info from the eureka server
2026-05-02 02:30:52.040 [main] INFO  c.netflix.discovery.DiscoveryClient — The response status is 200
2026-05-02 02:30:52.041 [main] INFO  c.netflix.discovery.DiscoveryClient — Starting heartbeat executor: renew interval is: 30
2026-05-02 02:30:52.042 [main] INFO  c.n.discovery.InstanceInfoReplicator — InstanceInfoReplicator onDemand update allowed rate per min is 4
2026-05-02 02:30:52.043 [main] INFO  c.netflix.discovery.DiscoveryClient — Discovery Client initialized at timestamp 1777678252043 with initial instances count: 2
2026-05-02 02:30:52.045 [main] INFO  o.s.c.n.e.s.EurekaServiceRegistry — Registering application TAVIA-ORDER-SERVICE with eureka with status UP
2026-05-02 02:30:52.046 [main] INFO  c.netflix.discovery.DiscoveryClient — Saw local status change event StatusChangeEvent [timestamp=1777678252046, current=UP, previous=STARTING]
2026-05-02 02:30:52.047 [DiscoveryClient-InstanceInfoReplicator-%d] INFO  c.netflix.discovery.DiscoveryClient — DiscoveryClient_TAVIA-ORDER-SERVICE/10.0.0.139:tavia-order-service:8082: registering service...
2026-05-02 02:30:52.047 [main] INFO  o.a.coyote.http11.Http11NioProtocol — Starting ProtocolHandler ["http-nio-8082"]
2026-05-02 02:30:52.055 [main] INFO  o.s.boot.tomcat.TomcatWebServer — Tomcat started on port 8082 (http) with context path '/'
2026-05-02 02:30:52.056 [main] INFO  o.s.c.n.e.s.EurekaAutoServiceRegistration — Updating port to 8082
2026-05-02 02:30:52.065 [main] INFO  c.t.o.OrderServiceApplication — Started OrderServiceApplication in 3.843 seconds (process running for 4.175)
2026-05-02 02:30:52.068 [main] WARN  o.s.c.events.SpringDocAppInitializer — SpringDoc /v3/api-docs endpoint is enabled by default. To disable it in production, set the property 'springdoc.api-docs.enabled=false'
2026-05-02 02:30:52.068 [main] WARN  o.s.c.events.SpringDocAppInitializer — SpringDoc /swagger-ui.html endpoint is enabled by default. To disable it in production, set the property 'springdoc.swagger-ui.enabled=false'
2026-05-02 02:30:52.071 [DiscoveryClient-InstanceInfoReplicator-%d] INFO  c.netflix.discovery.DiscoveryClient — DiscoveryClient_TAVIA-ORDER-SERVICE/10.0.0.139:tavia-order-service:8082 - registration status: 204
2026-05-02 02:35:51.957 [AsyncResolver-bootstrap-executor-%d] INFO  c.n.d.s.r.aws.ConfigClusterResolver — Resolving eureka endpoints via configuration
2026-05-02 02:40:51.957 [AsyncResolver-bootstrap-executor-%d] INFO  c.n.d.s.r.aws.ConfigClusterResolver — Resolving eureka endpoints via configuration


********************************************************
>>> SERVİS BAŞLATILDI: 2026-05-02 11:33:26
********************************************************

Starting a Gradle Daemon, 49 busy and 1 incompatible and 1 stopped Daemons could not be reused, use --status for details
> Task :compileJava UP-TO-DATE
> Task :processResources UP-TO-DATE
> Task :classes UP-TO-DATE
> Task :resolveMainClassName UP-TO-DATE

> Task :bootRun

  .   ____          _            __ _ _
 /\\ / ___'_ __ _ _(_)_ __  __ _ \ \ \ \
( ( )\___ | '_ | '_| | '_ \/ _` | \ \ \ \
 \\/  ___)| |_)| | | | | || (_| |  ) ) ) )
  '  |____| .__|_| |_|_| |_\__, | / / / /
 =========|_|==============|___/=/_/_/_/

 :: Spring Boot ::                (v4.0.6)

2026-05-02 11:33:33.557 [background-preinit] INFO  o.h.validator.internal.util.Version — HV000001: Hibernate Validator 9.0.1.Final
2026-05-02 11:33:33.581 [main] INFO  c.t.o.OrderServiceApplication — Starting OrderServiceApplication using Java 21.0.10 with PID 16086 (/home/tuna/Desktop/tavia_v2/tavia-order-service/build/classes/java/main started by tuna in /home/tuna/Desktop/tavia_v2/tavia-order-service)
2026-05-02 11:33:33.581 [main] DEBUG c.t.o.OrderServiceApplication — Running with Spring Boot v4.0.6, Spring v7.0.7
2026-05-02 11:33:33.582 [main] INFO  c.t.o.OrderServiceApplication — No active profile set, falling back to 1 default profile: "default"
2026-05-02 11:33:33.609 [main] INFO  o.s.c.c.c.ConfigServerConfigDataLoader — Fetching config from server at : http://localhost:8888
2026-05-02 11:33:33.609 [main] INFO  o.s.c.c.c.ConfigServerConfigDataLoader — Located environment: name=tavia-order-service, profiles=[default], label=null, version=null, state=null
2026-05-02 11:33:33.609 [main] DEBUG o.s.c.c.c.ConfigServerConfigDataLoader — Environment tavia-order-service has 2 property sources with 35 properties.
2026-05-02 11:33:34.088 [main] INFO  o.s.d.r.c.RepositoryConfigurationDelegate — Bootstrapping Spring Data JPA repositories in DEFAULT mode.
2026-05-02 11:33:34.178 [main] INFO  o.s.d.r.c.RepositoryConfigurationDelegate — Finished Spring Data repository scanning in 83 ms. Found 1 JPA repository interface.
2026-05-02 11:33:34.336 [main] INFO  o.s.cloud.context.scope.GenericScope — BeanFactory id=1364394a-c973-30fa-94f9-a778a76aaae2
2026-05-02 11:33:34.569 [main] INFO  o.s.boot.tomcat.TomcatWebServer — Tomcat initialized with port 8082 (http)
2026-05-02 11:33:34.577 [main] INFO  o.a.coyote.http11.Http11NioProtocol — Initializing ProtocolHandler ["http-nio-8082"]
2026-05-02 11:33:34.579 [main] INFO  o.a.catalina.core.StandardService — Starting service [Tomcat]
2026-05-02 11:33:34.579 [main] INFO  o.a.catalina.core.StandardEngine — Starting Servlet engine: [Apache Tomcat/11.0.21]
2026-05-02 11:33:34.614 [main] INFO  o.s.b.w.c.s.WebApplicationContextInitializer — Root WebApplicationContext: initialization completed in 1003 ms
2026-05-02 11:33:34.718 [main] INFO  org.hibernate.orm.jpa — HHH008540: Processing PersistenceUnitInfo [name: default]
2026-05-02 11:33:34.751 [main] INFO  org.hibernate.orm.core — HHH000001: Hibernate ORM core version 7.2.12.Final
2026-05-02 11:33:35.050 [main] INFO  o.s.o.j.p.SpringPersistenceUnitInfo — No LoadTimeWeaver setup: ignoring JPA class transformer
2026-05-02 11:33:35.071 [main] INFO  com.zaxxer.hikari.HikariDataSource — HikariPool-1 - Starting...
2026-05-02 11:33:35.149 [main] INFO  com.zaxxer.hikari.pool.HikariPool — HikariPool-1 - Added connection org.postgresql.jdbc.PgConnection@79735611
2026-05-02 11:33:35.150 [main] INFO  com.zaxxer.hikari.HikariDataSource — HikariPool-1 - Start completed.
2026-05-02 11:33:35.169 [main] WARN  org.hibernate.orm.deprecation — HHH90000025: PostgreSQLDialect does not need to be specified explicitly using 'hibernate.dialect' (remove the property setting and it will be selected by default)
2026-05-02 11:33:35.182 [main] INFO  o.hibernate.orm.connections.pooling — HHH10001005: Database info:
	Database JDBC URL [jdbc:postgresql://localhost:5432/tavia_db]
	Database driver: PostgreSQL JDBC Driver
	Database dialect: PostgreSQLDialect
	Database version: 15.17
	Default catalog/schema: tavia_db/public
	Autocommit mode: undefined/unknown
	Isolation level: READ_COMMITTED [default READ_COMMITTED]
	JDBC fetch size: none
	Pool: DataSourceConnectionProvider
	Minimum pool size: undefined/unknown
	Maximum pool size: undefined/unknown
2026-05-02 11:33:35.735 [main] INFO  org.hibernate.orm.core — HHH000489: No JTA platform available (set 'hibernate.transaction.jta.platform' to enable JTA platform integration)
2026-05-02 11:33:35.775 [main] INFO  o.s.o.j.LocalContainerEntityManagerFactoryBean — Initialized JPA EntityManagerFactory for persistence unit 'default'
2026-05-02 11:33:35.923 [main] INFO  o.s.d.j.r.q.QueryEnhancerFactories — Hibernate is in classpath; If applicable, HQL parser will be used.
2026-05-02 11:33:36.084 [main] WARN  o.s.b.j.a.JpaBaseConfiguration$JpaWebConfiguration — spring.jpa.open-in-view is enabled by default. Therefore, database queries may be performed during view rendering. Explicitly configure spring.jpa.open-in-view to disable this warning
2026-05-02 11:33:36.477 [main] INFO  o.s.c.n.e.c.DiscoveryClientOptionalArgsConfiguration — Eureka HTTP Client uses RestClient.
2026-05-02 11:33:36.503 [main] WARN  o.s.c.l.c.LoadBalancerCacheAutoConfiguration$LoadBalancerCaffeineWarnLogger — Spring Cloud LoadBalancer is currently working with the default cache. While this cache implementation is useful for development and tests, it's recommended to use Caffeine cache in production.You can switch to using Caffeine cache, by adding it and org.springframework.cache.caffeine.CaffeineCacheManager to the classpath.
2026-05-02 11:33:36.524 [main] INFO  o.s.c.n.eureka.InstanceInfoFactory — Setting initial instance status as: STARTING
2026-05-02 11:33:36.539 [main] INFO  c.netflix.discovery.DiscoveryClient — Initializing Eureka in region us-east-1
2026-05-02 11:33:36.541 [main] INFO  c.n.d.s.r.aws.ConfigClusterResolver — Resolving eureka endpoints via configuration
2026-05-02 11:33:36.547 [main] INFO  c.netflix.discovery.DiscoveryClient — Disable delta property : false
2026-05-02 11:33:36.547 [main] INFO  c.netflix.discovery.DiscoveryClient — Single vip registry refresh property : null
2026-05-02 11:33:36.547 [main] INFO  c.netflix.discovery.DiscoveryClient — Force full registry fetch : false
2026-05-02 11:33:36.547 [main] INFO  c.netflix.discovery.DiscoveryClient — Application is null : false
2026-05-02 11:33:36.547 [main] INFO  c.netflix.discovery.DiscoveryClient — Registered Applications size is zero : true
2026-05-02 11:33:36.547 [main] INFO  c.netflix.discovery.DiscoveryClient — Application version is -1: true
2026-05-02 11:33:36.547 [main] INFO  c.netflix.discovery.DiscoveryClient — Getting all instance registry info from the eureka server
2026-05-02 11:33:36.631 [main] INFO  c.netflix.discovery.DiscoveryClient — The response status is 200
2026-05-02 11:33:36.632 [main] INFO  c.netflix.discovery.DiscoveryClient — Starting heartbeat executor: renew interval is: 30
2026-05-02 11:33:36.633 [main] INFO  c.n.discovery.InstanceInfoReplicator — InstanceInfoReplicator onDemand update allowed rate per min is 4
2026-05-02 11:33:36.634 [main] INFO  c.netflix.discovery.DiscoveryClient — Discovery Client initialized at timestamp 1777710816634 with initial instances count: 3
2026-05-02 11:33:36.636 [main] INFO  o.s.c.n.e.s.EurekaServiceRegistry — Registering application TAVIA-ORDER-SERVICE with eureka with status UP
2026-05-02 11:33:36.637 [main] INFO  c.netflix.discovery.DiscoveryClient — Saw local status change event StatusChangeEvent [timestamp=1777710816637, current=UP, previous=STARTING]
2026-05-02 11:33:36.637 [DiscoveryClient-InstanceInfoReplicator-%d] INFO  c.netflix.discovery.DiscoveryClient — DiscoveryClient_TAVIA-ORDER-SERVICE/10.0.0.139:tavia-order-service:8082: registering service...
2026-05-02 11:33:36.638 [main] INFO  o.a.coyote.http11.Http11NioProtocol — Starting ProtocolHandler ["http-nio-8082"]
2026-05-02 11:33:36.646 [main] INFO  o.s.boot.tomcat.TomcatWebServer — Tomcat started on port 8082 (http) with context path '/'
2026-05-02 11:33:36.647 [main] INFO  o.s.c.n.e.s.EurekaAutoServiceRegistration — Updating port to 8082
2026-05-02 11:33:36.658 [main] INFO  c.t.o.OrderServiceApplication — Started OrderServiceApplication in 3.835 seconds (process running for 4.171)
2026-05-02 11:33:36.661 [main] WARN  o.s.c.events.SpringDocAppInitializer — SpringDoc /v3/api-docs endpoint is enabled by default. To disable it in production, set the property 'springdoc.api-docs.enabled=false'
2026-05-02 11:33:36.661 [main] WARN  o.s.c.events.SpringDocAppInitializer — SpringDoc /swagger-ui.html endpoint is enabled by default. To disable it in production, set the property 'springdoc.swagger-ui.enabled=false'
2026-05-02 11:33:36.661 [DiscoveryClient-InstanceInfoReplicator-%d] INFO  c.netflix.discovery.DiscoveryClient — DiscoveryClient_TAVIA-ORDER-SERVICE/10.0.0.139:tavia-order-service:8082 - registration status: 204
2026-05-02 11:38:36.548 [AsyncResolver-bootstrap-executor-%d] INFO  c.n.d.s.r.aws.ConfigClusterResolver — Resolving eureka endpoints via configuration
2026-05-02 11:43:36.548 [AsyncResolver-bootstrap-executor-%d] INFO  c.n.d.s.r.aws.ConfigClusterResolver — Resolving eureka endpoints via configuration
2026-05-02 11:48:36.549 [AsyncResolver-bootstrap-executor-%d] INFO  c.n.d.s.r.aws.ConfigClusterResolver — Resolving eureka endpoints via configuration
2026-05-02 11:53:36.553 [AsyncResolver-bootstrap-executor-%d] INFO  c.n.d.s.r.aws.ConfigClusterResolver — Resolving eureka endpoints via configuration
2026-05-02 11:58:36.554 [AsyncResolver-bootstrap-executor-%d] INFO  c.n.d.s.r.aws.ConfigClusterResolver — Resolving eureka endpoints via configuration
2026-05-02 12:03:36.554 [AsyncResolver-bootstrap-executor-%d] INFO  c.n.d.s.r.aws.ConfigClusterResolver — Resolving eureka endpoints via configuration
2026-05-02 12:08:36.554 [AsyncResolver-bootstrap-executor-%d] INFO  c.n.d.s.r.aws.ConfigClusterResolver — Resolving eureka endpoints via configuration
2026-05-02 12:13:36.555 [AsyncResolver-bootstrap-executor-%d] INFO  c.n.d.s.r.aws.ConfigClusterResolver — Resolving eureka endpoints via configuration
2026-05-02 12:18:36.559 [AsyncResolver-bootstrap-executor-%d] INFO  c.n.d.s.r.aws.ConfigClusterResolver — Resolving eureka endpoints via configuration
2026-05-02 12:23:36.559 [AsyncResolver-bootstrap-executor-%d] INFO  c.n.d.s.r.aws.ConfigClusterResolver — Resolving eureka endpoints via configuration
2026-05-02 12:28:36.560 [AsyncResolver-bootstrap-executor-%d] INFO  c.n.d.s.r.aws.ConfigClusterResolver — Resolving eureka endpoints via configuration
2026-05-02 12:33:36.560 [AsyncResolver-bootstrap-executor-%d] INFO  c.n.d.s.r.aws.ConfigClusterResolver — Resolving eureka endpoints via configuration
2026-05-02 12:38:36.561 [AsyncResolver-bootstrap-executor-%d] INFO  c.n.d.s.r.aws.ConfigClusterResolver — Resolving eureka endpoints via configuration
2026-05-02 12:43:36.565 [AsyncResolver-bootstrap-executor-%d] INFO  c.n.d.s.r.aws.ConfigClusterResolver — Resolving eureka endpoints via configuration
2026-05-02 12:48:36.565 [AsyncResolver-bootstrap-executor-%d] INFO  c.n.d.s.r.aws.ConfigClusterResolver — Resolving eureka endpoints via configuration
2026-05-02 12:53:36.565 [AsyncResolver-bootstrap-executor-%d] INFO  c.n.d.s.r.aws.ConfigClusterResolver — Resolving eureka endpoints via configuration
2026-05-02 12:58:36.569 [AsyncResolver-bootstrap-executor-%d] INFO  c.n.d.s.r.aws.ConfigClusterResolver — Resolving eureka endpoints via configuration
2026-05-02 13:03:36.570 [AsyncResolver-bootstrap-executor-%d] INFO  c.n.d.s.r.aws.ConfigClusterResolver — Resolving eureka endpoints via configuration
2026-05-02 13:08:36.575 [AsyncResolver-bootstrap-executor-%d] INFO  c.n.d.s.r.aws.ConfigClusterResolver — Resolving eureka endpoints via configuration
2026-05-02 13:13:36.576 [AsyncResolver-bootstrap-executor-%d] INFO  c.n.d.s.r.aws.ConfigClusterResolver — Resolving eureka endpoints via configuration
2026-05-02 13:18:13.071 [http-nio-8082-exec-1] INFO  o.a.c.c.C.[Tomcat].[localhost].[/] — Initializing Spring DispatcherServlet 'dispatcherServlet'
2026-05-02 13:18:13.074 [http-nio-8082-exec-1] INFO  o.s.web.servlet.DispatcherServlet — Initializing Servlet 'dispatcherServlet'
2026-05-02 13:18:13.081 [http-nio-8082-exec-1] INFO  o.s.web.servlet.DispatcherServlet — Completed initialization in 6 ms
2026-05-02 13:18:13.301 [http-nio-8082-exec-1] ERROR c.t.o.e.GlobalExceptionHandler — [TraceId: 44e1d869-f809-4238-b518-7daebbe3be91] Internal Server Error: No static resource api/v1/orders/tenant/228f8e0a-035c-47e0-8ac6-e30991748cf0 for request '/api/v1/orders/tenant/228f8e0a-035c-47e0-8ac6-e30991748cf0'.
org.springframework.web.servlet.resource.NoResourceFoundException: No static resource api/v1/orders/tenant/228f8e0a-035c-47e0-8ac6-e30991748cf0 for request '/api/v1/orders/tenant/228f8e0a-035c-47e0-8ac6-e30991748cf0'.
	at org.springframework.web.servlet.resource.ResourceHttpRequestHandler.handleRequest(ResourceHttpRequestHandler.java:526)
	at org.springframework.web.servlet.mvc.HttpRequestHandlerAdapter.handle(HttpRequestHandlerAdapter.java:50)
	at org.springframework.web.servlet.DispatcherServlet.doDispatch(DispatcherServlet.java:963)
	at org.springframework.web.servlet.DispatcherServlet.doService(DispatcherServlet.java:866)
	at org.springframework.web.servlet.FrameworkServlet.processRequest(FrameworkServlet.java:1000)
	at org.springframework.web.servlet.FrameworkServlet.doGet(FrameworkServlet.java:892)
	at jakarta.servlet.http.HttpServlet.service(HttpServlet.java:622)
	at org.springframework.web.servlet.FrameworkServlet.service(FrameworkServlet.java:874)
	at jakarta.servlet.http.HttpServlet.service(HttpServlet.java:710)
	at org.apache.catalina.core.ApplicationFilterChain.doFilter(ApplicationFilterChain.java:128)
	at org.apache.tomcat.websocket.server.WsFilter.doFilter(WsFilter.java:53)
	at org.apache.catalina.core.ApplicationFilterChain.doFilter(ApplicationFilterChain.java:107)
	at org.springframework.web.filter.RequestContextFilter.doFilterInternal(RequestContextFilter.java:100)
	at org.springframework.web.filter.OncePerRequestFilter.doFilter(OncePerRequestFilter.java:116)
	at org.apache.catalina.core.ApplicationFilterChain.doFilter(ApplicationFilterChain.java:107)
	at org.springframework.web.filter.FormContentFilter.doFilterInternal(FormContentFilter.java:93)
	at org.springframework.web.filter.OncePerRequestFilter.doFilter(OncePerRequestFilter.java:116)
	at org.apache.catalina.core.ApplicationFilterChain.doFilter(ApplicationFilterChain.java:107)
	at org.springframework.web.filter.CharacterEncodingFilter.doFilterInternal(CharacterEncodingFilter.java:199)
	at org.springframework.web.filter.OncePerRequestFilter.doFilter(OncePerRequestFilter.java:116)
	at org.apache.catalina.core.ApplicationFilterChain.doFilter(ApplicationFilterChain.java:107)
	at org.apache.catalina.core.StandardWrapperValve.invoke(StandardWrapperValve.java:165)
	at org.apache.catalina.core.StandardContextValve.invoke(StandardContextValve.java:77)
	at org.apache.catalina.authenticator.AuthenticatorBase.invoke(AuthenticatorBase.java:492)
	at org.apache.catalina.core.StandardHostValve.invoke(StandardHostValve.java:113)
	at org.apache.catalina.valves.ErrorReportValve.invoke(ErrorReportValve.java:83)
	at org.apache.catalina.core.StandardEngineValve.invoke(StandardEngineValve.java:72)
	at org.apache.catalina.connector.CoyoteAdapter.service(CoyoteAdapter.java:341)
	at org.apache.coyote.http11.Http11Processor.service(Http11Processor.java:397)
	at org.apache.coyote.AbstractProcessorLight.process(AbstractProcessorLight.java:63)
	at org.apache.coyote.AbstractProtocol$ConnectionHandler.process(AbstractProtocol.java:903)
	at org.apache.tomcat.util.net.NioEndpoint$SocketProcessor.doRun(NioEndpoint.java:1801)
	at org.apache.tomcat.util.net.SocketProcessorBase.run(SocketProcessorBase.java:52)
	at org.apache.tomcat.util.threads.ThreadPoolExecutor.runWorker(ThreadPoolExecutor.java:946)
	at org.apache.tomcat.util.threads.ThreadPoolExecutor$Worker.run(ThreadPoolExecutor.java:480)
	at org.apache.tomcat.util.threads.TaskThread$WrappingRunnable.run(TaskThread.java:57)
	at java.base/java.lang.Thread.run(Thread.java:1583)
2026-05-02 13:18:26.295 [http-nio-8082-exec-2] ERROR c.t.o.e.GlobalExceptionHandler — [TraceId: a336d3e6-b4bd-473f-b906-278674bbc82e] Internal Server Error: No static resource api/v1/orders/tenant/228f8e0a-035c-47e0-8ac6-e30991748cf0 for request '/api/v1/orders/tenant/228f8e0a-035c-47e0-8ac6-e30991748cf0'.
org.springframework.web.servlet.resource.NoResourceFoundException: No static resource api/v1/orders/tenant/228f8e0a-035c-47e0-8ac6-e30991748cf0 for request '/api/v1/orders/tenant/228f8e0a-035c-47e0-8ac6-e30991748cf0'.
	at org.springframework.web.servlet.resource.ResourceHttpRequestHandler.handleRequest(ResourceHttpRequestHandler.java:526)
	at org.springframework.web.servlet.mvc.HttpRequestHandlerAdapter.handle(HttpRequestHandlerAdapter.java:50)
	at org.springframework.web.servlet.DispatcherServlet.doDispatch(DispatcherServlet.java:963)
	at org.springframework.web.servlet.DispatcherServlet.doService(DispatcherServlet.java:866)
	at org.springframework.web.servlet.FrameworkServlet.processRequest(FrameworkServlet.java:1000)
	at org.springframework.web.servlet.FrameworkServlet.doGet(FrameworkServlet.java:892)
	at jakarta.servlet.http.HttpServlet.service(HttpServlet.java:622)
	at org.springframework.web.servlet.FrameworkServlet.service(FrameworkServlet.java:874)
	at jakarta.servlet.http.HttpServlet.service(HttpServlet.java:710)
	at org.apache.catalina.core.ApplicationFilterChain.doFilter(ApplicationFilterChain.java:128)
	at org.apache.tomcat.websocket.server.WsFilter.doFilter(WsFilter.java:53)
	at org.apache.catalina.core.ApplicationFilterChain.doFilter(ApplicationFilterChain.java:107)
	at org.springframework.web.filter.RequestContextFilter.doFilterInternal(RequestContextFilter.java:100)
	at org.springframework.web.filter.OncePerRequestFilter.doFilter(OncePerRequestFilter.java:116)
	at org.apache.catalina.core.ApplicationFilterChain.doFilter(ApplicationFilterChain.java:107)
	at org.springframework.web.filter.FormContentFilter.doFilterInternal(FormContentFilter.java:93)
	at org.springframework.web.filter.OncePerRequestFilter.doFilter(OncePerRequestFilter.java:116)
	at org.apache.catalina.core.ApplicationFilterChain.doFilter(ApplicationFilterChain.java:107)
	at org.springframework.web.filter.CharacterEncodingFilter.doFilterInternal(CharacterEncodingFilter.java:199)
	at org.springframework.web.filter.OncePerRequestFilter.doFilter(OncePerRequestFilter.java:116)
	at org.apache.catalina.core.ApplicationFilterChain.doFilter(ApplicationFilterChain.java:107)
	at org.apache.catalina.core.StandardWrapperValve.invoke(StandardWrapperValve.java:165)
	at org.apache.catalina.core.StandardContextValve.invoke(StandardContextValve.java:77)
	at org.apache.catalina.authenticator.AuthenticatorBase.invoke(AuthenticatorBase.java:492)
	at org.apache.catalina.core.StandardHostValve.invoke(StandardHostValve.java:113)
	at org.apache.catalina.valves.ErrorReportValve.invoke(ErrorReportValve.java:83)
	at org.apache.catalina.core.StandardEngineValve.invoke(StandardEngineValve.java:72)
	at org.apache.catalina.connector.CoyoteAdapter.service(CoyoteAdapter.java:341)
	at org.apache.coyote.http11.Http11Processor.service(Http11Processor.java:397)
	at org.apache.coyote.AbstractProcessorLight.process(AbstractProcessorLight.java:63)
	at org.apache.coyote.AbstractProtocol$ConnectionHandler.process(AbstractProtocol.java:903)
	at org.apache.tomcat.util.net.NioEndpoint$SocketProcessor.doRun(NioEndpoint.java:1801)
	at org.apache.tomcat.util.net.SocketProcessorBase.run(SocketProcessorBase.java:52)
	at org.apache.tomcat.util.threads.ThreadPoolExecutor.runWorker(ThreadPoolExecutor.java:946)
	at org.apache.tomcat.util.threads.ThreadPoolExecutor$Worker.run(ThreadPoolExecutor.java:480)
	at org.apache.tomcat.util.threads.TaskThread$WrappingRunnable.run(TaskThread.java:57)
	at java.base/java.lang.Thread.run(Thread.java:1583)
2026-05-02 13:18:36.580 [AsyncResolver-bootstrap-executor-%d] INFO  c.n.d.s.r.aws.ConfigClusterResolver — Resolving eureka endpoints via configuration
2026-05-02 13:23:36.584 [AsyncResolver-bootstrap-executor-%d] INFO  c.n.d.s.r.aws.ConfigClusterResolver — Resolving eureka endpoints via configuration

********************************************************
<<< SERVİS DURDURULDU: 2026-05-02 13:26:44
********************************************************



********************************************************
>>> SERVİS BAŞLATILDI: 2026-05-02 13:28:17
********************************************************

Starting a Gradle Daemon, 49 busy and 9 stopped Daemons could not be reused, use --status for details
> Task :compileJava UP-TO-DATE
> Task :processResources UP-TO-DATE
> Task :classes UP-TO-DATE
> Task :resolveMainClassName UP-TO-DATE

> Task :bootRun

  .   ____          _            __ _ _
 /\\ / ___'_ __ _ _(_)_ __  __ _ \ \ \ \
( ( )\___ | '_ | '_| | '_ \/ _` | \ \ \ \
 \\/  ___)| |_)| | | | | || (_| |  ) ) ) )
  '  |____| .__|_| |_|_| |_\__, | / / / /
 =========|_|==============|___/=/_/_/_/

 :: Spring Boot ::                (v4.0.6)

2026-05-02 13:28:36.691 [background-preinit] INFO  o.h.validator.internal.util.Version — HV000001: Hibernate Validator 9.0.1.Final
2026-05-02 13:28:36.754 [restartedMain] INFO  c.t.o.OrderServiceApplication — Starting OrderServiceApplication using Java 21.0.10 with PID 54248 (/home/tuna/Desktop/tavia_v2/tavia-order-service/build/classes/java/main started by tuna in /home/tuna/Desktop/tavia_v2/tavia-order-service)
2026-05-02 13:28:36.755 [restartedMain] DEBUG c.t.o.OrderServiceApplication — Running with Spring Boot v4.0.6, Spring v7.0.7
2026-05-02 13:28:36.756 [restartedMain] INFO  c.t.o.OrderServiceApplication — No active profile set, falling back to 1 default profile: "default"
2026-05-02 13:28:36.839 [restartedMain] INFO  o.s.c.c.c.ConfigServerConfigDataLoader — Fetching config from server at : http://localhost:8888
2026-05-02 13:28:36.839 [restartedMain] INFO  o.s.c.c.c.ConfigServerConfigDataLoader — Located environment: name=tavia-order-service, profiles=[default], label=null, version=null, state=null
2026-05-02 13:28:36.839 [restartedMain] DEBUG o.s.c.c.c.ConfigServerConfigDataLoader — Environment tavia-order-service has 2 property sources with 35 properties.
2026-05-02 13:28:36.844 [restartedMain] INFO  o.s.b.d.e.DevToolsPropertyDefaultsPostProcessor — Devtools property defaults active! Set 'spring.devtools.add-properties' to 'false' to disable
2026-05-02 13:28:36.845 [restartedMain] INFO  o.s.b.d.e.DevToolsPropertyDefaultsPostProcessor — For additional web related logging consider setting the 'logging.level.web' property to 'DEBUG'
2026-05-02 13:28:38.367 [restartedMain] INFO  o.s.d.r.c.RepositoryConfigurationDelegate — Bootstrapping Spring Data JPA repositories in DEFAULT mode.
2026-05-02 13:28:38.643 [restartedMain] INFO  o.s.d.r.c.RepositoryConfigurationDelegate — Finished Spring Data repository scanning in 260 ms. Found 1 JPA repository interface.
2026-05-02 13:28:39.155 [restartedMain] INFO  o.s.cloud.context.scope.GenericScope — BeanFactory id=8bb3eab7-21e3-36f1-bd77-5b485648da3b
2026-05-02 13:28:40.031 [restartedMain] INFO  o.s.boot.tomcat.TomcatWebServer — Tomcat initialized with port 8082 (http)
2026-05-02 13:28:40.053 [restartedMain] INFO  o.a.coyote.http11.Http11NioProtocol — Initializing ProtocolHandler ["http-nio-8082"]
2026-05-02 13:28:40.057 [restartedMain] INFO  o.a.catalina.core.StandardService — Starting service [Tomcat]
2026-05-02 13:28:40.057 [restartedMain] INFO  o.a.catalina.core.StandardEngine — Starting Servlet engine: [Apache Tomcat/11.0.21]
2026-05-02 13:28:40.121 [restartedMain] INFO  o.s.b.w.c.s.WebApplicationContextInitializer — Root WebApplicationContext: initialization completed in 3275 ms
2026-05-02 13:28:40.383 [restartedMain] INFO  org.hibernate.orm.jpa — HHH008540: Processing PersistenceUnitInfo [name: default]
2026-05-02 13:28:40.475 [restartedMain] INFO  org.hibernate.orm.core — HHH000001: Hibernate ORM core version 7.2.12.Final
2026-05-02 13:28:41.383 [restartedMain] INFO  o.s.o.j.p.SpringPersistenceUnitInfo — No LoadTimeWeaver setup: ignoring JPA class transformer
2026-05-02 13:28:41.444 [restartedMain] INFO  com.zaxxer.hikari.HikariDataSource — HikariPool-1 - Starting...
2026-05-02 13:28:41.639 [restartedMain] INFO  com.zaxxer.hikari.pool.HikariPool — HikariPool-1 - Added connection org.postgresql.jdbc.PgConnection@479ab2d7
2026-05-02 13:28:41.642 [restartedMain] INFO  com.zaxxer.hikari.HikariDataSource — HikariPool-1 - Start completed.
2026-05-02 13:28:41.696 [restartedMain] WARN  org.hibernate.orm.deprecation — HHH90000025: PostgreSQLDialect does not need to be specified explicitly using 'hibernate.dialect' (remove the property setting and it will be selected by default)
2026-05-02 13:28:41.738 [restartedMain] INFO  o.hibernate.orm.connections.pooling — HHH10001005: Database info:
	Database JDBC URL [jdbc:postgresql://localhost:5432/tavia_db]
	Database driver: PostgreSQL JDBC Driver
	Database dialect: PostgreSQLDialect
	Database version: 15.17
	Default catalog/schema: tavia_db/public
	Autocommit mode: undefined/unknown
	Isolation level: READ_COMMITTED [default READ_COMMITTED]
	JDBC fetch size: none
	Pool: DataSourceConnectionProvider
	Minimum pool size: undefined/unknown
	Maximum pool size: undefined/unknown
2026-05-02 13:28:43.393 [restartedMain] INFO  org.hibernate.orm.core — HHH000489: No JTA platform available (set 'hibernate.transaction.jta.platform' to enable JTA platform integration)
2026-05-02 13:28:43.508 [restartedMain] INFO  o.s.o.j.LocalContainerEntityManagerFactoryBean — Initialized JPA EntityManagerFactory for persistence unit 'default'
2026-05-02 13:28:43.999 [restartedMain] INFO  o.s.d.j.r.q.QueryEnhancerFactories — Hibernate is in classpath; If applicable, HQL parser will be used.
2026-05-02 13:28:44.545 [restartedMain] WARN  o.s.b.j.a.JpaBaseConfiguration$JpaWebConfiguration — spring.jpa.open-in-view is enabled by default. Therefore, database queries may be performed during view rendering. Explicitly configure spring.jpa.open-in-view to disable this warning
2026-05-02 13:28:45.768 [restartedMain] INFO  o.s.c.n.e.c.DiscoveryClientOptionalArgsConfiguration — Eureka HTTP Client uses RestClient.
2026-05-02 13:28:45.857 [restartedMain] WARN  o.s.c.l.c.LoadBalancerCacheAutoConfiguration$LoadBalancerCaffeineWarnLogger — Spring Cloud LoadBalancer is currently working with the default cache. While this cache implementation is useful for development and tests, it's recommended to use Caffeine cache in production.You can switch to using Caffeine cache, by adding it and org.springframework.cache.caffeine.CaffeineCacheManager to the classpath.
2026-05-02 13:28:45.921 [restartedMain] INFO  o.s.c.n.eureka.InstanceInfoFactory — Setting initial instance status as: STARTING
2026-05-02 13:28:45.968 [restartedMain] INFO  c.netflix.discovery.DiscoveryClient — Initializing Eureka in region us-east-1
2026-05-02 13:28:45.975 [restartedMain] INFO  c.n.d.s.r.aws.ConfigClusterResolver — Resolving eureka endpoints via configuration
2026-05-02 13:28:45.992 [restartedMain] INFO  c.netflix.discovery.DiscoveryClient — Disable delta property : false
2026-05-02 13:28:45.993 [restartedMain] INFO  c.netflix.discovery.DiscoveryClient — Single vip registry refresh property : null
2026-05-02 13:28:45.993 [restartedMain] INFO  c.netflix.discovery.DiscoveryClient — Force full registry fetch : false
2026-05-02 13:28:45.993 [restartedMain] INFO  c.netflix.discovery.DiscoveryClient — Application is null : false
2026-05-02 13:28:45.993 [restartedMain] INFO  c.netflix.discovery.DiscoveryClient — Registered Applications size is zero : true
2026-05-02 13:28:45.993 [restartedMain] INFO  c.netflix.discovery.DiscoveryClient — Application version is -1: true
2026-05-02 13:28:45.994 [restartedMain] INFO  c.netflix.discovery.DiscoveryClient — Getting all instance registry info from the eureka server
2026-05-02 13:28:46.279 [restartedMain] INFO  c.netflix.discovery.DiscoveryClient — The response status is 200
2026-05-02 13:28:46.286 [restartedMain] INFO  c.netflix.discovery.DiscoveryClient — Starting heartbeat executor: renew interval is: 30
2026-05-02 13:28:46.289 [restartedMain] INFO  c.n.discovery.InstanceInfoReplicator — InstanceInfoReplicator onDemand update allowed rate per min is 4
2026-05-02 13:28:46.293 [restartedMain] INFO  c.netflix.discovery.DiscoveryClient — Discovery Client initialized at timestamp 1777717726292 with initial instances count: 3
2026-05-02 13:28:46.301 [restartedMain] INFO  o.s.c.n.e.s.EurekaServiceRegistry — Registering application TAVIA-ORDER-SERVICE with eureka with status UP
2026-05-02 13:28:46.302 [restartedMain] INFO  c.netflix.discovery.DiscoveryClient — Saw local status change event StatusChangeEvent [timestamp=1777717726302, current=UP, previous=STARTING]
2026-05-02 13:28:46.306 [DiscoveryClient-InstanceInfoReplicator-%d] INFO  c.netflix.discovery.DiscoveryClient — DiscoveryClient_TAVIA-ORDER-SERVICE/10.0.0.139:tavia-order-service:8082: registering service...
2026-05-02 13:28:46.306 [restartedMain] INFO  o.a.coyote.http11.Http11NioProtocol — Starting ProtocolHandler ["http-nio-8082"]
2026-05-02 13:28:46.335 [restartedMain] INFO  o.s.boot.tomcat.TomcatWebServer — Tomcat started on port 8082 (http) with context path '/'
2026-05-02 13:28:46.337 [restartedMain] INFO  o.s.c.n.e.s.EurekaAutoServiceRegistration — Updating port to 8082
2026-05-02 13:28:46.368 [restartedMain] INFO  c.t.o.OrderServiceApplication — Started OrderServiceApplication in 11.695 seconds (process running for 12.738)
2026-05-02 13:28:46.375 [restartedMain] WARN  o.s.c.events.SpringDocAppInitializer — SpringDoc /v3/api-docs endpoint is enabled by default. To disable it in production, set the property 'springdoc.api-docs.enabled=false'
2026-05-02 13:28:46.376 [restartedMain] WARN  o.s.c.events.SpringDocAppInitializer — SpringDoc /swagger-ui.html endpoint is enabled by default. To disable it in production, set the property 'springdoc.swagger-ui.enabled=false'
2026-05-02 13:28:46.384 [DiscoveryClient-InstanceInfoReplicator-%d] INFO  c.netflix.discovery.DiscoveryClient — DiscoveryClient_TAVIA-ORDER-SERVICE/10.0.0.139:tavia-order-service:8082 - registration status: 204
2026-05-02 13:31:47.792 [http-nio-8082-exec-1] INFO  o.a.c.c.C.[Tomcat].[localhost].[/] — Initializing Spring DispatcherServlet 'dispatcherServlet'
2026-05-02 13:31:47.793 [http-nio-8082-exec-1] INFO  o.s.web.servlet.DispatcherServlet — Initializing Servlet 'dispatcherServlet'
2026-05-02 13:31:47.798 [http-nio-8082-exec-1] INFO  o.s.web.servlet.DispatcherServlet — Completed initialization in 4 ms
2026-05-02 13:31:47.862 [http-nio-8082-exec-1] INFO  c.t.o.service.OrderServiceImpl — Fetching orders for tenant: 228f8e0a-035c-47e0-8ac6-e30991748cf0
2026-05-02 13:31:48.496 [http-nio-8082-exec-1] DEBUG org.hibernate.SQL — select o1_0.id,o1_0.customer_id,o1_0.order_date,o1_0.price,o1_0.product_name,o1_0.quantity,o1_0.tenant_id from orders o1_0 where o1_0.tenant_id=?
Hibernate: select o1_0.id,o1_0.customer_id,o1_0.order_date,o1_0.price,o1_0.product_name,o1_0.quantity,o1_0.tenant_id from orders o1_0 where o1_0.tenant_id=?
2026-05-02 13:31:50.148 [http-nio-8082-exec-2] INFO  c.t.o.service.OrderServiceImpl — Fetching orders for tenant: 228f8e0a-035c-47e0-8ac6-e30991748cf0
2026-05-02 13:31:50.150 [http-nio-8082-exec-2] DEBUG org.hibernate.SQL — select o1_0.id,o1_0.customer_id,o1_0.order_date,o1_0.price,o1_0.product_name,o1_0.quantity,o1_0.tenant_id from orders o1_0 where o1_0.tenant_id=?
Hibernate: select o1_0.id,o1_0.customer_id,o1_0.order_date,o1_0.price,o1_0.product_name,o1_0.quantity,o1_0.tenant_id from orders o1_0 where o1_0.tenant_id=?
2026-05-02 13:32:09.316 [http-nio-8082-exec-3] INFO  c.t.o.service.OrderServiceImpl — Fetching orders for tenant: 228f8e0a-035c-47e0-8ac6-e30991748cf0
2026-05-02 13:32:09.318 [http-nio-8082-exec-3] DEBUG org.hibernate.SQL — select o1_0.id,o1_0.customer_id,o1_0.order_date,o1_0.price,o1_0.product_name,o1_0.quantity,o1_0.tenant_id from orders o1_0 where o1_0.tenant_id=?
Hibernate: select o1_0.id,o1_0.customer_id,o1_0.order_date,o1_0.price,o1_0.product_name,o1_0.quantity,o1_0.tenant_id from orders o1_0 where o1_0.tenant_id=?
2026-05-02 13:32:16.174 [http-nio-8082-exec-4] DEBUG org.hibernate.SQL — insert into orders (customer_id,order_date,price,product_name,quantity,tenant_id,id) values (?,?,?,?,?,?,?)
Hibernate: insert into orders (customer_id,order_date,price,product_name,quantity,tenant_id,id) values (?,?,?,?,?,?,?)
2026-05-02 13:32:16.352 [http-nio-8082-exec-4] ERROR c.t.o.client.EnrichmentClient — Failed to adjust CRM tenant loyalty for customer 7c9e6679-7425-40de-944b-e07fc1f90ae7 tenant 228f8e0a-035c-47e0-8ac6-e30991748cf0: 404 : "{"detail":"Customer not found with id: 7c9e6679-7425-40de-944b-e07fc1f90ae7","instance":"/api/v1/crm/customers/7c9e6679-7425-40de-944b-e07fc1f90ae7/loyalty/adjust","status":404,"title":"Resource Not Found","type":"https://tavia.com/errors/not-found","traceId":"ae1904b4-0cc1-46f8-995f-1e237bcb51cc","timestamp":"2026-05-02T10:32:16.317734675Z"}"
2026-05-02 13:32:16.353 [http-nio-8082-exec-4] INFO  c.t.o.client.EnrichmentClient — Calling CRM service for customer: 7c9e6679-7425-40de-944b-e07fc1f90ae7
2026-05-02 13:32:16.371 [http-nio-8082-exec-4] ERROR c.t.o.client.EnrichmentClient — Circuit breaker: CRM service call failed for customer 7c9e6679-7425-40de-944b-e07fc1f90ae7: 404 : "{"detail":"Customer not found with id: 7c9e6679-7425-40de-944b-e07fc1f90ae7","instance":"/api/v1/crm/customers/7c9e6679-7425-40de-944b-e07fc1f90ae7","status":404,"title":"Resource Not Found","type":"https://tavia.com/errors/not-found","traceId":"cf7446fe-ce01-425c-b08d-7d0cd4a22973","timestamp":"2026-05-02T10:32:16.367635600Z"}"
2026-05-02 13:32:16.374 [http-nio-8082-exec-4] INFO  c.t.o.client.EnrichmentClient — Calling Context service for current context
2026-05-02 13:32:16.388 [http-nio-8082-exec-4] INFO  c.t.o.client.EnrichmentClient — Context data retrieved successfully
2026-05-02 13:32:16.390 [http-nio-8082-exec-4] INFO  c.t.o.kafka.OrderEventProducer — Sending ENRICHED order event to Kafka topic 'order-events' for order id: 5b8d6650-2ae6-497c-80f1-0214844da82c | customerLevel=UNKNOWN, weather=CLOUDY, activeEvent=NONE, competitorIntensity=LOW
2026-05-02 13:32:16.443 [http-nio-8082-exec-4] INFO  o.a.k.common.config.AbstractConfig — ProducerConfig values: 
	acks = -1
	batch.size = 16384
	bootstrap.servers = [localhost:9092]
	buffer.memory = 33554432
	client.dns.lookup = use_all_dns_ips
	client.id = tavia-order-service-producer-1
	compression.gzip.level = -1
	compression.lz4.level = 9
	compression.type = none
	compression.zstd.level = 3
	connections.max.idle.ms = 540000
	delivery.timeout.ms = 120000
	enable.idempotence = true
	enable.metrics.push = true
	interceptor.classes = []
	key.serializer = class org.apache.kafka.common.serialization.StringSerializer
	linger.ms = 5
	max.block.ms = 60000
	max.in.flight.requests.per.connection = 5
	max.request.size = 1048576
	metadata.max.age.ms = 300000
	metadata.max.idle.ms = 300000
	metadata.recovery.rebootstrap.trigger.ms = 300000
	metadata.recovery.strategy = rebootstrap
	metric.reporters = [org.apache.kafka.common.metrics.JmxReporter]
	metrics.num.samples = 2
	metrics.recording.level = INFO
	metrics.sample.window.ms = 30000
	partitioner.adaptive.partitioning.enable = true
	partitioner.availability.timeout.ms = 0
	partitioner.class = null
	partitioner.ignore.keys = false
	receive.buffer.bytes = 32768
	reconnect.backoff.max.ms = 1000
	reconnect.backoff.ms = 50
	request.timeout.ms = 30000
	retries = 2147483647
	retry.backoff.max.ms = 1000
	retry.backoff.ms = 100
	sasl.client.callback.handler.class = null
	sasl.jaas.config = null
	sasl.kerberos.kinit.cmd = /usr/bin/kinit
	sasl.kerberos.min.time.before.relogin = 60000
	sasl.kerberos.service.name = null
	sasl.kerberos.ticket.renew.jitter = 0.05
	sasl.kerberos.ticket.renew.window.factor = 0.8
	sasl.login.callback.handler.class = null
	sasl.login.class = null
	sasl.login.connect.timeout.ms = null
	sasl.login.read.timeout.ms = null
	sasl.login.refresh.buffer.seconds = 300
	sasl.login.refresh.min.period.seconds = 60
	sasl.login.refresh.window.factor = 0.8
	sasl.login.refresh.window.jitter = 0.05
	sasl.login.retry.backoff.max.ms = 10000
	sasl.login.retry.backoff.ms = 100
	sasl.mechanism = GSSAPI
	sasl.oauthbearer.assertion.algorithm = RS256
	sasl.oauthbearer.assertion.claim.aud = null
	sasl.oauthbearer.assertion.claim.exp.seconds = 300
	sasl.oauthbearer.assertion.claim.iss = null
	sasl.oauthbearer.assertion.claim.jti.include = false
	sasl.oauthbearer.assertion.claim.nbf.seconds = 60
	sasl.oauthbearer.assertion.claim.sub = null
	sasl.oauthbearer.assertion.file = null
	sasl.oauthbearer.assertion.private.key.file = null
	sasl.oauthbearer.assertion.private.key.passphrase = null
	sasl.oauthbearer.assertion.template.file = null
	sasl.oauthbearer.client.credentials.client.id = null
	sasl.oauthbearer.client.credentials.client.secret = null
	sasl.oauthbearer.clock.skew.seconds = 30
	sasl.oauthbearer.expected.audience = null
	sasl.oauthbearer.expected.issuer = null
	sasl.oauthbearer.header.urlencode = false
	sasl.oauthbearer.jwks.endpoint.refresh.ms = 3600000
	sasl.oauthbearer.jwks.endpoint.retry.backoff.max.ms = 10000
	sasl.oauthbearer.jwks.endpoint.retry.backoff.ms = 100
	sasl.oauthbearer.jwks.endpoint.url = null
	sasl.oauthbearer.jwt.retriever.class = class org.apache.kafka.common.security.oauthbearer.DefaultJwtRetriever
	sasl.oauthbearer.jwt.validator.class = class org.apache.kafka.common.security.oauthbearer.DefaultJwtValidator
	sasl.oauthbearer.scope = null
	sasl.oauthbearer.scope.claim.name = scope
	sasl.oauthbearer.sub.claim.name = sub
	sasl.oauthbearer.token.endpoint.url = null
	security.protocol = PLAINTEXT
	security.providers = null
	send.buffer.bytes = 131072
	socket.connection.setup.timeout.max.ms = 30000
	socket.connection.setup.timeout.ms = 10000
	ssl.cipher.suites = null
	ssl.enabled.protocols = [TLSv1.2, TLSv1.3]
	ssl.endpoint.identification.algorithm = https
	ssl.engine.factory.class = null
	ssl.key.password = null
	ssl.keymanager.algorithm = SunX509
	ssl.keystore.certificate.chain = null
	ssl.keystore.key = null
	ssl.keystore.location = null
	ssl.keystore.password = null
	ssl.keystore.type = JKS
	ssl.protocol = TLSv1.3
	ssl.provider = null
	ssl.secure.random.implementation = null
	ssl.trustmanager.algorithm = PKIX
	ssl.truststore.certificates = null
	ssl.truststore.location = null
	ssl.truststore.password = null
	ssl.truststore.type = JKS
	transaction.timeout.ms = 60000
	transaction.two.phase.commit.enable = false
	transactional.id = null
	value.serializer = class org.springframework.kafka.support.serializer.JsonSerializer

2026-05-02 13:32:16.512 [http-nio-8082-exec-4] INFO  o.a.k.c.t.i.KafkaMetricsCollector — initializing Kafka metrics collector
2026-05-02 13:32:16.691 [http-nio-8082-exec-4] INFO  o.a.k.clients.producer.KafkaProducer — [Producer clientId=tavia-order-service-producer-1] Instantiated an idempotent producer.
2026-05-02 13:32:16.759 [http-nio-8082-exec-4] INFO  o.a.kafka.common.utils.AppInfoParser — Kafka version: 4.1.2
2026-05-02 13:32:16.759 [http-nio-8082-exec-4] INFO  o.a.kafka.common.utils.AppInfoParser — Kafka commitId: c82fd9b934b4c1e6
2026-05-02 13:32:16.759 [http-nio-8082-exec-4] INFO  o.a.kafka.common.utils.AppInfoParser — Kafka startTimeMs: 1777717936757
2026-05-02 13:32:17.428 [kafka-producer-network-thread | tavia-order-service-producer-1] INFO  org.apache.kafka.clients.Metadata — [Producer clientId=tavia-order-service-producer-1] Cluster ID: 3oobV8FVSryTGly33YDBaA
2026-05-02 13:32:17.459 [http-nio-8082-exec-4] INFO  c.t.o.service.OrderServiceImpl — Sipariş Kafka'ya gönderildi: 5b8d6650-2ae6-497c-80f1-0214844da82c
2026-05-02 13:32:17.576 [kafka-producer-network-thread | tavia-order-service-producer-1] INFO  o.a.k.c.p.i.TransactionManager — [Producer clientId=tavia-order-service-producer-1] ProducerId set to 0 with epoch 0
2026-05-02 13:33:17.492 [http-nio-8082-exec-7] ERROR c.t.o.e.GlobalExceptionHandler — [TraceId: 56294ad3-8a0c-4b02-a8d8-64e7e73c0aee] Internal Server Error: java.io.IOException: Broken pipe
org.apache.catalina.connector.ClientAbortException: java.io.IOException: Broken pipe
	at org.apache.catalina.connector.OutputBuffer.realWriteBytes(OutputBuffer.java:328)
	at org.apache.catalina.connector.OutputBuffer.flushByteBuffer(OutputBuffer.java:764)
	at org.apache.catalina.connector.OutputBuffer.append(OutputBuffer.java:661)
	at org.apache.catalina.connector.OutputBuffer.writeBytes(OutputBuffer.java:363)
	at org.apache.catalina.connector.OutputBuffer.write(OutputBuffer.java:341)
	at org.apache.catalina.connector.CoyoteOutputStream.write(CoyoteOutputStream.java:99)
	at org.springframework.util.StreamUtils$NonClosingOutputStream.write(StreamUtils.java:311)
	at java.base/java.io.InputStream.transferTo(InputStream.java:797)
	at org.springframework.http.converter.ResourceHttpMessageConverter.writeContent(ResourceHttpMessageConverter.java:158)
	at org.springframework.http.converter.ResourceHttpMessageConverter.writeInternal(ResourceHttpMessageConverter.java:114)
	at org.springframework.http.converter.ResourceHttpMessageConverter.writeInternal(ResourceHttpMessageConverter.java:47)
	at org.springframework.http.converter.AbstractHttpMessageConverter.write(AbstractHttpMessageConverter.java:232)
	at org.springframework.web.servlet.resource.ResourceHttpRequestHandler.handleRequest(ResourceHttpRequestHandler.java:563)
	at org.springframework.web.servlet.mvc.HttpRequestHandlerAdapter.handle(HttpRequestHandlerAdapter.java:50)
	at org.springframework.web.servlet.DispatcherServlet.doDispatch(DispatcherServlet.java:963)
	at org.springframework.web.servlet.DispatcherServlet.doService(DispatcherServlet.java:866)
	at org.springframework.web.servlet.FrameworkServlet.processRequest(FrameworkServlet.java:1000)
	at org.springframework.web.servlet.FrameworkServlet.doGet(FrameworkServlet.java:892)
	at jakarta.servlet.http.HttpServlet.service(HttpServlet.java:622)
	at org.springframework.web.servlet.FrameworkServlet.service(FrameworkServlet.java:874)
	at jakarta.servlet.http.HttpServlet.service(HttpServlet.java:710)
	at org.apache.catalina.core.ApplicationFilterChain.doFilter(ApplicationFilterChain.java:128)
	at org.apache.tomcat.websocket.server.WsFilter.doFilter(WsFilter.java:53)
	at org.apache.catalina.core.ApplicationFilterChain.doFilter(ApplicationFilterChain.java:107)
	at org.springframework.web.filter.RequestContextFilter.doFilterInternal(RequestContextFilter.java:100)
	at org.springframework.web.filter.OncePerRequestFilter.doFilter(OncePerRequestFilter.java:116)
	at org.apache.catalina.core.ApplicationFilterChain.doFilter(ApplicationFilterChain.java:107)
	at org.springframework.web.filter.FormContentFilter.doFilterInternal(FormContentFilter.java:93)
	at org.springframework.web.filter.OncePerRequestFilter.doFilter(OncePerRequestFilter.java:116)
	at org.apache.catalina.core.ApplicationFilterChain.doFilter(ApplicationFilterChain.java:107)
	at org.springframework.web.filter.CharacterEncodingFilter.doFilterInternal(CharacterEncodingFilter.java:199)
	at org.springframework.web.filter.OncePerRequestFilter.doFilter(OncePerRequestFilter.java:116)
	at org.apache.catalina.core.ApplicationFilterChain.doFilter(ApplicationFilterChain.java:107)
	at org.apache.catalina.core.StandardWrapperValve.invoke(StandardWrapperValve.java:165)
	at org.apache.catalina.core.StandardContextValve.invoke(StandardContextValve.java:77)
	at org.apache.catalina.authenticator.AuthenticatorBase.invoke(AuthenticatorBase.java:492)
	at org.apache.catalina.core.StandardHostValve.invoke(StandardHostValve.java:113)
	at org.apache.catalina.valves.ErrorReportValve.invoke(ErrorReportValve.java:83)
	at org.apache.catalina.core.StandardEngineValve.invoke(StandardEngineValve.java:72)
	at org.apache.catalina.connector.CoyoteAdapter.service(CoyoteAdapter.java:341)
	at org.apache.coyote.http11.Http11Processor.service(Http11Processor.java:397)
	at org.apache.coyote.AbstractProcessorLight.process(AbstractProcessorLight.java:63)
	at org.apache.coyote.AbstractProtocol$ConnectionHandler.process(AbstractProtocol.java:903)
	at org.apache.tomcat.util.net.NioEndpoint$SocketProcessor.doRun(NioEndpoint.java:1801)
	at org.apache.tomcat.util.net.SocketProcessorBase.run(SocketProcessorBase.java:52)
	at org.apache.tomcat.util.threads.ThreadPoolExecutor.runWorker(ThreadPoolExecutor.java:946)
	at org.apache.tomcat.util.threads.ThreadPoolExecutor$Worker.run(ThreadPoolExecutor.java:480)
	at org.apache.tomcat.util.threads.TaskThread$WrappingRunnable.run(TaskThread.java:57)
	at java.base/java.lang.Thread.run(Thread.java:1583)
Caused by: java.io.IOException: Broken pipe
	at java.base/sun.nio.ch.SocketDispatcher.write0(Native Method)
	at java.base/sun.nio.ch.SocketDispatcher.write(SocketDispatcher.java:62)
	at java.base/sun.nio.ch.IOUtil.writeFromNativeBuffer(IOUtil.java:137)
	at java.base/sun.nio.ch.IOUtil.write(IOUtil.java:102)
	at java.base/sun.nio.ch.IOUtil.write(IOUtil.java:58)
	at java.base/sun.nio.ch.SocketChannelImpl.write(SocketChannelImpl.java:542)
	at org.apache.tomcat.util.net.NioChannel.write(NioChannel.java:129)
	at org.apache.tomcat.util.net.NioEndpoint$NioSocketWrapper.doWrite(NioEndpoint.java:1441)
	at org.apache.tomcat.util.net.SocketWrapperBase.doWrite(SocketWrapperBase.java:747)
	at org.apache.tomcat.util.net.SocketWrapperBase.writeBlocking(SocketWrapperBase.java:587)
	at org.apache.tomcat.util.net.SocketWrapperBase.write(SocketWrapperBase.java:535)
	at org.apache.coyote.http11.Http11OutputBuffer$SocketOutputBuffer.doWrite(Http11OutputBuffer.java:537)
	at org.apache.coyote.http11.filters.IdentityOutputFilter.doWrite(IdentityOutputFilter.java:71)
	at org.apache.coyote.http11.Http11OutputBuffer.doWrite(Http11OutputBuffer.java:193)
	at org.apache.coyote.Response.doWrite(Response.java:633)
	at org.apache.catalina.connector.OutputBuffer.realWriteBytes(OutputBuffer.java:316)
	... 48 common frames omitted
2026-05-02 13:33:17.504 [http-nio-8082-exec-7] WARN  o.s.w.s.m.m.a.ExceptionHandlerExceptionResolver — Failure in @ExceptionHandler com.tavia.order_service.exception.GlobalExceptionHandler#handleGenericException(Exception)
org.springframework.http.converter.HttpMessageNotWritableException: No converter for [class org.springframework.http.ProblemDetail] with preset Content-Type 'text/javascript'
	at org.springframework.web.servlet.mvc.method.annotation.AbstractMessageConverterMethodProcessor.writeWithMessageConverters(AbstractMessageConverterMethodProcessor.java:363)
	at org.springframework.web.servlet.mvc.method.annotation.HttpEntityMethodProcessor.handleReturnValue(HttpEntityMethodProcessor.java:261)
	at org.springframework.web.method.support.HandlerMethodReturnValueHandlerComposite.handleReturnValue(HandlerMethodReturnValueHandlerComposite.java:77)
	at org.springframework.web.servlet.mvc.method.annotation.ServletInvocableHandlerMethod.invokeAndHandle(ServletInvocableHandlerMethod.java:135)
	at org.springframework.web.servlet.mvc.method.annotation.ExceptionHandlerExceptionResolver.doResolveHandlerMethodException(ExceptionHandlerExceptionResolver.java:460)
	at org.springframework.web.servlet.handler.AbstractHandlerMethodExceptionResolver.doResolveException(AbstractHandlerMethodExceptionResolver.java:72)
	at org.springframework.web.servlet.handler.AbstractHandlerExceptionResolver.resolveException(AbstractHandlerExceptionResolver.java:176)
	at org.springframework.web.servlet.handler.HandlerExceptionResolverComposite.resolveException(HandlerExceptionResolverComposite.java:78)
	at org.springframework.web.servlet.DispatcherServlet.processHandlerException(DispatcherServlet.java:1227)
	at org.springframework.web.servlet.DispatcherServlet.processDispatchResult(DispatcherServlet.java:1035)
	at org.springframework.web.servlet.DispatcherServlet.doDispatch(DispatcherServlet.java:980)
	at org.springframework.web.servlet.DispatcherServlet.doService(DispatcherServlet.java:866)
	at org.springframework.web.servlet.FrameworkServlet.processRequest(FrameworkServlet.java:1000)
	at org.springframework.web.servlet.FrameworkServlet.doGet(FrameworkServlet.java:892)
	at jakarta.servlet.http.HttpServlet.service(HttpServlet.java:622)
	at org.springframework.web.servlet.FrameworkServlet.service(FrameworkServlet.java:874)
	at jakarta.servlet.http.HttpServlet.service(HttpServlet.java:710)
	at org.apache.catalina.core.ApplicationFilterChain.doFilter(ApplicationFilterChain.java:128)
	at org.apache.tomcat.websocket.server.WsFilter.doFilter(WsFilter.java:53)
	at org.apache.catalina.core.ApplicationFilterChain.doFilter(ApplicationFilterChain.java:107)
	at org.springframework.web.filter.RequestContextFilter.doFilterInternal(RequestContextFilter.java:100)
	at org.springframework.web.filter.OncePerRequestFilter.doFilter(OncePerRequestFilter.java:116)
	at org.apache.catalina.core.ApplicationFilterChain.doFilter(ApplicationFilterChain.java:107)
	at org.springframework.web.filter.FormContentFilter.doFilterInternal(FormContentFilter.java:93)
	at org.springframework.web.filter.OncePerRequestFilter.doFilter(OncePerRequestFilter.java:116)
	at org.apache.catalina.core.ApplicationFilterChain.doFilter(ApplicationFilterChain.java:107)
	at org.springframework.web.filter.CharacterEncodingFilter.doFilterInternal(CharacterEncodingFilter.java:199)
	at org.springframework.web.filter.OncePerRequestFilter.doFilter(OncePerRequestFilter.java:116)
	at org.apache.catalina.core.ApplicationFilterChain.doFilter(ApplicationFilterChain.java:107)
	at org.apache.catalina.core.StandardWrapperValve.invoke(StandardWrapperValve.java:165)
	at org.apache.catalina.core.StandardContextValve.invoke(StandardContextValve.java:77)
	at org.apache.catalina.authenticator.AuthenticatorBase.invoke(AuthenticatorBase.java:492)
	at org.apache.catalina.core.StandardHostValve.invoke(StandardHostValve.java:113)
	at org.apache.catalina.valves.ErrorReportValve.invoke(ErrorReportValve.java:83)
	at org.apache.catalina.core.StandardEngineValve.invoke(StandardEngineValve.java:72)
	at org.apache.catalina.connector.CoyoteAdapter.service(CoyoteAdapter.java:341)
	at org.apache.coyote.http11.Http11Processor.service(Http11Processor.java:397)
	at org.apache.coyote.AbstractProcessorLight.process(AbstractProcessorLight.java:63)
	at org.apache.coyote.AbstractProtocol$ConnectionHandler.process(AbstractProtocol.java:903)
	at org.apache.tomcat.util.net.NioEndpoint$SocketProcessor.doRun(NioEndpoint.java:1801)
	at org.apache.tomcat.util.net.SocketProcessorBase.run(SocketProcessorBase.java:52)
	at org.apache.tomcat.util.threads.ThreadPoolExecutor.runWorker(ThreadPoolExecutor.java:946)
	at org.apache.tomcat.util.threads.ThreadPoolExecutor$Worker.run(ThreadPoolExecutor.java:480)
	at org.apache.tomcat.util.threads.TaskThread$WrappingRunnable.run(TaskThread.java:57)
	at java.base/java.lang.Thread.run(Thread.java:1583)
2026-05-02 13:33:18.544 [http-nio-8082-exec-1] INFO  o.s.api.AbstractOpenApiResource — Init duration for springdoc-openapi is: 408 ms
2026-05-02 13:33:45.998 [AsyncResolver-bootstrap-executor-%d] INFO  c.n.d.s.r.aws.ConfigClusterResolver — Resolving eureka endpoints via configuration
2026-05-02 13:35:52.211 [http-nio-8082-exec-3] DEBUG org.hibernate.SQL — insert into orders (customer_id,order_date,price,product_name,quantity,tenant_id,id) values (?,?,?,?,?,?,?)
Hibernate: insert into orders (customer_id,order_date,price,product_name,quantity,tenant_id,id) values (?,?,?,?,?,?,?)
2026-05-02 13:35:52.321 [http-nio-8082-exec-3] INFO  c.t.o.client.EnrichmentClient — CRM tenant loyalty adjusted for customer 807018b3-ba1c-4706-af15-1b2d1f4b3537 in tenant 228f8e0a-035c-47e0-8ac6-e30991748cf0
2026-05-02 13:35:52.321 [http-nio-8082-exec-3] INFO  c.t.o.client.EnrichmentClient — Calling CRM service for customer: 807018b3-ba1c-4706-af15-1b2d1f4b3537
2026-05-02 13:35:52.353 [http-nio-8082-exec-3] INFO  c.t.o.client.EnrichmentClient — CRM data retrieved for customer: 807018b3-ba1c-4706-af15-1b2d1f4b3537
2026-05-02 13:35:52.354 [http-nio-8082-exec-3] INFO  c.t.o.client.EnrichmentClient — Calling Context service for current context
2026-05-02 13:35:52.360 [http-nio-8082-exec-3] INFO  c.t.o.client.EnrichmentClient — Context data retrieved successfully
2026-05-02 13:35:52.360 [http-nio-8082-exec-3] INFO  c.t.o.kafka.OrderEventProducer — Sending ENRICHED order event to Kafka topic 'order-events' for order id: b2ecc4fc-6e9b-4e85-9634-198e50309a73 | customerLevel=BRONZE, weather=SUNNY, activeEvent=NONE, competitorIntensity=MEDIUM
2026-05-02 13:35:52.361 [http-nio-8082-exec-3] INFO  c.t.o.service.OrderServiceImpl — Sipariş Kafka'ya gönderildi: b2ecc4fc-6e9b-4e85-9634-198e50309a73
2026-05-02 13:36:06.626 [http-nio-8082-exec-4] INFO  c.t.o.service.OrderServiceImpl — Fetching orders for tenant: 228f8e0a-035c-47e0-8ac6-e30991748cf0
2026-05-02 13:36:06.628 [http-nio-8082-exec-4] DEBUG org.hibernate.SQL — select o1_0.id,o1_0.customer_id,o1_0.order_date,o1_0.price,o1_0.product_name,o1_0.quantity,o1_0.tenant_id from orders o1_0 where o1_0.tenant_id=?
Hibernate: select o1_0.id,o1_0.customer_id,o1_0.order_date,o1_0.price,o1_0.product_name,o1_0.quantity,o1_0.tenant_id from orders o1_0 where o1_0.tenant_id=?
2026-05-02 13:38:45.998 [AsyncResolver-bootstrap-executor-%d] INFO  c.n.d.s.r.aws.ConfigClusterResolver — Resolving eureka endpoints via configuration
2026-05-02 13:43:46.002 [AsyncResolver-bootstrap-executor-%d] INFO  c.n.d.s.r.aws.ConfigClusterResolver — Resolving eureka endpoints via configuration
2026-05-02 13:48:46.003 [AsyncResolver-bootstrap-executor-%d] INFO  c.n.d.s.r.aws.ConfigClusterResolver — Resolving eureka endpoints via configuration
2026-05-02 13:53:46.004 [AsyncResolver-bootstrap-executor-%d] INFO  c.n.d.s.r.aws.ConfigClusterResolver — Resolving eureka endpoints via configuration
2026-05-02 13:58:46.005 [AsyncResolver-bootstrap-executor-%d] INFO  c.n.d.s.r.aws.ConfigClusterResolver — Resolving eureka endpoints via configuration
2026-05-02 13:59:09.949 [File Watcher] INFO  o.s.b.d.a.LocalDevToolsAutoConfiguration$RestartingClassPathChangeChangedEventListener — Restarting due to 7 class path changes (0 additions, 7 deletions, 0 modifications)
2026-05-02 13:59:09.954 [Thread-1] INFO  o.s.c.n.e.s.EurekaServiceRegistry — Unregistering application TAVIA-ORDER-SERVICE with eureka with status DOWN
2026-05-02 13:59:09.954 [Thread-1] INFO  c.netflix.discovery.DiscoveryClient — Saw local status change event StatusChangeEvent [timestamp=1777719549954, current=DOWN, previous=UP]
2026-05-02 13:59:09.954 [DiscoveryClient-InstanceInfoReplicator-%d] INFO  c.netflix.discovery.DiscoveryClient — DiscoveryClient_TAVIA-ORDER-SERVICE/10.0.0.139:tavia-order-service:8082: registering service...
2026-05-02 13:59:09.960 [Thread-1] INFO  o.s.boot.tomcat.GracefulShutdown — Commencing graceful shutdown. Waiting for active requests to complete
2026-05-02 13:59:09.962 [tomcat-shutdown] INFO  o.a.coyote.http11.Http11NioProtocol — Pausing ProtocolHandler ["http-nio-8082"]
2026-05-02 13:59:09.966 [tomcat-shutdown] INFO  o.s.boot.tomcat.GracefulShutdown — Graceful shutdown complete
2026-05-02 13:59:09.966 [Thread-1] INFO  o.a.coyote.http11.Http11NioProtocol — Stopping ProtocolHandler ["http-nio-8082"]
2026-05-02 13:59:09.969 [Thread-1] INFO  o.a.k.clients.producer.KafkaProducer — [Producer clientId=tavia-order-service-producer-1] Closing the Kafka producer with timeoutMillis = 30000 ms.
2026-05-02 13:59:09.970 [DiscoveryClient-InstanceInfoReplicator-%d] INFO  c.netflix.discovery.DiscoveryClient — DiscoveryClient_TAVIA-ORDER-SERVICE/10.0.0.139:tavia-order-service:8082 - registration status: 204
2026-05-02 13:59:09.977 [Thread-1] INFO  o.a.kafka.common.metrics.Metrics — Metrics scheduler closed
2026-05-02 13:59:09.978 [Thread-1] INFO  o.a.kafka.common.metrics.Metrics — Closing reporter org.apache.kafka.common.metrics.JmxReporter
2026-05-02 13:59:09.978 [Thread-1] INFO  o.a.kafka.common.metrics.Metrics — Closing reporter org.apache.kafka.common.telemetry.internals.ClientTelemetryReporter
2026-05-02 13:59:09.978 [Thread-1] INFO  o.a.kafka.common.metrics.Metrics — Metrics reporters closed
2026-05-02 13:59:09.980 [Thread-1] INFO  o.a.kafka.common.utils.AppInfoParser — App info kafka.producer for tavia-order-service-producer-1 unregistered
2026-05-02 13:59:09.986 [Thread-1] INFO  o.s.o.j.LocalContainerEntityManagerFactoryBean — Closing JPA EntityManagerFactory for persistence unit 'default'
2026-05-02 13:59:09.990 [Thread-1] INFO  com.zaxxer.hikari.HikariDataSource — HikariPool-1 - Shutdown initiated...
2026-05-02 13:59:09.993 [Thread-1] INFO  com.zaxxer.hikari.HikariDataSource — HikariPool-1 - Shutdown completed.
2026-05-02 13:59:09.994 [Thread-1] INFO  c.netflix.discovery.DiscoveryClient — Shutting down DiscoveryClient ...
2026-05-02 13:59:12.995 [Thread-1] INFO  c.netflix.discovery.DiscoveryClient — Unregistering ...
2026-05-02 13:59:13.034 [Thread-1] INFO  c.netflix.discovery.DiscoveryClient — DiscoveryClient_TAVIA-ORDER-SERVICE/10.0.0.139:tavia-order-service:8082 - deregister  status: 200
2026-05-02 13:59:13.035 [Thread-1] INFO  c.netflix.discovery.DiscoveryClient — Completed shut down of DiscoveryClient

  .   ____          _            __ _ _
 /\\ / ___'_ __ _ _(_)_ __  __ _ \ \ \ \
( ( )\___ | '_ | '_| | '_ \/ _` | \ \ \ \
 \\/  ___)| |_)| | | | | || (_| |  ) ) ) )
  '  |____| .__|_| |_|_| |_\__, | / / / /
 =========|_|==============|___/=/_/_/_/

 :: Spring Boot ::                (v4.0.6)

2026-05-02 13:59:13.548 [restartedMain] INFO  c.t.o.OrderServiceApplication — Starting OrderServiceApplication using Java 21.0.10 with PID 54248 (/home/tuna/Desktop/tavia_v2/tavia-order-service/build/classes/java/main started by tuna in /home/tuna/Desktop/tavia_v2/tavia-order-service)
2026-05-02 13:59:13.549 [restartedMain] DEBUG c.t.o.OrderServiceApplication — Running with Spring Boot v4.0.6, Spring v7.0.7
2026-05-02 13:59:13.550 [restartedMain] INFO  c.t.o.OrderServiceApplication — No active profile set, falling back to 1 default profile: "default"
2026-05-02 13:59:13.552 [restartedMain] INFO  o.s.c.c.c.ConfigServerConfigDataLoader — Fetching config from server at : http://localhost:8888
2026-05-02 13:59:13.553 [restartedMain] INFO  o.s.c.c.c.ConfigServerConfigDataLoader — Located environment: name=tavia-order-service, profiles=[default], label=null, version=null, state=null
2026-05-02 13:59:13.553 [restartedMain] DEBUG o.s.c.c.c.ConfigServerConfigDataLoader — Environment tavia-order-service has 2 property sources with 35 properties.
2026-05-02 13:59:14.616 [restartedMain] INFO  o.s.d.r.c.RepositoryConfigurationDelegate — Bootstrapping Spring Data JPA repositories in DEFAULT mode.
2026-05-02 13:59:14.854 [restartedMain] INFO  o.s.d.r.c.RepositoryConfigurationDelegate — Finished Spring Data repository scanning in 194 ms. Found 1 JPA repository interface.
2026-05-02 13:59:15.728 [restartedMain] INFO  o.s.cloud.context.scope.GenericScope — BeanFactory id=2b8fbdfe-d5f0-3534-a972-025dd73e415e
2026-05-02 13:59:16.036 [restartedMain] INFO  o.s.boot.tomcat.TomcatWebServer — Tomcat initialized with port 8082 (http)
2026-05-02 13:59:16.041 [restartedMain] INFO  o.a.coyote.http11.Http11NioProtocol — Initializing ProtocolHandler ["http-nio-8082"]
2026-05-02 13:59:16.042 [restartedMain] INFO  o.a.catalina.core.StandardService — Starting service [Tomcat]
2026-05-02 13:59:16.042 [restartedMain] INFO  o.a.catalina.core.StandardEngine — Starting Servlet engine: [Apache Tomcat/11.0.21]
2026-05-02 13:59:16.230 [restartedMain] INFO  o.s.b.w.c.s.WebApplicationContextInitializer — Root WebApplicationContext: initialization completed in 2676 ms
2026-05-02 13:59:16.309 [restartedMain] INFO  org.hibernate.orm.jpa — HHH008540: Processing PersistenceUnitInfo [name: default]
2026-05-02 13:59:16.380 [restartedMain] INFO  o.s.o.j.p.SpringPersistenceUnitInfo — No LoadTimeWeaver setup: ignoring JPA class transformer
2026-05-02 13:59:16.382 [restartedMain] INFO  com.zaxxer.hikari.HikariDataSource — HikariPool-2 - Starting...
2026-05-02 13:59:16.698 [restartedMain] INFO  com.zaxxer.hikari.pool.HikariPool — HikariPool-2 - Added connection org.postgresql.jdbc.PgConnection@77f54025
2026-05-02 13:59:16.698 [restartedMain] INFO  com.zaxxer.hikari.HikariDataSource — HikariPool-2 - Start completed.
2026-05-02 13:59:16.716 [restartedMain] WARN  org.hibernate.orm.deprecation — HHH90000025: PostgreSQLDialect does not need to be specified explicitly using 'hibernate.dialect' (remove the property setting and it will be selected by default)
2026-05-02 13:59:16.723 [restartedMain] INFO  o.hibernate.orm.connections.pooling — HHH10001005: Database info:
	Database JDBC URL [jdbc:postgresql://localhost:5432/tavia_db]
	Database driver: PostgreSQL JDBC Driver
	Database dialect: PostgreSQLDialect
	Database version: 15.17
	Default catalog/schema: tavia_db/public
	Autocommit mode: undefined/unknown
	Isolation level: READ_COMMITTED [default READ_COMMITTED]
	JDBC fetch size: none
	Pool: DataSourceConnectionProvider
	Minimum pool size: undefined/unknown
	Maximum pool size: undefined/unknown
2026-05-02 13:59:16.790 [restartedMain] INFO  org.hibernate.orm.core — HHH000489: No JTA platform available (set 'hibernate.transaction.jta.platform' to enable JTA platform integration)
2026-05-02 13:59:16.821 [restartedMain] INFO  o.s.o.j.LocalContainerEntityManagerFactoryBean — Initialized JPA EntityManagerFactory for persistence unit 'default'
2026-05-02 13:59:16.920 [restartedMain] WARN  o.s.b.w.s.s.c.AnnotationConfigServletWebServerApplicationContext — Exception encountered during context initialization - cancelling refresh attempt: org.springframework.beans.factory.UnsatisfiedDependencyException: Error creating bean with name 'orderServiceImpl' defined in file [/home/tuna/Desktop/tavia_v2/tavia-order-service/build/classes/java/main/com/tavia/order_service/service/OrderServiceImpl.class]: Unsatisfied dependency expressed through constructor parameter 2: No qualifying bean of type 'com.tavia.order_service.kafka.OrderEventProducer' available: expected at least 1 bean which qualifies as autowire candidate. Dependency annotations: {}
2026-05-02 13:59:16.920 [restartedMain] INFO  o.s.o.j.LocalContainerEntityManagerFactoryBean — Closing JPA EntityManagerFactory for persistence unit 'default'
2026-05-02 13:59:16.920 [restartedMain] INFO  com.zaxxer.hikari.HikariDataSource — HikariPool-2 - Shutdown initiated...
2026-05-02 13:59:16.921 [restartedMain] INFO  com.zaxxer.hikari.HikariDataSource — HikariPool-2 - Shutdown completed.
2026-05-02 13:59:16.922 [restartedMain] INFO  o.a.catalina.core.StandardService — Stopping service [Tomcat]
2026-05-02 13:59:16.930 [restartedMain] INFO  o.s.b.a.l.ConditionEvaluationReportLogger — 

Error starting ApplicationContext. To display the condition evaluation report re-run your application with 'debug' enabled.
2026-05-02 13:59:16.963 [restartedMain] ERROR o.s.b.d.LoggingFailureAnalysisReporter — 

***************************
APPLICATION FAILED TO START
***************************

Description:

Parameter 2 of constructor in com.tavia.order_service.service.OrderServiceImpl required a bean of type 'com.tavia.order_service.kafka.OrderEventProducer' that could not be found.


Action:

Consider defining a bean of type 'com.tavia.order_service.kafka.OrderEventProducer' in your configuration.


  .   ____          _            __ _ _
 /\\ / ___'_ __ _ _(_)_ __  __ _ \ \ \ \
( ( )\___ | '_ | '_| | '_ \/ _` | \ \ \ \
 \\/  ___)| |_)| | | | | || (_| |  ) ) ) )
  '  |____| .__|_| |_|_| |_\__, | / / / /
 =========|_|==============|___/=/_/_/_/

 :: Spring Boot ::                (v4.0.6)

2026-05-02 13:59:18.640 [restartedMain] INFO  c.t.o.OrderServiceApplication — Starting OrderServiceApplication using Java 21.0.10 with PID 54248 (/home/tuna/Desktop/tavia_v2/tavia-order-service/build/classes/java/main started by tuna in /home/tuna/Desktop/tavia_v2/tavia-order-service)
2026-05-02 13:59:18.641 [restartedMain] DEBUG c.t.o.OrderServiceApplication — Running with Spring Boot v4.0.6, Spring v7.0.7
2026-05-02 13:59:18.641 [restartedMain] INFO  c.t.o.OrderServiceApplication — No active profile set, falling back to 1 default profile: "default"
2026-05-02 13:59:18.642 [restartedMain] INFO  o.s.c.c.c.ConfigServerConfigDataLoader — Fetching config from server at : http://localhost:8888
2026-05-02 13:59:18.642 [restartedMain] INFO  o.s.c.c.c.ConfigServerConfigDataLoader — Located environment: name=tavia-order-service, profiles=[default], label=null, version=null, state=null
2026-05-02 13:59:18.642 [restartedMain] DEBUG o.s.c.c.c.ConfigServerConfigDataLoader — Environment tavia-order-service has 2 property sources with 35 properties.
2026-05-02 13:59:19.068 [restartedMain] INFO  o.s.d.r.c.RepositoryConfigurationDelegate — Bootstrapping Spring Data JPA repositories in DEFAULT mode.
2026-05-02 13:59:19.103 [restartedMain] INFO  o.s.d.r.c.RepositoryConfigurationDelegate — Finished Spring Data repository scanning in 20 ms. Found 1 JPA repository interface.
2026-05-02 13:59:19.217 [restartedMain] INFO  o.s.cloud.context.scope.GenericScope — BeanFactory id=9a156c96-2e6f-3424-b6ce-48108af5761c
2026-05-02 13:59:19.460 [restartedMain] INFO  o.s.boot.tomcat.TomcatWebServer — Tomcat initialized with port 8082 (http)
2026-05-02 13:59:19.476 [restartedMain] INFO  o.a.coyote.http11.Http11NioProtocol — Initializing ProtocolHandler ["http-nio-8082"]
2026-05-02 13:59:19.476 [restartedMain] INFO  o.a.catalina.core.StandardService — Starting service [Tomcat]
2026-05-02 13:59:19.476 [restartedMain] INFO  o.a.catalina.core.StandardEngine — Starting Servlet engine: [Apache Tomcat/11.0.21]
2026-05-02 13:59:19.502 [restartedMain] INFO  o.s.b.w.c.s.WebApplicationContextInitializer — Root WebApplicationContext: initialization completed in 859 ms
2026-05-02 13:59:19.630 [restartedMain] INFO  org.hibernate.orm.jpa — HHH008540: Processing PersistenceUnitInfo [name: default]
2026-05-02 13:59:19.659 [restartedMain] INFO  o.s.o.j.p.SpringPersistenceUnitInfo — No LoadTimeWeaver setup: ignoring JPA class transformer
2026-05-02 13:59:19.660 [restartedMain] INFO  com.zaxxer.hikari.HikariDataSource — HikariPool-3 - Starting...
2026-05-02 13:59:19.802 [restartedMain] INFO  com.zaxxer.hikari.pool.HikariPool — HikariPool-3 - Added connection org.postgresql.jdbc.PgConnection@5167deb2
2026-05-02 13:59:19.802 [restartedMain] INFO  com.zaxxer.hikari.HikariDataSource — HikariPool-3 - Start completed.
2026-05-02 13:59:19.820 [restartedMain] WARN  org.hibernate.orm.deprecation — HHH90000025: PostgreSQLDialect does not need to be specified explicitly using 'hibernate.dialect' (remove the property setting and it will be selected by default)
2026-05-02 13:59:19.829 [restartedMain] INFO  o.hibernate.orm.connections.pooling — HHH10001005: Database info:
	Database JDBC URL [jdbc:postgresql://localhost:5432/tavia_db]
	Database driver: PostgreSQL JDBC Driver
	Database dialect: PostgreSQLDialect
	Database version: 15.17
	Default catalog/schema: tavia_db/public
	Autocommit mode: undefined/unknown
	Isolation level: READ_COMMITTED [default READ_COMMITTED]
	JDBC fetch size: none
	Pool: DataSourceConnectionProvider
	Minimum pool size: undefined/unknown
	Maximum pool size: undefined/unknown
2026-05-02 13:59:19.887 [restartedMain] INFO  org.hibernate.orm.core — HHH000489: No JTA platform available (set 'hibernate.transaction.jta.platform' to enable JTA platform integration)
2026-05-02 13:59:19.910 [restartedMain] INFO  o.s.o.j.LocalContainerEntityManagerFactoryBean — Initialized JPA EntityManagerFactory for persistence unit 'default'
2026-05-02 13:59:20.072 [restartedMain] WARN  o.s.b.j.a.JpaBaseConfiguration$JpaWebConfiguration — spring.jpa.open-in-view is enabled by default. Therefore, database queries may be performed during view rendering. Explicitly configure spring.jpa.open-in-view to disable this warning
2026-05-02 13:59:20.445 [restartedMain] INFO  o.s.c.n.e.c.DiscoveryClientOptionalArgsConfiguration — Eureka HTTP Client uses RestClient.
2026-05-02 13:59:20.473 [restartedMain] WARN  o.s.c.l.c.LoadBalancerCacheAutoConfiguration$LoadBalancerCaffeineWarnLogger — Spring Cloud LoadBalancer is currently working with the default cache. While this cache implementation is useful for development and tests, it's recommended to use Caffeine cache in production.You can switch to using Caffeine cache, by adding it and org.springframework.cache.caffeine.CaffeineCacheManager to the classpath.
2026-05-02 13:59:20.493 [restartedMain] INFO  o.s.c.n.eureka.InstanceInfoFactory — Setting initial instance status as: STARTING
2026-05-02 13:59:20.498 [restartedMain] INFO  c.netflix.discovery.DiscoveryClient — Initializing Eureka in region us-east-1
2026-05-02 13:59:20.498 [restartedMain] INFO  c.n.d.s.r.aws.ConfigClusterResolver — Resolving eureka endpoints via configuration
2026-05-02 13:59:20.499 [restartedMain] INFO  c.netflix.discovery.DiscoveryClient — Disable delta property : false
2026-05-02 13:59:20.499 [restartedMain] INFO  c.netflix.discovery.DiscoveryClient — Single vip registry refresh property : null
2026-05-02 13:59:20.499 [restartedMain] INFO  c.netflix.discovery.DiscoveryClient — Force full registry fetch : false
2026-05-02 13:59:20.499 [restartedMain] INFO  c.netflix.discovery.DiscoveryClient — Application is null : false
2026-05-02 13:59:20.499 [restartedMain] INFO  c.netflix.discovery.DiscoveryClient — Registered Applications size is zero : true
2026-05-02 13:59:20.499 [restartedMain] INFO  c.netflix.discovery.DiscoveryClient — Application version is -1: true
2026-05-02 13:59:20.500 [restartedMain] INFO  c.netflix.discovery.DiscoveryClient — Getting all instance registry info from the eureka server
2026-05-02 13:59:20.544 [restartedMain] INFO  c.netflix.discovery.DiscoveryClient — The response status is 200
2026-05-02 13:59:20.545 [restartedMain] INFO  c.netflix.discovery.DiscoveryClient — Starting heartbeat executor: renew interval is: 30
2026-05-02 13:59:20.545 [restartedMain] INFO  c.n.discovery.InstanceInfoReplicator — InstanceInfoReplicator onDemand update allowed rate per min is 4
2026-05-02 13:59:20.545 [restartedMain] INFO  c.netflix.discovery.DiscoveryClient — Discovery Client initialized at timestamp 1777719560545 with initial instances count: 7
2026-05-02 13:59:20.548 [restartedMain] INFO  o.s.c.n.e.s.EurekaServiceRegistry — Registering application TAVIA-ORDER-SERVICE with eureka with status UP
2026-05-02 13:59:20.548 [restartedMain] INFO  c.netflix.discovery.DiscoveryClient — Saw local status change event StatusChangeEvent [timestamp=1777719560548, current=UP, previous=STARTING]
2026-05-02 13:59:20.548 [DiscoveryClient-InstanceInfoReplicator-%d] INFO  c.netflix.discovery.DiscoveryClient — DiscoveryClient_TAVIA-ORDER-SERVICE/10.0.0.139:tavia-order-service:8082: registering service...
2026-05-02 13:59:20.549 [restartedMain] INFO  o.a.coyote.http11.Http11NioProtocol — Starting ProtocolHandler ["http-nio-8082"]
2026-05-02 13:59:20.551 [restartedMain] INFO  o.s.boot.tomcat.TomcatWebServer — Tomcat started on port 8082 (http) with context path '/'
2026-05-02 13:59:20.551 [restartedMain] INFO  o.s.c.n.e.s.EurekaAutoServiceRegistration — Updating port to 8082
2026-05-02 13:59:20.560 [DiscoveryClient-InstanceInfoReplicator-%d] INFO  c.netflix.discovery.DiscoveryClient — DiscoveryClient_TAVIA-ORDER-SERVICE/10.0.0.139:tavia-order-service:8082 - registration status: 204
2026-05-02 13:59:20.561 [restartedMain] INFO  c.t.o.OrderServiceApplication — Started OrderServiceApplication in 2.129 seconds (process running for 1846.93)
2026-05-02 13:59:20.561 [restartedMain] WARN  o.s.c.events.SpringDocAppInitializer — SpringDoc /v3/api-docs endpoint is enabled by default. To disable it in production, set the property 'springdoc.api-docs.enabled=false'
2026-05-02 13:59:20.561 [restartedMain] WARN  o.s.c.events.SpringDocAppInitializer — SpringDoc /swagger-ui.html endpoint is enabled by default. To disable it in production, set the property 'springdoc.swagger-ui.enabled=false'
2026-05-02 13:59:20.569 [restartedMain] INFO  o.s.b.d.a.ConditionEvaluationDeltaLoggingListener — Condition evaluation unchanged
2026-05-02 14:01:30.475 [HikariPool-3:housekeeper] WARN  com.zaxxer.hikari.pool.PoolBase — HikariPool-3 - Failed to validate connection org.postgresql.jdbc.PgConnection@495c5f0a (This connection has been closed.). Possibly consider using a shorter maxLifetime value.
