

********************************************************
>>> SERVİS BAŞLATILDI: 2026-05-04 20:41:36
********************************************************

Starting a Gradle Daemon, 1 busy and 3 incompatible and 10 stopped Daemons could not be reused, use --status for details
> Task :compileJava UP-TO-DATE
> Task :processResources UP-TO-DATE
> Task :classes UP-TO-DATE
> Task :resolveMainClassName UP-TO-DATE

> Task :bootRun

  .   ____          _            __ _ _
 /\\ / ___'_ __ _ _(_)_ __  __ _ \ \ \ \
( ( )\___ | '_ | '_| | '_ \/ _` | \ \ \ \
 \\/  ___)| |_)| | | | | || (_| |  ) ) ) )
  '  |____| .__|_| |_|_| |_\__, | / / / /
 =========|_|==============|___/=/_/_/_/

 :: Spring Boot ::                (v4.0.6)

2026-05-04 20:41:43.326 [restartedMain] INFO  c.t.d.TaviaDiscoveryServiceApplication — Starting TaviaDiscoveryServiceApplication using Java 21.0.10 with PID 110996 (/home/tuna/Desktop/tavia_v2/tavia-discovery-service/build/classes/java/main started by tuna in /home/tuna/Desktop/tavia_v2/tavia-discovery-service)
2026-05-04 20:41:43.327 [restartedMain] DEBUG c.t.d.TaviaDiscoveryServiceApplication — Running with Spring Boot v4.0.6, Spring v7.0.7
2026-05-04 20:41:43.328 [restartedMain] INFO  c.t.d.TaviaDiscoveryServiceApplication — No active profile set, falling back to 1 default profile: "default"
2026-05-04 20:41:43.354 [restartedMain] INFO  o.s.c.c.c.ConfigServerConfigDataLoader — Fetching config from server at : http://localhost:8888
2026-05-04 20:41:43.354 [restartedMain] INFO  o.s.c.c.c.ConfigServerConfigDataLoader — Located environment: name=tavia-discovery-service, profiles=[default], label=null, version=null, state=null
2026-05-04 20:41:43.356 [restartedMain] INFO  o.s.b.d.e.DevToolsPropertyDefaultsPostProcessor — Devtools property defaults active! Set 'spring.devtools.add-properties' to 'false' to disable
2026-05-04 20:41:43.356 [restartedMain] INFO  o.s.b.d.e.DevToolsPropertyDefaultsPostProcessor — For additional web related logging consider setting the 'logging.level.web' property to 'DEBUG'
2026-05-04 20:41:43.905 [restartedMain] INFO  o.s.cloud.context.scope.GenericScope — BeanFactory id=c5577a8b-fec0-3fae-9748-8fc15580100b
2026-05-04 20:41:44.150 [restartedMain] INFO  o.s.boot.tomcat.TomcatWebServer — Tomcat initialized with port 8761 (http)
2026-05-04 20:41:44.158 [restartedMain] INFO  o.a.coyote.http11.Http11NioProtocol — Initializing ProtocolHandler ["http-nio-8761"]
2026-05-04 20:41:44.159 [restartedMain] INFO  o.a.catalina.core.StandardService — Starting service [Tomcat]
2026-05-04 20:41:44.160 [restartedMain] INFO  o.a.catalina.core.StandardEngine — Starting Servlet engine: [Apache Tomcat/11.0.21]
2026-05-04 20:41:44.185 [restartedMain] INFO  o.s.b.w.c.s.WebApplicationContextInitializer — Root WebApplicationContext: initialization completed in 829 ms
2026-05-04 20:41:44.727 [restartedMain] INFO  c.n.d.p.DiscoveryJerseyProvider — Using JSON encoding codec LegacyJacksonJson
2026-05-04 20:41:44.727 [restartedMain] INFO  c.n.d.p.DiscoveryJerseyProvider — Using JSON decoding codec LegacyJacksonJson
2026-05-04 20:41:44.844 [restartedMain] INFO  c.n.d.p.DiscoveryJerseyProvider — Using XML encoding codec XStreamXml
2026-05-04 20:41:44.844 [restartedMain] INFO  c.n.d.p.DiscoveryJerseyProvider — Using XML decoding codec XStreamXml
2026-05-04 20:41:44.941 [restartedMain] INFO  o.s.v.b.OptionalValidatorFactoryBean — Failed to set up a Bean Validation provider: jakarta.validation.NoProviderFoundException: Unable to create a Configuration, because no Jakarta Validation provider could be found. Add a provider like Hibernate Validator (RI) to your classpath.
2026-05-04 20:41:45.335 [restartedMain] WARN  o.s.c.l.c.LoadBalancerCacheAutoConfiguration$LoadBalancerCaffeineWarnLogger — Spring Cloud LoadBalancer is currently working with the default cache. While this cache implementation is useful for development and tests, it's recommended to use Caffeine cache in production.You can switch to using Caffeine cache, by adding it and org.springframework.cache.caffeine.CaffeineCacheManager to the classpath.
2026-05-04 20:41:45.347 [restartedMain] INFO  o.s.c.n.eureka.InstanceInfoFactory — Setting initial instance status as: STARTING
2026-05-04 20:41:45.358 [restartedMain] INFO  c.netflix.discovery.DiscoveryClient — Initializing Eureka in region us-east-1
2026-05-04 20:41:45.359 [restartedMain] INFO  c.netflix.discovery.DiscoveryClient — Client configured to neither register nor query for data.
2026-05-04 20:41:45.359 [restartedMain] INFO  c.netflix.discovery.DiscoveryClient — Discovery Client initialized at timestamp 1777916505359 with initial instances count: 0
2026-05-04 20:41:45.385 [restartedMain] INFO  c.n.e.DefaultEurekaServerContext — Initializing ...
2026-05-04 20:41:45.386 [restartedMain] WARN  c.n.eureka.cluster.PeerEurekaNodes — The replica size seems to be empty. Check the route 53 DNS Registry
2026-05-04 20:41:45.393 [restartedMain] INFO  c.n.e.r.AbstractInstanceRegistry — Finished initializing remote region registries. All known remote regions: []
2026-05-04 20:41:45.393 [restartedMain] INFO  c.n.e.DefaultEurekaServerContext — Initialized
2026-05-04 20:41:45.399 [restartedMain] INFO  o.s.b.a.e.web.EndpointLinksResolver — Exposing 1 endpoint beneath base path '/actuator'
2026-05-04 20:41:45.431 [restartedMain] INFO  o.s.c.n.e.s.EurekaServiceRegistry — Registering application TAVIA-DISCOVERY-SERVICE with eureka with status UP
2026-05-04 20:41:45.433 [restartedMain] INFO  o.a.coyote.http11.Http11NioProtocol — Starting ProtocolHandler ["http-nio-8761"]
2026-05-04 20:41:45.439 [Thread-13] INFO  o.s.c.n.e.s.EurekaServerBootstrap — isAws returned false
2026-05-04 20:41:45.439 [Thread-13] INFO  o.s.c.n.e.s.EurekaServerBootstrap — Initialized server context
2026-05-04 20:41:45.439 [Thread-13] INFO  c.n.e.r.PeerAwareInstanceRegistryImpl — Got 1 instances from neighboring DS node
2026-05-04 20:41:45.439 [Thread-13] INFO  c.n.e.r.PeerAwareInstanceRegistryImpl — Renew threshold is: 1
2026-05-04 20:41:45.439 [Thread-13] INFO  c.n.e.r.PeerAwareInstanceRegistryImpl — Changing status to UP
2026-05-04 20:41:45.441 [restartedMain] INFO  o.s.boot.tomcat.TomcatWebServer — Tomcat started on port 8761 (http) with context path '/'
2026-05-04 20:41:45.441 [Thread-13] INFO  o.s.c.n.e.s.EurekaServerInitializerConfiguration — Started Eureka Server
2026-05-04 20:41:45.442 [restartedMain] INFO  o.s.c.n.e.s.EurekaAutoServiceRegistration — Updating port to 8761
2026-05-04 20:41:45.453 [restartedMain] INFO  c.t.d.TaviaDiscoveryServiceApplication — Started TaviaDiscoveryServiceApplication in 3.005 seconds (process running for 3.38)
2026-05-04 20:42:03.624 [http-nio-8761-exec-1] INFO  o.a.c.c.C.[Tomcat].[localhost].[/] — Initializing Spring DispatcherServlet 'dispatcherServlet'
2026-05-04 20:42:03.625 [http-nio-8761-exec-1] INFO  o.s.web.servlet.DispatcherServlet — Initializing Servlet 'dispatcherServlet'
2026-05-04 20:42:03.626 [http-nio-8761-exec-1] INFO  o.s.web.servlet.DispatcherServlet — Completed initialization in 1 ms
2026-05-04 20:42:03.785 [http-nio-8761-exec-2] INFO  c.n.e.r.AbstractInstanceRegistry — Registered instance TAVIA-TENANT-SERVICE/10.90.11.230:tavia-tenant-service:8081 with status UP (replication=false)
2026-05-04 20:42:20.851 [http-nio-8761-exec-4] INFO  c.n.e.r.AbstractInstanceRegistry — Registered instance TAVIA-INVENTORY-SERVICE/10.90.11.230:tavia-inventory-service:8083 with status UP (replication=false)
2026-05-04 20:42:38.513 [http-nio-8761-exec-8] INFO  c.n.e.r.AbstractInstanceRegistry — Registered instance TAVIA-CATALOG-SERVICE/10.90.11.230:tavia-catalog-service:8088 with status UP (replication=false)
2026-05-04 20:42:45.440 [Eureka-EvictionTimer] INFO  c.n.e.r.AbstractInstanceRegistry — Running the evict task with compensationTime 0ms
2026-05-04 20:42:54.978 [http-nio-8761-exec-2] INFO  c.n.e.r.AbstractInstanceRegistry — Registered instance TAVIA-CRM-SERVICE/10.90.11.230:tavia-crm-service:8086 with status UP (replication=false)
2026-05-04 20:43:12.699 [http-nio-8761-exec-8] INFO  c.n.e.r.AbstractInstanceRegistry — Registered instance TAVIA-ORDER-SERVICE/10.90.11.230:tavia-order-service:8082 with status UP (replication=false)
2026-05-04 20:43:31.701 [http-nio-8761-exec-4] INFO  c.n.e.r.AbstractInstanceRegistry — Registered instance TAVIA-IOT-SERVICE/10.90.11.230:tavia-iot-service:8089 with status UP (replication=false)
2026-05-04 20:43:44.306 [http-nio-8761-exec-1] INFO  c.n.e.r.AbstractInstanceRegistry — Registered instance TAVIA-CONTEXT-SERVICE/10.90.11.230:tavia-context-service:8087 with status UP (replication=false)
2026-05-04 20:43:45.440 [Eureka-EvictionTimer] INFO  c.n.e.r.AbstractInstanceRegistry — Running the evict task with compensationTime 0ms
2026-05-04 20:44:03.580 [http-nio-8761-exec-10] INFO  c.n.e.r.AbstractInstanceRegistry — Registered instance TAVIA-AI-SERVICE/10.90.11.230:tavia-ai-service:8084 with status UP (replication=false)
2026-05-04 20:44:18.417 [http-nio-8761-exec-10] INFO  c.n.e.r.AbstractInstanceRegistry — Registered instance TAVIA-API-GATEWAY/10.90.11.230:tavia-api-gateway:8080 with status UP (replication=false)
2026-05-04 20:44:35.638 [http-nio-8761-exec-3] INFO  c.n.e.r.AbstractInstanceRegistry — Registered instance TAVIA-TRAFFIC-SIMULATOR/10.90.11.230:tavia-traffic-simulator:8095 with status UP (replication=false)
2026-05-04 20:44:45.440 [Eureka-EvictionTimer] INFO  c.n.e.r.AbstractInstanceRegistry — Running the evict task with compensationTime 0ms
2026-05-04 20:45:45.440 [Eureka-EvictionTimer] INFO  c.n.e.r.AbstractInstanceRegistry — Running the evict task with compensationTime 0ms
2026-05-04 20:46:45.440 [Eureka-EvictionTimer] INFO  c.n.e.r.AbstractInstanceRegistry — Running the evict task with compensationTime 0ms
2026-05-04 20:47:45.440 [Eureka-EvictionTimer] INFO  c.n.e.r.AbstractInstanceRegistry — Running the evict task with compensationTime 0ms
2026-05-04 20:48:45.440 [Eureka-EvictionTimer] INFO  c.n.e.r.AbstractInstanceRegistry — Running the evict task with compensationTime 0ms
2026-05-04 20:49:45.440 [Eureka-EvictionTimer] INFO  c.n.e.r.AbstractInstanceRegistry — Running the evict task with compensationTime 0ms
2026-05-04 20:50:45.440 [Eureka-EvictionTimer] INFO  c.n.e.r.AbstractInstanceRegistry — Running the evict task with compensationTime 0ms
2026-05-04 20:51:45.399 [Eureka-PeerNodesUpdater] WARN  c.n.eureka.cluster.PeerEurekaNodes — The replica size seems to be empty. Check the route 53 DNS Registry
2026-05-04 20:51:45.440 [Eureka-EvictionTimer] INFO  c.n.e.r.AbstractInstanceRegistry — Running the evict task with compensationTime 0ms
2026-05-04 20:52:45.440 [Eureka-EvictionTimer] INFO  c.n.e.r.AbstractInstanceRegistry — Running the evict task with compensationTime 0ms
2026-05-04 20:53:45.440 [Eureka-EvictionTimer] INFO  c.n.e.r.AbstractInstanceRegistry — Running the evict task with compensationTime 0ms
2026-05-04 20:54:45.440 [Eureka-EvictionTimer] INFO  c.n.e.r.AbstractInstanceRegistry — Running the evict task with compensationTime 0ms
2026-05-04 20:55:45.440 [Eureka-EvictionTimer] INFO  c.n.e.r.AbstractInstanceRegistry — Running the evict task with compensationTime 0ms
2026-05-04 20:56:45.396 [ReplicaAwareInstanceRegistry - RenewalThresholdUpdater] INFO  c.n.e.r.PeerAwareInstanceRegistryImpl — Current renewal threshold is : 18
2026-05-04 20:56:45.440 [Eureka-EvictionTimer] INFO  c.n.e.r.AbstractInstanceRegistry — Running the evict task with compensationTime 0ms
2026-05-04 20:57:45.441 [Eureka-EvictionTimer] INFO  c.n.e.r.AbstractInstanceRegistry — Running the evict task with compensationTime 0ms

********************************************************
<<< SERVİS DURDURULDU: 2026-05-04 20:58:04
********************************************************

