

********************************************************
>>> SERVİS BAŞLATILDI: 2026-04-30 22:08:23
********************************************************

Starting a Gradle Daemon, 6 busy and 33 stopped Daemons could not be reused, use --status for details
> Task :compileJava UP-TO-DATE
> Task :processResources UP-TO-DATE
> Task :classes UP-TO-DATE
> Task :resolveMainClassName UP-TO-DATE

> Task :bootRun

  .   ____          _            __ _ _
 /\\ / ___'_ __ _ _(_)_ __  __ _ \ \ \ \
( ( )\___ | '_ | '_| | '_ \/ _` | \ \ \ \
 \\/  ___)| |_)| | | | | || (_| |  ) ) ) )
  '  |____| .__|_| |_|_| |_\__, | / / / /
 =========|_|==============|___/=/_/_/_/

 :: Spring Boot ::                (v4.0.6)

2026-04-30T22:08:36.583+03:00  INFO 68759 --- [tavia-ai-service] [           main] c.tavia.ai_service.AiServiceApplication  : Starting AiServiceApplication using Java 21.0.10 with PID 68759 (/home/tuna/Desktop/tavia_v2/tavia-ai-service/build/classes/java/main started by tuna in /home/tuna/Desktop/tavia_v2/tavia-ai-service)
2026-04-30T22:08:36.586+03:00 DEBUG 68759 --- [tavia-ai-service] [           main] c.tavia.ai_service.AiServiceApplication  : Running with Spring Boot v4.0.6, Spring v7.0.7
2026-04-30T22:08:36.587+03:00  INFO 68759 --- [tavia-ai-service] [           main] c.tavia.ai_service.AiServiceApplication  : No active profile set, falling back to 1 default profile: "default"
2026-04-30T22:08:36.634+03:00  INFO 68759 --- [tavia-ai-service] [           main] o.s.c.c.c.ConfigServerConfigDataLoader   : Fetching config from server at : http://localhost:8888
2026-04-30T22:08:36.634+03:00  INFO 68759 --- [tavia-ai-service] [           main] o.s.c.c.c.ConfigServerConfigDataLoader   : Located environment: name=tavia-ai-service, profiles=[default], label=null, version=null, state=null
2026-04-30T22:08:36.634+03:00 DEBUG 68759 --- [tavia-ai-service] [           main] o.s.c.c.c.ConfigServerConfigDataLoader   : Environment tavia-ai-service has 2 property sources with 39 properties.
2026-04-30T22:08:37.522+03:00  INFO 68759 --- [tavia-ai-service] [           main] .s.d.r.c.RepositoryConfigurationDelegate : Bootstrapping Spring Data JPA repositories in DEFAULT mode.
2026-04-30T22:08:37.686+03:00  INFO 68759 --- [tavia-ai-service] [           main] .s.d.r.c.RepositoryConfigurationDelegate : Finished Spring Data repository scanning in 155 ms. Found 1 JPA repository interface.
2026-04-30T22:08:37.914+03:00  INFO 68759 --- [tavia-ai-service] [           main] o.s.cloud.context.scope.GenericScope     : BeanFactory id=195d67f7-fc60-3e3e-a67e-14923287c828
2026-04-30T22:08:38.292+03:00  INFO 68759 --- [tavia-ai-service] [           main] o.s.boot.tomcat.TomcatWebServer          : Tomcat initialized with port 8084 (http)
2026-04-30T22:08:38.308+03:00  INFO 68759 --- [tavia-ai-service] [           main] o.apache.catalina.core.StandardService   : Starting service [Tomcat]
2026-04-30T22:08:38.308+03:00  INFO 68759 --- [tavia-ai-service] [           main] o.apache.catalina.core.StandardEngine    : Starting Servlet engine: [Apache Tomcat/11.0.21]
2026-04-30T22:08:38.362+03:00  INFO 68759 --- [tavia-ai-service] [           main] b.w.c.s.WebApplicationContextInitializer : Root WebApplicationContext: initialization completed in 1723 ms
2026-04-30T22:08:38.604+03:00  INFO 68759 --- [tavia-ai-service] [           main] org.hibernate.orm.jpa                    : HHH008540: Processing PersistenceUnitInfo [name: default]
2026-04-30T22:08:38.658+03:00  INFO 68759 --- [tavia-ai-service] [           main] org.hibernate.orm.core                   : HHH000001: Hibernate ORM core version 7.2.12.Final
2026-04-30T22:08:39.133+03:00  INFO 68759 --- [tavia-ai-service] [           main] o.s.o.j.p.SpringPersistenceUnitInfo      : No LoadTimeWeaver setup: ignoring JPA class transformer
2026-04-30T22:08:39.173+03:00  INFO 68759 --- [tavia-ai-service] [           main] com.zaxxer.hikari.HikariDataSource       : HikariPool-1 - Starting...
2026-04-30T22:08:39.318+03:00  INFO 68759 --- [tavia-ai-service] [           main] com.zaxxer.hikari.pool.HikariPool        : HikariPool-1 - Added connection org.postgresql.jdbc.PgConnection@3146f3d7
2026-04-30T22:08:39.320+03:00  INFO 68759 --- [tavia-ai-service] [           main] com.zaxxer.hikari.HikariDataSource       : HikariPool-1 - Start completed.
2026-04-30T22:08:39.349+03:00  WARN 68759 --- [tavia-ai-service] [           main] org.hibernate.orm.deprecation            : HHH90000025: PostgreSQLDialect does not need to be specified explicitly using 'hibernate.dialect' (remove the property setting and it will be selected by default)
2026-04-30T22:08:39.372+03:00  INFO 68759 --- [tavia-ai-service] [           main] org.hibernate.orm.connections.pooling    : HHH10001005: Database info:
	Database JDBC URL [jdbc:postgresql://localhost:5432/tavia_db]
	Database driver: PostgreSQL JDBC Driver
	Database dialect: PostgreSQLDialect
	Database version: 15.17
	Default catalog/schema: tavia_db/public
	Autocommit mode: undefined/unknown
	Isolation level: READ_COMMITTED [default READ_COMMITTED]
	JDBC fetch size: none
	Pool: DataSourceConnectionProvider
	Minimum pool size: undefined/unknown
	Maximum pool size: undefined/unknown
2026-04-30T22:08:40.395+03:00  INFO 68759 --- [tavia-ai-service] [           main] org.hibernate.orm.core                   : HHH000489: No JTA platform available (set 'hibernate.transaction.jta.platform' to enable JTA platform integration)
2026-04-30T22:08:40.481+03:00  INFO 68759 --- [tavia-ai-service] [           main] j.LocalContainerEntityManagerFactoryBean : Initialized JPA EntityManagerFactory for persistence unit 'default'
2026-04-30T22:08:40.618+03:00  INFO 68759 --- [tavia-ai-service] [           main] o.s.d.j.r.query.QueryEnhancerFactories   : Hibernate is in classpath; If applicable, HQL parser will be used.
2026-04-30T22:08:41.143+03:00  WARN 68759 --- [tavia-ai-service] [           main] JpaBaseConfiguration$JpaWebConfiguration : spring.jpa.open-in-view is enabled by default. Therefore, database queries may be performed during view rendering. Explicitly configure spring.jpa.open-in-view to disable this warning
2026-04-30T22:08:42.151+03:00  INFO 68759 --- [tavia-ai-service] [           main] DiscoveryClientOptionalArgsConfiguration : Eureka HTTP Client uses RestClient.
2026-04-30T22:08:42.225+03:00  WARN 68759 --- [tavia-ai-service] [           main] iguration$LoadBalancerCaffeineWarnLogger : Spring Cloud LoadBalancer is currently working with the default cache. While this cache implementation is useful for development and tests, it's recommended to use Caffeine cache in production.You can switch to using Caffeine cache, by adding it and org.springframework.cache.caffeine.CaffeineCacheManager to the classpath.
2026-04-30T22:08:42.364+03:00  INFO 68759 --- [tavia-ai-service] [           main] o.s.c.n.eureka.InstanceInfoFactory       : Setting initial instance status as: STARTING
2026-04-30T22:08:42.401+03:00  INFO 68759 --- [tavia-ai-service] [           main] com.netflix.discovery.DiscoveryClient    : Initializing Eureka in region us-east-1
2026-04-30T22:08:42.413+03:00  INFO 68759 --- [tavia-ai-service] [           main] c.n.d.s.r.aws.ConfigClusterResolver      : Resolving eureka endpoints via configuration
2026-04-30T22:08:42.425+03:00  INFO 68759 --- [tavia-ai-service] [           main] com.netflix.discovery.DiscoveryClient    : Disable delta property : false
2026-04-30T22:08:42.425+03:00  INFO 68759 --- [tavia-ai-service] [           main] com.netflix.discovery.DiscoveryClient    : Single vip registry refresh property : null
2026-04-30T22:08:42.425+03:00  INFO 68759 --- [tavia-ai-service] [           main] com.netflix.discovery.DiscoveryClient    : Force full registry fetch : false
2026-04-30T22:08:42.425+03:00  INFO 68759 --- [tavia-ai-service] [           main] com.netflix.discovery.DiscoveryClient    : Application is null : false
2026-04-30T22:08:42.425+03:00  INFO 68759 --- [tavia-ai-service] [           main] com.netflix.discovery.DiscoveryClient    : Registered Applications size is zero : true
2026-04-30T22:08:42.426+03:00  INFO 68759 --- [tavia-ai-service] [           main] com.netflix.discovery.DiscoveryClient    : Application version is -1: true
2026-04-30T22:08:42.426+03:00  INFO 68759 --- [tavia-ai-service] [           main] com.netflix.discovery.DiscoveryClient    : Getting all instance registry info from the eureka server
2026-04-30T22:08:42.889+03:00  INFO 68759 --- [tavia-ai-service] [           main] com.netflix.discovery.DiscoveryClient    : The response status is 200
2026-04-30T22:08:42.892+03:00  INFO 68759 --- [tavia-ai-service] [           main] com.netflix.discovery.DiscoveryClient    : Starting heartbeat executor: renew interval is: 30
2026-04-30T22:08:42.895+03:00  INFO 68759 --- [tavia-ai-service] [           main] c.n.discovery.InstanceInfoReplicator     : InstanceInfoReplicator onDemand update allowed rate per min is 4
2026-04-30T22:08:42.897+03:00  INFO 68759 --- [tavia-ai-service] [           main] com.netflix.discovery.DiscoveryClient    : Discovery Client initialized at timestamp 1777576122897 with initial instances count: 4
2026-04-30T22:08:42.903+03:00  INFO 68759 --- [tavia-ai-service] [           main] o.s.c.n.e.s.EurekaServiceRegistry        : Registering application TAVIA-AI-SERVICE with eureka with status UP
2026-04-30T22:08:42.904+03:00  INFO 68759 --- [tavia-ai-service] [           main] com.netflix.discovery.DiscoveryClient    : Saw local status change event StatusChangeEvent [timestamp=1777576122904, current=UP, previous=STARTING]
2026-04-30T22:08:42.907+03:00  INFO 68759 --- [tavia-ai-service] [foReplicator-%d] com.netflix.discovery.DiscoveryClient    : DiscoveryClient_TAVIA-AI-SERVICE/10.90.11.230:tavia-ai-service:8084: registering service...
2026-04-30T22:08:42.931+03:00  INFO 68759 --- [tavia-ai-service] [           main] o.s.boot.tomcat.TomcatWebServer          : Tomcat started on port 8084 (http) with context path '/'
2026-04-30T22:08:42.933+03:00  INFO 68759 --- [tavia-ai-service] [           main] .s.c.n.e.s.EurekaAutoServiceRegistration : Updating port to 8084
2026-04-30T22:08:42.970+03:00  INFO 68759 --- [tavia-ai-service] [foReplicator-%d] com.netflix.discovery.DiscoveryClient    : DiscoveryClient_TAVIA-AI-SERVICE/10.90.11.230:tavia-ai-service:8084 - registration status: 204
2026-04-30T22:08:43.009+03:00  INFO 68759 --- [tavia-ai-service] [           main] o.a.kafka.common.config.AbstractConfig   : ConsumerConfig values: 
	allow.auto.create.topics = true
	auto.commit.interval.ms = 5000
	auto.offset.reset = earliest
	bootstrap.servers = [localhost:9092]
	check.crcs = true
	client.dns.lookup = use_all_dns_ips
	client.id = consumer-ai-group-1
	client.rack = 
	connections.max.idle.ms = 540000
	default.api.timeout.ms = 60000
	enable.auto.commit = false
	enable.metrics.push = true
	exclude.internal.topics = true
	fetch.max.bytes = 52428800
	fetch.max.wait.ms = 500
	fetch.min.bytes = 1
	group.id = ai-group
	group.instance.id = null
	group.protocol = classic
	group.remote.assignor = null
	heartbeat.interval.ms = 3000
	interceptor.classes = []
	internal.leave.group.on.close = true
	internal.throw.on.fetch.stable.offset.unsupported = false
	isolation.level = read_uncommitted
	key.deserializer = class org.apache.kafka.common.serialization.StringDeserializer
	max.partition.fetch.bytes = 1048576
	max.poll.interval.ms = 300000
	max.poll.records = 500
	metadata.max.age.ms = 300000
	metadata.recovery.rebootstrap.trigger.ms = 300000
	metadata.recovery.strategy = rebootstrap
	metric.reporters = [org.apache.kafka.common.metrics.JmxReporter]
	metrics.num.samples = 2
	metrics.recording.level = INFO
	metrics.sample.window.ms = 30000
	partition.assignment.strategy = [class org.apache.kafka.clients.consumer.RangeAssignor, class org.apache.kafka.clients.consumer.CooperativeStickyAssignor]
	receive.buffer.bytes = 65536
	reconnect.backoff.max.ms = 1000
	reconnect.backoff.ms = 50
	request.timeout.ms = 30000
	retry.backoff.max.ms = 1000
	retry.backoff.ms = 100
	sasl.client.callback.handler.class = null
	sasl.jaas.config = null
	sasl.kerberos.kinit.cmd = /usr/bin/kinit
	sasl.kerberos.min.time.before.relogin = 60000
	sasl.kerberos.service.name = null
	sasl.kerberos.ticket.renew.jitter = 0.05
	sasl.kerberos.ticket.renew.window.factor = 0.8
	sasl.login.callback.handler.class = null
	sasl.login.class = null
	sasl.login.connect.timeout.ms = null
	sasl.login.read.timeout.ms = null
	sasl.login.refresh.buffer.seconds = 300
	sasl.login.refresh.min.period.seconds = 60
	sasl.login.refresh.window.factor = 0.8
	sasl.login.refresh.window.jitter = 0.05
	sasl.login.retry.backoff.max.ms = 10000
	sasl.login.retry.backoff.ms = 100
	sasl.mechanism = GSSAPI
	sasl.oauthbearer.assertion.algorithm = RS256
	sasl.oauthbearer.assertion.claim.aud = null
	sasl.oauthbearer.assertion.claim.exp.seconds = 300
	sasl.oauthbearer.assertion.claim.iss = null
	sasl.oauthbearer.assertion.claim.jti.include = false
	sasl.oauthbearer.assertion.claim.nbf.seconds = 60
	sasl.oauthbearer.assertion.claim.sub = null
	sasl.oauthbearer.assertion.file = null
	sasl.oauthbearer.assertion.private.key.file = null
	sasl.oauthbearer.assertion.private.key.passphrase = null
	sasl.oauthbearer.assertion.template.file = null
	sasl.oauthbearer.client.credentials.client.id = null
	sasl.oauthbearer.client.credentials.client.secret = null
	sasl.oauthbearer.clock.skew.seconds = 30
	sasl.oauthbearer.expected.audience = null
	sasl.oauthbearer.expected.issuer = null
	sasl.oauthbearer.header.urlencode = false
	sasl.oauthbearer.jwks.endpoint.refresh.ms = 3600000
	sasl.oauthbearer.jwks.endpoint.retry.backoff.max.ms = 10000
	sasl.oauthbearer.jwks.endpoint.retry.backoff.ms = 100
	sasl.oauthbearer.jwks.endpoint.url = null
	sasl.oauthbearer.jwt.retriever.class = class org.apache.kafka.common.security.oauthbearer.DefaultJwtRetriever
	sasl.oauthbearer.jwt.validator.class = class org.apache.kafka.common.security.oauthbearer.DefaultJwtValidator
	sasl.oauthbearer.scope = null
	sasl.oauthbearer.scope.claim.name = scope
	sasl.oauthbearer.sub.claim.name = sub
	sasl.oauthbearer.token.endpoint.url = null
	security.protocol = PLAINTEXT
	security.providers = null
	send.buffer.bytes = 131072
	session.timeout.ms = 45000
	share.acknowledgement.mode = implicit
	socket.connection.setup.timeout.max.ms = 30000
	socket.connection.setup.timeout.ms = 10000
	ssl.cipher.suites = null
	ssl.enabled.protocols = [TLSv1.2, TLSv1.3]
	ssl.endpoint.identification.algorithm = https
	ssl.engine.factory.class = null
	ssl.key.password = null
	ssl.keymanager.algorithm = SunX509
	ssl.keystore.certificate.chain = null
	ssl.keystore.key = null
	ssl.keystore.location = null
	ssl.keystore.password = null
	ssl.keystore.type = JKS
	ssl.protocol = TLSv1.3
	ssl.provider = null
	ssl.secure.random.implementation = null
	ssl.trustmanager.algorithm = PKIX
	ssl.truststore.certificates = null
	ssl.truststore.location = null
	ssl.truststore.password = null
	ssl.truststore.type = JKS
	value.deserializer = class org.springframework.kafka.support.serializer.ErrorHandlingDeserializer

2026-04-30T22:08:43.076+03:00  INFO 68759 --- [tavia-ai-service] [           main] o.a.k.c.t.i.KafkaMetricsCollector        : initializing Kafka metrics collector
2026-04-30T22:08:43.284+03:00  INFO 68759 --- [tavia-ai-service] [           main] o.a.kafka.common.utils.AppInfoParser     : Kafka version: 4.1.2
2026-04-30T22:08:43.284+03:00  INFO 68759 --- [tavia-ai-service] [           main] o.a.kafka.common.utils.AppInfoParser     : Kafka commitId: c82fd9b934b4c1e6
2026-04-30T22:08:43.284+03:00  INFO 68759 --- [tavia-ai-service] [           main] o.a.kafka.common.utils.AppInfoParser     : Kafka startTimeMs: 1777576123282
2026-04-30T22:08:43.287+03:00  INFO 68759 --- [tavia-ai-service] [           main] o.a.k.c.c.i.ClassicKafkaConsumer         : [Consumer clientId=consumer-ai-group-1, groupId=ai-group] Subscribed to topic(s): order-events
2026-04-30T22:08:43.307+03:00  INFO 68759 --- [tavia-ai-service] [           main] c.tavia.ai_service.AiServiceApplication  : Started AiServiceApplication in 7.826 seconds (process running for 8.398)
2026-04-30T22:08:43.310+03:00  WARN 68759 --- [tavia-ai-service] [           main] o.s.core.events.SpringDocAppInitializer  : SpringDoc /v3/api-docs endpoint is enabled by default. To disable it in production, set the property 'springdoc.api-docs.enabled=false'
2026-04-30T22:08:43.310+03:00  WARN 68759 --- [tavia-ai-service] [           main] o.s.core.events.SpringDocAppInitializer  : SpringDoc /swagger-ui.html endpoint is enabled by default. To disable it in production, set the property 'springdoc.swagger-ui.enabled=false'
2026-04-30T22:08:43.898+03:00  INFO 68759 --- [tavia-ai-service] [ntainer#0-0-C-1] org.apache.kafka.clients.Metadata        : [Consumer clientId=consumer-ai-group-1, groupId=ai-group] Cluster ID: XJTZf12VRCSUzkCrdSAQYw
2026-04-30T22:08:43.903+03:00  INFO 68759 --- [tavia-ai-service] [ntainer#0-0-C-1] o.a.k.c.c.internals.ConsumerCoordinator  : [Consumer clientId=consumer-ai-group-1, groupId=ai-group] Discovered group coordinator localhost:9092 (id: 2147483646 rack: null isFenced: false)
2026-04-30T22:08:43.906+03:00  INFO 68759 --- [tavia-ai-service] [ntainer#0-0-C-1] o.a.k.c.c.internals.ConsumerCoordinator  : [Consumer clientId=consumer-ai-group-1, groupId=ai-group] (Re-)joining group
2026-04-30T22:08:43.928+03:00  INFO 68759 --- [tavia-ai-service] [ntainer#0-0-C-1] o.a.k.c.c.internals.ConsumerCoordinator  : [Consumer clientId=consumer-ai-group-1, groupId=ai-group] Request joining group due to: need to re-join with the given member-id: consumer-ai-group-1-1a235d94-124e-437d-93f0-56052dcb6ee5
2026-04-30T22:08:43.928+03:00  INFO 68759 --- [tavia-ai-service] [ntainer#0-0-C-1] o.a.k.c.c.internals.ConsumerCoordinator  : [Consumer clientId=consumer-ai-group-1, groupId=ai-group] (Re-)joining group
2026-04-30T22:08:46.935+03:00  INFO 68759 --- [tavia-ai-service] [ntainer#0-0-C-1] o.a.k.c.c.internals.ConsumerCoordinator  : [Consumer clientId=consumer-ai-group-1, groupId=ai-group] Successfully joined group with generation Generation{generationId=3, memberId='consumer-ai-group-1-1a235d94-124e-437d-93f0-56052dcb6ee5', protocol='range'}
2026-04-30T22:08:46.948+03:00  INFO 68759 --- [tavia-ai-service] [ntainer#0-0-C-1] o.a.k.c.c.internals.ConsumerCoordinator  : [Consumer clientId=consumer-ai-group-1, groupId=ai-group] Finished assignment for group at generation 3: {consumer-ai-group-1-1a235d94-124e-437d-93f0-56052dcb6ee5=Assignment(partitions=[order-events-0])}
2026-04-30T22:08:46.957+03:00  INFO 68759 --- [tavia-ai-service] [ntainer#0-0-C-1] o.a.k.c.c.internals.ConsumerCoordinator  : [Consumer clientId=consumer-ai-group-1, groupId=ai-group] Successfully synced group in generation Generation{generationId=3, memberId='consumer-ai-group-1-1a235d94-124e-437d-93f0-56052dcb6ee5', protocol='range'}
2026-04-30T22:08:46.958+03:00  INFO 68759 --- [tavia-ai-service] [ntainer#0-0-C-1] o.a.k.c.c.internals.ConsumerCoordinator  : [Consumer clientId=consumer-ai-group-1, groupId=ai-group] Notifying assignor about the new Assignment(partitions=[order-events-0])
2026-04-30T22:08:46.961+03:00  INFO 68759 --- [tavia-ai-service] [ntainer#0-0-C-1] k.c.c.i.ConsumerRebalanceListenerInvoker : [Consumer clientId=consumer-ai-group-1, groupId=ai-group] Adding newly assigned partitions: [order-events-0]
2026-04-30T22:08:46.970+03:00  INFO 68759 --- [tavia-ai-service] [ntainer#0-0-C-1] o.a.k.c.c.internals.ConsumerCoordinator  : [Consumer clientId=consumer-ai-group-1, groupId=ai-group] Found no committed offset for partition order-events-0
2026-04-30T22:08:46.989+03:00  INFO 68759 --- [tavia-ai-service] [ntainer#0-0-C-1] o.a.k.c.c.internals.SubscriptionState    : [Consumer clientId=consumer-ai-group-1, groupId=ai-group] Resetting offset for partition order-events-0 to position FetchPosition{offset=0, offsetEpoch=Optional.empty, currentLeader=LeaderAndEpoch{leader=Optional[localhost:9092 (id: 1 rack: null isFenced: false)], epoch=0}}.
2026-04-30T22:08:46.991+03:00  INFO 68759 --- [tavia-ai-service] [ntainer#0-0-C-1] o.s.k.l.KafkaMessageListenerContainer    : ai-group: partitions assigned: [order-events-0]
2026-04-30T22:13:42.428+03:00  INFO 68759 --- [tavia-ai-service] [rap-executor-%d] c.n.d.s.r.aws.ConfigClusterResolver      : Resolving eureka endpoints via configuration

********************************************************
<<< SERVİS DURDURULDU: 2026-04-30 22:14:27
********************************************************



********************************************************
>>> SERVİS BAŞLATILDI: 2026-04-30 22:20:08
********************************************************

Starting a Gradle Daemon, 6 busy and 35 stopped Daemons could not be reused, use --status for details
> Task :compileJava UP-TO-DATE
> Task :processResources UP-TO-DATE
> Task :classes UP-TO-DATE
> Task :resolveMainClassName UP-TO-DATE

> Task :bootRun

  .   ____          _            __ _ _
 /\\ / ___'_ __ _ _(_)_ __  __ _ \ \ \ \
( ( )\___ | '_ | '_| | '_ \/ _` | \ \ \ \
 \\/  ___)| |_)| | | | | || (_| |  ) ) ) )
  '  |____| .__|_| |_|_| |_\__, | / / / /
 =========|_|==============|___/=/_/_/_/

 :: Spring Boot ::                (v4.0.6)

2026-04-30T22:20:17.315+03:00  INFO 74160 --- [tavia-ai-service] [           main] c.tavia.ai_service.AiServiceApplication  : Starting AiServiceApplication using Java 21.0.10 with PID 74160 (/home/tuna/Desktop/tavia_v2/tavia-ai-service/build/classes/java/main started by tuna in /home/tuna/Desktop/tavia_v2/tavia-ai-service)
2026-04-30T22:20:17.317+03:00 DEBUG 74160 --- [tavia-ai-service] [           main] c.tavia.ai_service.AiServiceApplication  : Running with Spring Boot v4.0.6, Spring v7.0.7
2026-04-30T22:20:17.317+03:00  INFO 74160 --- [tavia-ai-service] [           main] c.tavia.ai_service.AiServiceApplication  : No active profile set, falling back to 1 default profile: "default"
2026-04-30T22:20:17.350+03:00  INFO 74160 --- [tavia-ai-service] [           main] o.s.c.c.c.ConfigServerConfigDataLoader   : Fetching config from server at : http://localhost:8888
2026-04-30T22:20:17.351+03:00  INFO 74160 --- [tavia-ai-service] [           main] o.s.c.c.c.ConfigServerConfigDataLoader   : Located environment: name=tavia-ai-service, profiles=[default], label=null, version=null, state=null
2026-04-30T22:20:17.351+03:00 DEBUG 74160 --- [tavia-ai-service] [           main] o.s.c.c.c.ConfigServerConfigDataLoader   : Environment tavia-ai-service has 2 property sources with 39 properties.
2026-04-30T22:20:17.977+03:00  INFO 74160 --- [tavia-ai-service] [           main] .s.d.r.c.RepositoryConfigurationDelegate : Bootstrapping Spring Data JPA repositories in DEFAULT mode.
2026-04-30T22:20:18.094+03:00  INFO 74160 --- [tavia-ai-service] [           main] .s.d.r.c.RepositoryConfigurationDelegate : Finished Spring Data repository scanning in 111 ms. Found 1 JPA repository interface.
2026-04-30T22:20:18.243+03:00  INFO 74160 --- [tavia-ai-service] [           main] o.s.cloud.context.scope.GenericScope     : BeanFactory id=195d67f7-fc60-3e3e-a67e-14923287c828
2026-04-30T22:20:18.512+03:00  INFO 74160 --- [tavia-ai-service] [           main] o.s.boot.tomcat.TomcatWebServer          : Tomcat initialized with port 8084 (http)
2026-04-30T22:20:18.524+03:00  INFO 74160 --- [tavia-ai-service] [           main] o.apache.catalina.core.StandardService   : Starting service [Tomcat]
2026-04-30T22:20:18.524+03:00  INFO 74160 --- [tavia-ai-service] [           main] o.apache.catalina.core.StandardEngine    : Starting Servlet engine: [Apache Tomcat/11.0.21]
2026-04-30T22:20:18.570+03:00  INFO 74160 --- [tavia-ai-service] [           main] b.w.c.s.WebApplicationContextInitializer : Root WebApplicationContext: initialization completed in 1216 ms
2026-04-30T22:20:18.704+03:00  INFO 74160 --- [tavia-ai-service] [           main] org.hibernate.orm.jpa                    : HHH008540: Processing PersistenceUnitInfo [name: default]
2026-04-30T22:20:18.738+03:00  INFO 74160 --- [tavia-ai-service] [           main] org.hibernate.orm.core                   : HHH000001: Hibernate ORM core version 7.2.12.Final
2026-04-30T22:20:19.041+03:00  INFO 74160 --- [tavia-ai-service] [           main] o.s.o.j.p.SpringPersistenceUnitInfo      : No LoadTimeWeaver setup: ignoring JPA class transformer
2026-04-30T22:20:19.063+03:00  INFO 74160 --- [tavia-ai-service] [           main] com.zaxxer.hikari.HikariDataSource       : HikariPool-1 - Starting...
2026-04-30T22:20:19.146+03:00  INFO 74160 --- [tavia-ai-service] [           main] com.zaxxer.hikari.pool.HikariPool        : HikariPool-1 - Added connection org.postgresql.jdbc.PgConnection@2ecd2aa4
2026-04-30T22:20:19.147+03:00  INFO 74160 --- [tavia-ai-service] [           main] com.zaxxer.hikari.HikariDataSource       : HikariPool-1 - Start completed.
2026-04-30T22:20:19.167+03:00  WARN 74160 --- [tavia-ai-service] [           main] org.hibernate.orm.deprecation            : HHH90000025: PostgreSQLDialect does not need to be specified explicitly using 'hibernate.dialect' (remove the property setting and it will be selected by default)
2026-04-30T22:20:19.182+03:00  INFO 74160 --- [tavia-ai-service] [           main] org.hibernate.orm.connections.pooling    : HHH10001005: Database info:
	Database JDBC URL [jdbc:postgresql://localhost:5432/tavia_db]
	Database driver: PostgreSQL JDBC Driver
	Database dialect: PostgreSQLDialect
	Database version: 15.17
	Default catalog/schema: tavia_db/public
	Autocommit mode: undefined/unknown
	Isolation level: READ_COMMITTED [default READ_COMMITTED]
	JDBC fetch size: none
	Pool: DataSourceConnectionProvider
	Minimum pool size: undefined/unknown
	Maximum pool size: undefined/unknown
2026-04-30T22:20:19.780+03:00  INFO 74160 --- [tavia-ai-service] [           main] org.hibernate.orm.core                   : HHH000489: No JTA platform available (set 'hibernate.transaction.jta.platform' to enable JTA platform integration)
2026-04-30T22:20:19.832+03:00  INFO 74160 --- [tavia-ai-service] [           main] j.LocalContainerEntityManagerFactoryBean : Initialized JPA EntityManagerFactory for persistence unit 'default'
2026-04-30T22:20:19.897+03:00  INFO 74160 --- [tavia-ai-service] [           main] o.s.d.j.r.query.QueryEnhancerFactories   : Hibernate is in classpath; If applicable, HQL parser will be used.
2026-04-30T22:20:20.146+03:00  WARN 74160 --- [tavia-ai-service] [           main] JpaBaseConfiguration$JpaWebConfiguration : spring.jpa.open-in-view is enabled by default. Therefore, database queries may be performed during view rendering. Explicitly configure spring.jpa.open-in-view to disable this warning
2026-04-30T22:20:20.564+03:00  INFO 74160 --- [tavia-ai-service] [           main] DiscoveryClientOptionalArgsConfiguration : Eureka HTTP Client uses RestClient.
2026-04-30T22:20:20.588+03:00  WARN 74160 --- [tavia-ai-service] [           main] iguration$LoadBalancerCaffeineWarnLogger : Spring Cloud LoadBalancer is currently working with the default cache. While this cache implementation is useful for development and tests, it's recommended to use Caffeine cache in production.You can switch to using Caffeine cache, by adding it and org.springframework.cache.caffeine.CaffeineCacheManager to the classpath.
2026-04-30T22:20:20.628+03:00  INFO 74160 --- [tavia-ai-service] [           main] o.s.c.n.eureka.InstanceInfoFactory       : Setting initial instance status as: STARTING
2026-04-30T22:20:20.643+03:00  INFO 74160 --- [tavia-ai-service] [           main] com.netflix.discovery.DiscoveryClient    : Initializing Eureka in region us-east-1
2026-04-30T22:20:20.645+03:00  INFO 74160 --- [tavia-ai-service] [           main] c.n.d.s.r.aws.ConfigClusterResolver      : Resolving eureka endpoints via configuration
2026-04-30T22:20:20.649+03:00  INFO 74160 --- [tavia-ai-service] [           main] com.netflix.discovery.DiscoveryClient    : Disable delta property : false
2026-04-30T22:20:20.649+03:00  INFO 74160 --- [tavia-ai-service] [           main] com.netflix.discovery.DiscoveryClient    : Single vip registry refresh property : null
2026-04-30T22:20:20.649+03:00  INFO 74160 --- [tavia-ai-service] [           main] com.netflix.discovery.DiscoveryClient    : Force full registry fetch : false
2026-04-30T22:20:20.649+03:00  INFO 74160 --- [tavia-ai-service] [           main] com.netflix.discovery.DiscoveryClient    : Application is null : false
2026-04-30T22:20:20.650+03:00  INFO 74160 --- [tavia-ai-service] [           main] com.netflix.discovery.DiscoveryClient    : Registered Applications size is zero : true
2026-04-30T22:20:20.650+03:00  INFO 74160 --- [tavia-ai-service] [           main] com.netflix.discovery.DiscoveryClient    : Application version is -1: true
2026-04-30T22:20:20.650+03:00  INFO 74160 --- [tavia-ai-service] [           main] com.netflix.discovery.DiscoveryClient    : Getting all instance registry info from the eureka server
2026-04-30T22:20:20.868+03:00  INFO 74160 --- [tavia-ai-service] [           main] com.netflix.discovery.DiscoveryClient    : The response status is 200
2026-04-30T22:20:20.869+03:00  INFO 74160 --- [tavia-ai-service] [           main] com.netflix.discovery.DiscoveryClient    : Starting heartbeat executor: renew interval is: 30
2026-04-30T22:20:20.870+03:00  INFO 74160 --- [tavia-ai-service] [           main] c.n.discovery.InstanceInfoReplicator     : InstanceInfoReplicator onDemand update allowed rate per min is 4
2026-04-30T22:20:20.871+03:00  INFO 74160 --- [tavia-ai-service] [           main] com.netflix.discovery.DiscoveryClient    : Discovery Client initialized at timestamp 1777576820871 with initial instances count: 3
2026-04-30T22:20:20.874+03:00  INFO 74160 --- [tavia-ai-service] [           main] o.s.c.n.e.s.EurekaServiceRegistry        : Registering application TAVIA-AI-SERVICE with eureka with status UP
2026-04-30T22:20:20.875+03:00  INFO 74160 --- [tavia-ai-service] [           main] com.netflix.discovery.DiscoveryClient    : Saw local status change event StatusChangeEvent [timestamp=1777576820875, current=UP, previous=STARTING]
2026-04-30T22:20:20.876+03:00  INFO 74160 --- [tavia-ai-service] [foReplicator-%d] com.netflix.discovery.DiscoveryClient    : DiscoveryClient_TAVIA-AI-SERVICE/10.90.11.230:tavia-ai-service:8084: registering service...
2026-04-30T22:20:20.886+03:00  INFO 74160 --- [tavia-ai-service] [           main] o.s.boot.tomcat.TomcatWebServer          : Tomcat started on port 8084 (http) with context path '/'
2026-04-30T22:20:20.886+03:00  INFO 74160 --- [tavia-ai-service] [           main] .s.c.n.e.s.EurekaAutoServiceRegistration : Updating port to 8084
2026-04-30T22:20:20.902+03:00  INFO 74160 --- [tavia-ai-service] [foReplicator-%d] com.netflix.discovery.DiscoveryClient    : DiscoveryClient_TAVIA-AI-SERVICE/10.90.11.230:tavia-ai-service:8084 - registration status: 204
2026-04-30T22:20:20.919+03:00  INFO 74160 --- [tavia-ai-service] [           main] o.a.kafka.common.config.AbstractConfig   : ConsumerConfig values: 
	allow.auto.create.topics = true
	auto.commit.interval.ms = 5000
	auto.offset.reset = earliest
	bootstrap.servers = [localhost:9092]
	check.crcs = true
	client.dns.lookup = use_all_dns_ips
	client.id = consumer-ai-group-1
	client.rack = 
	connections.max.idle.ms = 540000
	default.api.timeout.ms = 60000
	enable.auto.commit = false
	enable.metrics.push = true
	exclude.internal.topics = true
	fetch.max.bytes = 52428800
	fetch.max.wait.ms = 500
	fetch.min.bytes = 1
	group.id = ai-group
	group.instance.id = null
	group.protocol = classic
	group.remote.assignor = null
	heartbeat.interval.ms = 3000
	interceptor.classes = []
	internal.leave.group.on.close = true
	internal.throw.on.fetch.stable.offset.unsupported = false
	isolation.level = read_uncommitted
	key.deserializer = class org.apache.kafka.common.serialization.StringDeserializer
	max.partition.fetch.bytes = 1048576
	max.poll.interval.ms = 300000
	max.poll.records = 500
	metadata.max.age.ms = 300000
	metadata.recovery.rebootstrap.trigger.ms = 300000
	metadata.recovery.strategy = rebootstrap
	metric.reporters = [org.apache.kafka.common.metrics.JmxReporter]
	metrics.num.samples = 2
	metrics.recording.level = INFO
	metrics.sample.window.ms = 30000
	partition.assignment.strategy = [class org.apache.kafka.clients.consumer.RangeAssignor, class org.apache.kafka.clients.consumer.CooperativeStickyAssignor]
	receive.buffer.bytes = 65536
	reconnect.backoff.max.ms = 1000
	reconnect.backoff.ms = 50
	request.timeout.ms = 30000
	retry.backoff.max.ms = 1000
	retry.backoff.ms = 100
	sasl.client.callback.handler.class = null
	sasl.jaas.config = null
	sasl.kerberos.kinit.cmd = /usr/bin/kinit
	sasl.kerberos.min.time.before.relogin = 60000
	sasl.kerberos.service.name = null
	sasl.kerberos.ticket.renew.jitter = 0.05
	sasl.kerberos.ticket.renew.window.factor = 0.8
	sasl.login.callback.handler.class = null
	sasl.login.class = null
	sasl.login.connect.timeout.ms = null
	sasl.login.read.timeout.ms = null
	sasl.login.refresh.buffer.seconds = 300
	sasl.login.refresh.min.period.seconds = 60
	sasl.login.refresh.window.factor = 0.8
	sasl.login.refresh.window.jitter = 0.05
	sasl.login.retry.backoff.max.ms = 10000
	sasl.login.retry.backoff.ms = 100
	sasl.mechanism = GSSAPI
	sasl.oauthbearer.assertion.algorithm = RS256
	sasl.oauthbearer.assertion.claim.aud = null
	sasl.oauthbearer.assertion.claim.exp.seconds = 300
	sasl.oauthbearer.assertion.claim.iss = null
	sasl.oauthbearer.assertion.claim.jti.include = false
	sasl.oauthbearer.assertion.claim.nbf.seconds = 60
	sasl.oauthbearer.assertion.claim.sub = null
	sasl.oauthbearer.assertion.file = null
	sasl.oauthbearer.assertion.private.key.file = null
	sasl.oauthbearer.assertion.private.key.passphrase = null
	sasl.oauthbearer.assertion.template.file = null
	sasl.oauthbearer.client.credentials.client.id = null
	sasl.oauthbearer.client.credentials.client.secret = null
	sasl.oauthbearer.clock.skew.seconds = 30
	sasl.oauthbearer.expected.audience = null
	sasl.oauthbearer.expected.issuer = null
	sasl.oauthbearer.header.urlencode = false
	sasl.oauthbearer.jwks.endpoint.refresh.ms = 3600000
	sasl.oauthbearer.jwks.endpoint.retry.backoff.max.ms = 10000
	sasl.oauthbearer.jwks.endpoint.retry.backoff.ms = 100
	sasl.oauthbearer.jwks.endpoint.url = null
	sasl.oauthbearer.jwt.retriever.class = class org.apache.kafka.common.security.oauthbearer.DefaultJwtRetriever
	sasl.oauthbearer.jwt.validator.class = class org.apache.kafka.common.security.oauthbearer.DefaultJwtValidator
	sasl.oauthbearer.scope = null
	sasl.oauthbearer.scope.claim.name = scope
	sasl.oauthbearer.sub.claim.name = sub
	sasl.oauthbearer.token.endpoint.url = null
	security.protocol = PLAINTEXT
	security.providers = null
	send.buffer.bytes = 131072
	session.timeout.ms = 45000
	share.acknowledgement.mode = implicit
	socket.connection.setup.timeout.max.ms = 30000
	socket.connection.setup.timeout.ms = 10000
	ssl.cipher.suites = null
	ssl.enabled.protocols = [TLSv1.2, TLSv1.3]
	ssl.endpoint.identification.algorithm = https
	ssl.engine.factory.class = null
	ssl.key.password = null
	ssl.keymanager.algorithm = SunX509
	ssl.keystore.certificate.chain = null
	ssl.keystore.key = null
	ssl.keystore.location = null
	ssl.keystore.password = null
	ssl.keystore.type = JKS
	ssl.protocol = TLSv1.3
	ssl.provider = null
	ssl.secure.random.implementation = null
	ssl.trustmanager.algorithm = PKIX
	ssl.truststore.certificates = null
	ssl.truststore.location = null
	ssl.truststore.password = null
	ssl.truststore.type = JKS
	value.deserializer = class org.springframework.kafka.support.serializer.ErrorHandlingDeserializer

2026-04-30T22:20:20.948+03:00  INFO 74160 --- [tavia-ai-service] [           main] o.a.k.c.t.i.KafkaMetricsCollector        : initializing Kafka metrics collector
2026-04-30T22:20:21.062+03:00  INFO 74160 --- [tavia-ai-service] [           main] o.a.kafka.common.utils.AppInfoParser     : Kafka version: 4.1.2
2026-04-30T22:20:21.062+03:00  INFO 74160 --- [tavia-ai-service] [           main] o.a.kafka.common.utils.AppInfoParser     : Kafka commitId: c82fd9b934b4c1e6
2026-04-30T22:20:21.062+03:00  INFO 74160 --- [tavia-ai-service] [           main] o.a.kafka.common.utils.AppInfoParser     : Kafka startTimeMs: 1777576821061
2026-04-30T22:20:21.064+03:00  INFO 74160 --- [tavia-ai-service] [           main] o.a.k.c.c.i.ClassicKafkaConsumer         : [Consumer clientId=consumer-ai-group-1, groupId=ai-group] Subscribed to topic(s): order-events
2026-04-30T22:20:21.076+03:00  INFO 74160 --- [tavia-ai-service] [           main] c.tavia.ai_service.AiServiceApplication  : Started AiServiceApplication in 4.619 seconds (process running for 5.009)
2026-04-30T22:20:21.078+03:00  WARN 74160 --- [tavia-ai-service] [           main] o.s.core.events.SpringDocAppInitializer  : SpringDoc /v3/api-docs endpoint is enabled by default. To disable it in production, set the property 'springdoc.api-docs.enabled=false'
2026-04-30T22:20:21.079+03:00  WARN 74160 --- [tavia-ai-service] [           main] o.s.core.events.SpringDocAppInitializer  : SpringDoc /swagger-ui.html endpoint is enabled by default. To disable it in production, set the property 'springdoc.swagger-ui.enabled=false'
2026-04-30T22:20:21.335+03:00  INFO 74160 --- [tavia-ai-service] [ntainer#0-0-C-1] org.apache.kafka.clients.Metadata        : [Consumer clientId=consumer-ai-group-1, groupId=ai-group] Cluster ID: XJTZf12VRCSUzkCrdSAQYw
2026-04-30T22:20:21.338+03:00  INFO 74160 --- [tavia-ai-service] [ntainer#0-0-C-1] o.a.k.c.c.internals.ConsumerCoordinator  : [Consumer clientId=consumer-ai-group-1, groupId=ai-group] Discovered group coordinator localhost:9092 (id: 2147483646 rack: null isFenced: false)
2026-04-30T22:20:21.339+03:00  INFO 74160 --- [tavia-ai-service] [ntainer#0-0-C-1] o.a.k.c.c.internals.ConsumerCoordinator  : [Consumer clientId=consumer-ai-group-1, groupId=ai-group] (Re-)joining group
2026-04-30T22:20:21.348+03:00  INFO 74160 --- [tavia-ai-service] [ntainer#0-0-C-1] o.a.k.c.c.internals.ConsumerCoordinator  : [Consumer clientId=consumer-ai-group-1, groupId=ai-group] Request joining group due to: need to re-join with the given member-id: consumer-ai-group-1-63bf8bcd-a1bb-4f85-bc96-75bed4dcabb0
2026-04-30T22:20:21.348+03:00  INFO 74160 --- [tavia-ai-service] [ntainer#0-0-C-1] o.a.k.c.c.internals.ConsumerCoordinator  : [Consumer clientId=consumer-ai-group-1, groupId=ai-group] (Re-)joining group
2026-04-30T22:20:24.351+03:00  INFO 74160 --- [tavia-ai-service] [ntainer#0-0-C-1] o.a.k.c.c.internals.ConsumerCoordinator  : [Consumer clientId=consumer-ai-group-1, groupId=ai-group] Successfully joined group with generation Generation{generationId=5, memberId='consumer-ai-group-1-63bf8bcd-a1bb-4f85-bc96-75bed4dcabb0', protocol='range'}
2026-04-30T22:20:24.356+03:00  INFO 74160 --- [tavia-ai-service] [ntainer#0-0-C-1] o.a.k.c.c.internals.ConsumerCoordinator  : [Consumer clientId=consumer-ai-group-1, groupId=ai-group] Finished assignment for group at generation 5: {consumer-ai-group-1-63bf8bcd-a1bb-4f85-bc96-75bed4dcabb0=Assignment(partitions=[order-events-0])}
2026-04-30T22:20:24.363+03:00  INFO 74160 --- [tavia-ai-service] [ntainer#0-0-C-1] o.a.k.c.c.internals.ConsumerCoordinator  : [Consumer clientId=consumer-ai-group-1, groupId=ai-group] Successfully synced group in generation Generation{generationId=5, memberId='consumer-ai-group-1-63bf8bcd-a1bb-4f85-bc96-75bed4dcabb0', protocol='range'}
2026-04-30T22:20:24.363+03:00  INFO 74160 --- [tavia-ai-service] [ntainer#0-0-C-1] o.a.k.c.c.internals.ConsumerCoordinator  : [Consumer clientId=consumer-ai-group-1, groupId=ai-group] Notifying assignor about the new Assignment(partitions=[order-events-0])
2026-04-30T22:20:24.365+03:00  INFO 74160 --- [tavia-ai-service] [ntainer#0-0-C-1] k.c.c.i.ConsumerRebalanceListenerInvoker : [Consumer clientId=consumer-ai-group-1, groupId=ai-group] Adding newly assigned partitions: [order-events-0]
2026-04-30T22:20:24.369+03:00  INFO 74160 --- [tavia-ai-service] [ntainer#0-0-C-1] o.a.k.c.c.internals.ConsumerCoordinator  : [Consumer clientId=consumer-ai-group-1, groupId=ai-group] Found no committed offset for partition order-events-0
2026-04-30T22:20:24.377+03:00  INFO 74160 --- [tavia-ai-service] [ntainer#0-0-C-1] o.a.k.c.c.internals.SubscriptionState    : [Consumer clientId=consumer-ai-group-1, groupId=ai-group] Resetting offset for partition order-events-0 to position FetchPosition{offset=0, offsetEpoch=Optional.empty, currentLeader=LeaderAndEpoch{leader=Optional[localhost:9092 (id: 1 rack: null isFenced: false)], epoch=0}}.
2026-04-30T22:20:24.378+03:00  INFO 74160 --- [tavia-ai-service] [ntainer#0-0-C-1] o.s.k.l.KafkaMessageListenerContainer    : ai-group: partitions assigned: [order-events-0]

********************************************************
<<< SERVİS DURDURULDU: 2026-04-30 22:22:48
********************************************************

