

********************************************************
>>> SERVİS BAŞLATILDI: 2026-05-04 20:42:10
********************************************************

Starting a Gradle Daemon, 3 busy and 3 incompatible and 10 stopped Daemons could not be reused, use --status for details
> Task :compileJava UP-TO-DATE
> Task :processResources UP-TO-DATE
> Task :classes UP-TO-DATE
> Task :resolveMainClassName UP-TO-DATE

> Task :bootRun

  .   ____          _            __ _ _
 /\\ / ___'_ __ _ _(_)_ __  __ _ \ \ \ \
( ( )\___ | '_ | '_| | '_ \/ _` | \ \ \ \
 \\/  ___)| |_)| | | | | || (_| |  ) ) ) )
  '  |____| .__|_| |_|_| |_\__, | / / / /
 =========|_|==============|___/=/_/_/_/

 :: Spring Boot ::                (v4.0.6)

2026-05-04 20:42:17.455 [background-preinit] INFO  o.h.validator.internal.util.Version — HV000001: Hibernate Validator 9.0.1.Final
2026-05-04 20:42:17.478 [restartedMain] INFO  c.t.i.InventoryServiceApplication — Starting InventoryServiceApplication using Java 21.0.10 with PID 111755 (/home/tuna/Desktop/tavia_v2/tavia-inventory-service/build/classes/java/main started by tuna in /home/tuna/Desktop/tavia_v2/tavia-inventory-service)
2026-05-04 20:42:17.478 [restartedMain] DEBUG c.t.i.InventoryServiceApplication — Running with Spring Boot v4.0.6, Spring v7.0.7
2026-05-04 20:42:17.479 [restartedMain] INFO  c.t.i.InventoryServiceApplication — No active profile set, falling back to 1 default profile: "default"
2026-05-04 20:42:17.508 [restartedMain] INFO  o.s.c.c.c.ConfigServerConfigDataLoader — Fetching config from server at : http://localhost:8888
2026-05-04 20:42:17.508 [restartedMain] INFO  o.s.c.c.c.ConfigServerConfigDataLoader — Located environment: name=tavia-inventory-service, profiles=[default], label=null, version=null, state=null
2026-05-04 20:42:17.510 [restartedMain] INFO  o.s.b.d.e.DevToolsPropertyDefaultsPostProcessor — Devtools property defaults active! Set 'spring.devtools.add-properties' to 'false' to disable
2026-05-04 20:42:17.510 [restartedMain] INFO  o.s.b.d.e.DevToolsPropertyDefaultsPostProcessor — For additional web related logging consider setting the 'logging.level.web' property to 'DEBUG'
2026-05-04 20:42:18.020 [restartedMain] INFO  o.s.d.r.c.RepositoryConfigurationDelegate — Bootstrapping Spring Data JPA repositories in DEFAULT mode.
2026-05-04 20:42:18.108 [restartedMain] INFO  o.s.d.r.c.RepositoryConfigurationDelegate — Finished Spring Data repository scanning in 82 ms. Found 1 JPA repository interface.
2026-05-04 20:42:18.275 [restartedMain] INFO  o.s.cloud.context.scope.GenericScope — BeanFactory id=df405b57-bcf2-3004-b0a9-5b8057d907e7
2026-05-04 20:42:18.593 [restartedMain] INFO  o.s.boot.tomcat.TomcatWebServer — Tomcat initialized with port 8083 (http)
2026-05-04 20:42:18.601 [restartedMain] INFO  o.a.coyote.http11.Http11NioProtocol — Initializing ProtocolHandler ["http-nio-8083"]
2026-05-04 20:42:18.603 [restartedMain] INFO  o.a.catalina.core.StandardService — Starting service [Tomcat]
2026-05-04 20:42:18.603 [restartedMain] INFO  o.a.catalina.core.StandardEngine — Starting Servlet engine: [Apache Tomcat/11.0.21]
2026-05-04 20:42:18.631 [restartedMain] INFO  o.s.b.w.c.s.WebApplicationContextInitializer — Root WebApplicationContext: initialization completed in 1121 ms
2026-05-04 20:42:18.740 [restartedMain] INFO  org.hibernate.orm.jpa — HHH008540: Processing PersistenceUnitInfo [name: default]
2026-05-04 20:42:18.778 [restartedMain] INFO  org.hibernate.orm.core — HHH000001: Hibernate ORM core version 7.2.12.Final
2026-05-04 20:42:19.081 [restartedMain] INFO  o.s.o.j.p.SpringPersistenceUnitInfo — No LoadTimeWeaver setup: ignoring JPA class transformer
2026-05-04 20:42:19.104 [restartedMain] INFO  com.zaxxer.hikari.HikariDataSource — HikariPool-1 - Starting...
2026-05-04 20:42:19.182 [restartedMain] INFO  com.zaxxer.hikari.pool.HikariPool — HikariPool-1 - Added connection org.postgresql.jdbc.PgConnection@35919ecf
2026-05-04 20:42:19.183 [restartedMain] INFO  com.zaxxer.hikari.HikariDataSource — HikariPool-1 - Start completed.
2026-05-04 20:42:19.202 [restartedMain] WARN  org.hibernate.orm.deprecation — HHH90000025: PostgreSQLDialect does not need to be specified explicitly using 'hibernate.dialect' (remove the property setting and it will be selected by default)
2026-05-04 20:42:19.216 [restartedMain] INFO  o.hibernate.orm.connections.pooling — HHH10001005: Database info:
	Database JDBC URL [jdbc:postgresql://localhost:5432/tavia_db]
	Database driver: PostgreSQL JDBC Driver
	Database dialect: PostgreSQLDialect
	Database version: 15.17
	Default catalog/schema: tavia_db/public
	Autocommit mode: undefined/unknown
	Isolation level: READ_COMMITTED [default READ_COMMITTED]
	JDBC fetch size: none
	Pool: DataSourceConnectionProvider
	Minimum pool size: undefined/unknown
	Maximum pool size: undefined/unknown
2026-05-04 20:42:19.785 [restartedMain] INFO  org.hibernate.orm.core — HHH000489: No JTA platform available (set 'hibernate.transaction.jta.platform' to enable JTA platform integration)
2026-05-04 20:42:19.827 [restartedMain] INFO  o.s.o.j.LocalContainerEntityManagerFactoryBean — Initialized JPA EntityManagerFactory for persistence unit 'default'
2026-05-04 20:42:19.884 [restartedMain] INFO  o.s.d.j.r.q.QueryEnhancerFactories — Hibernate is in classpath; If applicable, HQL parser will be used.
2026-05-04 20:42:20.085 [restartedMain] WARN  o.s.b.j.a.JpaBaseConfiguration$JpaWebConfiguration — spring.jpa.open-in-view is enabled by default. Therefore, database queries may be performed during view rendering. Explicitly configure spring.jpa.open-in-view to disable this warning
2026-05-04 20:42:20.536 [restartedMain] INFO  o.s.c.n.e.c.DiscoveryClientOptionalArgsConfiguration — Eureka HTTP Client uses RestClient.
2026-05-04 20:42:20.566 [restartedMain] WARN  o.s.c.l.c.LoadBalancerCacheAutoConfiguration$LoadBalancerCaffeineWarnLogger — Spring Cloud LoadBalancer is currently working with the default cache. While this cache implementation is useful for development and tests, it's recommended to use Caffeine cache in production.You can switch to using Caffeine cache, by adding it and org.springframework.cache.caffeine.CaffeineCacheManager to the classpath.
2026-05-04 20:42:20.619 [restartedMain] INFO  o.s.c.n.eureka.InstanceInfoFactory — Setting initial instance status as: STARTING
2026-05-04 20:42:20.634 [restartedMain] INFO  c.netflix.discovery.DiscoveryClient — Initializing Eureka in region us-east-1
2026-05-04 20:42:20.636 [restartedMain] INFO  c.n.d.s.r.aws.ConfigClusterResolver — Resolving eureka endpoints via configuration
2026-05-04 20:42:20.641 [restartedMain] INFO  c.netflix.discovery.DiscoveryClient — Disable delta property : false
2026-05-04 20:42:20.641 [restartedMain] INFO  c.netflix.discovery.DiscoveryClient — Single vip registry refresh property : null
2026-05-04 20:42:20.641 [restartedMain] INFO  c.netflix.discovery.DiscoveryClient — Force full registry fetch : false
2026-05-04 20:42:20.641 [restartedMain] INFO  c.netflix.discovery.DiscoveryClient — Application is null : false
2026-05-04 20:42:20.641 [restartedMain] INFO  c.netflix.discovery.DiscoveryClient — Registered Applications size is zero : true
2026-05-04 20:42:20.641 [restartedMain] INFO  c.netflix.discovery.DiscoveryClient — Application version is -1: true
2026-05-04 20:42:20.641 [restartedMain] INFO  c.netflix.discovery.DiscoveryClient — Getting all instance registry info from the eureka server
2026-05-04 20:42:20.819 [restartedMain] INFO  c.netflix.discovery.DiscoveryClient — The response status is 200
2026-05-04 20:42:20.820 [restartedMain] INFO  c.netflix.discovery.DiscoveryClient — Starting heartbeat executor: renew interval is: 30
2026-05-04 20:42:20.821 [restartedMain] INFO  c.n.discovery.InstanceInfoReplicator — InstanceInfoReplicator onDemand update allowed rate per min is 4
2026-05-04 20:42:20.822 [restartedMain] INFO  c.netflix.discovery.DiscoveryClient — Discovery Client initialized at timestamp 1777916540822 with initial instances count: 0
2026-05-04 20:42:20.825 [restartedMain] INFO  o.s.c.n.e.s.EurekaServiceRegistry — Registering application TAVIA-INVENTORY-SERVICE with eureka with status UP
2026-05-04 20:42:20.826 [restartedMain] INFO  c.netflix.discovery.DiscoveryClient — Saw local status change event StatusChangeEvent [timestamp=1777916540826, current=UP, previous=STARTING]
2026-05-04 20:42:20.826 [DiscoveryClient-InstanceInfoReplicator-%d] INFO  c.netflix.discovery.DiscoveryClient — DiscoveryClient_TAVIA-INVENTORY-SERVICE/10.90.11.230:tavia-inventory-service:8083: registering service...
2026-05-04 20:42:20.827 [restartedMain] INFO  o.a.coyote.http11.Http11NioProtocol — Starting ProtocolHandler ["http-nio-8083"]
2026-05-04 20:42:20.836 [restartedMain] INFO  o.s.boot.tomcat.TomcatWebServer — Tomcat started on port 8083 (http) with context path '/'
2026-05-04 20:42:20.837 [restartedMain] INFO  o.s.c.n.e.s.EurekaAutoServiceRegistration — Updating port to 8083
2026-05-04 20:42:20.852 [DiscoveryClient-InstanceInfoReplicator-%d] INFO  c.netflix.discovery.DiscoveryClient — DiscoveryClient_TAVIA-INVENTORY-SERVICE/10.90.11.230:tavia-inventory-service:8083 - registration status: 204
2026-05-04 20:42:20.871 [restartedMain] INFO  o.a.k.common.config.AbstractConfig — ConsumerConfig values: 
	allow.auto.create.topics = true
	auto.commit.interval.ms = 5000
	auto.offset.reset = earliest
	bootstrap.servers = [localhost:9092]
	check.crcs = true
	client.dns.lookup = use_all_dns_ips
	client.id = consumer-inventory-group-1
	client.rack = 
	connections.max.idle.ms = 540000
	default.api.timeout.ms = 60000
	enable.auto.commit = false
	enable.metrics.push = true
	exclude.internal.topics = true
	fetch.max.bytes = 52428800
	fetch.max.wait.ms = 500
	fetch.min.bytes = 1
	group.id = inventory-group
	group.instance.id = null
	group.protocol = classic
	group.remote.assignor = null
	heartbeat.interval.ms = 3000
	interceptor.classes = []
	internal.leave.group.on.close = true
	internal.throw.on.fetch.stable.offset.unsupported = false
	isolation.level = read_uncommitted
	key.deserializer = class org.apache.kafka.common.serialization.StringDeserializer
	max.partition.fetch.bytes = 1048576
	max.poll.interval.ms = 300000
	max.poll.records = 500
	metadata.max.age.ms = 300000
	metadata.recovery.rebootstrap.trigger.ms = 300000
	metadata.recovery.strategy = rebootstrap
	metric.reporters = [org.apache.kafka.common.metrics.JmxReporter]
	metrics.num.samples = 2
	metrics.recording.level = INFO
	metrics.sample.window.ms = 30000
	partition.assignment.strategy = [class org.apache.kafka.clients.consumer.RangeAssignor, class org.apache.kafka.clients.consumer.CooperativeStickyAssignor]
	receive.buffer.bytes = 65536
	reconnect.backoff.max.ms = 1000
	reconnect.backoff.ms = 50
	request.timeout.ms = 30000
	retry.backoff.max.ms = 1000
	retry.backoff.ms = 100
	sasl.client.callback.handler.class = null
	sasl.jaas.config = null
	sasl.kerberos.kinit.cmd = /usr/bin/kinit
	sasl.kerberos.min.time.before.relogin = 60000
	sasl.kerberos.service.name = null
	sasl.kerberos.ticket.renew.jitter = 0.05
	sasl.kerberos.ticket.renew.window.factor = 0.8
	sasl.login.callback.handler.class = null
	sasl.login.class = null
	sasl.login.connect.timeout.ms = null
	sasl.login.read.timeout.ms = null
	sasl.login.refresh.buffer.seconds = 300
	sasl.login.refresh.min.period.seconds = 60
	sasl.login.refresh.window.factor = 0.8
	sasl.login.refresh.window.jitter = 0.05
	sasl.login.retry.backoff.max.ms = 10000
	sasl.login.retry.backoff.ms = 100
	sasl.mechanism = GSSAPI
	sasl.oauthbearer.assertion.algorithm = RS256
	sasl.oauthbearer.assertion.claim.aud = null
	sasl.oauthbearer.assertion.claim.exp.seconds = 300
	sasl.oauthbearer.assertion.claim.iss = null
	sasl.oauthbearer.assertion.claim.jti.include = false
	sasl.oauthbearer.assertion.claim.nbf.seconds = 60
	sasl.oauthbearer.assertion.claim.sub = null
	sasl.oauthbearer.assertion.file = null
	sasl.oauthbearer.assertion.private.key.file = null
	sasl.oauthbearer.assertion.private.key.passphrase = null
	sasl.oauthbearer.assertion.template.file = null
	sasl.oauthbearer.client.credentials.client.id = null
	sasl.oauthbearer.client.credentials.client.secret = null
	sasl.oauthbearer.clock.skew.seconds = 30
	sasl.oauthbearer.expected.audience = null
	sasl.oauthbearer.expected.issuer = null
	sasl.oauthbearer.header.urlencode = false
	sasl.oauthbearer.jwks.endpoint.refresh.ms = 3600000
	sasl.oauthbearer.jwks.endpoint.retry.backoff.max.ms = 10000
	sasl.oauthbearer.jwks.endpoint.retry.backoff.ms = 100
	sasl.oauthbearer.jwks.endpoint.url = null
	sasl.oauthbearer.jwt.retriever.class = class org.apache.kafka.common.security.oauthbearer.DefaultJwtRetriever
	sasl.oauthbearer.jwt.validator.class = class org.apache.kafka.common.security.oauthbearer.DefaultJwtValidator
	sasl.oauthbearer.scope = null
	sasl.oauthbearer.scope.claim.name = scope
	sasl.oauthbearer.sub.claim.name = sub
	sasl.oauthbearer.token.endpoint.url = null
	security.protocol = PLAINTEXT
	security.providers = null
	send.buffer.bytes = 131072
	session.timeout.ms = 45000
	share.acknowledgement.mode = implicit
	socket.connection.setup.timeout.max.ms = 30000
	socket.connection.setup.timeout.ms = 10000
	ssl.cipher.suites = null
	ssl.enabled.protocols = [TLSv1.2, TLSv1.3]
	ssl.endpoint.identification.algorithm = https
	ssl.engine.factory.class = null
	ssl.key.password = null
	ssl.keymanager.algorithm = SunX509
	ssl.keystore.certificate.chain = null
	ssl.keystore.key = null
	ssl.keystore.location = null
	ssl.keystore.password = null
	ssl.keystore.type = JKS
	ssl.protocol = TLSv1.3
	ssl.provider = null
	ssl.secure.random.implementation = null
	ssl.trustmanager.algorithm = PKIX
	ssl.truststore.certificates = null
	ssl.truststore.location = null
	ssl.truststore.password = null
	ssl.truststore.type = JKS
	value.deserializer = class org.springframework.kafka.support.serializer.ErrorHandlingDeserializer

2026-05-04 20:42:20.899 [restartedMain] INFO  o.a.k.c.t.i.KafkaMetricsCollector — initializing Kafka metrics collector
2026-05-04 20:42:21.024 [restartedMain] INFO  o.a.kafka.common.utils.AppInfoParser — Kafka version: 4.1.2
2026-05-04 20:42:21.024 [restartedMain] INFO  o.a.kafka.common.utils.AppInfoParser — Kafka commitId: c82fd9b934b4c1e6
2026-05-04 20:42:21.024 [restartedMain] INFO  o.a.kafka.common.utils.AppInfoParser — Kafka startTimeMs: 1777916541023
2026-05-04 20:42:21.026 [restartedMain] INFO  o.a.k.c.c.i.ClassicKafkaConsumer — [Consumer clientId=consumer-inventory-group-1, groupId=inventory-group] Subscribed to topic(s): order-events
2026-05-04 20:42:21.040 [restartedMain] INFO  c.t.i.InventoryServiceApplication — Started InventoryServiceApplication in 4.326 seconds (process running for 4.712)
2026-05-04 20:42:21.042 [restartedMain] WARN  o.s.c.events.SpringDocAppInitializer — SpringDoc /v3/api-docs endpoint is enabled by default. To disable it in production, set the property 'springdoc.api-docs.enabled=false'
2026-05-04 20:42:21.042 [restartedMain] WARN  o.s.c.events.SpringDocAppInitializer — SpringDoc /swagger-ui.html endpoint is enabled by default. To disable it in production, set the property 'springdoc.swagger-ui.enabled=false'
2026-05-04 20:42:21.294 [org.springframework.kafka.KafkaListenerEndpointContainer#0-0-C-1] INFO  org.apache.kafka.clients.Metadata — [Consumer clientId=consumer-inventory-group-1, groupId=inventory-group] Cluster ID: NqRLAES2SiuBZ-SRoDnsmQ
2026-05-04 20:42:21.297 [org.springframework.kafka.KafkaListenerEndpointContainer#0-0-C-1] INFO  o.a.k.c.c.i.ConsumerCoordinator — [Consumer clientId=consumer-inventory-group-1, groupId=inventory-group] Discovered group coordinator localhost:9092 (id: 2147483646 rack: null isFenced: false)
2026-05-04 20:42:21.299 [org.springframework.kafka.KafkaListenerEndpointContainer#0-0-C-1] INFO  o.a.k.c.c.i.ConsumerCoordinator — [Consumer clientId=consumer-inventory-group-1, groupId=inventory-group] (Re-)joining group
2026-05-04 20:42:21.323 [org.springframework.kafka.KafkaListenerEndpointContainer#0-0-C-1] INFO  o.a.k.c.c.i.ConsumerCoordinator — [Consumer clientId=consumer-inventory-group-1, groupId=inventory-group] Request joining group due to: need to re-join with the given member-id: consumer-inventory-group-1-0abf0b07-76ea-4b3f-8ff3-f31e857efc24
2026-05-04 20:42:21.324 [org.springframework.kafka.KafkaListenerEndpointContainer#0-0-C-1] INFO  o.a.k.c.c.i.ConsumerCoordinator — [Consumer clientId=consumer-inventory-group-1, groupId=inventory-group] (Re-)joining group
2026-05-04 20:42:24.335 [org.springframework.kafka.KafkaListenerEndpointContainer#0-0-C-1] INFO  o.a.k.c.c.i.ConsumerCoordinator — [Consumer clientId=consumer-inventory-group-1, groupId=inventory-group] Successfully joined group with generation Generation{generationId=1, memberId='consumer-inventory-group-1-0abf0b07-76ea-4b3f-8ff3-f31e857efc24', protocol='range'}
2026-05-04 20:42:24.344 [org.springframework.kafka.KafkaListenerEndpointContainer#0-0-C-1] INFO  o.a.k.c.c.i.ConsumerCoordinator — [Consumer clientId=consumer-inventory-group-1, groupId=inventory-group] Finished assignment for group at generation 1: {consumer-inventory-group-1-0abf0b07-76ea-4b3f-8ff3-f31e857efc24=Assignment(partitions=[order-events-0])}
2026-05-04 20:42:24.372 [org.springframework.kafka.KafkaListenerEndpointContainer#0-0-C-1] INFO  o.a.k.c.c.i.ConsumerCoordinator — [Consumer clientId=consumer-inventory-group-1, groupId=inventory-group] Successfully synced group in generation Generation{generationId=1, memberId='consumer-inventory-group-1-0abf0b07-76ea-4b3f-8ff3-f31e857efc24', protocol='range'}
2026-05-04 20:42:24.372 [org.springframework.kafka.KafkaListenerEndpointContainer#0-0-C-1] INFO  o.a.k.c.c.i.ConsumerCoordinator — [Consumer clientId=consumer-inventory-group-1, groupId=inventory-group] Notifying assignor about the new Assignment(partitions=[order-events-0])
2026-05-04 20:42:24.374 [org.springframework.kafka.KafkaListenerEndpointContainer#0-0-C-1] INFO  o.a.k.c.c.i.ConsumerRebalanceListenerInvoker — [Consumer clientId=consumer-inventory-group-1, groupId=inventory-group] Adding newly assigned partitions: [order-events-0]
2026-05-04 20:42:24.387 [org.springframework.kafka.KafkaListenerEndpointContainer#0-0-C-1] INFO  o.a.k.c.c.i.ConsumerCoordinator — [Consumer clientId=consumer-inventory-group-1, groupId=inventory-group] Found no committed offset for partition order-events-0
2026-05-04 20:42:24.402 [org.springframework.kafka.KafkaListenerEndpointContainer#0-0-C-1] INFO  o.a.k.c.c.i.SubscriptionState — [Consumer clientId=consumer-inventory-group-1, groupId=inventory-group] Resetting offset for partition order-events-0 to position FetchPosition{offset=0, offsetEpoch=Optional.empty, currentLeader=LeaderAndEpoch{leader=Optional[localhost:9092 (id: 1 rack: null isFenced: false)], epoch=0}}.
2026-05-04 20:42:24.403 [org.springframework.kafka.KafkaListenerEndpointContainer#0-0-C-1] INFO  o.s.k.l.KafkaMessageListenerContainer — inventory-group: partitions assigned: [order-events-0]
2026-05-04 20:42:50.820 [DiscoveryClient-CacheRefreshExecutor-%d] INFO  c.netflix.discovery.DiscoveryClient — Disable delta property : false
2026-05-04 20:42:50.820 [DiscoveryClient-CacheRefreshExecutor-%d] INFO  c.netflix.discovery.DiscoveryClient — Single vip registry refresh property : null
2026-05-04 20:42:50.820 [DiscoveryClient-CacheRefreshExecutor-%d] INFO  c.netflix.discovery.DiscoveryClient — Force full registry fetch : false
2026-05-04 20:42:50.820 [DiscoveryClient-CacheRefreshExecutor-%d] INFO  c.netflix.discovery.DiscoveryClient — Application is null : false
2026-05-04 20:42:50.820 [DiscoveryClient-CacheRefreshExecutor-%d] INFO  c.netflix.discovery.DiscoveryClient — Registered Applications size is zero : true
2026-05-04 20:42:50.820 [DiscoveryClient-CacheRefreshExecutor-%d] INFO  c.netflix.discovery.DiscoveryClient — Application version is -1: false
2026-05-04 20:42:50.821 [DiscoveryClient-CacheRefreshExecutor-%d] INFO  c.netflix.discovery.DiscoveryClient — Getting all instance registry info from the eureka server
2026-05-04 20:42:50.834 [DiscoveryClient-CacheRefreshExecutor-%d] INFO  c.netflix.discovery.DiscoveryClient — The response status is 200
2026-05-04 20:47:20.647 [AsyncResolver-bootstrap-executor-%d] INFO  c.n.d.s.r.aws.ConfigClusterResolver — Resolving eureka endpoints via configuration
2026-05-04 20:49:26.974 [http-nio-8083-exec-1] INFO  o.a.c.c.C.[Tomcat].[localhost].[/] — Initializing Spring DispatcherServlet 'dispatcherServlet'
2026-05-04 20:49:26.976 [http-nio-8083-exec-1] INFO  o.s.web.servlet.DispatcherServlet — Initializing Servlet 'dispatcherServlet'
2026-05-04 20:49:27.034 [http-nio-8083-exec-1] INFO  o.s.web.servlet.DispatcherServlet — Completed initialization in 58 ms
2026-05-04 20:49:27.361 [http-nio-8083-exec-1] INFO  c.t.i.service.InventoryServiceImpl — Adding/Updating stock for raw material 'Coffee Beans' in tenant 228f8e0a-035c-47e0-8ac6-e30991748cf0
2026-05-04 20:49:27.776 [http-nio-8083-exec-1] DEBUG org.hibernate.SQL — select rm1_0.id,rm1_0.name,rm1_0.stock_quantity,rm1_0.tenant_id,rm1_0.unit from raw_materials rm1_0 where rm1_0.tenant_id=? and rm1_0.name=?
Hibernate: select rm1_0.id,rm1_0.name,rm1_0.stock_quantity,rm1_0.tenant_id,rm1_0.unit from raw_materials rm1_0 where rm1_0.tenant_id=? and rm1_0.name=?
2026-05-04 20:49:27.851 [http-nio-8083-exec-1] DEBUG org.hibernate.SQL — update raw_materials set name=?,stock_quantity=?,tenant_id=?,unit=? where id=?
Hibernate: update raw_materials set name=?,stock_quantity=?,tenant_id=?,unit=? where id=?
2026-05-04 20:49:28.133 [http-nio-8083-exec-2] INFO  c.t.i.service.InventoryServiceImpl — Adding/Updating stock for raw material 'Milk' in tenant 228f8e0a-035c-47e0-8ac6-e30991748cf0
2026-05-04 20:49:28.135 [http-nio-8083-exec-2] DEBUG org.hibernate.SQL — select rm1_0.id,rm1_0.name,rm1_0.stock_quantity,rm1_0.tenant_id,rm1_0.unit from raw_materials rm1_0 where rm1_0.tenant_id=? and rm1_0.name=?
Hibernate: select rm1_0.id,rm1_0.name,rm1_0.stock_quantity,rm1_0.tenant_id,rm1_0.unit from raw_materials rm1_0 where rm1_0.tenant_id=? and rm1_0.name=?
2026-05-04 20:49:28.136 [http-nio-8083-exec-2] DEBUG org.hibernate.SQL — update raw_materials set name=?,stock_quantity=?,tenant_id=?,unit=? where id=?
Hibernate: update raw_materials set name=?,stock_quantity=?,tenant_id=?,unit=? where id=?
2026-05-04 20:49:28.146 [http-nio-8083-exec-3] INFO  c.t.i.service.InventoryServiceImpl — Adding/Updating stock for raw material 'Water' in tenant 228f8e0a-035c-47e0-8ac6-e30991748cf0
2026-05-04 20:49:28.146 [http-nio-8083-exec-3] DEBUG org.hibernate.SQL — select rm1_0.id,rm1_0.name,rm1_0.stock_quantity,rm1_0.tenant_id,rm1_0.unit from raw_materials rm1_0 where rm1_0.tenant_id=? and rm1_0.name=?
Hibernate: select rm1_0.id,rm1_0.name,rm1_0.stock_quantity,rm1_0.tenant_id,rm1_0.unit from raw_materials rm1_0 where rm1_0.tenant_id=? and rm1_0.name=?
2026-05-04 20:49:28.149 [http-nio-8083-exec-3] DEBUG org.hibernate.SQL — update raw_materials set name=?,stock_quantity=?,tenant_id=?,unit=? where id=?
Hibernate: update raw_materials set name=?,stock_quantity=?,tenant_id=?,unit=? where id=?
2026-05-04 20:49:28.159 [http-nio-8083-exec-4] INFO  c.t.i.service.InventoryServiceImpl — Adding/Updating stock for raw material 'Cups' in tenant 228f8e0a-035c-47e0-8ac6-e30991748cf0
2026-05-04 20:49:28.160 [http-nio-8083-exec-4] DEBUG org.hibernate.SQL — select rm1_0.id,rm1_0.name,rm1_0.stock_quantity,rm1_0.tenant_id,rm1_0.unit from raw_materials rm1_0 where rm1_0.tenant_id=? and rm1_0.name=?
Hibernate: select rm1_0.id,rm1_0.name,rm1_0.stock_quantity,rm1_0.tenant_id,rm1_0.unit from raw_materials rm1_0 where rm1_0.tenant_id=? and rm1_0.name=?
2026-05-04 20:49:28.168 [http-nio-8083-exec-4] DEBUG org.hibernate.SQL — insert into raw_materials (name,stock_quantity,tenant_id,unit,id) values (?,?,?,?,?)
Hibernate: insert into raw_materials (name,stock_quantity,tenant_id,unit,id) values (?,?,?,?,?)
2026-05-04 20:49:28.201 [http-nio-8083-exec-5] INFO  c.t.i.service.InventoryServiceImpl — Adding/Updating stock for raw material 'Coffee Beans' in tenant 2153a249-d0b9-4880-bf7b-09ca4b19bb6e
2026-05-04 20:49:28.201 [http-nio-8083-exec-5] DEBUG org.hibernate.SQL — select rm1_0.id,rm1_0.name,rm1_0.stock_quantity,rm1_0.tenant_id,rm1_0.unit from raw_materials rm1_0 where rm1_0.tenant_id=? and rm1_0.name=?
Hibernate: select rm1_0.id,rm1_0.name,rm1_0.stock_quantity,rm1_0.tenant_id,rm1_0.unit from raw_materials rm1_0 where rm1_0.tenant_id=? and rm1_0.name=?
2026-05-04 20:49:28.203 [http-nio-8083-exec-5] DEBUG org.hibernate.SQL — update raw_materials set name=?,stock_quantity=?,tenant_id=?,unit=? where id=?
Hibernate: update raw_materials set name=?,stock_quantity=?,tenant_id=?,unit=? where id=?
2026-05-04 20:49:28.210 [http-nio-8083-exec-6] INFO  c.t.i.service.InventoryServiceImpl — Adding/Updating stock for raw material 'Milk' in tenant 2153a249-d0b9-4880-bf7b-09ca4b19bb6e
2026-05-04 20:49:28.210 [http-nio-8083-exec-6] DEBUG org.hibernate.SQL — select rm1_0.id,rm1_0.name,rm1_0.stock_quantity,rm1_0.tenant_id,rm1_0.unit from raw_materials rm1_0 where rm1_0.tenant_id=? and rm1_0.name=?
Hibernate: select rm1_0.id,rm1_0.name,rm1_0.stock_quantity,rm1_0.tenant_id,rm1_0.unit from raw_materials rm1_0 where rm1_0.tenant_id=? and rm1_0.name=?
2026-05-04 20:49:28.212 [http-nio-8083-exec-6] DEBUG org.hibernate.SQL — update raw_materials set name=?,stock_quantity=?,tenant_id=?,unit=? where id=?
Hibernate: update raw_materials set name=?,stock_quantity=?,tenant_id=?,unit=? where id=?
2026-05-04 20:49:28.219 [http-nio-8083-exec-7] INFO  c.t.i.service.InventoryServiceImpl — Adding/Updating stock for raw material 'Water' in tenant 2153a249-d0b9-4880-bf7b-09ca4b19bb6e
2026-05-04 20:49:28.220 [http-nio-8083-exec-7] DEBUG org.hibernate.SQL — select rm1_0.id,rm1_0.name,rm1_0.stock_quantity,rm1_0.tenant_id,rm1_0.unit from raw_materials rm1_0 where rm1_0.tenant_id=? and rm1_0.name=?
Hibernate: select rm1_0.id,rm1_0.name,rm1_0.stock_quantity,rm1_0.tenant_id,rm1_0.unit from raw_materials rm1_0 where rm1_0.tenant_id=? and rm1_0.name=?
2026-05-04 20:49:28.221 [http-nio-8083-exec-7] DEBUG org.hibernate.SQL — update raw_materials set name=?,stock_quantity=?,tenant_id=?,unit=? where id=?
Hibernate: update raw_materials set name=?,stock_quantity=?,tenant_id=?,unit=? where id=?
2026-05-04 20:49:28.229 [http-nio-8083-exec-8] INFO  c.t.i.service.InventoryServiceImpl — Adding/Updating stock for raw material 'Cups' in tenant 2153a249-d0b9-4880-bf7b-09ca4b19bb6e
2026-05-04 20:49:28.230 [http-nio-8083-exec-8] DEBUG org.hibernate.SQL — select rm1_0.id,rm1_0.name,rm1_0.stock_quantity,rm1_0.tenant_id,rm1_0.unit from raw_materials rm1_0 where rm1_0.tenant_id=? and rm1_0.name=?
Hibernate: select rm1_0.id,rm1_0.name,rm1_0.stock_quantity,rm1_0.tenant_id,rm1_0.unit from raw_materials rm1_0 where rm1_0.tenant_id=? and rm1_0.name=?
2026-05-04 20:49:28.231 [http-nio-8083-exec-8] DEBUG org.hibernate.SQL — update raw_materials set name=?,stock_quantity=?,tenant_id=?,unit=? where id=?
Hibernate: update raw_materials set name=?,stock_quantity=?,tenant_id=?,unit=? where id=?
2026-05-04 20:49:28.262 [http-nio-8083-exec-9] INFO  c.t.i.service.InventoryServiceImpl — Adding/Updating stock for raw material 'Coffee Beans' in tenant 4e4a0260-949a-4a1e-8abb-f37abb40b5ce
2026-05-04 20:49:28.262 [http-nio-8083-exec-9] DEBUG org.hibernate.SQL — select rm1_0.id,rm1_0.name,rm1_0.stock_quantity,rm1_0.tenant_id,rm1_0.unit from raw_materials rm1_0 where rm1_0.tenant_id=? and rm1_0.name=?
Hibernate: select rm1_0.id,rm1_0.name,rm1_0.stock_quantity,rm1_0.tenant_id,rm1_0.unit from raw_materials rm1_0 where rm1_0.tenant_id=? and rm1_0.name=?
2026-05-04 20:49:28.263 [http-nio-8083-exec-9] DEBUG org.hibernate.SQL — update raw_materials set name=?,stock_quantity=?,tenant_id=?,unit=? where id=?
Hibernate: update raw_materials set name=?,stock_quantity=?,tenant_id=?,unit=? where id=?
2026-05-04 20:49:28.271 [http-nio-8083-exec-10] INFO  c.t.i.service.InventoryServiceImpl — Adding/Updating stock for raw material 'Milk' in tenant 4e4a0260-949a-4a1e-8abb-f37abb40b5ce
2026-05-04 20:49:28.272 [http-nio-8083-exec-10] DEBUG org.hibernate.SQL — select rm1_0.id,rm1_0.name,rm1_0.stock_quantity,rm1_0.tenant_id,rm1_0.unit from raw_materials rm1_0 where rm1_0.tenant_id=? and rm1_0.name=?
Hibernate: select rm1_0.id,rm1_0.name,rm1_0.stock_quantity,rm1_0.tenant_id,rm1_0.unit from raw_materials rm1_0 where rm1_0.tenant_id=? and rm1_0.name=?
2026-05-04 20:49:28.274 [http-nio-8083-exec-10] DEBUG org.hibernate.SQL — update raw_materials set name=?,stock_quantity=?,tenant_id=?,unit=? where id=?
Hibernate: update raw_materials set name=?,stock_quantity=?,tenant_id=?,unit=? where id=?
2026-05-04 20:49:28.281 [http-nio-8083-exec-1] INFO  c.t.i.service.InventoryServiceImpl — Adding/Updating stock for raw material 'Water' in tenant 4e4a0260-949a-4a1e-8abb-f37abb40b5ce
2026-05-04 20:49:28.281 [http-nio-8083-exec-1] DEBUG org.hibernate.SQL — select rm1_0.id,rm1_0.name,rm1_0.stock_quantity,rm1_0.tenant_id,rm1_0.unit from raw_materials rm1_0 where rm1_0.tenant_id=? and rm1_0.name=?
Hibernate: select rm1_0.id,rm1_0.name,rm1_0.stock_quantity,rm1_0.tenant_id,rm1_0.unit from raw_materials rm1_0 where rm1_0.tenant_id=? and rm1_0.name=?
2026-05-04 20:49:28.283 [http-nio-8083-exec-1] DEBUG org.hibernate.SQL — update raw_materials set name=?,stock_quantity=?,tenant_id=?,unit=? where id=?
Hibernate: update raw_materials set name=?,stock_quantity=?,tenant_id=?,unit=? where id=?
2026-05-04 20:49:28.289 [http-nio-8083-exec-2] INFO  c.t.i.service.InventoryServiceImpl — Adding/Updating stock for raw material 'Cups' in tenant 4e4a0260-949a-4a1e-8abb-f37abb40b5ce
2026-05-04 20:49:28.290 [http-nio-8083-exec-2] DEBUG org.hibernate.SQL — select rm1_0.id,rm1_0.name,rm1_0.stock_quantity,rm1_0.tenant_id,rm1_0.unit from raw_materials rm1_0 where rm1_0.tenant_id=? and rm1_0.name=?
Hibernate: select rm1_0.id,rm1_0.name,rm1_0.stock_quantity,rm1_0.tenant_id,rm1_0.unit from raw_materials rm1_0 where rm1_0.tenant_id=? and rm1_0.name=?
2026-05-04 20:49:28.291 [http-nio-8083-exec-2] DEBUG org.hibernate.SQL — update raw_materials set name=?,stock_quantity=?,tenant_id=?,unit=? where id=?
Hibernate: update raw_materials set name=?,stock_quantity=?,tenant_id=?,unit=? where id=?
2026-05-04 20:49:28.321 [http-nio-8083-exec-3] INFO  c.t.i.service.InventoryServiceImpl — Adding/Updating stock for raw material 'Coffee Beans' in tenant a47488c0-c583-4ec1-ac0f-bdadd442af7f
2026-05-04 20:49:28.321 [http-nio-8083-exec-3] DEBUG org.hibernate.SQL — select rm1_0.id,rm1_0.name,rm1_0.stock_quantity,rm1_0.tenant_id,rm1_0.unit from raw_materials rm1_0 where rm1_0.tenant_id=? and rm1_0.name=?
Hibernate: select rm1_0.id,rm1_0.name,rm1_0.stock_quantity,rm1_0.tenant_id,rm1_0.unit from raw_materials rm1_0 where rm1_0.tenant_id=? and rm1_0.name=?
2026-05-04 20:49:28.323 [http-nio-8083-exec-3] DEBUG org.hibernate.SQL — update raw_materials set name=?,stock_quantity=?,tenant_id=?,unit=? where id=?
Hibernate: update raw_materials set name=?,stock_quantity=?,tenant_id=?,unit=? where id=?
2026-05-04 20:49:28.329 [http-nio-8083-exec-4] INFO  c.t.i.service.InventoryServiceImpl — Adding/Updating stock for raw material 'Milk' in tenant a47488c0-c583-4ec1-ac0f-bdadd442af7f
2026-05-04 20:49:28.330 [http-nio-8083-exec-4] DEBUG org.hibernate.SQL — select rm1_0.id,rm1_0.name,rm1_0.stock_quantity,rm1_0.tenant_id,rm1_0.unit from raw_materials rm1_0 where rm1_0.tenant_id=? and rm1_0.name=?
Hibernate: select rm1_0.id,rm1_0.name,rm1_0.stock_quantity,rm1_0.tenant_id,rm1_0.unit from raw_materials rm1_0 where rm1_0.tenant_id=? and rm1_0.name=?
2026-05-04 20:49:28.332 [http-nio-8083-exec-4] DEBUG org.hibernate.SQL — update raw_materials set name=?,stock_quantity=?,tenant_id=?,unit=? where id=?
Hibernate: update raw_materials set name=?,stock_quantity=?,tenant_id=?,unit=? where id=?
2026-05-04 20:49:28.339 [http-nio-8083-exec-5] INFO  c.t.i.service.InventoryServiceImpl — Adding/Updating stock for raw material 'Water' in tenant a47488c0-c583-4ec1-ac0f-bdadd442af7f
2026-05-04 20:49:28.340 [http-nio-8083-exec-5] DEBUG org.hibernate.SQL — select rm1_0.id,rm1_0.name,rm1_0.stock_quantity,rm1_0.tenant_id,rm1_0.unit from raw_materials rm1_0 where rm1_0.tenant_id=? and rm1_0.name=?
Hibernate: select rm1_0.id,rm1_0.name,rm1_0.stock_quantity,rm1_0.tenant_id,rm1_0.unit from raw_materials rm1_0 where rm1_0.tenant_id=? and rm1_0.name=?
2026-05-04 20:49:28.341 [http-nio-8083-exec-5] DEBUG org.hibernate.SQL — update raw_materials set name=?,stock_quantity=?,tenant_id=?,unit=? where id=?
Hibernate: update raw_materials set name=?,stock_quantity=?,tenant_id=?,unit=? where id=?
2026-05-04 20:49:28.348 [http-nio-8083-exec-6] INFO  c.t.i.service.InventoryServiceImpl — Adding/Updating stock for raw material 'Cups' in tenant a47488c0-c583-4ec1-ac0f-bdadd442af7f
2026-05-04 20:49:28.349 [http-nio-8083-exec-6] DEBUG org.hibernate.SQL — select rm1_0.id,rm1_0.name,rm1_0.stock_quantity,rm1_0.tenant_id,rm1_0.unit from raw_materials rm1_0 where rm1_0.tenant_id=? and rm1_0.name=?
Hibernate: select rm1_0.id,rm1_0.name,rm1_0.stock_quantity,rm1_0.tenant_id,rm1_0.unit from raw_materials rm1_0 where rm1_0.tenant_id=? and rm1_0.name=?
2026-05-04 20:49:28.350 [http-nio-8083-exec-6] DEBUG org.hibernate.SQL — update raw_materials set name=?,stock_quantity=?,tenant_id=?,unit=? where id=?
Hibernate: update raw_materials set name=?,stock_quantity=?,tenant_id=?,unit=? where id=?
2026-05-04 20:49:28.378 [http-nio-8083-exec-7] INFO  c.t.i.service.InventoryServiceImpl — Adding/Updating stock for raw material 'Coffee Beans' in tenant 12de5b27-9a6c-40bf-a7fc-f284c0f3a3cb
2026-05-04 20:49:28.378 [http-nio-8083-exec-7] DEBUG org.hibernate.SQL — select rm1_0.id,rm1_0.name,rm1_0.stock_quantity,rm1_0.tenant_id,rm1_0.unit from raw_materials rm1_0 where rm1_0.tenant_id=? and rm1_0.name=?
Hibernate: select rm1_0.id,rm1_0.name,rm1_0.stock_quantity,rm1_0.tenant_id,rm1_0.unit from raw_materials rm1_0 where rm1_0.tenant_id=? and rm1_0.name=?
2026-05-04 20:49:28.379 [http-nio-8083-exec-7] DEBUG org.hibernate.SQL — update raw_materials set name=?,stock_quantity=?,tenant_id=?,unit=? where id=?
Hibernate: update raw_materials set name=?,stock_quantity=?,tenant_id=?,unit=? where id=?
2026-05-04 20:49:28.385 [http-nio-8083-exec-8] INFO  c.t.i.service.InventoryServiceImpl — Adding/Updating stock for raw material 'Milk' in tenant 12de5b27-9a6c-40bf-a7fc-f284c0f3a3cb
2026-05-04 20:49:28.386 [http-nio-8083-exec-8] DEBUG org.hibernate.SQL — select rm1_0.id,rm1_0.name,rm1_0.stock_quantity,rm1_0.tenant_id,rm1_0.unit from raw_materials rm1_0 where rm1_0.tenant_id=? and rm1_0.name=?
Hibernate: select rm1_0.id,rm1_0.name,rm1_0.stock_quantity,rm1_0.tenant_id,rm1_0.unit from raw_materials rm1_0 where rm1_0.tenant_id=? and rm1_0.name=?
2026-05-04 20:49:28.387 [http-nio-8083-exec-8] DEBUG org.hibernate.SQL — update raw_materials set name=?,stock_quantity=?,tenant_id=?,unit=? where id=?
Hibernate: update raw_materials set name=?,stock_quantity=?,tenant_id=?,unit=? where id=?
2026-05-04 20:49:28.394 [http-nio-8083-exec-9] INFO  c.t.i.service.InventoryServiceImpl — Adding/Updating stock for raw material 'Water' in tenant 12de5b27-9a6c-40bf-a7fc-f284c0f3a3cb
2026-05-04 20:49:28.394 [http-nio-8083-exec-9] DEBUG org.hibernate.SQL — select rm1_0.id,rm1_0.name,rm1_0.stock_quantity,rm1_0.tenant_id,rm1_0.unit from raw_materials rm1_0 where rm1_0.tenant_id=? and rm1_0.name=?
Hibernate: select rm1_0.id,rm1_0.name,rm1_0.stock_quantity,rm1_0.tenant_id,rm1_0.unit from raw_materials rm1_0 where rm1_0.tenant_id=? and rm1_0.name=?
2026-05-04 20:49:28.396 [http-nio-8083-exec-9] DEBUG org.hibernate.SQL — update raw_materials set name=?,stock_quantity=?,tenant_id=?,unit=? where id=?
Hibernate: update raw_materials set name=?,stock_quantity=?,tenant_id=?,unit=? where id=?
2026-05-04 20:49:28.402 [http-nio-8083-exec-10] INFO  c.t.i.service.InventoryServiceImpl — Adding/Updating stock for raw material 'Cups' in tenant 12de5b27-9a6c-40bf-a7fc-f284c0f3a3cb
2026-05-04 20:49:28.403 [http-nio-8083-exec-10] DEBUG org.hibernate.SQL — select rm1_0.id,rm1_0.name,rm1_0.stock_quantity,rm1_0.tenant_id,rm1_0.unit from raw_materials rm1_0 where rm1_0.tenant_id=? and rm1_0.name=?
Hibernate: select rm1_0.id,rm1_0.name,rm1_0.stock_quantity,rm1_0.tenant_id,rm1_0.unit from raw_materials rm1_0 where rm1_0.tenant_id=? and rm1_0.name=?
2026-05-04 20:49:28.406 [http-nio-8083-exec-10] DEBUG org.hibernate.SQL — update raw_materials set name=?,stock_quantity=?,tenant_id=?,unit=? where id=?
Hibernate: update raw_materials set name=?,stock_quantity=?,tenant_id=?,unit=? where id=?
2026-05-04 20:49:28.432 [http-nio-8083-exec-1] INFO  c.t.i.service.InventoryServiceImpl — Adding/Updating stock for raw material 'Coffee Beans' in tenant fa13de5c-391e-421b-b4e2-3d060bb88dce
2026-05-04 20:49:28.433 [http-nio-8083-exec-1] DEBUG org.hibernate.SQL — select rm1_0.id,rm1_0.name,rm1_0.stock_quantity,rm1_0.tenant_id,rm1_0.unit from raw_materials rm1_0 where rm1_0.tenant_id=? and rm1_0.name=?
Hibernate: select rm1_0.id,rm1_0.name,rm1_0.stock_quantity,rm1_0.tenant_id,rm1_0.unit from raw_materials rm1_0 where rm1_0.tenant_id=? and rm1_0.name=?
2026-05-04 20:49:28.434 [http-nio-8083-exec-1] DEBUG org.hibernate.SQL — update raw_materials set name=?,stock_quantity=?,tenant_id=?,unit=? where id=?
Hibernate: update raw_materials set name=?,stock_quantity=?,tenant_id=?,unit=? where id=?
2026-05-04 20:49:28.440 [http-nio-8083-exec-2] INFO  c.t.i.service.InventoryServiceImpl — Adding/Updating stock for raw material 'Milk' in tenant fa13de5c-391e-421b-b4e2-3d060bb88dce
2026-05-04 20:49:28.441 [http-nio-8083-exec-2] DEBUG org.hibernate.SQL — select rm1_0.id,rm1_0.name,rm1_0.stock_quantity,rm1_0.tenant_id,rm1_0.unit from raw_materials rm1_0 where rm1_0.tenant_id=? and rm1_0.name=?
Hibernate: select rm1_0.id,rm1_0.name,rm1_0.stock_quantity,rm1_0.tenant_id,rm1_0.unit from raw_materials rm1_0 where rm1_0.tenant_id=? and rm1_0.name=?
2026-05-04 20:49:28.442 [http-nio-8083-exec-2] DEBUG org.hibernate.SQL — update raw_materials set name=?,stock_quantity=?,tenant_id=?,unit=? where id=?
Hibernate: update raw_materials set name=?,stock_quantity=?,tenant_id=?,unit=? where id=?
2026-05-04 20:49:28.448 [http-nio-8083-exec-3] INFO  c.t.i.service.InventoryServiceImpl — Adding/Updating stock for raw material 'Water' in tenant fa13de5c-391e-421b-b4e2-3d060bb88dce
2026-05-04 20:49:28.449 [http-nio-8083-exec-3] DEBUG org.hibernate.SQL — select rm1_0.id,rm1_0.name,rm1_0.stock_quantity,rm1_0.tenant_id,rm1_0.unit from raw_materials rm1_0 where rm1_0.tenant_id=? and rm1_0.name=?
Hibernate: select rm1_0.id,rm1_0.name,rm1_0.stock_quantity,rm1_0.tenant_id,rm1_0.unit from raw_materials rm1_0 where rm1_0.tenant_id=? and rm1_0.name=?
2026-05-04 20:49:28.450 [http-nio-8083-exec-3] DEBUG org.hibernate.SQL — update raw_materials set name=?,stock_quantity=?,tenant_id=?,unit=? where id=?
Hibernate: update raw_materials set name=?,stock_quantity=?,tenant_id=?,unit=? where id=?
2026-05-04 20:49:28.457 [http-nio-8083-exec-4] INFO  c.t.i.service.InventoryServiceImpl — Adding/Updating stock for raw material 'Cups' in tenant fa13de5c-391e-421b-b4e2-3d060bb88dce
2026-05-04 20:49:28.457 [http-nio-8083-exec-4] DEBUG org.hibernate.SQL — select rm1_0.id,rm1_0.name,rm1_0.stock_quantity,rm1_0.tenant_id,rm1_0.unit from raw_materials rm1_0 where rm1_0.tenant_id=? and rm1_0.name=?
Hibernate: select rm1_0.id,rm1_0.name,rm1_0.stock_quantity,rm1_0.tenant_id,rm1_0.unit from raw_materials rm1_0 where rm1_0.tenant_id=? and rm1_0.name=?
2026-05-04 20:49:28.459 [http-nio-8083-exec-4] DEBUG org.hibernate.SQL — update raw_materials set name=?,stock_quantity=?,tenant_id=?,unit=? where id=?
Hibernate: update raw_materials set name=?,stock_quantity=?,tenant_id=?,unit=? where id=?
2026-05-04 20:49:28.485 [http-nio-8083-exec-5] INFO  c.t.i.service.InventoryServiceImpl — Adding/Updating stock for raw material 'Coffee Beans' in tenant 27c751f6-949e-4b8c-b8a2-62512830541e
2026-05-04 20:49:28.485 [http-nio-8083-exec-5] DEBUG org.hibernate.SQL — select rm1_0.id,rm1_0.name,rm1_0.stock_quantity,rm1_0.tenant_id,rm1_0.unit from raw_materials rm1_0 where rm1_0.tenant_id=? and rm1_0.name=?
Hibernate: select rm1_0.id,rm1_0.name,rm1_0.stock_quantity,rm1_0.tenant_id,rm1_0.unit from raw_materials rm1_0 where rm1_0.tenant_id=? and rm1_0.name=?
2026-05-04 20:49:28.487 [http-nio-8083-exec-5] DEBUG org.hibernate.SQL — update raw_materials set name=?,stock_quantity=?,tenant_id=?,unit=? where id=?
Hibernate: update raw_materials set name=?,stock_quantity=?,tenant_id=?,unit=? where id=?
2026-05-04 20:49:28.493 [http-nio-8083-exec-6] INFO  c.t.i.service.InventoryServiceImpl — Adding/Updating stock for raw material 'Milk' in tenant 27c751f6-949e-4b8c-b8a2-62512830541e
2026-05-04 20:49:28.493 [http-nio-8083-exec-6] DEBUG org.hibernate.SQL — select rm1_0.id,rm1_0.name,rm1_0.stock_quantity,rm1_0.tenant_id,rm1_0.unit from raw_materials rm1_0 where rm1_0.tenant_id=? and rm1_0.name=?
Hibernate: select rm1_0.id,rm1_0.name,rm1_0.stock_quantity,rm1_0.tenant_id,rm1_0.unit from raw_materials rm1_0 where rm1_0.tenant_id=? and rm1_0.name=?
2026-05-04 20:49:28.495 [http-nio-8083-exec-6] DEBUG org.hibernate.SQL — update raw_materials set name=?,stock_quantity=?,tenant_id=?,unit=? where id=?
Hibernate: update raw_materials set name=?,stock_quantity=?,tenant_id=?,unit=? where id=?
2026-05-04 20:49:28.501 [http-nio-8083-exec-7] INFO  c.t.i.service.InventoryServiceImpl — Adding/Updating stock for raw material 'Water' in tenant 27c751f6-949e-4b8c-b8a2-62512830541e
2026-05-04 20:49:28.502 [http-nio-8083-exec-7] DEBUG org.hibernate.SQL — select rm1_0.id,rm1_0.name,rm1_0.stock_quantity,rm1_0.tenant_id,rm1_0.unit from raw_materials rm1_0 where rm1_0.tenant_id=? and rm1_0.name=?
Hibernate: select rm1_0.id,rm1_0.name,rm1_0.stock_quantity,rm1_0.tenant_id,rm1_0.unit from raw_materials rm1_0 where rm1_0.tenant_id=? and rm1_0.name=?
2026-05-04 20:49:28.503 [http-nio-8083-exec-7] DEBUG org.hibernate.SQL — update raw_materials set name=?,stock_quantity=?,tenant_id=?,unit=? where id=?
Hibernate: update raw_materials set name=?,stock_quantity=?,tenant_id=?,unit=? where id=?
2026-05-04 20:49:28.510 [http-nio-8083-exec-8] INFO  c.t.i.service.InventoryServiceImpl — Adding/Updating stock for raw material 'Cups' in tenant 27c751f6-949e-4b8c-b8a2-62512830541e
2026-05-04 20:49:28.511 [http-nio-8083-exec-8] DEBUG org.hibernate.SQL — select rm1_0.id,rm1_0.name,rm1_0.stock_quantity,rm1_0.tenant_id,rm1_0.unit from raw_materials rm1_0 where rm1_0.tenant_id=? and rm1_0.name=?
Hibernate: select rm1_0.id,rm1_0.name,rm1_0.stock_quantity,rm1_0.tenant_id,rm1_0.unit from raw_materials rm1_0 where rm1_0.tenant_id=? and rm1_0.name=?
2026-05-04 20:49:28.512 [http-nio-8083-exec-8] DEBUG org.hibernate.SQL — update raw_materials set name=?,stock_quantity=?,tenant_id=?,unit=? where id=?
Hibernate: update raw_materials set name=?,stock_quantity=?,tenant_id=?,unit=? where id=?
2026-05-04 20:49:28.538 [http-nio-8083-exec-9] INFO  c.t.i.service.InventoryServiceImpl — Adding/Updating stock for raw material 'Coffee Beans' in tenant f6234fdb-f6b8-4794-91cb-d559821fc10d
2026-05-04 20:49:28.539 [http-nio-8083-exec-9] DEBUG org.hibernate.SQL — select rm1_0.id,rm1_0.name,rm1_0.stock_quantity,rm1_0.tenant_id,rm1_0.unit from raw_materials rm1_0 where rm1_0.tenant_id=? and rm1_0.name=?
Hibernate: select rm1_0.id,rm1_0.name,rm1_0.stock_quantity,rm1_0.tenant_id,rm1_0.unit from raw_materials rm1_0 where rm1_0.tenant_id=? and rm1_0.name=?
2026-05-04 20:49:28.540 [http-nio-8083-exec-9] DEBUG org.hibernate.SQL — update raw_materials set name=?,stock_quantity=?,tenant_id=?,unit=? where id=?
Hibernate: update raw_materials set name=?,stock_quantity=?,tenant_id=?,unit=? where id=?
2026-05-04 20:49:28.546 [http-nio-8083-exec-10] INFO  c.t.i.service.InventoryServiceImpl — Adding/Updating stock for raw material 'Milk' in tenant f6234fdb-f6b8-4794-91cb-d559821fc10d
2026-05-04 20:49:28.546 [http-nio-8083-exec-10] DEBUG org.hibernate.SQL — select rm1_0.id,rm1_0.name,rm1_0.stock_quantity,rm1_0.tenant_id,rm1_0.unit from raw_materials rm1_0 where rm1_0.tenant_id=? and rm1_0.name=?
Hibernate: select rm1_0.id,rm1_0.name,rm1_0.stock_quantity,rm1_0.tenant_id,rm1_0.unit from raw_materials rm1_0 where rm1_0.tenant_id=? and rm1_0.name=?
2026-05-04 20:49:28.548 [http-nio-8083-exec-10] DEBUG org.hibernate.SQL — update raw_materials set name=?,stock_quantity=?,tenant_id=?,unit=? where id=?
Hibernate: update raw_materials set name=?,stock_quantity=?,tenant_id=?,unit=? where id=?
2026-05-04 20:49:28.554 [http-nio-8083-exec-1] INFO  c.t.i.service.InventoryServiceImpl — Adding/Updating stock for raw material 'Water' in tenant f6234fdb-f6b8-4794-91cb-d559821fc10d
2026-05-04 20:49:28.555 [http-nio-8083-exec-1] DEBUG org.hibernate.SQL — select rm1_0.id,rm1_0.name,rm1_0.stock_quantity,rm1_0.tenant_id,rm1_0.unit from raw_materials rm1_0 where rm1_0.tenant_id=? and rm1_0.name=?
Hibernate: select rm1_0.id,rm1_0.name,rm1_0.stock_quantity,rm1_0.tenant_id,rm1_0.unit from raw_materials rm1_0 where rm1_0.tenant_id=? and rm1_0.name=?
2026-05-04 20:49:28.556 [http-nio-8083-exec-1] DEBUG org.hibernate.SQL — update raw_materials set name=?,stock_quantity=?,tenant_id=?,unit=? where id=?
Hibernate: update raw_materials set name=?,stock_quantity=?,tenant_id=?,unit=? where id=?
2026-05-04 20:49:28.563 [http-nio-8083-exec-2] INFO  c.t.i.service.InventoryServiceImpl — Adding/Updating stock for raw material 'Cups' in tenant f6234fdb-f6b8-4794-91cb-d559821fc10d
2026-05-04 20:49:28.564 [http-nio-8083-exec-2] DEBUG org.hibernate.SQL — select rm1_0.id,rm1_0.name,rm1_0.stock_quantity,rm1_0.tenant_id,rm1_0.unit from raw_materials rm1_0 where rm1_0.tenant_id=? and rm1_0.name=?
Hibernate: select rm1_0.id,rm1_0.name,rm1_0.stock_quantity,rm1_0.tenant_id,rm1_0.unit from raw_materials rm1_0 where rm1_0.tenant_id=? and rm1_0.name=?
2026-05-04 20:49:28.565 [http-nio-8083-exec-2] DEBUG org.hibernate.SQL — update raw_materials set name=?,stock_quantity=?,tenant_id=?,unit=? where id=?
Hibernate: update raw_materials set name=?,stock_quantity=?,tenant_id=?,unit=? where id=?
2026-05-04 20:49:28.592 [http-nio-8083-exec-3] INFO  c.t.i.service.InventoryServiceImpl — Adding/Updating stock for raw material 'Coffee Beans' in tenant 9166013f-bc72-4685-9a23-67d948d78a2f
2026-05-04 20:49:28.593 [http-nio-8083-exec-3] DEBUG org.hibernate.SQL — select rm1_0.id,rm1_0.name,rm1_0.stock_quantity,rm1_0.tenant_id,rm1_0.unit from raw_materials rm1_0 where rm1_0.tenant_id=? and rm1_0.name=?
Hibernate: select rm1_0.id,rm1_0.name,rm1_0.stock_quantity,rm1_0.tenant_id,rm1_0.unit from raw_materials rm1_0 where rm1_0.tenant_id=? and rm1_0.name=?
2026-05-04 20:49:28.594 [http-nio-8083-exec-3] DEBUG org.hibernate.SQL — update raw_materials set name=?,stock_quantity=?,tenant_id=?,unit=? where id=?
Hibernate: update raw_materials set name=?,stock_quantity=?,tenant_id=?,unit=? where id=?
2026-05-04 20:49:28.599 [http-nio-8083-exec-4] INFO  c.t.i.service.InventoryServiceImpl — Adding/Updating stock for raw material 'Milk' in tenant 9166013f-bc72-4685-9a23-67d948d78a2f
2026-05-04 20:49:28.600 [http-nio-8083-exec-4] DEBUG org.hibernate.SQL — select rm1_0.id,rm1_0.name,rm1_0.stock_quantity,rm1_0.tenant_id,rm1_0.unit from raw_materials rm1_0 where rm1_0.tenant_id=? and rm1_0.name=?
Hibernate: select rm1_0.id,rm1_0.name,rm1_0.stock_quantity,rm1_0.tenant_id,rm1_0.unit from raw_materials rm1_0 where rm1_0.tenant_id=? and rm1_0.name=?
2026-05-04 20:49:28.601 [http-nio-8083-exec-4] DEBUG org.hibernate.SQL — update raw_materials set name=?,stock_quantity=?,tenant_id=?,unit=? where id=?
Hibernate: update raw_materials set name=?,stock_quantity=?,tenant_id=?,unit=? where id=?
2026-05-04 20:49:28.608 [http-nio-8083-exec-5] INFO  c.t.i.service.InventoryServiceImpl — Adding/Updating stock for raw material 'Water' in tenant 9166013f-bc72-4685-9a23-67d948d78a2f
2026-05-04 20:49:28.608 [http-nio-8083-exec-5] DEBUG org.hibernate.SQL — select rm1_0.id,rm1_0.name,rm1_0.stock_quantity,rm1_0.tenant_id,rm1_0.unit from raw_materials rm1_0 where rm1_0.tenant_id=? and rm1_0.name=?
Hibernate: select rm1_0.id,rm1_0.name,rm1_0.stock_quantity,rm1_0.tenant_id,rm1_0.unit from raw_materials rm1_0 where rm1_0.tenant_id=? and rm1_0.name=?
2026-05-04 20:49:28.610 [http-nio-8083-exec-5] DEBUG org.hibernate.SQL — update raw_materials set name=?,stock_quantity=?,tenant_id=?,unit=? where id=?
Hibernate: update raw_materials set name=?,stock_quantity=?,tenant_id=?,unit=? where id=?
2026-05-04 20:49:28.616 [http-nio-8083-exec-6] INFO  c.t.i.service.InventoryServiceImpl — Adding/Updating stock for raw material 'Cups' in tenant 9166013f-bc72-4685-9a23-67d948d78a2f
2026-05-04 20:49:28.617 [http-nio-8083-exec-6] DEBUG org.hibernate.SQL — select rm1_0.id,rm1_0.name,rm1_0.stock_quantity,rm1_0.tenant_id,rm1_0.unit from raw_materials rm1_0 where rm1_0.tenant_id=? and rm1_0.name=?
Hibernate: select rm1_0.id,rm1_0.name,rm1_0.stock_quantity,rm1_0.tenant_id,rm1_0.unit from raw_materials rm1_0 where rm1_0.tenant_id=? and rm1_0.name=?
2026-05-04 20:49:28.620 [http-nio-8083-exec-6] DEBUG org.hibernate.SQL — update raw_materials set name=?,stock_quantity=?,tenant_id=?,unit=? where id=?
Hibernate: update raw_materials set name=?,stock_quantity=?,tenant_id=?,unit=? where id=?
2026-05-04 20:49:28.650 [http-nio-8083-exec-7] INFO  c.t.i.service.InventoryServiceImpl — Adding/Updating stock for raw material 'Coffee Beans' in tenant 692c78c0-c15e-4fe4-a43c-69a0fb9b78f0
2026-05-04 20:49:28.650 [http-nio-8083-exec-7] DEBUG org.hibernate.SQL — select rm1_0.id,rm1_0.name,rm1_0.stock_quantity,rm1_0.tenant_id,rm1_0.unit from raw_materials rm1_0 where rm1_0.tenant_id=? and rm1_0.name=?
Hibernate: select rm1_0.id,rm1_0.name,rm1_0.stock_quantity,rm1_0.tenant_id,rm1_0.unit from raw_materials rm1_0 where rm1_0.tenant_id=? and rm1_0.name=?
2026-05-04 20:49:28.652 [http-nio-8083-exec-7] DEBUG org.hibernate.SQL — update raw_materials set name=?,stock_quantity=?,tenant_id=?,unit=? where id=?
Hibernate: update raw_materials set name=?,stock_quantity=?,tenant_id=?,unit=? where id=?
2026-05-04 20:49:28.658 [http-nio-8083-exec-8] INFO  c.t.i.service.InventoryServiceImpl — Adding/Updating stock for raw material 'Milk' in tenant 692c78c0-c15e-4fe4-a43c-69a0fb9b78f0
2026-05-04 20:49:28.658 [http-nio-8083-exec-8] DEBUG org.hibernate.SQL — select rm1_0.id,rm1_0.name,rm1_0.stock_quantity,rm1_0.tenant_id,rm1_0.unit from raw_materials rm1_0 where rm1_0.tenant_id=? and rm1_0.name=?
Hibernate: select rm1_0.id,rm1_0.name,rm1_0.stock_quantity,rm1_0.tenant_id,rm1_0.unit from raw_materials rm1_0 where rm1_0.tenant_id=? and rm1_0.name=?
2026-05-04 20:49:28.659 [http-nio-8083-exec-8] DEBUG org.hibernate.SQL — update raw_materials set name=?,stock_quantity=?,tenant_id=?,unit=? where id=?
Hibernate: update raw_materials set name=?,stock_quantity=?,tenant_id=?,unit=? where id=?
2026-05-04 20:49:28.665 [http-nio-8083-exec-9] INFO  c.t.i.service.InventoryServiceImpl — Adding/Updating stock for raw material 'Water' in tenant 692c78c0-c15e-4fe4-a43c-69a0fb9b78f0
2026-05-04 20:49:28.666 [http-nio-8083-exec-9] DEBUG org.hibernate.SQL — select rm1_0.id,rm1_0.name,rm1_0.stock_quantity,rm1_0.tenant_id,rm1_0.unit from raw_materials rm1_0 where rm1_0.tenant_id=? and rm1_0.name=?
Hibernate: select rm1_0.id,rm1_0.name,rm1_0.stock_quantity,rm1_0.tenant_id,rm1_0.unit from raw_materials rm1_0 where rm1_0.tenant_id=? and rm1_0.name=?
2026-05-04 20:49:28.667 [http-nio-8083-exec-9] DEBUG org.hibernate.SQL — update raw_materials set name=?,stock_quantity=?,tenant_id=?,unit=? where id=?
Hibernate: update raw_materials set name=?,stock_quantity=?,tenant_id=?,unit=? where id=?
2026-05-04 20:49:28.673 [http-nio-8083-exec-10] INFO  c.t.i.service.InventoryServiceImpl — Adding/Updating stock for raw material 'Cups' in tenant 692c78c0-c15e-4fe4-a43c-69a0fb9b78f0
2026-05-04 20:49:28.673 [http-nio-8083-exec-10] DEBUG org.hibernate.SQL — select rm1_0.id,rm1_0.name,rm1_0.stock_quantity,rm1_0.tenant_id,rm1_0.unit from raw_materials rm1_0 where rm1_0.tenant_id=? and rm1_0.name=?
Hibernate: select rm1_0.id,rm1_0.name,rm1_0.stock_quantity,rm1_0.tenant_id,rm1_0.unit from raw_materials rm1_0 where rm1_0.tenant_id=? and rm1_0.name=?
2026-05-04 20:49:28.675 [http-nio-8083-exec-10] DEBUG org.hibernate.SQL — update raw_materials set name=?,stock_quantity=?,tenant_id=?,unit=? where id=?
Hibernate: update raw_materials set name=?,stock_quantity=?,tenant_id=?,unit=? where id=?
2026-05-04 20:49:28.714 [http-nio-8083-exec-1] INFO  c.t.i.service.InventoryServiceImpl — Adding/Updating stock for raw material 'Coffee Beans' in tenant a92f718e-ad82-496c-bbd2-d0b126520200
2026-05-04 20:49:28.714 [http-nio-8083-exec-1] DEBUG org.hibernate.SQL — select rm1_0.id,rm1_0.name,rm1_0.stock_quantity,rm1_0.tenant_id,rm1_0.unit from raw_materials rm1_0 where rm1_0.tenant_id=? and rm1_0.name=?
Hibernate: select rm1_0.id,rm1_0.name,rm1_0.stock_quantity,rm1_0.tenant_id,rm1_0.unit from raw_materials rm1_0 where rm1_0.tenant_id=? and rm1_0.name=?
2026-05-04 20:49:28.717 [http-nio-8083-exec-1] DEBUG org.hibernate.SQL — update raw_materials set name=?,stock_quantity=?,tenant_id=?,unit=? where id=?
Hibernate: update raw_materials set name=?,stock_quantity=?,tenant_id=?,unit=? where id=?
2026-05-04 20:49:28.724 [http-nio-8083-exec-2] INFO  c.t.i.service.InventoryServiceImpl — Adding/Updating stock for raw material 'Milk' in tenant a92f718e-ad82-496c-bbd2-d0b126520200
2026-05-04 20:49:28.725 [http-nio-8083-exec-2] DEBUG org.hibernate.SQL — select rm1_0.id,rm1_0.name,rm1_0.stock_quantity,rm1_0.tenant_id,rm1_0.unit from raw_materials rm1_0 where rm1_0.tenant_id=? and rm1_0.name=?
Hibernate: select rm1_0.id,rm1_0.name,rm1_0.stock_quantity,rm1_0.tenant_id,rm1_0.unit from raw_materials rm1_0 where rm1_0.tenant_id=? and rm1_0.name=?
2026-05-04 20:49:28.726 [http-nio-8083-exec-2] DEBUG org.hibernate.SQL — update raw_materials set name=?,stock_quantity=?,tenant_id=?,unit=? where id=?
Hibernate: update raw_materials set name=?,stock_quantity=?,tenant_id=?,unit=? where id=?
2026-05-04 20:49:28.732 [http-nio-8083-exec-3] INFO  c.t.i.service.InventoryServiceImpl — Adding/Updating stock for raw material 'Water' in tenant a92f718e-ad82-496c-bbd2-d0b126520200
2026-05-04 20:49:28.733 [http-nio-8083-exec-3] DEBUG org.hibernate.SQL — select rm1_0.id,rm1_0.name,rm1_0.stock_quantity,rm1_0.tenant_id,rm1_0.unit from raw_materials rm1_0 where rm1_0.tenant_id=? and rm1_0.name=?
Hibernate: select rm1_0.id,rm1_0.name,rm1_0.stock_quantity,rm1_0.tenant_id,rm1_0.unit from raw_materials rm1_0 where rm1_0.tenant_id=? and rm1_0.name=?
2026-05-04 20:49:28.734 [http-nio-8083-exec-3] DEBUG org.hibernate.SQL — update raw_materials set name=?,stock_quantity=?,tenant_id=?,unit=? where id=?
Hibernate: update raw_materials set name=?,stock_quantity=?,tenant_id=?,unit=? where id=?
2026-05-04 20:49:28.741 [http-nio-8083-exec-4] INFO  c.t.i.service.InventoryServiceImpl — Adding/Updating stock for raw material 'Cups' in tenant a92f718e-ad82-496c-bbd2-d0b126520200
2026-05-04 20:49:28.741 [http-nio-8083-exec-4] DEBUG org.hibernate.SQL — select rm1_0.id,rm1_0.name,rm1_0.stock_quantity,rm1_0.tenant_id,rm1_0.unit from raw_materials rm1_0 where rm1_0.tenant_id=? and rm1_0.name=?
Hibernate: select rm1_0.id,rm1_0.name,rm1_0.stock_quantity,rm1_0.tenant_id,rm1_0.unit from raw_materials rm1_0 where rm1_0.tenant_id=? and rm1_0.name=?
2026-05-04 20:49:28.743 [http-nio-8083-exec-4] DEBUG org.hibernate.SQL — update raw_materials set name=?,stock_quantity=?,tenant_id=?,unit=? where id=?
Hibernate: update raw_materials set name=?,stock_quantity=?,tenant_id=?,unit=? where id=?
2026-05-04 20:49:28.773 [http-nio-8083-exec-5] INFO  c.t.i.service.InventoryServiceImpl — Adding/Updating stock for raw material 'Coffee Beans' in tenant 4fd3b6e6-8346-4b7d-a462-0d9cfc159a58
2026-05-04 20:49:28.774 [http-nio-8083-exec-5] DEBUG org.hibernate.SQL — select rm1_0.id,rm1_0.name,rm1_0.stock_quantity,rm1_0.tenant_id,rm1_0.unit from raw_materials rm1_0 where rm1_0.tenant_id=? and rm1_0.name=?
Hibernate: select rm1_0.id,rm1_0.name,rm1_0.stock_quantity,rm1_0.tenant_id,rm1_0.unit from raw_materials rm1_0 where rm1_0.tenant_id=? and rm1_0.name=?
2026-05-04 20:49:28.774 [http-nio-8083-exec-5] DEBUG org.hibernate.SQL — insert into raw_materials (name,stock_quantity,tenant_id,unit,id) values (?,?,?,?,?)
Hibernate: insert into raw_materials (name,stock_quantity,tenant_id,unit,id) values (?,?,?,?,?)
2026-05-04 20:49:28.782 [http-nio-8083-exec-6] INFO  c.t.i.service.InventoryServiceImpl — Adding/Updating stock for raw material 'Milk' in tenant 4fd3b6e6-8346-4b7d-a462-0d9cfc159a58
2026-05-04 20:49:28.782 [http-nio-8083-exec-6] DEBUG org.hibernate.SQL — select rm1_0.id,rm1_0.name,rm1_0.stock_quantity,rm1_0.tenant_id,rm1_0.unit from raw_materials rm1_0 where rm1_0.tenant_id=? and rm1_0.name=?
Hibernate: select rm1_0.id,rm1_0.name,rm1_0.stock_quantity,rm1_0.tenant_id,rm1_0.unit from raw_materials rm1_0 where rm1_0.tenant_id=? and rm1_0.name=?
2026-05-04 20:49:28.783 [http-nio-8083-exec-6] DEBUG org.hibernate.SQL — insert into raw_materials (name,stock_quantity,tenant_id,unit,id) values (?,?,?,?,?)
Hibernate: insert into raw_materials (name,stock_quantity,tenant_id,unit,id) values (?,?,?,?,?)
2026-05-04 20:49:28.790 [http-nio-8083-exec-7] INFO  c.t.i.service.InventoryServiceImpl — Adding/Updating stock for raw material 'Water' in tenant 4fd3b6e6-8346-4b7d-a462-0d9cfc159a58
2026-05-04 20:49:28.791 [http-nio-8083-exec-7] DEBUG org.hibernate.SQL — select rm1_0.id,rm1_0.name,rm1_0.stock_quantity,rm1_0.tenant_id,rm1_0.unit from raw_materials rm1_0 where rm1_0.tenant_id=? and rm1_0.name=?
Hibernate: select rm1_0.id,rm1_0.name,rm1_0.stock_quantity,rm1_0.tenant_id,rm1_0.unit from raw_materials rm1_0 where rm1_0.tenant_id=? and rm1_0.name=?
2026-05-04 20:49:28.793 [http-nio-8083-exec-7] DEBUG org.hibernate.SQL — insert into raw_materials (name,stock_quantity,tenant_id,unit,id) values (?,?,?,?,?)
Hibernate: insert into raw_materials (name,stock_quantity,tenant_id,unit,id) values (?,?,?,?,?)
2026-05-04 20:49:28.800 [http-nio-8083-exec-8] INFO  c.t.i.service.InventoryServiceImpl — Adding/Updating stock for raw material 'Cups' in tenant 4fd3b6e6-8346-4b7d-a462-0d9cfc159a58
2026-05-04 20:49:28.800 [http-nio-8083-exec-8] DEBUG org.hibernate.SQL — select rm1_0.id,rm1_0.name,rm1_0.stock_quantity,rm1_0.tenant_id,rm1_0.unit from raw_materials rm1_0 where rm1_0.tenant_id=? and rm1_0.name=?
Hibernate: select rm1_0.id,rm1_0.name,rm1_0.stock_quantity,rm1_0.tenant_id,rm1_0.unit from raw_materials rm1_0 where rm1_0.tenant_id=? and rm1_0.name=?
2026-05-04 20:49:28.801 [http-nio-8083-exec-8] DEBUG org.hibernate.SQL — insert into raw_materials (name,stock_quantity,tenant_id,unit,id) values (?,?,?,?,?)
Hibernate: insert into raw_materials (name,stock_quantity,tenant_id,unit,id) values (?,?,?,?,?)
2026-05-04 20:50:21.159 [org.springframework.kafka.KafkaListenerEndpointContainer#0-0-C-1] INFO  c.t.i.kafka.OrderEventListener — [AUDIT] OrderEvent received — order: e2385499-b33c-4c8b-acf8-012db3191335, tenant: 4e4a0260-949a-4a1e-8abb-f37abb40b5ce, product: TURKISH_TEA
2026-05-04 20:50:21.159 [org.springframework.kafka.KafkaListenerEndpointContainer#0-0-C-1] WARN  c.t.i.kafka.OrderEventListener — [AUDIT] OrderEvent for order e2385499-b33c-4c8b-acf8-012db3191335 has no deduction data.
2026-05-04 20:50:21.160 [org.springframework.kafka.KafkaListenerEndpointContainer#0-0-C-1] INFO  c.t.i.kafka.OrderEventListener — [AUDIT] OrderEvent received — order: a22d53b1-e21c-4171-9ba5-d742edc29760, tenant: fa13de5c-391e-421b-b4e2-3d060bb88dce, product: ICED_COFFEE
2026-05-04 20:50:21.160 [org.springframework.kafka.KafkaListenerEndpointContainer#0-0-C-1] WARN  c.t.i.kafka.OrderEventListener — [AUDIT] OrderEvent for order a22d53b1-e21c-4171-9ba5-d742edc29760 has no deduction data.
2026-05-04 20:50:29.155 [http-nio-8083-exec-10] INFO  c.t.i.service.InventoryServiceImpl — Processing batch deduction of 2 items for tenant fa13de5c-391e-421b-b4e2-3d060bb88dce
2026-05-04 20:50:29.156 [http-nio-8083-exec-10] DEBUG org.hibernate.SQL — select rm1_0.id,rm1_0.name,rm1_0.stock_quantity,rm1_0.tenant_id,rm1_0.unit from raw_materials rm1_0 where rm1_0.tenant_id=? and rm1_0.name=?
Hibernate: select rm1_0.id,rm1_0.name,rm1_0.stock_quantity,rm1_0.tenant_id,rm1_0.unit from raw_materials rm1_0 where rm1_0.tenant_id=? and rm1_0.name=?
2026-05-04 20:50:29.157 [http-nio-8083-exec-10] INFO  c.t.i.service.InventoryServiceImpl — Deducted 150.0 MILLILITER of 'Milk' — remaining: 19850.0
2026-05-04 20:50:29.158 [http-nio-8083-exec-10] DEBUG org.hibernate.SQL — update raw_materials set name=?,stock_quantity=?,tenant_id=?,unit=? where id=?
Hibernate: update raw_materials set name=?,stock_quantity=?,tenant_id=?,unit=? where id=?
2026-05-04 20:50:29.159 [http-nio-8083-exec-10] DEBUG org.hibernate.SQL — select rm1_0.id,rm1_0.name,rm1_0.stock_quantity,rm1_0.tenant_id,rm1_0.unit from raw_materials rm1_0 where rm1_0.tenant_id=? and rm1_0.name=?
Hibernate: select rm1_0.id,rm1_0.name,rm1_0.stock_quantity,rm1_0.tenant_id,rm1_0.unit from raw_materials rm1_0 where rm1_0.tenant_id=? and rm1_0.name=?
2026-05-04 20:50:29.159 [http-nio-8083-exec-10] INFO  c.t.i.service.InventoryServiceImpl — Deducted 18.0 GRAM of 'Coffee Beans' — remaining: 19982.0
2026-05-04 20:50:29.160 [http-nio-8083-exec-10] DEBUG org.hibernate.SQL — update raw_materials set name=?,stock_quantity=?,tenant_id=?,unit=? where id=?
Hibernate: update raw_materials set name=?,stock_quantity=?,tenant_id=?,unit=? where id=?
2026-05-04 20:50:29.206 [http-nio-8083-exec-1] INFO  c.t.i.service.InventoryServiceImpl — Processing batch deduction of 2 items for tenant a92f718e-ad82-496c-bbd2-d0b126520200
2026-05-04 20:50:29.207 [http-nio-8083-exec-1] DEBUG org.hibernate.SQL — select rm1_0.id,rm1_0.name,rm1_0.stock_quantity,rm1_0.tenant_id,rm1_0.unit from raw_materials rm1_0 where rm1_0.tenant_id=? and rm1_0.name=?
Hibernate: select rm1_0.id,rm1_0.name,rm1_0.stock_quantity,rm1_0.tenant_id,rm1_0.unit from raw_materials rm1_0 where rm1_0.tenant_id=? and rm1_0.name=?
2026-05-04 20:50:29.208 [http-nio-8083-exec-1] INFO  c.t.i.service.InventoryServiceImpl — Deducted 18.0 GRAM of 'Coffee Beans' — remaining: 19982.0
2026-05-04 20:50:29.209 [http-nio-8083-exec-1] DEBUG org.hibernate.SQL — update raw_materials set name=?,stock_quantity=?,tenant_id=?,unit=? where id=?
Hibernate: update raw_materials set name=?,stock_quantity=?,tenant_id=?,unit=? where id=?
2026-05-04 20:50:29.209 [http-nio-8083-exec-1] DEBUG org.hibernate.SQL — select rm1_0.id,rm1_0.name,rm1_0.stock_quantity,rm1_0.tenant_id,rm1_0.unit from raw_materials rm1_0 where rm1_0.tenant_id=? and rm1_0.name=?
Hibernate: select rm1_0.id,rm1_0.name,rm1_0.stock_quantity,rm1_0.tenant_id,rm1_0.unit from raw_materials rm1_0 where rm1_0.tenant_id=? and rm1_0.name=?
2026-05-04 20:50:29.211 [http-nio-8083-exec-1] INFO  c.t.i.service.InventoryServiceImpl — Deducted 200.0 MILLILITER of 'Water' — remaining: 39800.0
2026-05-04 20:50:29.211 [http-nio-8083-exec-1] DEBUG org.hibernate.SQL — update raw_materials set name=?,stock_quantity=?,tenant_id=?,unit=? where id=?
Hibernate: update raw_materials set name=?,stock_quantity=?,tenant_id=?,unit=? where id=?
2026-05-04 20:50:29.215 [org.springframework.kafka.KafkaListenerEndpointContainer#0-0-C-1] INFO  c.t.i.kafka.OrderEventListener — [AUDIT] OrderEvent received — order: fc0c6835-a844-479f-9434-949be77d2a5d, tenant: fa13de5c-391e-421b-b4e2-3d060bb88dce, product: CAPPUCCINO
2026-05-04 20:50:29.215 [org.springframework.kafka.KafkaListenerEndpointContainer#0-0-C-1] INFO  c.t.i.kafka.OrderEventListener — [AUDIT] Order fc0c6835-a844-479f-9434-949be77d2a5d — deducted 150.0 MILLILITER of 'Milk'
2026-05-04 20:50:29.215 [org.springframework.kafka.KafkaListenerEndpointContainer#0-0-C-1] INFO  c.t.i.kafka.OrderEventListener — [AUDIT] Order fc0c6835-a844-479f-9434-949be77d2a5d — deducted 18.0 GRAM of 'Coffee Beans'
2026-05-04 20:50:29.215 [org.springframework.kafka.KafkaListenerEndpointContainer#0-0-C-1] INFO  c.t.i.kafka.OrderEventListener — [AUDIT] Order fc0c6835-a844-479f-9434-949be77d2a5d audit complete — 2 deduction(s) recorded
2026-05-04 20:50:29.252 [org.springframework.kafka.KafkaListenerEndpointContainer#0-0-C-1] INFO  c.t.i.kafka.OrderEventListener — [AUDIT] OrderEvent received — order: 643ae76b-7cc1-42a7-86cd-954b2e35398e, tenant: a92f718e-ad82-496c-bbd2-d0b126520200, product: AMERICANO
2026-05-04 20:50:29.253 [org.springframework.kafka.KafkaListenerEndpointContainer#0-0-C-1] INFO  c.t.i.kafka.OrderEventListener — [AUDIT] Order 643ae76b-7cc1-42a7-86cd-954b2e35398e — deducted 18.0 GRAM of 'Coffee Beans'
2026-05-04 20:50:29.253 [org.springframework.kafka.KafkaListenerEndpointContainer#0-0-C-1] INFO  c.t.i.kafka.OrderEventListener — [AUDIT] Order 643ae76b-7cc1-42a7-86cd-954b2e35398e — deducted 200.0 MILLILITER of 'Water'
2026-05-04 20:50:29.253 [org.springframework.kafka.KafkaListenerEndpointContainer#0-0-C-1] INFO  c.t.i.kafka.OrderEventListener — [AUDIT] Order 643ae76b-7cc1-42a7-86cd-954b2e35398e audit complete — 2 deduction(s) recorded
2026-05-04 20:50:29.269 [http-nio-8083-exec-2] INFO  c.t.i.service.InventoryServiceImpl — Processing batch deduction of 2 items for tenant 27c751f6-949e-4b8c-b8a2-62512830541e
2026-05-04 20:50:29.270 [http-nio-8083-exec-2] DEBUG org.hibernate.SQL — select rm1_0.id,rm1_0.name,rm1_0.stock_quantity,rm1_0.tenant_id,rm1_0.unit from raw_materials rm1_0 where rm1_0.tenant_id=? and rm1_0.name=?
Hibernate: select rm1_0.id,rm1_0.name,rm1_0.stock_quantity,rm1_0.tenant_id,rm1_0.unit from raw_materials rm1_0 where rm1_0.tenant_id=? and rm1_0.name=?
2026-05-04 20:50:29.271 [http-nio-8083-exec-2] INFO  c.t.i.service.InventoryServiceImpl — Deducted 36.0 GRAM of 'Coffee Beans' — remaining: 19964.0
2026-05-04 20:50:29.272 [http-nio-8083-exec-2] DEBUG org.hibernate.SQL — update raw_materials set name=?,stock_quantity=?,tenant_id=?,unit=? where id=?
Hibernate: update raw_materials set name=?,stock_quantity=?,tenant_id=?,unit=? where id=?
2026-05-04 20:50:29.273 [http-nio-8083-exec-2] DEBUG org.hibernate.SQL — select rm1_0.id,rm1_0.name,rm1_0.stock_quantity,rm1_0.tenant_id,rm1_0.unit from raw_materials rm1_0 where rm1_0.tenant_id=? and rm1_0.name=?
Hibernate: select rm1_0.id,rm1_0.name,rm1_0.stock_quantity,rm1_0.tenant_id,rm1_0.unit from raw_materials rm1_0 where rm1_0.tenant_id=? and rm1_0.name=?
2026-05-04 20:50:29.275 [http-nio-8083-exec-2] INFO  c.t.i.service.InventoryServiceImpl — Deducted 400.0 MILLILITER of 'Water' — remaining: 39600.0
2026-05-04 20:50:29.275 [http-nio-8083-exec-2] DEBUG org.hibernate.SQL — update raw_materials set name=?,stock_quantity=?,tenant_id=?,unit=? where id=?
Hibernate: update raw_materials set name=?,stock_quantity=?,tenant_id=?,unit=? where id=?
2026-05-04 20:50:29.304 [org.springframework.kafka.KafkaListenerEndpointContainer#0-0-C-1] INFO  c.t.i.kafka.OrderEventListener — [AUDIT] OrderEvent received — order: 0c90c4d0-42a8-41fb-a38a-11709c240123, tenant: 27c751f6-949e-4b8c-b8a2-62512830541e, product: AMERICANO
2026-05-04 20:50:29.304 [org.springframework.kafka.KafkaListenerEndpointContainer#0-0-C-1] INFO  c.t.i.kafka.OrderEventListener — [AUDIT] Order 0c90c4d0-42a8-41fb-a38a-11709c240123 — deducted 36.0 GRAM of 'Coffee Beans'
2026-05-04 20:50:29.304 [org.springframework.kafka.KafkaListenerEndpointContainer#0-0-C-1] INFO  c.t.i.kafka.OrderEventListener — [AUDIT] Order 0c90c4d0-42a8-41fb-a38a-11709c240123 — deducted 400.0 MILLILITER of 'Water'
2026-05-04 20:50:29.304 [org.springframework.kafka.KafkaListenerEndpointContainer#0-0-C-1] INFO  c.t.i.kafka.OrderEventListener — [AUDIT] Order 0c90c4d0-42a8-41fb-a38a-11709c240123 audit complete — 2 deduction(s) recorded
2026-05-04 20:50:37.323 [http-nio-8083-exec-3] INFO  c.t.i.service.InventoryServiceImpl — Processing batch deduction of 2 items for tenant fa13de5c-391e-421b-b4e2-3d060bb88dce
2026-05-04 20:50:37.324 [http-nio-8083-exec-3] DEBUG org.hibernate.SQL — select rm1_0.id,rm1_0.name,rm1_0.stock_quantity,rm1_0.tenant_id,rm1_0.unit from raw_materials rm1_0 where rm1_0.tenant_id=? and rm1_0.name=?
Hibernate: select rm1_0.id,rm1_0.name,rm1_0.stock_quantity,rm1_0.tenant_id,rm1_0.unit from raw_materials rm1_0 where rm1_0.tenant_id=? and rm1_0.name=?
2026-05-04 20:50:37.325 [http-nio-8083-exec-3] INFO  c.t.i.service.InventoryServiceImpl — Deducted 150.0 MILLILITER of 'Milk' — remaining: 19700.0
2026-05-04 20:50:37.326 [http-nio-8083-exec-3] DEBUG org.hibernate.SQL — update raw_materials set name=?,stock_quantity=?,tenant_id=?,unit=? where id=?
Hibernate: update raw_materials set name=?,stock_quantity=?,tenant_id=?,unit=? where id=?
2026-05-04 20:50:37.327 [http-nio-8083-exec-3] DEBUG org.hibernate.SQL — select rm1_0.id,rm1_0.name,rm1_0.stock_quantity,rm1_0.tenant_id,rm1_0.unit from raw_materials rm1_0 where rm1_0.tenant_id=? and rm1_0.name=?
Hibernate: select rm1_0.id,rm1_0.name,rm1_0.stock_quantity,rm1_0.tenant_id,rm1_0.unit from raw_materials rm1_0 where rm1_0.tenant_id=? and rm1_0.name=?
2026-05-04 20:50:37.328 [http-nio-8083-exec-3] INFO  c.t.i.service.InventoryServiceImpl — Deducted 18.0 GRAM of 'Coffee Beans' — remaining: 19964.0
2026-05-04 20:50:37.328 [http-nio-8083-exec-3] DEBUG org.hibernate.SQL — update raw_materials set name=?,stock_quantity=?,tenant_id=?,unit=? where id=?
Hibernate: update raw_materials set name=?,stock_quantity=?,tenant_id=?,unit=? where id=?
2026-05-04 20:50:37.359 [org.springframework.kafka.KafkaListenerEndpointContainer#0-0-C-1] INFO  c.t.i.kafka.OrderEventListener — [AUDIT] OrderEvent received — order: 2cfe9e83-506d-40b7-811f-cf2f312d6b34, tenant: fa13de5c-391e-421b-b4e2-3d060bb88dce, product: CAPPUCCINO
2026-05-04 20:50:37.359 [org.springframework.kafka.KafkaListenerEndpointContainer#0-0-C-1] INFO  c.t.i.kafka.OrderEventListener — [AUDIT] Order 2cfe9e83-506d-40b7-811f-cf2f312d6b34 — deducted 150.0 MILLILITER of 'Milk'
2026-05-04 20:50:37.359 [org.springframework.kafka.KafkaListenerEndpointContainer#0-0-C-1] INFO  c.t.i.kafka.OrderEventListener — [AUDIT] Order 2cfe9e83-506d-40b7-811f-cf2f312d6b34 — deducted 18.0 GRAM of 'Coffee Beans'
2026-05-04 20:50:37.359 [org.springframework.kafka.KafkaListenerEndpointContainer#0-0-C-1] INFO  c.t.i.kafka.OrderEventListener — [AUDIT] Order 2cfe9e83-506d-40b7-811f-cf2f312d6b34 audit complete — 2 deduction(s) recorded
2026-05-04 20:50:37.374 [http-nio-8083-exec-4] INFO  c.t.i.service.InventoryServiceImpl — Processing batch deduction of 2 items for tenant f6234fdb-f6b8-4794-91cb-d559821fc10d
2026-05-04 20:50:37.375 [http-nio-8083-exec-4] DEBUG org.hibernate.SQL — select rm1_0.id,rm1_0.name,rm1_0.stock_quantity,rm1_0.tenant_id,rm1_0.unit from raw_materials rm1_0 where rm1_0.tenant_id=? and rm1_0.name=?
Hibernate: select rm1_0.id,rm1_0.name,rm1_0.stock_quantity,rm1_0.tenant_id,rm1_0.unit from raw_materials rm1_0 where rm1_0.tenant_id=? and rm1_0.name=?
2026-05-04 20:50:37.376 [http-nio-8083-exec-4] INFO  c.t.i.service.InventoryServiceImpl — Deducted 400.0 MILLILITER of 'Milk' — remaining: 19600.0
2026-05-04 20:50:37.376 [http-nio-8083-exec-4] DEBUG org.hibernate.SQL — update raw_materials set name=?,stock_quantity=?,tenant_id=?,unit=? where id=?
Hibernate: update raw_materials set name=?,stock_quantity=?,tenant_id=?,unit=? where id=?
2026-05-04 20:50:37.377 [http-nio-8083-exec-4] DEBUG org.hibernate.SQL — select rm1_0.id,rm1_0.name,rm1_0.stock_quantity,rm1_0.tenant_id,rm1_0.unit from raw_materials rm1_0 where rm1_0.tenant_id=? and rm1_0.name=?
Hibernate: select rm1_0.id,rm1_0.name,rm1_0.stock_quantity,rm1_0.tenant_id,rm1_0.unit from raw_materials rm1_0 where rm1_0.tenant_id=? and rm1_0.name=?
2026-05-04 20:50:37.378 [http-nio-8083-exec-4] INFO  c.t.i.service.InventoryServiceImpl — Deducted 36.0 GRAM of 'Coffee Beans' — remaining: 19964.0
2026-05-04 20:50:37.378 [http-nio-8083-exec-4] DEBUG org.hibernate.SQL — update raw_materials set name=?,stock_quantity=?,tenant_id=?,unit=? where id=?
Hibernate: update raw_materials set name=?,stock_quantity=?,tenant_id=?,unit=? where id=?
2026-05-04 20:50:37.421 [org.springframework.kafka.KafkaListenerEndpointContainer#0-0-C-1] INFO  c.t.i.kafka.OrderEventListener — [AUDIT] OrderEvent received — order: 92390eb6-0bff-4e99-a2b2-0b96b8489972, tenant: f6234fdb-f6b8-4794-91cb-d559821fc10d, product: LATTE
2026-05-04 20:50:37.421 [org.springframework.kafka.KafkaListenerEndpointContainer#0-0-C-1] INFO  c.t.i.kafka.OrderEventListener — [AUDIT] Order 92390eb6-0bff-4e99-a2b2-0b96b8489972 — deducted 400.0 MILLILITER of 'Milk'
2026-05-04 20:50:37.421 [org.springframework.kafka.KafkaListenerEndpointContainer#0-0-C-1] INFO  c.t.i.kafka.OrderEventListener — [AUDIT] Order 92390eb6-0bff-4e99-a2b2-0b96b8489972 — deducted 36.0 GRAM of 'Coffee Beans'
2026-05-04 20:50:37.421 [org.springframework.kafka.KafkaListenerEndpointContainer#0-0-C-1] INFO  c.t.i.kafka.OrderEventListener — [AUDIT] Order 92390eb6-0bff-4e99-a2b2-0b96b8489972 audit complete — 2 deduction(s) recorded
2026-05-04 20:50:45.464 [org.springframework.kafka.KafkaListenerEndpointContainer#0-0-C-1] INFO  c.t.i.kafka.OrderEventListener — [AUDIT] OrderEvent received — order: 1c56bc51-dacb-4c08-9492-90c70f37a7b1, tenant: 27c751f6-949e-4b8c-b8a2-62512830541e, product: TURKISH_TEA
2026-05-04 20:50:45.465 [org.springframework.kafka.KafkaListenerEndpointContainer#0-0-C-1] WARN  c.t.i.kafka.OrderEventListener — [AUDIT] OrderEvent for order 1c56bc51-dacb-4c08-9492-90c70f37a7b1 has no deduction data.
2026-05-04 20:50:45.504 [org.springframework.kafka.KafkaListenerEndpointContainer#0-0-C-1] INFO  c.t.i.kafka.OrderEventListener — [AUDIT] OrderEvent received — order: 1ae5fff5-88c1-444d-bea0-774711e108ec, tenant: 27c751f6-949e-4b8c-b8a2-62512830541e, product: TURKISH_TEA
2026-05-04 20:50:45.504 [org.springframework.kafka.KafkaListenerEndpointContainer#0-0-C-1] WARN  c.t.i.kafka.OrderEventListener — [AUDIT] OrderEvent for order 1ae5fff5-88c1-444d-bea0-774711e108ec has no deduction data.
2026-05-04 20:50:45.521 [http-nio-8083-exec-5] INFO  c.t.i.service.InventoryServiceImpl — Processing batch deduction of 2 items for tenant 228f8e0a-035c-47e0-8ac6-e30991748cf0
2026-05-04 20:50:45.522 [http-nio-8083-exec-5] DEBUG org.hibernate.SQL — select rm1_0.id,rm1_0.name,rm1_0.stock_quantity,rm1_0.tenant_id,rm1_0.unit from raw_materials rm1_0 where rm1_0.tenant_id=? and rm1_0.name=?
Hibernate: select rm1_0.id,rm1_0.name,rm1_0.stock_quantity,rm1_0.tenant_id,rm1_0.unit from raw_materials rm1_0 where rm1_0.tenant_id=? and rm1_0.name=?
2026-05-04 20:50:45.524 [http-nio-8083-exec-5] INFO  c.t.i.service.InventoryServiceImpl — Deducted 200.0 MILLILITER of 'Milk' — remaining: 57200.0
2026-05-04 20:50:45.524 [http-nio-8083-exec-5] DEBUG org.hibernate.SQL — update raw_materials set name=?,stock_quantity=?,tenant_id=?,unit=? where id=?
Hibernate: update raw_materials set name=?,stock_quantity=?,tenant_id=?,unit=? where id=?
2026-05-04 20:50:45.525 [http-nio-8083-exec-5] DEBUG org.hibernate.SQL — select rm1_0.id,rm1_0.name,rm1_0.stock_quantity,rm1_0.tenant_id,rm1_0.unit from raw_materials rm1_0 where rm1_0.tenant_id=? and rm1_0.name=?
Hibernate: select rm1_0.id,rm1_0.name,rm1_0.stock_quantity,rm1_0.tenant_id,rm1_0.unit from raw_materials rm1_0 where rm1_0.tenant_id=? and rm1_0.name=?
2026-05-04 20:50:45.527 [http-nio-8083-exec-5] INFO  c.t.i.service.InventoryServiceImpl — Deducted 18.0 GRAM of 'Coffee Beans' — remaining: 19748.0
2026-05-04 20:50:45.527 [http-nio-8083-exec-5] DEBUG org.hibernate.SQL — update raw_materials set name=?,stock_quantity=?,tenant_id=?,unit=? where id=?
Hibernate: update raw_materials set name=?,stock_quantity=?,tenant_id=?,unit=? where id=?
2026-05-04 20:50:45.563 [org.springframework.kafka.KafkaListenerEndpointContainer#0-0-C-1] INFO  c.t.i.kafka.OrderEventListener — [AUDIT] OrderEvent received — order: 8dd730d7-5630-4cee-b933-981c9c37d6ad, tenant: 228f8e0a-035c-47e0-8ac6-e30991748cf0, product: LATTE
2026-05-04 20:50:45.563 [org.springframework.kafka.KafkaListenerEndpointContainer#0-0-C-1] INFO  c.t.i.kafka.OrderEventListener — [AUDIT] Order 8dd730d7-5630-4cee-b933-981c9c37d6ad — deducted 200.0 MILLILITER of 'Milk'
2026-05-04 20:50:45.563 [org.springframework.kafka.KafkaListenerEndpointContainer#0-0-C-1] INFO  c.t.i.kafka.OrderEventListener — [AUDIT] Order 8dd730d7-5630-4cee-b933-981c9c37d6ad — deducted 18.0 GRAM of 'Coffee Beans'
2026-05-04 20:50:45.563 [org.springframework.kafka.KafkaListenerEndpointContainer#0-0-C-1] INFO  c.t.i.kafka.OrderEventListener — [AUDIT] Order 8dd730d7-5630-4cee-b933-981c9c37d6ad audit complete — 2 deduction(s) recorded
2026-05-04 20:50:53.607 [org.springframework.kafka.KafkaListenerEndpointContainer#0-0-C-1] INFO  c.t.i.kafka.OrderEventListener — [AUDIT] OrderEvent received — order: 5ce5af89-04a5-41fa-af27-634ade82c749, tenant: 692c78c0-c15e-4fe4-a43c-69a0fb9b78f0, product: ICED_COFFEE
2026-05-04 20:50:53.607 [org.springframework.kafka.KafkaListenerEndpointContainer#0-0-C-1] WARN  c.t.i.kafka.OrderEventListener — [AUDIT] OrderEvent for order 5ce5af89-04a5-41fa-af27-634ade82c749 has no deduction data.
2026-05-04 20:50:53.643 [org.springframework.kafka.KafkaListenerEndpointContainer#0-0-C-1] INFO  c.t.i.kafka.OrderEventListener — [AUDIT] OrderEvent received — order: 440afd18-28d0-4d45-b101-5b4d54f313b1, tenant: fa13de5c-391e-421b-b4e2-3d060bb88dce, product: TURKISH_TEA
2026-05-04 20:50:53.643 [org.springframework.kafka.KafkaListenerEndpointContainer#0-0-C-1] WARN  c.t.i.kafka.OrderEventListener — [AUDIT] OrderEvent for order 440afd18-28d0-4d45-b101-5b4d54f313b1 has no deduction data.
2026-05-04 20:50:53.658 [http-nio-8083-exec-6] INFO  c.t.i.service.InventoryServiceImpl — Processing batch deduction of 2 items for tenant 27c751f6-949e-4b8c-b8a2-62512830541e
2026-05-04 20:50:53.658 [http-nio-8083-exec-6] DEBUG org.hibernate.SQL — select rm1_0.id,rm1_0.name,rm1_0.stock_quantity,rm1_0.tenant_id,rm1_0.unit from raw_materials rm1_0 where rm1_0.tenant_id=? and rm1_0.name=?
Hibernate: select rm1_0.id,rm1_0.name,rm1_0.stock_quantity,rm1_0.tenant_id,rm1_0.unit from raw_materials rm1_0 where rm1_0.tenant_id=? and rm1_0.name=?
2026-05-04 20:50:53.659 [http-nio-8083-exec-6] INFO  c.t.i.service.InventoryServiceImpl — Deducted 150.0 MILLILITER of 'Milk' — remaining: 19850.0
2026-05-04 20:50:53.660 [http-nio-8083-exec-6] DEBUG org.hibernate.SQL — update raw_materials set name=?,stock_quantity=?,tenant_id=?,unit=? where id=?
Hibernate: update raw_materials set name=?,stock_quantity=?,tenant_id=?,unit=? where id=?
2026-05-04 20:50:53.661 [http-nio-8083-exec-6] DEBUG org.hibernate.SQL — select rm1_0.id,rm1_0.name,rm1_0.stock_quantity,rm1_0.tenant_id,rm1_0.unit from raw_materials rm1_0 where rm1_0.tenant_id=? and rm1_0.name=?
Hibernate: select rm1_0.id,rm1_0.name,rm1_0.stock_quantity,rm1_0.tenant_id,rm1_0.unit from raw_materials rm1_0 where rm1_0.tenant_id=? and rm1_0.name=?
2026-05-04 20:50:53.662 [http-nio-8083-exec-6] INFO  c.t.i.service.InventoryServiceImpl — Deducted 18.0 GRAM of 'Coffee Beans' — remaining: 19946.0
2026-05-04 20:50:53.663 [http-nio-8083-exec-6] DEBUG org.hibernate.SQL — update raw_materials set name=?,stock_quantity=?,tenant_id=?,unit=? where id=?
Hibernate: update raw_materials set name=?,stock_quantity=?,tenant_id=?,unit=? where id=?
2026-05-04 20:50:53.692 [org.springframework.kafka.KafkaListenerEndpointContainer#0-0-C-1] INFO  c.t.i.kafka.OrderEventListener — [AUDIT] OrderEvent received — order: eda92ff1-6569-4afc-b7e7-d2342552576a, tenant: 27c751f6-949e-4b8c-b8a2-62512830541e, product: CAPPUCCINO
2026-05-04 20:50:53.692 [org.springframework.kafka.KafkaListenerEndpointContainer#0-0-C-1] INFO  c.t.i.kafka.OrderEventListener — [AUDIT] Order eda92ff1-6569-4afc-b7e7-d2342552576a — deducted 150.0 MILLILITER of 'Milk'
2026-05-04 20:50:53.692 [org.springframework.kafka.KafkaListenerEndpointContainer#0-0-C-1] INFO  c.t.i.kafka.OrderEventListener — [AUDIT] Order eda92ff1-6569-4afc-b7e7-d2342552576a — deducted 18.0 GRAM of 'Coffee Beans'
2026-05-04 20:50:53.692 [org.springframework.kafka.KafkaListenerEndpointContainer#0-0-C-1] INFO  c.t.i.kafka.OrderEventListener — [AUDIT] Order eda92ff1-6569-4afc-b7e7-d2342552576a audit complete — 2 deduction(s) recorded
2026-05-04 20:51:01.729 [org.springframework.kafka.KafkaListenerEndpointContainer#0-0-C-1] INFO  c.t.i.kafka.OrderEventListener — [AUDIT] OrderEvent received — order: 7170e49a-ccb7-437b-bab0-7947d5552349, tenant: f6234fdb-f6b8-4794-91cb-d559821fc10d, product: ICED_COFFEE
2026-05-04 20:51:01.729 [org.springframework.kafka.KafkaListenerEndpointContainer#0-0-C-1] WARN  c.t.i.kafka.OrderEventListener — [AUDIT] OrderEvent for order 7170e49a-ccb7-437b-bab0-7947d5552349 has no deduction data.
2026-05-04 20:51:01.747 [http-nio-8083-exec-7] INFO  c.t.i.service.InventoryServiceImpl — Processing batch deduction of 2 items for tenant a92f718e-ad82-496c-bbd2-d0b126520200
2026-05-04 20:51:01.748 [http-nio-8083-exec-7] DEBUG org.hibernate.SQL — select rm1_0.id,rm1_0.name,rm1_0.stock_quantity,rm1_0.tenant_id,rm1_0.unit from raw_materials rm1_0 where rm1_0.tenant_id=? and rm1_0.name=?
Hibernate: select rm1_0.id,rm1_0.name,rm1_0.stock_quantity,rm1_0.tenant_id,rm1_0.unit from raw_materials rm1_0 where rm1_0.tenant_id=? and rm1_0.name=?
2026-05-04 20:51:01.749 [http-nio-8083-exec-7] INFO  c.t.i.service.InventoryServiceImpl — Deducted 200.0 MILLILITER of 'Milk' — remaining: 19800.0
2026-05-04 20:51:01.750 [http-nio-8083-exec-7] DEBUG org.hibernate.SQL — update raw_materials set name=?,stock_quantity=?,tenant_id=?,unit=? where id=?
Hibernate: update raw_materials set name=?,stock_quantity=?,tenant_id=?,unit=? where id=?
2026-05-04 20:51:01.751 [http-nio-8083-exec-7] DEBUG org.hibernate.SQL — select rm1_0.id,rm1_0.name,rm1_0.stock_quantity,rm1_0.tenant_id,rm1_0.unit from raw_materials rm1_0 where rm1_0.tenant_id=? and rm1_0.name=?
Hibernate: select rm1_0.id,rm1_0.name,rm1_0.stock_quantity,rm1_0.tenant_id,rm1_0.unit from raw_materials rm1_0 where rm1_0.tenant_id=? and rm1_0.name=?
2026-05-04 20:51:01.752 [http-nio-8083-exec-7] INFO  c.t.i.service.InventoryServiceImpl — Deducted 18.0 GRAM of 'Coffee Beans' — remaining: 19964.0
2026-05-04 20:51:01.752 [http-nio-8083-exec-7] DEBUG org.hibernate.SQL — update raw_materials set name=?,stock_quantity=?,tenant_id=?,unit=? where id=?
Hibernate: update raw_materials set name=?,stock_quantity=?,tenant_id=?,unit=? where id=?
2026-05-04 20:51:01.784 [org.springframework.kafka.KafkaListenerEndpointContainer#0-0-C-1] INFO  c.t.i.kafka.OrderEventListener — [AUDIT] OrderEvent received — order: ae11a446-406a-4f9f-88f0-561356ade452, tenant: a92f718e-ad82-496c-bbd2-d0b126520200, product: LATTE
2026-05-04 20:51:01.784 [org.springframework.kafka.KafkaListenerEndpointContainer#0-0-C-1] INFO  c.t.i.kafka.OrderEventListener — [AUDIT] Order ae11a446-406a-4f9f-88f0-561356ade452 — deducted 200.0 MILLILITER of 'Milk'
2026-05-04 20:51:01.784 [org.springframework.kafka.KafkaListenerEndpointContainer#0-0-C-1] INFO  c.t.i.kafka.OrderEventListener — [AUDIT] Order ae11a446-406a-4f9f-88f0-561356ade452 — deducted 18.0 GRAM of 'Coffee Beans'
2026-05-04 20:51:01.784 [org.springframework.kafka.KafkaListenerEndpointContainer#0-0-C-1] INFO  c.t.i.kafka.OrderEventListener — [AUDIT] Order ae11a446-406a-4f9f-88f0-561356ade452 audit complete — 2 deduction(s) recorded
2026-05-04 20:51:01.801 [http-nio-8083-exec-8] INFO  c.t.i.service.InventoryServiceImpl — Processing batch deduction of 2 items for tenant 12de5b27-9a6c-40bf-a7fc-f284c0f3a3cb
2026-05-04 20:51:01.802 [http-nio-8083-exec-8] DEBUG org.hibernate.SQL — select rm1_0.id,rm1_0.name,rm1_0.stock_quantity,rm1_0.tenant_id,rm1_0.unit from raw_materials rm1_0 where rm1_0.tenant_id=? and rm1_0.name=?
Hibernate: select rm1_0.id,rm1_0.name,rm1_0.stock_quantity,rm1_0.tenant_id,rm1_0.unit from raw_materials rm1_0 where rm1_0.tenant_id=? and rm1_0.name=?
2026-05-04 20:51:01.804 [http-nio-8083-exec-8] INFO  c.t.i.service.InventoryServiceImpl — Deducted 300.0 MILLILITER of 'Milk' — remaining: 19700.0
2026-05-04 20:51:01.805 [http-nio-8083-exec-8] DEBUG org.hibernate.SQL — update raw_materials set name=?,stock_quantity=?,tenant_id=?,unit=? where id=?
Hibernate: update raw_materials set name=?,stock_quantity=?,tenant_id=?,unit=? where id=?
2026-05-04 20:51:01.806 [http-nio-8083-exec-8] DEBUG org.hibernate.SQL — select rm1_0.id,rm1_0.name,rm1_0.stock_quantity,rm1_0.tenant_id,rm1_0.unit from raw_materials rm1_0 where rm1_0.tenant_id=? and rm1_0.name=?
Hibernate: select rm1_0.id,rm1_0.name,rm1_0.stock_quantity,rm1_0.tenant_id,rm1_0.unit from raw_materials rm1_0 where rm1_0.tenant_id=? and rm1_0.name=?
2026-05-04 20:51:01.807 [http-nio-8083-exec-8] INFO  c.t.i.service.InventoryServiceImpl — Deducted 36.0 GRAM of 'Coffee Beans' — remaining: 19964.0
2026-05-04 20:51:01.808 [http-nio-8083-exec-8] DEBUG org.hibernate.SQL — update raw_materials set name=?,stock_quantity=?,tenant_id=?,unit=? where id=?
Hibernate: update raw_materials set name=?,stock_quantity=?,tenant_id=?,unit=? where id=?
2026-05-04 20:51:01.840 [org.springframework.kafka.KafkaListenerEndpointContainer#0-0-C-1] INFO  c.t.i.kafka.OrderEventListener — [AUDIT] OrderEvent received — order: 0a1bace3-3ecc-4bad-9805-4213000dba75, tenant: 12de5b27-9a6c-40bf-a7fc-f284c0f3a3cb, product: CAPPUCCINO
2026-05-04 20:51:01.840 [org.springframework.kafka.KafkaListenerEndpointContainer#0-0-C-1] INFO  c.t.i.kafka.OrderEventListener — [AUDIT] Order 0a1bace3-3ecc-4bad-9805-4213000dba75 — deducted 300.0 MILLILITER of 'Milk'
2026-05-04 20:51:01.841 [org.springframework.kafka.KafkaListenerEndpointContainer#0-0-C-1] INFO  c.t.i.kafka.OrderEventListener — [AUDIT] Order 0a1bace3-3ecc-4bad-9805-4213000dba75 — deducted 36.0 GRAM of 'Coffee Beans'
2026-05-04 20:51:01.841 [org.springframework.kafka.KafkaListenerEndpointContainer#0-0-C-1] INFO  c.t.i.kafka.OrderEventListener — [AUDIT] Order 0a1bace3-3ecc-4bad-9805-4213000dba75 audit complete — 2 deduction(s) recorded
2026-05-04 20:51:01.855 [http-nio-8083-exec-9] INFO  c.t.i.service.InventoryServiceImpl — Processing batch deduction of 2 items for tenant f6234fdb-f6b8-4794-91cb-d559821fc10d
2026-05-04 20:51:01.856 [http-nio-8083-exec-9] DEBUG org.hibernate.SQL — select rm1_0.id,rm1_0.name,rm1_0.stock_quantity,rm1_0.tenant_id,rm1_0.unit from raw_materials rm1_0 where rm1_0.tenant_id=? and rm1_0.name=?
Hibernate: select rm1_0.id,rm1_0.name,rm1_0.stock_quantity,rm1_0.tenant_id,rm1_0.unit from raw_materials rm1_0 where rm1_0.tenant_id=? and rm1_0.name=?
2026-05-04 20:51:01.857 [http-nio-8083-exec-9] INFO  c.t.i.service.InventoryServiceImpl — Deducted 450.0 MILLILITER of 'Milk' — remaining: 19150.0
2026-05-04 20:51:01.858 [http-nio-8083-exec-9] DEBUG org.hibernate.SQL — update raw_materials set name=?,stock_quantity=?,tenant_id=?,unit=? where id=?
Hibernate: update raw_materials set name=?,stock_quantity=?,tenant_id=?,unit=? where id=?
2026-05-04 20:51:01.859 [http-nio-8083-exec-9] DEBUG org.hibernate.SQL — select rm1_0.id,rm1_0.name,rm1_0.stock_quantity,rm1_0.tenant_id,rm1_0.unit from raw_materials rm1_0 where rm1_0.tenant_id=? and rm1_0.name=?
Hibernate: select rm1_0.id,rm1_0.name,rm1_0.stock_quantity,rm1_0.tenant_id,rm1_0.unit from raw_materials rm1_0 where rm1_0.tenant_id=? and rm1_0.name=?
2026-05-04 20:51:01.860 [http-nio-8083-exec-9] INFO  c.t.i.service.InventoryServiceImpl — Deducted 54.0 GRAM of 'Coffee Beans' — remaining: 19910.0
2026-05-04 20:51:01.860 [http-nio-8083-exec-9] DEBUG org.hibernate.SQL — update raw_materials set name=?,stock_quantity=?,tenant_id=?,unit=? where id=?
Hibernate: update raw_materials set name=?,stock_quantity=?,tenant_id=?,unit=? where id=?
2026-05-04 20:51:01.889 [org.springframework.kafka.KafkaListenerEndpointContainer#0-0-C-1] INFO  c.t.i.kafka.OrderEventListener — [AUDIT] OrderEvent received — order: 12cbd4d6-1a73-4d42-9059-2278da7e4a71, tenant: f6234fdb-f6b8-4794-91cb-d559821fc10d, product: CAPPUCCINO
2026-05-04 20:51:01.889 [org.springframework.kafka.KafkaListenerEndpointContainer#0-0-C-1] INFO  c.t.i.kafka.OrderEventListener — [AUDIT] Order 12cbd4d6-1a73-4d42-9059-2278da7e4a71 — deducted 450.0 MILLILITER of 'Milk'
2026-05-04 20:51:01.889 [org.springframework.kafka.KafkaListenerEndpointContainer#0-0-C-1] INFO  c.t.i.kafka.OrderEventListener — [AUDIT] Order 12cbd4d6-1a73-4d42-9059-2278da7e4a71 — deducted 54.0 GRAM of 'Coffee Beans'
2026-05-04 20:51:01.889 [org.springframework.kafka.KafkaListenerEndpointContainer#0-0-C-1] INFO  c.t.i.kafka.OrderEventListener — [AUDIT] Order 12cbd4d6-1a73-4d42-9059-2278da7e4a71 audit complete — 2 deduction(s) recorded
2026-05-04 20:51:09.925 [org.springframework.kafka.KafkaListenerEndpointContainer#0-0-C-1] INFO  c.t.i.kafka.OrderEventListener — [AUDIT] OrderEvent received — order: e85a8fd3-feec-49a1-a9ac-27f7ce79cc37, tenant: 9166013f-bc72-4685-9a23-67d948d78a2f, product: ICED_COFFEE
2026-05-04 20:51:09.925 [org.springframework.kafka.KafkaListenerEndpointContainer#0-0-C-1] WARN  c.t.i.kafka.OrderEventListener — [AUDIT] OrderEvent for order e85a8fd3-feec-49a1-a9ac-27f7ce79cc37 has no deduction data.
2026-05-04 20:51:09.959 [org.springframework.kafka.KafkaListenerEndpointContainer#0-0-C-1] INFO  c.t.i.kafka.OrderEventListener — [AUDIT] OrderEvent received — order: a9136bbb-c92f-4b6d-b517-b45817dde4e0, tenant: 27c751f6-949e-4b8c-b8a2-62512830541e, product: TURKISH_TEA
2026-05-04 20:51:09.959 [org.springframework.kafka.KafkaListenerEndpointContainer#0-0-C-1] WARN  c.t.i.kafka.OrderEventListener — [AUDIT] OrderEvent for order a9136bbb-c92f-4b6d-b517-b45817dde4e0 has no deduction data.
2026-05-04 20:51:17.977 [http-nio-8083-exec-10] INFO  c.t.i.service.InventoryServiceImpl — Processing batch deduction of 2 items for tenant 228f8e0a-035c-47e0-8ac6-e30991748cf0
2026-05-04 20:51:17.977 [http-nio-8083-exec-10] DEBUG org.hibernate.SQL — select rm1_0.id,rm1_0.name,rm1_0.stock_quantity,rm1_0.tenant_id,rm1_0.unit from raw_materials rm1_0 where rm1_0.tenant_id=? and rm1_0.name=?
Hibernate: select rm1_0.id,rm1_0.name,rm1_0.stock_quantity,rm1_0.tenant_id,rm1_0.unit from raw_materials rm1_0 where rm1_0.tenant_id=? and rm1_0.name=?
2026-05-04 20:51:17.978 [http-nio-8083-exec-10] INFO  c.t.i.service.InventoryServiceImpl — Deducted 200.0 MILLILITER of 'Milk' — remaining: 57000.0
2026-05-04 20:51:17.979 [http-nio-8083-exec-10] DEBUG org.hibernate.SQL — update raw_materials set name=?,stock_quantity=?,tenant_id=?,unit=? where id=?
Hibernate: update raw_materials set name=?,stock_quantity=?,tenant_id=?,unit=? where id=?
2026-05-04 20:51:17.980 [http-nio-8083-exec-10] DEBUG org.hibernate.SQL — select rm1_0.id,rm1_0.name,rm1_0.stock_quantity,rm1_0.tenant_id,rm1_0.unit from raw_materials rm1_0 where rm1_0.tenant_id=? and rm1_0.name=?
Hibernate: select rm1_0.id,rm1_0.name,rm1_0.stock_quantity,rm1_0.tenant_id,rm1_0.unit from raw_materials rm1_0 where rm1_0.tenant_id=? and rm1_0.name=?
2026-05-04 20:51:17.980 [http-nio-8083-exec-10] INFO  c.t.i.service.InventoryServiceImpl — Deducted 18.0 GRAM of 'Coffee Beans' — remaining: 19730.0
2026-05-04 20:51:17.981 [http-nio-8083-exec-10] DEBUG org.hibernate.SQL — update raw_materials set name=?,stock_quantity=?,tenant_id=?,unit=? where id=?
Hibernate: update raw_materials set name=?,stock_quantity=?,tenant_id=?,unit=? where id=?
2026-05-04 20:51:18.008 [org.springframework.kafka.KafkaListenerEndpointContainer#0-0-C-1] INFO  c.t.i.kafka.OrderEventListener — [AUDIT] OrderEvent received — order: 8779f549-235c-46b1-947e-08c3d236b2ee, tenant: 228f8e0a-035c-47e0-8ac6-e30991748cf0, product: LATTE
2026-05-04 20:51:18.008 [org.springframework.kafka.KafkaListenerEndpointContainer#0-0-C-1] INFO  c.t.i.kafka.OrderEventListener — [AUDIT] Order 8779f549-235c-46b1-947e-08c3d236b2ee — deducted 200.0 MILLILITER of 'Milk'
2026-05-04 20:51:18.008 [org.springframework.kafka.KafkaListenerEndpointContainer#0-0-C-1] INFO  c.t.i.kafka.OrderEventListener — [AUDIT] Order 8779f549-235c-46b1-947e-08c3d236b2ee — deducted 18.0 GRAM of 'Coffee Beans'
2026-05-04 20:51:18.008 [org.springframework.kafka.KafkaListenerEndpointContainer#0-0-C-1] INFO  c.t.i.kafka.OrderEventListener — [AUDIT] Order 8779f549-235c-46b1-947e-08c3d236b2ee audit complete — 2 deduction(s) recorded
2026-05-04 20:51:18.023 [http-nio-8083-exec-1] INFO  c.t.i.service.InventoryServiceImpl — Processing batch deduction of 2 items for tenant fa13de5c-391e-421b-b4e2-3d060bb88dce
2026-05-04 20:51:18.024 [http-nio-8083-exec-1] DEBUG org.hibernate.SQL — select rm1_0.id,rm1_0.name,rm1_0.stock_quantity,rm1_0.tenant_id,rm1_0.unit from raw_materials rm1_0 where rm1_0.tenant_id=? and rm1_0.name=?
Hibernate: select rm1_0.id,rm1_0.name,rm1_0.stock_quantity,rm1_0.tenant_id,rm1_0.unit from raw_materials rm1_0 where rm1_0.tenant_id=? and rm1_0.name=?
2026-05-04 20:51:18.025 [http-nio-8083-exec-1] INFO  c.t.i.service.InventoryServiceImpl — Deducted 18.0 GRAM of 'Coffee Beans' — remaining: 19946.0
2026-05-04 20:51:18.026 [http-nio-8083-exec-1] DEBUG org.hibernate.SQL — update raw_materials set name=?,stock_quantity=?,tenant_id=?,unit=? where id=?
Hibernate: update raw_materials set name=?,stock_quantity=?,tenant_id=?,unit=? where id=?
2026-05-04 20:51:18.027 [http-nio-8083-exec-1] DEBUG org.hibernate.SQL — select rm1_0.id,rm1_0.name,rm1_0.stock_quantity,rm1_0.tenant_id,rm1_0.unit from raw_materials rm1_0 where rm1_0.tenant_id=? and rm1_0.name=?
Hibernate: select rm1_0.id,rm1_0.name,rm1_0.stock_quantity,rm1_0.tenant_id,rm1_0.unit from raw_materials rm1_0 where rm1_0.tenant_id=? and rm1_0.name=?
2026-05-04 20:51:18.028 [http-nio-8083-exec-1] INFO  c.t.i.service.InventoryServiceImpl — Deducted 200.0 MILLILITER of 'Water' — remaining: 39800.0
2026-05-04 20:51:18.028 [http-nio-8083-exec-1] DEBUG org.hibernate.SQL — update raw_materials set name=?,stock_quantity=?,tenant_id=?,unit=? where id=?
Hibernate: update raw_materials set name=?,stock_quantity=?,tenant_id=?,unit=? where id=?
2026-05-04 20:51:18.059 [org.springframework.kafka.KafkaListenerEndpointContainer#0-0-C-1] INFO  c.t.i.kafka.OrderEventListener — [AUDIT] OrderEvent received — order: 8b5498ac-c274-4fa1-b979-b9a6809b53b4, tenant: fa13de5c-391e-421b-b4e2-3d060bb88dce, product: AMERICANO
2026-05-04 20:51:18.059 [org.springframework.kafka.KafkaListenerEndpointContainer#0-0-C-1] INFO  c.t.i.kafka.OrderEventListener — [AUDIT] Order 8b5498ac-c274-4fa1-b979-b9a6809b53b4 — deducted 18.0 GRAM of 'Coffee Beans'
2026-05-04 20:51:18.059 [org.springframework.kafka.KafkaListenerEndpointContainer#0-0-C-1] INFO  c.t.i.kafka.OrderEventListener — [AUDIT] Order 8b5498ac-c274-4fa1-b979-b9a6809b53b4 — deducted 200.0 MILLILITER of 'Water'
2026-05-04 20:51:18.059 [org.springframework.kafka.KafkaListenerEndpointContainer#0-0-C-1] INFO  c.t.i.kafka.OrderEventListener — [AUDIT] Order 8b5498ac-c274-4fa1-b979-b9a6809b53b4 audit complete — 2 deduction(s) recorded
2026-05-04 20:52:20.662 [AsyncResolver-bootstrap-executor-%d] INFO  c.n.d.s.r.aws.ConfigClusterResolver — Resolving eureka endpoints via configuration
2026-05-04 20:52:36.791 [http-nio-8083-exec-3] INFO  c.t.i.service.InventoryServiceImpl — Fetching raw materials for tenant 4e4a0260-949a-4a1e-8abb-f37abb40b5ce
2026-05-04 20:52:36.793 [http-nio-8083-exec-3] DEBUG org.hibernate.SQL — select rm1_0.id,rm1_0.name,rm1_0.stock_quantity,rm1_0.tenant_id,rm1_0.unit from raw_materials rm1_0 where rm1_0.tenant_id=?
Hibernate: select rm1_0.id,rm1_0.name,rm1_0.stock_quantity,rm1_0.tenant_id,rm1_0.unit from raw_materials rm1_0 where rm1_0.tenant_id=?
2026-05-04 20:57:20.662 [AsyncResolver-bootstrap-executor-%d] INFO  c.n.d.s.r.aws.ConfigClusterResolver — Resolving eureka endpoints via configuration

********************************************************
<<< SERVİS DURDURULDU: 2026-05-04 20:58:04
********************************************************

