

********************************************************
>>> SERVİS BAŞLATILDI: 2026-04-30 22:08:57
********************************************************

Starting a Gradle Daemon, 8 busy and 33 stopped Daemons could not be reused, use --status for details
> Task :compileJava UP-TO-DATE
> Task :processResources UP-TO-DATE
> Task :classes UP-TO-DATE
> Task :resolveMainClassName UP-TO-DATE

> Task :bootRun

  .   ____          _            __ _ _
 /\\ / ___'_ __ _ _(_)_ __  __ _ \ \ \ \
( ( )\___ | '_ | '_| | '_ \/ _` | \ \ \ \
 \\/  ___)| |_)| | | | | || (_| |  ) ) ) )
  '  |____| .__|_| |_|_| |_\__, | / / / /
 =========|_|==============|___/=/_/_/_/

 :: Spring Boot ::                (v4.0.6)

2026-04-30T22:09:10.527+03:00  INFO 69428 --- [tavia-traffic-simulator] [           main] c.t.t.TrafficSimulatorApplication        : Starting TrafficSimulatorApplication using Java 21.0.10 with PID 69428 (/home/tuna/Desktop/tavia_v2/tavia-traffic-simulator/build/classes/java/main started by tuna in /home/tuna/Desktop/tavia_v2/tavia-traffic-simulator)
2026-04-30T22:09:10.531+03:00 DEBUG 69428 --- [tavia-traffic-simulator] [           main] c.t.t.TrafficSimulatorApplication        : Running with Spring Boot v4.0.6, Spring v7.0.7
2026-04-30T22:09:10.532+03:00  INFO 69428 --- [tavia-traffic-simulator] [           main] c.t.t.TrafficSimulatorApplication        : No active profile set, falling back to 1 default profile: "default"
2026-04-30T22:09:10.598+03:00  INFO 69428 --- [tavia-traffic-simulator] [           main] o.s.c.c.c.ConfigServerConfigDataLoader   : Fetching config from server at : http://localhost:8888
2026-04-30T22:09:10.598+03:00  INFO 69428 --- [tavia-traffic-simulator] [           main] o.s.c.c.c.ConfigServerConfigDataLoader   : Located environment: name=tavia-traffic-simulator, profiles=[default], label=null, version=null, state=null
2026-04-30T22:09:10.598+03:00 DEBUG 69428 --- [tavia-traffic-simulator] [           main] o.s.c.c.c.ConfigServerConfigDataLoader   : Environment tavia-traffic-simulator has 2 property sources with 24 properties.
2026-04-30T22:09:11.324+03:00  INFO 69428 --- [tavia-traffic-simulator] [           main] o.s.cloud.context.scope.GenericScope     : BeanFactory id=40b150d2-74d1-34e8-903d-7aca02d0acf4
2026-04-30T22:09:11.632+03:00  INFO 69428 --- [tavia-traffic-simulator] [           main] o.s.boot.tomcat.TomcatWebServer          : Tomcat initialized with port 8080 (http)
2026-04-30T22:09:11.650+03:00  INFO 69428 --- [tavia-traffic-simulator] [           main] o.apache.catalina.core.StandardService   : Starting service [Tomcat]
2026-04-30T22:09:11.650+03:00  INFO 69428 --- [tavia-traffic-simulator] [           main] o.apache.catalina.core.StandardEngine    : Starting Servlet engine: [Apache Tomcat/11.0.21]
2026-04-30T22:09:11.717+03:00  INFO 69428 --- [tavia-traffic-simulator] [           main] b.w.c.s.WebApplicationContextInitializer : Root WebApplicationContext: initialization completed in 1114 ms
2026-04-30T22:09:12.709+03:00  INFO 69428 --- [tavia-traffic-simulator] [           main] DiscoveryClientOptionalArgsConfiguration : Eureka HTTP Client uses RestClient.
2026-04-30T22:09:12.756+03:00  WARN 69428 --- [tavia-traffic-simulator] [           main] iguration$LoadBalancerCaffeineWarnLogger : Spring Cloud LoadBalancer is currently working with the default cache. While this cache implementation is useful for development and tests, it's recommended to use Caffeine cache in production.You can switch to using Caffeine cache, by adding it and org.springframework.cache.caffeine.CaffeineCacheManager to the classpath.
2026-04-30T22:09:12.785+03:00  INFO 69428 --- [tavia-traffic-simulator] [           main] o.s.c.n.eureka.InstanceInfoFactory       : Setting initial instance status as: STARTING
2026-04-30T22:09:12.817+03:00  INFO 69428 --- [tavia-traffic-simulator] [           main] com.netflix.discovery.DiscoveryClient    : Initializing Eureka in region us-east-1
2026-04-30T22:09:12.821+03:00  INFO 69428 --- [tavia-traffic-simulator] [           main] c.n.d.s.r.aws.ConfigClusterResolver      : Resolving eureka endpoints via configuration
2026-04-30T22:09:12.832+03:00  INFO 69428 --- [tavia-traffic-simulator] [           main] com.netflix.discovery.DiscoveryClient    : Disable delta property : false
2026-04-30T22:09:12.833+03:00  INFO 69428 --- [tavia-traffic-simulator] [           main] com.netflix.discovery.DiscoveryClient    : Single vip registry refresh property : null
2026-04-30T22:09:12.833+03:00  INFO 69428 --- [tavia-traffic-simulator] [           main] com.netflix.discovery.DiscoveryClient    : Force full registry fetch : false
2026-04-30T22:09:12.833+03:00  INFO 69428 --- [tavia-traffic-simulator] [           main] com.netflix.discovery.DiscoveryClient    : Application is null : false
2026-04-30T22:09:12.833+03:00  INFO 69428 --- [tavia-traffic-simulator] [           main] com.netflix.discovery.DiscoveryClient    : Registered Applications size is zero : true
2026-04-30T22:09:12.833+03:00  INFO 69428 --- [tavia-traffic-simulator] [           main] com.netflix.discovery.DiscoveryClient    : Application version is -1: true
2026-04-30T22:09:12.833+03:00  INFO 69428 --- [tavia-traffic-simulator] [           main] com.netflix.discovery.DiscoveryClient    : Getting all instance registry info from the eureka server
2026-04-30T22:09:13.349+03:00  INFO 69428 --- [tavia-traffic-simulator] [           main] com.netflix.discovery.DiscoveryClient    : The response status is 200
2026-04-30T22:09:13.351+03:00  INFO 69428 --- [tavia-traffic-simulator] [           main] com.netflix.discovery.DiscoveryClient    : Starting heartbeat executor: renew interval is: 30
2026-04-30T22:09:13.355+03:00  INFO 69428 --- [tavia-traffic-simulator] [           main] c.n.discovery.InstanceInfoReplicator     : InstanceInfoReplicator onDemand update allowed rate per min is 4
2026-04-30T22:09:13.357+03:00  INFO 69428 --- [tavia-traffic-simulator] [           main] com.netflix.discovery.DiscoveryClient    : Discovery Client initialized at timestamp 1777576153357 with initial instances count: 6
2026-04-30T22:09:13.362+03:00  INFO 69428 --- [tavia-traffic-simulator] [           main] o.s.c.n.e.s.EurekaServiceRegistry        : Registering application TAVIA-TRAFFIC-SIMULATOR with eureka with status UP
2026-04-30T22:09:13.363+03:00  INFO 69428 --- [tavia-traffic-simulator] [           main] com.netflix.discovery.DiscoveryClient    : Saw local status change event StatusChangeEvent [timestamp=1777576153363, current=UP, previous=STARTING]
2026-04-30T22:09:13.364+03:00  INFO 69428 --- [tavia-traffic-simulator] [foReplicator-%d] com.netflix.discovery.DiscoveryClient    : DiscoveryClient_TAVIA-TRAFFIC-SIMULATOR/10.90.11.230:tavia-traffic-simulator: registering service...
2026-04-30T22:09:13.372+03:00  INFO 69428 --- [tavia-traffic-simulator] [           main] o.s.c.n.e.s.EurekaServiceRegistry        : Unregistering application TAVIA-TRAFFIC-SIMULATOR with eureka with status DOWN
2026-04-30T22:09:13.372+03:00  INFO 69428 --- [tavia-traffic-simulator] [           main] com.netflix.discovery.DiscoveryClient    : Saw local status change event StatusChangeEvent [timestamp=1777576153372, current=DOWN, previous=UP]
2026-04-30T22:09:13.375+03:00  WARN 69428 --- [tavia-traffic-simulator] [           main] ConfigServletWebServerApplicationContext : Exception encountered during context initialization - cancelling refresh attempt: org.springframework.context.ApplicationContextException: Failed to start bean 'webServerStartStop'
2026-04-30T22:09:13.378+03:00  INFO 69428 --- [tavia-traffic-simulator] [           main] com.netflix.discovery.DiscoveryClient    : Shutting down DiscoveryClient ...
2026-04-30T22:09:13.411+03:00  INFO 69428 --- [tavia-traffic-simulator] [foReplicator-%d] com.netflix.discovery.DiscoveryClient    : DiscoveryClient_TAVIA-TRAFFIC-SIMULATOR/10.90.11.230:tavia-traffic-simulator - registration status: 204
2026-04-30T22:09:13.411+03:00  INFO 69428 --- [tavia-traffic-simulator] [foReplicator-%d] com.netflix.discovery.DiscoveryClient    : DiscoveryClient_TAVIA-TRAFFIC-SIMULATOR/10.90.11.230:tavia-traffic-simulator: registering service...
2026-04-30T22:09:13.418+03:00  INFO 69428 --- [tavia-traffic-simulator] [foReplicator-%d] com.netflix.discovery.DiscoveryClient    : DiscoveryClient_TAVIA-TRAFFIC-SIMULATOR/10.90.11.230:tavia-traffic-simulator - registration status: 204
2026-04-30T22:09:13.419+03:00  INFO 69428 --- [tavia-traffic-simulator] [           main] com.netflix.discovery.DiscoveryClient    : Unregistering ...
2026-04-30T22:09:13.425+03:00  INFO 69428 --- [tavia-traffic-simulator] [           main] com.netflix.discovery.DiscoveryClient    : DiscoveryClient_TAVIA-TRAFFIC-SIMULATOR/10.90.11.230:tavia-traffic-simulator - deregister  status: 200
2026-04-30T22:09:13.426+03:00  INFO 69428 --- [tavia-traffic-simulator] [           main] com.netflix.discovery.DiscoveryClient    : Completed shut down of DiscoveryClient
2026-04-30T22:09:13.442+03:00  INFO 69428 --- [tavia-traffic-simulator] [           main] .s.b.a.l.ConditionEvaluationReportLogger : 

Error starting ApplicationContext. To display the condition evaluation report re-run your application with 'debug' enabled.
2026-04-30T22:09:13.462+03:00 ERROR 69428 --- [tavia-traffic-simulator] [           main] o.s.b.d.LoggingFailureAnalysisReporter   : 

***************************
APPLICATION FAILED TO START
***************************

Description:

Web server failed to start. Port 8080 was already in use.

Action:

Identify and stop the process that's listening on port 8080 or configure this application to listen on another port.


> Task :bootRun FAILED

FAILURE: Build failed with an exception.

* What went wrong:
Execution failed for task ':bootRun'.
> Process 'command '/home/tuna/.jdks/temurin-21.0.10/bin/java'' finished with non-zero exit value 1

* Try:
> Run with --stacktrace option to get the stack trace.
> Run with --info or --debug option to get more log output.
> Run with --scan to get full insights from a Build Scan (powered by Develocity).
> Get more help at https://help.gradle.org.

BUILD FAILED in 16s
4 actionable tasks: 1 executed, 3 up-to-date

********************************************************
<<< SERVİS DURDURULDU: 2026-04-30 22:14:27
********************************************************



********************************************************
>>> SERVİS BAŞLATILDI: 2026-04-30 22:20:42
********************************************************

Starting a Gradle Daemon, 8 busy and 35 stopped Daemons could not be reused, use --status for details
> Task :compileJava UP-TO-DATE
> Task :processResources UP-TO-DATE
> Task :classes UP-TO-DATE
> Task :resolveMainClassName UP-TO-DATE

> Task :bootRun

  .   ____          _            __ _ _
 /\\ / ___'_ __ _ _(_)_ __  __ _ \ \ \ \
( ( )\___ | '_ | '_| | '_ \/ _` | \ \ \ \
 \\/  ___)| |_)| | | | | || (_| |  ) ) ) )
  '  |____| .__|_| |_|_| |_\__, | / / / /
 =========|_|==============|___/=/_/_/_/

 :: Spring Boot ::                (v4.0.6)

2026-04-30T22:20:51.338+03:00  INFO 74790 --- [tavia-traffic-simulator] [           main] c.t.t.TrafficSimulatorApplication        : Starting TrafficSimulatorApplication using Java 21.0.10 with PID 74790 (/home/tuna/Desktop/tavia_v2/tavia-traffic-simulator/build/classes/java/main started by tuna in /home/tuna/Desktop/tavia_v2/tavia-traffic-simulator)
2026-04-30T22:20:51.346+03:00 DEBUG 74790 --- [tavia-traffic-simulator] [           main] c.t.t.TrafficSimulatorApplication        : Running with Spring Boot v4.0.6, Spring v7.0.7
2026-04-30T22:20:51.347+03:00  INFO 74790 --- [tavia-traffic-simulator] [           main] c.t.t.TrafficSimulatorApplication        : No active profile set, falling back to 1 default profile: "default"
2026-04-30T22:20:51.413+03:00  INFO 74790 --- [tavia-traffic-simulator] [           main] o.s.c.c.c.ConfigServerConfigDataLoader   : Fetching config from server at : http://localhost:8888
2026-04-30T22:20:51.413+03:00  INFO 74790 --- [tavia-traffic-simulator] [           main] o.s.c.c.c.ConfigServerConfigDataLoader   : Located environment: name=tavia-traffic-simulator, profiles=[default], label=null, version=null, state=null
2026-04-30T22:20:51.413+03:00 DEBUG 74790 --- [tavia-traffic-simulator] [           main] o.s.c.c.c.ConfigServerConfigDataLoader   : Environment tavia-traffic-simulator has 2 property sources with 24 properties.
2026-04-30T22:20:51.820+03:00  INFO 74790 --- [tavia-traffic-simulator] [           main] o.s.cloud.context.scope.GenericScope     : BeanFactory id=40b150d2-74d1-34e8-903d-7aca02d0acf4
2026-04-30T22:20:51.986+03:00  INFO 74790 --- [tavia-traffic-simulator] [           main] o.s.boot.tomcat.TomcatWebServer          : Tomcat initialized with port 8080 (http)
2026-04-30T22:20:52.000+03:00  INFO 74790 --- [tavia-traffic-simulator] [           main] o.apache.catalina.core.StandardService   : Starting service [Tomcat]
2026-04-30T22:20:52.001+03:00  INFO 74790 --- [tavia-traffic-simulator] [           main] o.apache.catalina.core.StandardEngine    : Starting Servlet engine: [Apache Tomcat/11.0.21]
2026-04-30T22:20:52.039+03:00  INFO 74790 --- [tavia-traffic-simulator] [           main] b.w.c.s.WebApplicationContextInitializer : Root WebApplicationContext: initialization completed in 622 ms
2026-04-30T22:20:52.628+03:00  INFO 74790 --- [tavia-traffic-simulator] [           main] DiscoveryClientOptionalArgsConfiguration : Eureka HTTP Client uses RestClient.
2026-04-30T22:20:52.664+03:00  WARN 74790 --- [tavia-traffic-simulator] [           main] iguration$LoadBalancerCaffeineWarnLogger : Spring Cloud LoadBalancer is currently working with the default cache. While this cache implementation is useful for development and tests, it's recommended to use Caffeine cache in production.You can switch to using Caffeine cache, by adding it and org.springframework.cache.caffeine.CaffeineCacheManager to the classpath.
2026-04-30T22:20:52.688+03:00  INFO 74790 --- [tavia-traffic-simulator] [           main] o.s.c.n.eureka.InstanceInfoFactory       : Setting initial instance status as: STARTING
2026-04-30T22:20:52.709+03:00  INFO 74790 --- [tavia-traffic-simulator] [           main] com.netflix.discovery.DiscoveryClient    : Initializing Eureka in region us-east-1
2026-04-30T22:20:52.712+03:00  INFO 74790 --- [tavia-traffic-simulator] [           main] c.n.d.s.r.aws.ConfigClusterResolver      : Resolving eureka endpoints via configuration
2026-04-30T22:20:52.720+03:00  INFO 74790 --- [tavia-traffic-simulator] [           main] com.netflix.discovery.DiscoveryClient    : Disable delta property : false
2026-04-30T22:20:52.720+03:00  INFO 74790 --- [tavia-traffic-simulator] [           main] com.netflix.discovery.DiscoveryClient    : Single vip registry refresh property : null
2026-04-30T22:20:52.720+03:00  INFO 74790 --- [tavia-traffic-simulator] [           main] com.netflix.discovery.DiscoveryClient    : Force full registry fetch : false
2026-04-30T22:20:52.720+03:00  INFO 74790 --- [tavia-traffic-simulator] [           main] com.netflix.discovery.DiscoveryClient    : Application is null : false
2026-04-30T22:20:52.720+03:00  INFO 74790 --- [tavia-traffic-simulator] [           main] com.netflix.discovery.DiscoveryClient    : Registered Applications size is zero : true
2026-04-30T22:20:52.720+03:00  INFO 74790 --- [tavia-traffic-simulator] [           main] com.netflix.discovery.DiscoveryClient    : Application version is -1: true
2026-04-30T22:20:52.720+03:00  INFO 74790 --- [tavia-traffic-simulator] [           main] com.netflix.discovery.DiscoveryClient    : Getting all instance registry info from the eureka server
2026-04-30T22:20:52.997+03:00  INFO 74790 --- [tavia-traffic-simulator] [           main] com.netflix.discovery.DiscoveryClient    : The response status is 200
2026-04-30T22:20:52.999+03:00  INFO 74790 --- [tavia-traffic-simulator] [           main] com.netflix.discovery.DiscoveryClient    : Starting heartbeat executor: renew interval is: 30
2026-04-30T22:20:53.001+03:00  INFO 74790 --- [tavia-traffic-simulator] [           main] c.n.discovery.InstanceInfoReplicator     : InstanceInfoReplicator onDemand update allowed rate per min is 4
2026-04-30T22:20:53.003+03:00  INFO 74790 --- [tavia-traffic-simulator] [           main] com.netflix.discovery.DiscoveryClient    : Discovery Client initialized at timestamp 1777576853002 with initial instances count: 5
2026-04-30T22:20:53.006+03:00  INFO 74790 --- [tavia-traffic-simulator] [           main] o.s.c.n.e.s.EurekaServiceRegistry        : Registering application TAVIA-TRAFFIC-SIMULATOR with eureka with status UP
2026-04-30T22:20:53.007+03:00  INFO 74790 --- [tavia-traffic-simulator] [           main] com.netflix.discovery.DiscoveryClient    : Saw local status change event StatusChangeEvent [timestamp=1777576853007, current=UP, previous=STARTING]
2026-04-30T22:20:53.008+03:00  INFO 74790 --- [tavia-traffic-simulator] [foReplicator-%d] com.netflix.discovery.DiscoveryClient    : DiscoveryClient_TAVIA-TRAFFIC-SIMULATOR/10.90.11.230:tavia-traffic-simulator: registering service...
2026-04-30T22:20:53.014+03:00  INFO 74790 --- [tavia-traffic-simulator] [           main] o.s.c.n.e.s.EurekaServiceRegistry        : Unregistering application TAVIA-TRAFFIC-SIMULATOR with eureka with status DOWN
2026-04-30T22:20:53.015+03:00  INFO 74790 --- [tavia-traffic-simulator] [           main] com.netflix.discovery.DiscoveryClient    : Saw local status change event StatusChangeEvent [timestamp=1777576853015, current=DOWN, previous=UP]
2026-04-30T22:20:53.015+03:00  WARN 74790 --- [tavia-traffic-simulator] [           main] ConfigServletWebServerApplicationContext : Exception encountered during context initialization - cancelling refresh attempt: org.springframework.context.ApplicationContextException: Failed to start bean 'webServerStartStop'
2026-04-30T22:20:53.018+03:00  INFO 74790 --- [tavia-traffic-simulator] [           main] com.netflix.discovery.DiscoveryClient    : Shutting down DiscoveryClient ...
2026-04-30T22:20:53.040+03:00  INFO 74790 --- [tavia-traffic-simulator] [foReplicator-%d] com.netflix.discovery.DiscoveryClient    : DiscoveryClient_TAVIA-TRAFFIC-SIMULATOR/10.90.11.230:tavia-traffic-simulator - registration status: 204
2026-04-30T22:20:53.040+03:00  INFO 74790 --- [tavia-traffic-simulator] [foReplicator-%d] com.netflix.discovery.DiscoveryClient    : DiscoveryClient_TAVIA-TRAFFIC-SIMULATOR/10.90.11.230:tavia-traffic-simulator: registering service...
2026-04-30T22:20:53.045+03:00  INFO 74790 --- [tavia-traffic-simulator] [foReplicator-%d] com.netflix.discovery.DiscoveryClient    : DiscoveryClient_TAVIA-TRAFFIC-SIMULATOR/10.90.11.230:tavia-traffic-simulator - registration status: 204
2026-04-30T22:20:53.046+03:00  INFO 74790 --- [tavia-traffic-simulator] [           main] com.netflix.discovery.DiscoveryClient    : Unregistering ...
2026-04-30T22:20:53.053+03:00  INFO 74790 --- [tavia-traffic-simulator] [           main] com.netflix.discovery.DiscoveryClient    : DiscoveryClient_TAVIA-TRAFFIC-SIMULATOR/10.90.11.230:tavia-traffic-simulator - deregister  status: 200
2026-04-30T22:20:53.054+03:00  INFO 74790 --- [tavia-traffic-simulator] [           main] com.netflix.discovery.DiscoveryClient    : Completed shut down of DiscoveryClient
2026-04-30T22:20:53.066+03:00  INFO 74790 --- [tavia-traffic-simulator] [           main] .s.b.a.l.ConditionEvaluationReportLogger : 

Error starting ApplicationContext. To display the condition evaluation report re-run your application with 'debug' enabled.
2026-04-30T22:20:53.076+03:00 ERROR 74790 --- [tavia-traffic-simulator] [           main] o.s.b.d.LoggingFailureAnalysisReporter   : 

***************************
APPLICATION FAILED TO START
***************************

Description:

Web server failed to start. Port 8080 was already in use.

Action:

Identify and stop the process that's listening on port 8080 or configure this application to listen on another port.


> Task :bootRun FAILED

FAILURE: Build failed with an exception.

* What went wrong:
Execution failed for task ':bootRun'.
> Process 'command '/home/tuna/.jdks/temurin-21.0.10/bin/java'' finished with non-zero exit value 1

* Try:
> Run with --stacktrace option to get the stack trace.
> Run with --info or --debug option to get more log output.
> Run with --scan to get full insights from a Build Scan (powered by Develocity).
> Get more help at https://help.gradle.org.

BUILD FAILED in 10s
4 actionable tasks: 1 executed, 3 up-to-date

********************************************************
<<< SERVİS DURDURULDU: 2026-04-30 22:22:48
********************************************************

