2026-05-02 00:15:30.391 [SpringApplicationShutdownHook] INFO  o.s.boot.tomcat.GracefulShutdown — Commencing graceful shutdown. Waiting for active requests to complete
2026-05-02 00:15:30.591 [tomcat-shutdown] INFO  o.s.boot.tomcat.GracefulShutdown — Graceful shutdown complete
2026-05-02 00:15:39.668 [background-preinit] INFO  o.h.validator.internal.util.Version — HV000001: Hibernate Validator 9.0.1.Final
2026-05-02 00:15:39.705 [main] INFO  c.t.c.TaviaConfigServiceApplication — Starting TaviaConfigServiceApplication using Java 17.0.18 with PID 59521 (/home/tuna/Desktop/tavia_v2/tavia-config-service/build/classes/java/main started by tuna in /home/tuna/Desktop/tavia_v2/tavia-config-service)
2026-05-02 00:15:39.706 [main] INFO  c.t.c.TaviaConfigServiceApplication — The following 1 profile is active: "native"
2026-05-02 00:15:40.278 [main] INFO  o.s.cloud.context.scope.GenericScope — BeanFactory id=786060ad-7c4f-3bd0-af3a-9bde8af1e4dc
2026-05-02 00:15:40.497 [main] INFO  o.s.boot.tomcat.TomcatWebServer — Tomcat initialized with port 8888 (http)
2026-05-02 00:15:40.506 [main] INFO  o.a.coyote.http11.Http11NioProtocol — Initializing ProtocolHandler ["http-nio-8888"]
2026-05-02 00:15:40.509 [main] INFO  o.a.catalina.core.StandardService — Starting service [Tomcat]
2026-05-02 00:15:40.509 [main] INFO  o.a.catalina.core.StandardEngine — Starting Servlet engine: [Apache Tomcat/11.0.21]
2026-05-02 00:15:40.552 [main] INFO  o.s.b.w.c.s.WebApplicationContextInitializer — Root WebApplicationContext: initialization completed in 807 ms
2026-05-02 00:15:41.064 [main] INFO  o.a.coyote.http11.Http11NioProtocol — Starting ProtocolHandler ["http-nio-8888"]
2026-05-02 00:15:41.082 [main] INFO  o.s.boot.tomcat.TomcatWebServer — Tomcat started on port 8888 (http) with context path '/'
2026-05-02 00:15:41.096 [main] INFO  c.t.c.TaviaConfigServiceApplication — Started TaviaConfigServiceApplication in 1.925 seconds (process running for 2.409)
2026-05-02 00:15:57.439 [http-nio-8888-exec-1] INFO  o.a.c.c.C.[Tomcat].[localhost].[/] — Initializing Spring DispatcherServlet 'dispatcherServlet'
2026-05-02 00:15:57.440 [http-nio-8888-exec-1] INFO  o.s.web.servlet.DispatcherServlet — Initializing Servlet 'dispatcherServlet'
2026-05-02 00:15:57.441 [http-nio-8888-exec-1] INFO  o.s.web.servlet.DispatcherServlet — Completed initialization in 1 ms
2026-05-02 00:15:57.478 [http-nio-8888-exec-1] INFO  o.s.c.c.s.e.NativeEnvironmentRepository — Adding property source: Config resource 'file [/home/tuna/Desktop/tavia_v2/configurations/application.yml]' via location 'file:///home/tuna/Desktop/tavia_v2/configurations/'
2026-05-02 00:16:20.523 [http-nio-8888-exec-2] INFO  o.s.c.c.s.e.NativeEnvironmentRepository — Adding property source: Config resource 'file [/home/tuna/Desktop/tavia_v2/configurations/tavia-tenant-service.yml]' via location 'file:///home/tuna/Desktop/tavia_v2/configurations/'
2026-05-02 00:16:20.523 [http-nio-8888-exec-2] INFO  o.s.c.c.s.e.NativeEnvironmentRepository — Adding property source: Config resource 'file [/home/tuna/Desktop/tavia_v2/configurations/application.yml]' via location 'file:///home/tuna/Desktop/tavia_v2/configurations/'
2026-05-02 00:16:37.030 [http-nio-8888-exec-3] INFO  o.s.c.c.s.e.NativeEnvironmentRepository — Adding property source: Config resource 'file [/home/tuna/Desktop/tavia_v2/configurations/tavia-inventory-service.yml]' via location 'file:///home/tuna/Desktop/tavia_v2/configurations/'
2026-05-02 00:16:37.030 [http-nio-8888-exec-3] INFO  o.s.c.c.s.e.NativeEnvironmentRepository — Adding property source: Config resource 'file [/home/tuna/Desktop/tavia_v2/configurations/application.yml]' via location 'file:///home/tuna/Desktop/tavia_v2/configurations/'
2026-05-02 00:16:54.072 [http-nio-8888-exec-4] INFO  o.s.c.c.s.e.NativeEnvironmentRepository — Adding property source: Config resource 'file [/home/tuna/Desktop/tavia_v2/configurations/tavia-crm-service.yml]' via location 'file:///home/tuna/Desktop/tavia_v2/configurations/'
2026-05-02 00:16:54.072 [http-nio-8888-exec-4] INFO  o.s.c.c.s.e.NativeEnvironmentRepository — Adding property source: Config resource 'file [/home/tuna/Desktop/tavia_v2/configurations/application.yml]' via location 'file:///home/tuna/Desktop/tavia_v2/configurations/'
2026-05-02 00:17:10.719 [http-nio-8888-exec-6] INFO  o.s.c.c.s.e.NativeEnvironmentRepository — Adding property source: Config resource 'file [/home/tuna/Desktop/tavia_v2/configurations/tavia-order-service.yml]' via location 'file:///home/tuna/Desktop/tavia_v2/configurations/'
2026-05-02 00:17:10.719 [http-nio-8888-exec-6] INFO  o.s.c.c.s.e.NativeEnvironmentRepository — Adding property source: Config resource 'file [/home/tuna/Desktop/tavia_v2/configurations/application.yml]' via location 'file:///home/tuna/Desktop/tavia_v2/configurations/'
2026-05-02 00:17:27.620 [http-nio-8888-exec-8] INFO  o.s.c.c.s.e.NativeEnvironmentRepository — Adding property source: Config resource 'file [/home/tuna/Desktop/tavia_v2/configurations/tavia-context-service.yml]' via location 'file:///home/tuna/Desktop/tavia_v2/configurations/'
2026-05-02 00:17:27.620 [http-nio-8888-exec-8] INFO  o.s.c.c.s.e.NativeEnvironmentRepository — Adding property source: Config resource 'file [/home/tuna/Desktop/tavia_v2/configurations/application.yml]' via location 'file:///home/tuna/Desktop/tavia_v2/configurations/'
2026-05-02 00:17:46.522 [http-nio-8888-exec-10] INFO  o.s.c.c.s.e.NativeEnvironmentRepository — Adding property source: Config resource 'file [/home/tuna/Desktop/tavia_v2/configurations/tavia-ai-service.yml]' via location 'file:///home/tuna/Desktop/tavia_v2/configurations/'
2026-05-02 00:17:46.523 [http-nio-8888-exec-10] INFO  o.s.c.c.s.e.NativeEnvironmentRepository — Adding property source: Config resource 'file [/home/tuna/Desktop/tavia_v2/configurations/application.yml]' via location 'file:///home/tuna/Desktop/tavia_v2/configurations/'
2026-05-02 00:18:03.586 [http-nio-8888-exec-2] INFO  o.s.c.c.s.e.NativeEnvironmentRepository — Adding property source: Config resource 'file [/home/tuna/Desktop/tavia_v2/configurations/tavia-api-gateway.yml]' via location 'file:///home/tuna/Desktop/tavia_v2/configurations/'
2026-05-02 00:18:03.587 [http-nio-8888-exec-2] INFO  o.s.c.c.s.e.NativeEnvironmentRepository — Adding property source: Config resource 'file [/home/tuna/Desktop/tavia_v2/configurations/application.yml]' via location 'file:///home/tuna/Desktop/tavia_v2/configurations/'
2026-05-02 00:18:21.348 [http-nio-8888-exec-4] INFO  o.s.c.c.s.e.NativeEnvironmentRepository — Adding property source: Config resource 'file [/home/tuna/Desktop/tavia_v2/configurations/tavia-traffic-simulator.yml]' via location 'file:///home/tuna/Desktop/tavia_v2/configurations/'
2026-05-02 00:18:21.348 [http-nio-8888-exec-4] INFO  o.s.c.c.s.e.NativeEnvironmentRepository — Adding property source: Config resource 'file [/home/tuna/Desktop/tavia_v2/configurations/application.yml]' via location 'file:///home/tuna/Desktop/tavia_v2/configurations/'
2026-05-02 00:27:12.836 [SpringApplicationShutdownHook] INFO  o.s.boot.tomcat.GracefulShutdown — Commencing graceful shutdown. Waiting for active requests to complete
2026-05-02 00:27:12.904 [tomcat-shutdown] INFO  o.s.boot.tomcat.GracefulShutdown — Graceful shutdown complete
2026-05-02 00:27:29.091 [background-preinit] INFO  o.h.validator.internal.util.Version — HV000001: Hibernate Validator 9.0.1.Final
2026-05-02 00:27:29.138 [main] INFO  c.t.c.TaviaConfigServiceApplication — Starting TaviaConfigServiceApplication using Java 17.0.18 with PID 67817 (/home/tuna/Desktop/tavia_v2/tavia-config-service/build/classes/java/main started by tuna in /home/tuna/Desktop/tavia_v2/tavia-config-service)
2026-05-02 00:27:29.145 [main] INFO  c.t.c.TaviaConfigServiceApplication — The following 1 profile is active: "native"
2026-05-02 00:27:29.732 [main] INFO  o.s.cloud.context.scope.GenericScope — BeanFactory id=786060ad-7c4f-3bd0-af3a-9bde8af1e4dc
2026-05-02 00:27:29.983 [main] INFO  o.s.boot.tomcat.TomcatWebServer — Tomcat initialized with port 8888 (http)
2026-05-02 00:27:29.993 [main] INFO  o.a.coyote.http11.Http11NioProtocol — Initializing ProtocolHandler ["http-nio-8888"]
2026-05-02 00:27:29.996 [main] INFO  o.a.catalina.core.StandardService — Starting service [Tomcat]
2026-05-02 00:27:29.996 [main] INFO  o.a.catalina.core.StandardEngine — Starting Servlet engine: [Apache Tomcat/11.0.21]
2026-05-02 00:27:30.040 [main] INFO  o.s.b.w.c.s.WebApplicationContextInitializer — Root WebApplicationContext: initialization completed in 863 ms
2026-05-02 00:27:30.512 [main] INFO  o.a.coyote.http11.Http11NioProtocol — Starting ProtocolHandler ["http-nio-8888"]
2026-05-02 00:27:30.533 [main] INFO  o.s.boot.tomcat.TomcatWebServer — Tomcat started on port 8888 (http) with context path '/'
2026-05-02 00:27:30.548 [main] INFO  c.t.c.TaviaConfigServiceApplication — Started TaviaConfigServiceApplication in 1.968 seconds (process running for 2.303)
2026-05-02 00:27:45.282 [http-nio-8888-exec-1] INFO  o.a.c.c.C.[Tomcat].[localhost].[/] — Initializing Spring DispatcherServlet 'dispatcherServlet'
2026-05-02 00:27:45.283 [http-nio-8888-exec-1] INFO  o.s.web.servlet.DispatcherServlet — Initializing Servlet 'dispatcherServlet'
2026-05-02 00:27:45.284 [http-nio-8888-exec-1] INFO  o.s.web.servlet.DispatcherServlet — Completed initialization in 1 ms
2026-05-02 00:27:45.321 [http-nio-8888-exec-1] INFO  o.s.c.c.s.e.NativeEnvironmentRepository — Adding property source: Config resource 'file [/home/tuna/Desktop/tavia_v2/configurations/application.yml]' via location 'file:///home/tuna/Desktop/tavia_v2/configurations/'
2026-05-02 00:28:08.536 [http-nio-8888-exec-2] INFO  o.s.c.c.s.e.NativeEnvironmentRepository — Adding property source: Config resource 'file [/home/tuna/Desktop/tavia_v2/configurations/tavia-tenant-service.yml]' via location 'file:///home/tuna/Desktop/tavia_v2/configurations/'
2026-05-02 00:28:08.537 [http-nio-8888-exec-2] INFO  o.s.c.c.s.e.NativeEnvironmentRepository — Adding property source: Config resource 'file [/home/tuna/Desktop/tavia_v2/configurations/application.yml]' via location 'file:///home/tuna/Desktop/tavia_v2/configurations/'
2026-05-02 00:28:25.522 [http-nio-8888-exec-3] INFO  o.s.c.c.s.e.NativeEnvironmentRepository — Adding property source: Config resource 'file [/home/tuna/Desktop/tavia_v2/configurations/tavia-inventory-service.yml]' via location 'file:///home/tuna/Desktop/tavia_v2/configurations/'
2026-05-02 00:28:25.523 [http-nio-8888-exec-3] INFO  o.s.c.c.s.e.NativeEnvironmentRepository — Adding property source: Config resource 'file [/home/tuna/Desktop/tavia_v2/configurations/application.yml]' via location 'file:///home/tuna/Desktop/tavia_v2/configurations/'
2026-05-02 00:28:42.758 [http-nio-8888-exec-4] INFO  o.s.c.c.s.e.NativeEnvironmentRepository — Adding property source: Config resource 'file [/home/tuna/Desktop/tavia_v2/configurations/tavia-crm-service.yml]' via location 'file:///home/tuna/Desktop/tavia_v2/configurations/'
2026-05-02 00:28:42.758 [http-nio-8888-exec-4] INFO  o.s.c.c.s.e.NativeEnvironmentRepository — Adding property source: Config resource 'file [/home/tuna/Desktop/tavia_v2/configurations/application.yml]' via location 'file:///home/tuna/Desktop/tavia_v2/configurations/'
2026-05-02 00:28:59.735 [http-nio-8888-exec-6] INFO  o.s.c.c.s.e.NativeEnvironmentRepository — Adding property source: Config resource 'file [/home/tuna/Desktop/tavia_v2/configurations/tavia-order-service.yml]' via location 'file:///home/tuna/Desktop/tavia_v2/configurations/'
2026-05-02 00:28:59.736 [http-nio-8888-exec-6] INFO  o.s.c.c.s.e.NativeEnvironmentRepository — Adding property source: Config resource 'file [/home/tuna/Desktop/tavia_v2/configurations/application.yml]' via location 'file:///home/tuna/Desktop/tavia_v2/configurations/'
2026-05-02 00:29:16.830 [http-nio-8888-exec-8] INFO  o.s.c.c.s.e.NativeEnvironmentRepository — Adding property source: Config resource 'file [/home/tuna/Desktop/tavia_v2/configurations/tavia-context-service.yml]' via location 'file:///home/tuna/Desktop/tavia_v2/configurations/'
2026-05-02 00:29:16.831 [http-nio-8888-exec-8] INFO  o.s.c.c.s.e.NativeEnvironmentRepository — Adding property source: Config resource 'file [/home/tuna/Desktop/tavia_v2/configurations/application.yml]' via location 'file:///home/tuna/Desktop/tavia_v2/configurations/'
2026-05-02 00:29:34.999 [http-nio-8888-exec-10] INFO  o.s.c.c.s.e.NativeEnvironmentRepository — Adding property source: Config resource 'file [/home/tuna/Desktop/tavia_v2/configurations/tavia-ai-service.yml]' via location 'file:///home/tuna/Desktop/tavia_v2/configurations/'
2026-05-02 00:29:34.999 [http-nio-8888-exec-10] INFO  o.s.c.c.s.e.NativeEnvironmentRepository — Adding property source: Config resource 'file [/home/tuna/Desktop/tavia_v2/configurations/application.yml]' via location 'file:///home/tuna/Desktop/tavia_v2/configurations/'
2026-05-02 00:29:51.712 [http-nio-8888-exec-2] INFO  o.s.c.c.s.e.NativeEnvironmentRepository — Adding property source: Config resource 'file [/home/tuna/Desktop/tavia_v2/configurations/tavia-api-gateway.yml]' via location 'file:///home/tuna/Desktop/tavia_v2/configurations/'
2026-05-02 00:29:51.712 [http-nio-8888-exec-2] INFO  o.s.c.c.s.e.NativeEnvironmentRepository — Adding property source: Config resource 'file [/home/tuna/Desktop/tavia_v2/configurations/application.yml]' via location 'file:///home/tuna/Desktop/tavia_v2/configurations/'
2026-05-02 00:30:08.150 [http-nio-8888-exec-4] INFO  o.s.c.c.s.e.NativeEnvironmentRepository — Adding property source: Config resource 'file [/home/tuna/Desktop/tavia_v2/configurations/tavia-traffic-simulator.yml]' via location 'file:///home/tuna/Desktop/tavia_v2/configurations/'
2026-05-02 00:30:08.151 [http-nio-8888-exec-4] INFO  o.s.c.c.s.e.NativeEnvironmentRepository — Adding property source: Config resource 'file [/home/tuna/Desktop/tavia_v2/configurations/application.yml]' via location 'file:///home/tuna/Desktop/tavia_v2/configurations/'
2026-05-02 00:38:49.122 [background-preinit] INFO  o.h.validator.internal.util.Version — HV000001: Hibernate Validator 9.0.1.Final
2026-05-02 00:38:49.156 [main] INFO  c.t.c.TaviaConfigServiceApplication — Starting TaviaConfigServiceApplication using Java 17.0.18 with PID 9196 (/home/tuna/Desktop/tavia_v2/tavia-config-service/build/classes/java/main started by tuna in /home/tuna/Desktop/tavia_v2/tavia-config-service)
2026-05-02 00:38:49.157 [main] INFO  c.t.c.TaviaConfigServiceApplication — The following 1 profile is active: "native"
2026-05-02 00:38:49.588 [main] INFO  o.s.cloud.context.scope.GenericScope — BeanFactory id=786060ad-7c4f-3bd0-af3a-9bde8af1e4dc
2026-05-02 00:38:49.759 [main] INFO  o.s.boot.tomcat.TomcatWebServer — Tomcat initialized with port 8888 (http)
2026-05-02 00:38:49.766 [main] INFO  o.a.coyote.http11.Http11NioProtocol — Initializing ProtocolHandler ["http-nio-8888"]
2026-05-02 00:38:49.769 [main] INFO  o.a.catalina.core.StandardService — Starting service [Tomcat]
2026-05-02 00:38:49.769 [main] INFO  o.a.catalina.core.StandardEngine — Starting Servlet engine: [Apache Tomcat/11.0.21]
2026-05-02 00:38:49.808 [main] INFO  o.s.b.w.c.s.WebApplicationContextInitializer — Root WebApplicationContext: initialization completed in 620 ms
2026-05-02 00:38:50.207 [main] INFO  o.a.coyote.http11.Http11NioProtocol — Starting ProtocolHandler ["http-nio-8888"]
2026-05-02 00:38:50.220 [main] INFO  o.s.boot.tomcat.TomcatWebServer — Tomcat started on port 8888 (http) with context path '/'
2026-05-02 00:38:50.233 [main] INFO  c.t.c.TaviaConfigServiceApplication — Started TaviaConfigServiceApplication in 1.659 seconds (process running for 1.997)
2026-05-02 00:39:04.959 [http-nio-8888-exec-1] INFO  o.a.c.c.C.[Tomcat].[localhost].[/] — Initializing Spring DispatcherServlet 'dispatcherServlet'
2026-05-02 00:39:04.960 [http-nio-8888-exec-1] INFO  o.s.web.servlet.DispatcherServlet — Initializing Servlet 'dispatcherServlet'
2026-05-02 00:39:04.961 [http-nio-8888-exec-1] INFO  o.s.web.servlet.DispatcherServlet — Completed initialization in 1 ms
2026-05-02 00:39:04.994 [http-nio-8888-exec-1] INFO  o.s.c.c.s.e.NativeEnvironmentRepository — Adding property source: Config resource 'file [/home/tuna/Desktop/tavia_v2/configurations/application.yml]' via location 'file:///home/tuna/Desktop/tavia_v2/configurations/'
2026-05-02 00:39:22.222 [http-nio-8888-exec-2] INFO  o.s.c.c.s.e.NativeEnvironmentRepository — Adding property source: Config resource 'file [/home/tuna/Desktop/tavia_v2/configurations/tavia-tenant-service.yml]' via location 'file:///home/tuna/Desktop/tavia_v2/configurations/'
2026-05-02 00:39:22.223 [http-nio-8888-exec-2] INFO  o.s.c.c.s.e.NativeEnvironmentRepository — Adding property source: Config resource 'file [/home/tuna/Desktop/tavia_v2/configurations/application.yml]' via location 'file:///home/tuna/Desktop/tavia_v2/configurations/'
2026-05-02 00:39:39.246 [http-nio-8888-exec-3] INFO  o.s.c.c.s.e.NativeEnvironmentRepository — Adding property source: Config resource 'file [/home/tuna/Desktop/tavia_v2/configurations/tavia-inventory-service.yml]' via location 'file:///home/tuna/Desktop/tavia_v2/configurations/'
2026-05-02 00:39:39.246 [http-nio-8888-exec-3] INFO  o.s.c.c.s.e.NativeEnvironmentRepository — Adding property source: Config resource 'file [/home/tuna/Desktop/tavia_v2/configurations/application.yml]' via location 'file:///home/tuna/Desktop/tavia_v2/configurations/'
2026-05-02 00:39:55.910 [http-nio-8888-exec-4] INFO  o.s.c.c.s.e.NativeEnvironmentRepository — Adding property source: Config resource 'file [/home/tuna/Desktop/tavia_v2/configurations/tavia-crm-service.yml]' via location 'file:///home/tuna/Desktop/tavia_v2/configurations/'
2026-05-02 00:39:55.910 [http-nio-8888-exec-4] INFO  o.s.c.c.s.e.NativeEnvironmentRepository — Adding property source: Config resource 'file [/home/tuna/Desktop/tavia_v2/configurations/application.yml]' via location 'file:///home/tuna/Desktop/tavia_v2/configurations/'
2026-05-02 00:40:14.453 [http-nio-8888-exec-6] INFO  o.s.c.c.s.e.NativeEnvironmentRepository — Adding property source: Config resource 'file [/home/tuna/Desktop/tavia_v2/configurations/tavia-order-service.yml]' via location 'file:///home/tuna/Desktop/tavia_v2/configurations/'
2026-05-02 00:40:14.453 [http-nio-8888-exec-6] INFO  o.s.c.c.s.e.NativeEnvironmentRepository — Adding property source: Config resource 'file [/home/tuna/Desktop/tavia_v2/configurations/application.yml]' via location 'file:///home/tuna/Desktop/tavia_v2/configurations/'
2026-05-02 00:40:29.980 [http-nio-8888-exec-8] INFO  o.s.c.c.s.e.NativeEnvironmentRepository — Adding property source: Config resource 'file [/home/tuna/Desktop/tavia_v2/configurations/tavia-context-service.yml]' via location 'file:///home/tuna/Desktop/tavia_v2/configurations/'
2026-05-02 00:40:29.980 [http-nio-8888-exec-8] INFO  o.s.c.c.s.e.NativeEnvironmentRepository — Adding property source: Config resource 'file [/home/tuna/Desktop/tavia_v2/configurations/application.yml]' via location 'file:///home/tuna/Desktop/tavia_v2/configurations/'
2026-05-02 00:40:55.953 [http-nio-8888-exec-10] INFO  o.s.c.c.s.e.NativeEnvironmentRepository — Adding property source: Config resource 'file [/home/tuna/Desktop/tavia_v2/configurations/tavia-ai-service.yml]' via location 'file:///home/tuna/Desktop/tavia_v2/configurations/'
2026-05-02 00:40:55.953 [http-nio-8888-exec-10] INFO  o.s.c.c.s.e.NativeEnvironmentRepository — Adding property source: Config resource 'file [/home/tuna/Desktop/tavia_v2/configurations/application.yml]' via location 'file:///home/tuna/Desktop/tavia_v2/configurations/'
2026-05-02 00:41:07.390 [http-nio-8888-exec-2] INFO  o.s.c.c.s.e.NativeEnvironmentRepository — Adding property source: Config resource 'file [/home/tuna/Desktop/tavia_v2/configurations/tavia-api-gateway.yml]' via location 'file:///home/tuna/Desktop/tavia_v2/configurations/'
2026-05-02 00:41:07.391 [http-nio-8888-exec-2] INFO  o.s.c.c.s.e.NativeEnvironmentRepository — Adding property source: Config resource 'file [/home/tuna/Desktop/tavia_v2/configurations/application.yml]' via location 'file:///home/tuna/Desktop/tavia_v2/configurations/'
2026-05-02 00:41:24.004 [http-nio-8888-exec-4] INFO  o.s.c.c.s.e.NativeEnvironmentRepository — Adding property source: Config resource 'file [/home/tuna/Desktop/tavia_v2/configurations/tavia-traffic-simulator.yml]' via location 'file:///home/tuna/Desktop/tavia_v2/configurations/'
2026-05-02 00:41:24.004 [http-nio-8888-exec-4] INFO  o.s.c.c.s.e.NativeEnvironmentRepository — Adding property source: Config resource 'file [/home/tuna/Desktop/tavia_v2/configurations/application.yml]' via location 'file:///home/tuna/Desktop/tavia_v2/configurations/'
2026-05-02 01:23:55.599 [http-nio-8888-exec-9] INFO  o.s.c.c.s.e.NativeEnvironmentRepository — Adding property source: Config resource 'file [/home/tuna/Desktop/tavia_v2/configurations/tavia-crm-service.yml]' via location 'file:///home/tuna/Desktop/tavia_v2/configurations/'
2026-05-02 01:23:55.600 [http-nio-8888-exec-9] INFO  o.s.c.c.s.e.NativeEnvironmentRepository — Adding property source: Config resource 'file [/home/tuna/Desktop/tavia_v2/configurations/application.yml]' via location 'file:///home/tuna/Desktop/tavia_v2/configurations/'
2026-05-02 01:29:32.161 [SpringApplicationShutdownHook] INFO  o.s.boot.tomcat.GracefulShutdown — Commencing graceful shutdown. Waiting for active requests to complete
2026-05-02 01:29:32.236 [tomcat-shutdown] INFO  o.s.boot.tomcat.GracefulShutdown — Graceful shutdown complete
2026-05-02 01:45:48.954 [background-preinit] INFO  o.h.validator.internal.util.Version — HV000001: Hibernate Validator 9.0.1.Final
2026-05-02 01:45:48.983 [main] INFO  c.t.c.TaviaConfigServiceApplication — Starting TaviaConfigServiceApplication using Java 17.0.18 with PID 39476 (/home/tuna/Desktop/tavia_v2/tavia-config-service/build/classes/java/main started by tuna in /home/tuna/Desktop/tavia_v2/tavia-config-service)
2026-05-02 01:45:48.984 [main] INFO  c.t.c.TaviaConfigServiceApplication — The following 1 profile is active: "native"
2026-05-02 01:45:49.435 [main] INFO  o.s.cloud.context.scope.GenericScope — BeanFactory id=786060ad-7c4f-3bd0-af3a-9bde8af1e4dc
2026-05-02 01:45:49.591 [main] INFO  o.s.boot.tomcat.TomcatWebServer — Tomcat initialized with port 8888 (http)
2026-05-02 01:45:49.599 [main] INFO  o.a.coyote.http11.Http11NioProtocol — Initializing ProtocolHandler ["http-nio-8888"]
2026-05-02 01:45:49.601 [main] INFO  o.a.catalina.core.StandardService — Starting service [Tomcat]
2026-05-02 01:45:49.601 [main] INFO  o.a.catalina.core.StandardEngine — Starting Servlet engine: [Apache Tomcat/11.0.21]
2026-05-02 01:45:49.638 [main] INFO  o.s.b.w.c.s.WebApplicationContextInitializer — Root WebApplicationContext: initialization completed in 615 ms
2026-05-02 01:45:50.022 [main] INFO  o.a.coyote.http11.Http11NioProtocol — Starting ProtocolHandler ["http-nio-8888"]
2026-05-02 01:45:50.032 [main] INFO  o.s.boot.tomcat.TomcatWebServer — Tomcat started on port 8888 (http) with context path '/'
2026-05-02 01:45:50.044 [main] INFO  c.t.c.TaviaConfigServiceApplication — Started TaviaConfigServiceApplication in 1.492 seconds (process running for 1.803)
2026-05-02 01:46:11.209 [http-nio-8888-exec-1] INFO  o.a.c.c.C.[Tomcat].[localhost].[/] — Initializing Spring DispatcherServlet 'dispatcherServlet'
2026-05-02 01:46:11.209 [http-nio-8888-exec-1] INFO  o.s.web.servlet.DispatcherServlet — Initializing Servlet 'dispatcherServlet'
2026-05-02 01:46:11.210 [http-nio-8888-exec-1] INFO  o.s.web.servlet.DispatcherServlet — Completed initialization in 1 ms
2026-05-02 01:46:11.244 [http-nio-8888-exec-1] INFO  o.s.c.c.s.e.NativeEnvironmentRepository — Adding property source: Config resource 'file [/home/tuna/Desktop/tavia_v2/configurations/application.yml]' via location 'file:///home/tuna/Desktop/tavia_v2/configurations/'
2026-05-02 01:46:27.457 [http-nio-8888-exec-2] INFO  o.s.c.c.s.e.NativeEnvironmentRepository — Adding property source: Config resource 'file [/home/tuna/Desktop/tavia_v2/configurations/tavia-tenant-service.yml]' via location 'file:///home/tuna/Desktop/tavia_v2/configurations/'
2026-05-02 01:46:27.458 [http-nio-8888-exec-2] INFO  o.s.c.c.s.e.NativeEnvironmentRepository — Adding property source: Config resource 'file [/home/tuna/Desktop/tavia_v2/configurations/application.yml]' via location 'file:///home/tuna/Desktop/tavia_v2/configurations/'
2026-05-02 01:46:44.524 [http-nio-8888-exec-3] INFO  o.s.c.c.s.e.NativeEnvironmentRepository — Adding property source: Config resource 'file [/home/tuna/Desktop/tavia_v2/configurations/tavia-inventory-service.yml]' via location 'file:///home/tuna/Desktop/tavia_v2/configurations/'
2026-05-02 01:46:44.524 [http-nio-8888-exec-3] INFO  o.s.c.c.s.e.NativeEnvironmentRepository — Adding property source: Config resource 'file [/home/tuna/Desktop/tavia_v2/configurations/application.yml]' via location 'file:///home/tuna/Desktop/tavia_v2/configurations/'
2026-05-02 01:47:01.467 [http-nio-8888-exec-4] INFO  o.s.c.c.s.e.NativeEnvironmentRepository — Adding property source: Config resource 'file [/home/tuna/Desktop/tavia_v2/configurations/tavia-crm-service.yml]' via location 'file:///home/tuna/Desktop/tavia_v2/configurations/'
2026-05-02 01:47:01.468 [http-nio-8888-exec-4] INFO  o.s.c.c.s.e.NativeEnvironmentRepository — Adding property source: Config resource 'file [/home/tuna/Desktop/tavia_v2/configurations/application.yml]' via location 'file:///home/tuna/Desktop/tavia_v2/configurations/'
2026-05-02 01:47:18.422 [http-nio-8888-exec-6] INFO  o.s.c.c.s.e.NativeEnvironmentRepository — Adding property source: Config resource 'file [/home/tuna/Desktop/tavia_v2/configurations/tavia-order-service.yml]' via location 'file:///home/tuna/Desktop/tavia_v2/configurations/'
2026-05-02 01:47:18.423 [http-nio-8888-exec-6] INFO  o.s.c.c.s.e.NativeEnvironmentRepository — Adding property source: Config resource 'file [/home/tuna/Desktop/tavia_v2/configurations/application.yml]' via location 'file:///home/tuna/Desktop/tavia_v2/configurations/'
2026-05-02 01:47:35.660 [http-nio-8888-exec-8] INFO  o.s.c.c.s.e.NativeEnvironmentRepository — Adding property source: Config resource 'file [/home/tuna/Desktop/tavia_v2/configurations/tavia-context-service.yml]' via location 'file:///home/tuna/Desktop/tavia_v2/configurations/'
2026-05-02 01:47:35.660 [http-nio-8888-exec-8] INFO  o.s.c.c.s.e.NativeEnvironmentRepository — Adding property source: Config resource 'file [/home/tuna/Desktop/tavia_v2/configurations/application.yml]' via location 'file:///home/tuna/Desktop/tavia_v2/configurations/'
2026-05-02 01:47:52.795 [http-nio-8888-exec-10] INFO  o.s.c.c.s.e.NativeEnvironmentRepository — Adding property source: Config resource 'file [/home/tuna/Desktop/tavia_v2/configurations/tavia-ai-service.yml]' via location 'file:///home/tuna/Desktop/tavia_v2/configurations/'
2026-05-02 01:47:52.795 [http-nio-8888-exec-10] INFO  o.s.c.c.s.e.NativeEnvironmentRepository — Adding property source: Config resource 'file [/home/tuna/Desktop/tavia_v2/configurations/application.yml]' via location 'file:///home/tuna/Desktop/tavia_v2/configurations/'
2026-05-02 01:48:10.416 [http-nio-8888-exec-2] INFO  o.s.c.c.s.e.NativeEnvironmentRepository — Adding property source: Config resource 'file [/home/tuna/Desktop/tavia_v2/configurations/tavia-api-gateway.yml]' via location 'file:///home/tuna/Desktop/tavia_v2/configurations/'
2026-05-02 01:48:10.417 [http-nio-8888-exec-2] INFO  o.s.c.c.s.e.NativeEnvironmentRepository — Adding property source: Config resource 'file [/home/tuna/Desktop/tavia_v2/configurations/application.yml]' via location 'file:///home/tuna/Desktop/tavia_v2/configurations/'
2026-05-02 01:48:26.181 [http-nio-8888-exec-4] INFO  o.s.c.c.s.e.NativeEnvironmentRepository — Adding property source: Config resource 'file [/home/tuna/Desktop/tavia_v2/configurations/tavia-traffic-simulator.yml]' via location 'file:///home/tuna/Desktop/tavia_v2/configurations/'
2026-05-02 01:48:26.181 [http-nio-8888-exec-4] INFO  o.s.c.c.s.e.NativeEnvironmentRepository — Adding property source: Config resource 'file [/home/tuna/Desktop/tavia_v2/configurations/application.yml]' via location 'file:///home/tuna/Desktop/tavia_v2/configurations/'
2026-05-02 01:59:56.997 [SpringApplicationShutdownHook] INFO  o.s.boot.tomcat.GracefulShutdown — Commencing graceful shutdown. Waiting for active requests to complete
2026-05-02 01:59:57.003 [tomcat-shutdown] INFO  o.s.boot.tomcat.GracefulShutdown — Graceful shutdown complete
