

********************************************************
>>> SERVİS BAŞLATILDI: 2026-05-02 11:34:34
********************************************************


FAILURE: Build failed with an exception.

* What went wrong:
Execution failed for task ':bootRun'.
> Process 'command '/home/tuna/.jdks/temurin-21.0.10/bin/java'' finished with non-zero exit value 1

* Try:
> Run with --stacktrace option to get the stack trace.
> Run with --info or --debug option to get more log output.
> Run with --scan to get full insights from a Build Scan (powered by Develocity).
> Get more help at https://help.gradle.org.

BUILD FAILED in 7s

********************************************************
<<< SERVİS DURDURULDU: 2026-05-02 13:26:44
********************************************************



********************************************************
>>> SERVİS BAŞLATILDI: 2026-05-02 13:29:25
********************************************************



********************************************************
>>> SERVİS BAŞLATILDI: 2026-05-02 14:38:30
********************************************************


********************************************************
<<< SERVİS DURDURULDU: 2026-05-02 14:48:39
********************************************************



********************************************************
>>> SERVİS BAŞLATILDI: 2026-05-02 20:13:34
********************************************************


********************************************************
<<< SERVİS DURDURULDU: 2026-05-02 20:21:57
********************************************************



********************************************************
>>> SERVİS BAŞLATILDI: 2026-05-02 20:31:47
********************************************************



********************************************************
>>> SERVİS BAŞLATILDI: 2026-05-02 20:40:04
********************************************************


********************************************************
<<< SERVİS DURDURULDU: 2026-05-02 20:41:10
********************************************************



********************************************************
>>> SERVİS BAŞLATILDI: 2026-05-02 22:53:02
********************************************************


********************************************************
<<< SERVİS DURDURULDU: 2026-05-02 22:54:50
********************************************************



********************************************************
>>> SERVİS BAŞLATILDI: 2026-05-02 23:12:40
********************************************************


********************************************************
<<< SERVİS DURDURULDU: 2026-05-02 23:18:34
********************************************************



********************************************************
>>> SERVİS BAŞLATILDI: 2026-05-02 23:28:34
********************************************************


********************************************************
<<< SERVİS DURDURULDU: 2026-05-02 23:30:14
********************************************************



********************************************************
>>> SERVİS BAŞLATILDI: 2026-05-02 23:46:41
********************************************************


********************************************************
<<< SERVİS DURDURULDU: 2026-05-02 23:52:31
********************************************************



********************************************************
>>> SERVİS BAŞLATILDI: 2026-05-03 00:07:41
********************************************************


********************************************************
<<< SERVİS DURDURULDU: 2026-05-03 00:15:43
********************************************************



********************************************************
>>> SERVİS BAŞLATILDI: 2026-05-03 00:18:56
********************************************************


********************************************************
<<< SERVİS DURDURULDU: 2026-05-03 01:31:24
********************************************************



********************************************************
>>> SERVİS BAŞLATILDI: 2026-05-03 16:23:46
********************************************************


********************************************************
<<< SERVİS DURDURULDU: 2026-05-03 16:29:11
********************************************************



********************************************************
>>> SERVİS BAŞLATILDI: 2026-05-03 19:31:14
********************************************************


********************************************************
<<< SERVİS DURDURULDU: 2026-05-03 19:31:53
********************************************************

